/home/an/ros2_ws/install/self_driving/lib/python3.10/site-packages/self_driving/wheel_left_right.py
/home/an/ros2_ws/install/self_driving/lib/python3.10/site-packages/self_driving/__init__.py
/home/an/ros2_ws/install/self_driving/lib/python3.10/site-packages/self_driving/computer_vision_node.py
/home/an/ros2_ws/install/self_driving/lib/python3.10/site-packages/self_driving/drive_BOT.py
/home/an/ros2_ws/install/self_driving/lib/python3.10/site-packages/self_driving/driving_node.py
/home/an/ros2_ws/install/self_driving/lib/python3.10/site-packages/self_driving/traffic_signal.py
/home/an/ros2_ws/install/self_driving/lib/python3.10/site-packages/self_driving/ros2_camera.py
/home/an/ros2_ws/install/self_driving/lib/python3.10/site-packages/self_driving/hand_control_node.py
/home/an/ros2_ws/install/self_driving/lib/python3.10/site-packages/self_driving/start_robot.py
/home/an/ros2_ws/install/self_driving/lib/python3.10/site-packages/self_driving/video_recorder.py
/home/an/ros2_ws/install/self_driving/lib/python3.10/site-packages/self_driving/yolo_node.py
/home/an/ros2_ws/install/self_driving/lib/python3.10/site-packages/self_driving/pose_node.py
/home/an/ros2_ws/install/self_driving/lib/python3.10/site-packages/self_driving/config/__init__.py
/home/an/ros2_ws/install/self_driving/lib/python3.10/site-packages/self_driving/config/config.py
/home/an/ros2_ws/install/self_driving/lib/python3.10/site-packages/self_driving/Detection/__init__.py
/home/an/ros2_ws/install/self_driving/lib/python3.10/site-packages/self_driving/Detection/Lanes/__init__.py
/home/an/ros2_ws/install/self_driving/lib/python3.10/site-packages/self_driving/Detection/Lanes/utilities.py
/home/an/ros2_ws/install/self_driving/lib/python3.10/site-packages/self_driving/Detection/Lanes/c_cleaning.py
/home/an/ros2_ws/install/self_driving/lib/python3.10/site-packages/self_driving/Detection/Lanes/lane_detection.py
/home/an/ros2_ws/install/self_driving/lib/python3.10/site-packages/self_driving/Detection/Lanes/d_data_extraction.py
/home/an/ros2_ws/install/self_driving/lib/python3.10/site-packages/self_driving/Detection/Lanes/Morph_op.py
/home/an/ros2_ws/install/self_driving/lib/python3.10/site-packages/self_driving/Detection/Lanes/a_colour_segmentation.py
/home/an/ros2_ws/install/self_driving/lib/python3.10/site-packages/self_driving/Detection/Lanes/b_midlane_estimation.py
/home/an/ros2_ws/install/self_driving/lib/python3.10/site-packages/self_driving/__pycache__/wheel_left_right.cpython-310.pyc
/home/an/ros2_ws/install/self_driving/lib/python3.10/site-packages/self_driving/__pycache__/__init__.cpython-310.pyc
/home/an/ros2_ws/install/self_driving/lib/python3.10/site-packages/self_driving/__pycache__/computer_vision_node.cpython-310.pyc
/home/an/ros2_ws/install/self_driving/lib/python3.10/site-packages/self_driving/__pycache__/drive_BOT.cpython-310.pyc
/home/an/ros2_ws/install/self_driving/lib/python3.10/site-packages/self_driving/__pycache__/driving_node.cpython-310.pyc
/home/an/ros2_ws/install/self_driving/lib/python3.10/site-packages/self_driving/__pycache__/traffic_signal.cpython-310.pyc
/home/an/ros2_ws/install/self_driving/lib/python3.10/site-packages/self_driving/__pycache__/ros2_camera.cpython-310.pyc
/home/an/ros2_ws/install/self_driving/lib/python3.10/site-packages/self_driving/__pycache__/hand_control_node.cpython-310.pyc
/home/an/ros2_ws/install/self_driving/lib/python3.10/site-packages/self_driving/__pycache__/start_robot.cpython-310.pyc
/home/an/ros2_ws/install/self_driving/lib/python3.10/site-packages/self_driving/__pycache__/video_recorder.cpython-310.pyc
/home/an/ros2_ws/install/self_driving/lib/python3.10/site-packages/self_driving/__pycache__/yolo_node.cpython-310.pyc
/home/an/ros2_ws/install/self_driving/lib/python3.10/site-packages/self_driving/__pycache__/pose_node.cpython-310.pyc
/home/an/ros2_ws/install/self_driving/lib/python3.10/site-packages/self_driving/config/__pycache__/__init__.cpython-310.pyc
/home/an/ros2_ws/install/self_driving/lib/python3.10/site-packages/self_driving/config/__pycache__/config.cpython-310.pyc
/home/an/ros2_ws/install/self_driving/lib/python3.10/site-packages/self_driving/Detection/__pycache__/__init__.cpython-310.pyc
/home/an/ros2_ws/install/self_driving/lib/python3.10/site-packages/self_driving/Detection/Lanes/__pycache__/__init__.cpython-310.pyc
/home/an/ros2_ws/install/self_driving/lib/python3.10/site-packages/self_driving/Detection/Lanes/__pycache__/utilities.cpython-310.pyc
/home/an/ros2_ws/install/self_driving/lib/python3.10/site-packages/self_driving/Detection/Lanes/__pycache__/c_cleaning.cpython-310.pyc
/home/an/ros2_ws/install/self_driving/lib/python3.10/site-packages/self_driving/Detection/Lanes/__pycache__/lane_detection.cpython-310.pyc
/home/an/ros2_ws/install/self_driving/lib/python3.10/site-packages/self_driving/Detection/Lanes/__pycache__/d_data_extraction.cpython-310.pyc
/home/an/ros2_ws/install/self_driving/lib/python3.10/site-packages/self_driving/Detection/Lanes/__pycache__/Morph_op.cpython-310.pyc
/home/an/ros2_ws/install/self_driving/lib/python3.10/site-packages/self_driving/Detection/Lanes/__pycache__/a_colour_segmentation.cpython-310.pyc
/home/an/ros2_ws/install/self_driving/lib/python3.10/site-packages/self_driving/Detection/Lanes/__pycache__/b_midlane_estimation.cpython-310.pyc
/home/an/ros2_ws/install/self_driving/share/ament_index/resource_index/packages/self_driving
/home/an/ros2_ws/install/self_driving/share/self_driving/package.xml
/home/an/ros2_ws/install/self_driving/share/self_driving/launch/start.launch.py
/home/an/ros2_ws/install/self_driving/lib/python3.10/site-packages/self_driving-0.0.0-py3.10.egg-info/SOURCES.txt
/home/an/ros2_ws/install/self_driving/lib/python3.10/site-packages/self_driving-0.0.0-py3.10.egg-info/dependency_links.txt
/home/an/ros2_ws/install/self_driving/lib/python3.10/site-packages/self_driving-0.0.0-py3.10.egg-info/PKG-INFO
/home/an/ros2_ws/install/self_driving/lib/python3.10/site-packages/self_driving-0.0.0-py3.10.egg-info/requires.txt
/home/an/ros2_ws/install/self_driving/lib/python3.10/site-packages/self_driving-0.0.0-py3.10.egg-info/entry_points.txt
/home/an/ros2_ws/install/self_driving/lib/python3.10/site-packages/self_driving-0.0.0-py3.10.egg-info/zip-safe
/home/an/ros2_ws/install/self_driving/lib/python3.10/site-packages/self_driving-0.0.0-py3.10.egg-info/top_level.txt
/home/an/ros2_ws/install/self_driving/lib/self_driving/cam_node
/home/an/ros2_ws/install/self_driving/lib/self_driving/computer_vision_node
/home/an/ros2_ws/install/self_driving/lib/self_driving/driving_node
/home/an/ros2_ws/install/self_driving/lib/self_driving/hand_control_node
/home/an/ros2_ws/install/self_driving/lib/self_driving/pose_node
/home/an/ros2_ws/install/self_driving/lib/self_driving/recorder_node
/home/an/ros2_ws/install/self_driving/lib/self_driving/start_node
/home/an/ros2_ws/install/self_driving/lib/self_driving/traffic_signal_node
/home/an/ros2_ws/install/self_driving/lib/self_driving/vel_wheel_node
/home/an/ros2_ws/install/self_driving/lib/self_driving/yolo_node
