[4.858s] Invoking command in '/home/an/ros2_ws/src/self_driving': PYTHONPATH=/home/an/ros2_ws/build/self_driving/prefix_override:/home/an/ros2_ws/install/self_driving/lib/python3.10/site-packages:${PYTHONPATH} /usr/bin/python3 -W ignore:setup.py install is deprecated setup.py egg_info --egg-base ../../build/self_driving build --build-base /home/an/ros2_ws/build/self_driving/build install --record /home/an/ros2_ws/build/self_driving/install.log --single-version-externally-managed install_data
[6.541s] running egg_info
[6.542s] writing ../../build/self_driving/self_driving.egg-info/PKG-INFO
[6.546s] writing dependency_links to ../../build/self_driving/self_driving.egg-info/dependency_links.txt
[6.563s] writing entry points to ../../build/self_driving/self_driving.egg-info/entry_points.txt
[6.564s] writing requirements to ../../build/self_driving/self_driving.egg-info/requires.txt
[6.564s] writing top-level names to ../../build/self_driving/self_driving.egg-info/top_level.txt
[6.569s] reading manifest file '../../build/self_driving/self_driving.egg-info/SOURCES.txt'
[6.570s] adding license file 'LICENSE'
[6.574s] writing manifest file '../../build/self_driving/self_driving.egg-info/SOURCES.txt'
[6.575s] running build
[6.576s] running build_py
[6.587s] running install
[6.594s] running install_lib
[6.622s] running install_data
[6.623s] running install_egg_info
[6.624s] removing '/home/an/ros2_ws/install/self_driving/lib/python3.10/site-packages/self_driving-0.0.0-py3.10.egg-info' (and everything under it)
[6.648s] Copying ../../build/self_driving/self_driving.egg-info to /home/an/ros2_ws/install/self_driving/lib/python3.10/site-packages/self_driving-0.0.0-py3.10.egg-info
[6.681s] running install_scripts
[6.875s] Installing cam_node script to /home/an/ros2_ws/install/self_driving/lib/self_driving
[6.876s] Installing computer_vision_node script to /home/an/ros2_ws/install/self_driving/lib/self_driving
[6.877s] Installing driving_node script to /home/an/ros2_ws/install/self_driving/lib/self_driving
[6.880s] Installing recorder_node script to /home/an/ros2_ws/install/self_driving/lib/self_driving
[6.881s] Installing vel_wheel_node script to /home/an/ros2_ws/install/self_driving/lib/self_driving
[6.888s] writing list of installed files to '/home/an/ros2_ws/build/self_driving/install.log'
[8.419s] Invoked command in '/home/an/ros2_ws/src/self_driving' returned '0': PYTHONPATH=/home/an/ros2_ws/build/self_driving/prefix_override:/home/an/ros2_ws/install/self_driving/lib/python3.10/site-packages:${PYTHONPATH} /usr/bin/python3 -W ignore:setup.py install is deprecated setup.py egg_info --egg-base ../../build/self_driving build --build-base /home/an/ros2_ws/build/self_driving/build install --record /home/an/ros2_ws/build/self_driving/install.log --single-version-externally-managed install_data
