[0.430s] DEBUG:colcon:Command line arguments: ['/usr/bin/colcon', 'build']
[0.430s] DEBUG:colcon:Parsed command line arguments: Namespace(log_base=None, log_level=None, verb_name='build', build_base='build', install_base='install', merge_install=False, symlink_install=False, test_result_base=None, continue_on_error=False, executor='parallel', parallel_workers=4, event_handlers=None, ignore_user_meta=False, metas=['./colcon.meta'], base_paths=['.'], packages_ignore=None, packages_ignore_regex=None, paths=None, packages_up_to=None, packages_up_to_regex=None, packages_above=None, packages_above_and_dependencies=None, packages_above_depth=None, packages_select_by_dep=None, packages_skip_by_dep=None, packages_skip_up_to=None, packages_select_build_failed=False, packages_skip_build_finished=False, packages_select_test_failures=False, packages_skip_test_passed=False, packages_select=None, packages_skip=None, packages_select_regex=None, packages_skip_regex=None, packages_start=None, packages_end=None, allow_overriding=[], cmake_args=None, cmake_target=None, cmake_target_skip_unavailable=False, cmake_clean_cache=False, cmake_clean_first=False, cmake_force_configure=False, ament_cmake_args=None, catkin_cmake_args=None, catkin_skip_building_tests=False, verb_parser=<colcon_defaults.argument_parser.defaults.DefaultArgumentsDecorator object at 0xffff883bb550>, verb_extension=<colcon_core.verb.build.BuildVerb object at 0xffff88300190>, main=<bound method BuildVerb.main of <colcon_core.verb.build.BuildVerb object at 0xffff88300190>>)
[1.094s] Level 1:colcon.colcon_core.package_discovery:discover_packages(colcon_meta) check parameters
[1.094s] Level 1:colcon.colcon_core.package_discovery:discover_packages(recursive) check parameters
[1.094s] Level 1:colcon.colcon_core.package_discovery:discover_packages(ignore) check parameters
[1.094s] Level 1:colcon.colcon_core.package_discovery:discover_packages(path) check parameters
[1.095s] Level 1:colcon.colcon_core.package_discovery:discover_packages(colcon_meta) discover
[1.095s] Level 1:colcon.colcon_core.package_discovery:discover_packages(recursive) discover
[1.095s] INFO:colcon.colcon_core.package_discovery:Crawling recursively for packages in '/home/an/ros2_ws'
[1.096s] Level 1:colcon.colcon_core.package_identification:_identify(.) by extensions ['ignore', 'ignore_ament_install']
[1.096s] Level 1:colcon.colcon_core.package_identification:_identify(.) by extension 'ignore'
[1.097s] Level 1:colcon.colcon_core.package_identification:_identify(.) by extension 'ignore_ament_install'
[1.097s] Level 1:colcon.colcon_core.package_identification:_identify(.) by extensions ['colcon_pkg']
[1.097s] Level 1:colcon.colcon_core.package_identification:_identify(.) by extension 'colcon_pkg'
[1.097s] Level 1:colcon.colcon_core.package_identification:_identify(.) by extensions ['colcon_meta']
[1.098s] Level 1:colcon.colcon_core.package_identification:_identify(.) by extension 'colcon_meta'
[1.098s] Level 1:colcon.colcon_core.package_identification:_identify(.) by extensions ['ros']
[1.098s] Level 1:colcon.colcon_core.package_identification:_identify(.) by extension 'ros'
[1.141s] Level 1:colcon.colcon_core.package_identification:_identify(.) by extensions ['cmake', 'python']
[1.141s] Level 1:colcon.colcon_core.package_identification:_identify(.) by extension 'cmake'
[1.142s] Level 1:colcon.colcon_core.package_identification:_identify(.) by extension 'python'
[1.142s] Level 1:colcon.colcon_core.package_identification:_identify(.) by extensions ['python_setup_py']
[1.142s] Level 1:colcon.colcon_core.package_identification:_identify(.) by extension 'python_setup_py'
[1.142s] Level 1:colcon.colcon_core.package_identification:_identify(build) by extensions ['ignore', 'ignore_ament_install']
[1.143s] Level 1:colcon.colcon_core.package_identification:_identify(build) by extension 'ignore'
[1.143s] Level 1:colcon.colcon_core.package_identification:_identify(build) ignored
[1.144s] Level 1:colcon.colcon_core.package_identification:_identify(install) by extensions ['ignore', 'ignore_ament_install']
[1.144s] Level 1:colcon.colcon_core.package_identification:_identify(install) by extension 'ignore'
[1.144s] Level 1:colcon.colcon_core.package_identification:_identify(install) ignored
[1.147s] Level 1:colcon.colcon_core.package_identification:_identify(log) by extensions ['ignore', 'ignore_ament_install']
[1.148s] Level 1:colcon.colcon_core.package_identification:_identify(log) by extension 'ignore'
[1.148s] Level 1:colcon.colcon_core.package_identification:_identify(log) ignored
[1.148s] Level 1:colcon.colcon_core.package_identification:_identify(src) by extensions ['ignore', 'ignore_ament_install']
[1.149s] Level 1:colcon.colcon_core.package_identification:_identify(src) by extension 'ignore'
[1.149s] Level 1:colcon.colcon_core.package_identification:_identify(src) by extension 'ignore_ament_install'
[1.149s] Level 1:colcon.colcon_core.package_identification:_identify(src) by extensions ['colcon_pkg']
[1.149s] Level 1:colcon.colcon_core.package_identification:_identify(src) by extension 'colcon_pkg'
[1.149s] Level 1:colcon.colcon_core.package_identification:_identify(src) by extensions ['colcon_meta']
[1.150s] Level 1:colcon.colcon_core.package_identification:_identify(src) by extension 'colcon_meta'
[1.150s] Level 1:colcon.colcon_core.package_identification:_identify(src) by extensions ['ros']
[1.150s] Level 1:colcon.colcon_core.package_identification:_identify(src) by extension 'ros'
[1.150s] Level 1:colcon.colcon_core.package_identification:_identify(src) by extensions ['cmake', 'python']
[1.150s] Level 1:colcon.colcon_core.package_identification:_identify(src) by extension 'cmake'
[1.150s] Level 1:colcon.colcon_core.package_identification:_identify(src) by extension 'python'
[1.151s] Level 1:colcon.colcon_core.package_identification:_identify(src) by extensions ['python_setup_py']
[1.151s] Level 1:colcon.colcon_core.package_identification:_identify(src) by extension 'python_setup_py'
[1.151s] Level 1:colcon.colcon_core.package_identification:_identify(src/image_resources) by extensions ['ignore', 'ignore_ament_install']
[1.152s] Level 1:colcon.colcon_core.package_identification:_identify(src/image_resources) by extension 'ignore'
[1.152s] Level 1:colcon.colcon_core.package_identification:_identify(src/image_resources) by extension 'ignore_ament_install'
[1.152s] Level 1:colcon.colcon_core.package_identification:_identify(src/image_resources) by extensions ['colcon_pkg']
[1.152s] Level 1:colcon.colcon_core.package_identification:_identify(src/image_resources) by extension 'colcon_pkg'
[1.152s] Level 1:colcon.colcon_core.package_identification:_identify(src/image_resources) by extensions ['colcon_meta']
[1.152s] Level 1:colcon.colcon_core.package_identification:_identify(src/image_resources) by extension 'colcon_meta'
[1.153s] Level 1:colcon.colcon_core.package_identification:_identify(src/image_resources) by extensions ['ros']
[1.153s] Level 1:colcon.colcon_core.package_identification:_identify(src/image_resources) by extension 'ros'
[1.153s] Level 1:colcon.colcon_core.package_identification:_identify(src/image_resources) by extensions ['cmake', 'python']
[1.153s] Level 1:colcon.colcon_core.package_identification:_identify(src/image_resources) by extension 'cmake'
[1.154s] Level 1:colcon.colcon_core.package_identification:_identify(src/image_resources) by extension 'python'
[1.154s] Level 1:colcon.colcon_core.package_identification:_identify(src/image_resources) by extensions ['python_setup_py']
[1.154s] Level 1:colcon.colcon_core.package_identification:_identify(src/image_resources) by extension 'python_setup_py'
[1.154s] Level 1:colcon.colcon_core.package_identification:_identify(src/self_driving) by extensions ['ignore', 'ignore_ament_install']
[1.155s] Level 1:colcon.colcon_core.package_identification:_identify(src/self_driving) by extension 'ignore'
[1.155s] Level 1:colcon.colcon_core.package_identification:_identify(src/self_driving) by extension 'ignore_ament_install'
[1.155s] Level 1:colcon.colcon_core.package_identification:_identify(src/self_driving) by extensions ['colcon_pkg']
[1.155s] Level 1:colcon.colcon_core.package_identification:_identify(src/self_driving) by extension 'colcon_pkg'
[1.155s] Level 1:colcon.colcon_core.package_identification:_identify(src/self_driving) by extensions ['colcon_meta']
[1.156s] Level 1:colcon.colcon_core.package_identification:_identify(src/self_driving) by extension 'colcon_meta'
[1.156s] Level 1:colcon.colcon_core.package_identification:_identify(src/self_driving) by extensions ['ros']
[1.156s] Level 1:colcon.colcon_core.package_identification:_identify(src/self_driving) by extension 'ros'
[1.164s] DEBUG:colcon.colcon_core.package_identification:Package 'src/self_driving' with type 'ros.ament_python' and name 'self_driving'
[1.164s] Level 1:colcon.colcon_core.package_discovery:discover_packages(recursive) using defaults
[1.164s] Level 1:colcon.colcon_core.package_discovery:discover_packages(ignore) discover
[1.164s] Level 1:colcon.colcon_core.package_discovery:discover_packages(ignore) using defaults
[1.164s] Level 1:colcon.colcon_core.package_discovery:discover_packages(path) discover
[1.165s] Level 1:colcon.colcon_core.package_discovery:discover_packages(path) using defaults
[1.245s] Level 1:colcon.colcon_core.package_discovery:discover_packages(prefix_path) check parameters
[1.246s] Level 1:colcon.colcon_core.package_discovery:discover_packages(prefix_path) discover
[1.255s] DEBUG:colcon.colcon_installed_package_information.package_discovery:Found 3 installed packages in /home/an/an_ws/install
[1.258s] DEBUG:colcon.colcon_installed_package_information.package_discovery:Found 6 installed packages in /home/an/autonomous_tb3_ws/install
[1.262s] DEBUG:colcon.colcon_installed_package_information.package_discovery:Found 1 installed packages in /home/an/ros2_ws/install
[1.269s] DEBUG:colcon.colcon_installed_package_information.package_discovery:Found 223 installed packages in /opt/ros/humble
[1.274s] Level 1:colcon.colcon_core.package_discovery:discover_packages(prefix_path) using defaults
[1.439s] Level 5:colcon.colcon_core.verb:set package 'self_driving' build argument 'cmake_args' from command line to 'None'
[1.440s] Level 5:colcon.colcon_core.verb:set package 'self_driving' build argument 'cmake_target' from command line to 'None'
[1.440s] Level 5:colcon.colcon_core.verb:set package 'self_driving' build argument 'cmake_target_skip_unavailable' from command line to 'False'
[1.440s] Level 5:colcon.colcon_core.verb:set package 'self_driving' build argument 'cmake_clean_cache' from command line to 'False'
[1.440s] Level 5:colcon.colcon_core.verb:set package 'self_driving' build argument 'cmake_clean_first' from command line to 'False'
[1.440s] Level 5:colcon.colcon_core.verb:set package 'self_driving' build argument 'cmake_force_configure' from command line to 'False'
[1.440s] Level 5:colcon.colcon_core.verb:set package 'self_driving' build argument 'ament_cmake_args' from command line to 'None'
[1.440s] Level 5:colcon.colcon_core.verb:set package 'self_driving' build argument 'catkin_cmake_args' from command line to 'None'
[1.440s] Level 5:colcon.colcon_core.verb:set package 'self_driving' build argument 'catkin_skip_building_tests' from command line to 'False'
[1.440s] DEBUG:colcon.colcon_core.verb:Building package 'self_driving' with the following arguments: {'ament_cmake_args': None, 'build_base': '/home/an/ros2_ws/build/self_driving', 'catkin_cmake_args': None, 'catkin_skip_building_tests': False, 'cmake_args': None, 'cmake_clean_cache': False, 'cmake_clean_first': False, 'cmake_force_configure': False, 'cmake_target': None, 'cmake_target_skip_unavailable': False, 'install_base': '/home/an/ros2_ws/install/self_driving', 'merge_install': False, 'path': '/home/an/ros2_ws/src/self_driving', 'symlink_install': False, 'test_result_base': None}
[1.441s] INFO:colcon.colcon_core.executor:Executing jobs using 'parallel' executor
[1.444s] DEBUG:colcon.colcon_parallel_executor.executor.parallel:run_until_complete
[1.445s] INFO:colcon.colcon_ros.task.ament_python.build:Building ROS package in '/home/an/ros2_ws/src/self_driving' with build type 'ament_python'
[1.446s] Level 1:colcon.colcon_core.shell:create_environment_hook('self_driving', 'ament_prefix_path')
[1.454s] INFO:colcon.colcon_core.plugin_system:Skipping extension 'colcon_core.shell.bat': Not used on non-Windows systems
[1.455s] INFO:colcon.colcon_core.shell:Creating environment hook '/home/an/ros2_ws/install/self_driving/share/self_driving/hook/ament_prefix_path.ps1'
[1.458s] INFO:colcon.colcon_core.shell:Creating environment descriptor '/home/an/ros2_ws/install/self_driving/share/self_driving/hook/ament_prefix_path.dsv'
[1.460s] INFO:colcon.colcon_core.shell:Creating environment hook '/home/an/ros2_ws/install/self_driving/share/self_driving/hook/ament_prefix_path.sh'
[1.464s] INFO:colcon.colcon_core.shell:Skip shell extension 'powershell' for command environment: Not usable outside of PowerShell
[1.464s] DEBUG:colcon.colcon_core.shell:Skip shell extension 'dsv' for command environment
[2.548s] INFO:colcon.colcon_core.task.python.build:Building Python package in '/home/an/ros2_ws/src/self_driving'
[2.550s] INFO:colcon.colcon_core.shell:Skip shell extension 'powershell' for command environment: Not usable outside of PowerShell
[2.550s] DEBUG:colcon.colcon_core.shell:Skip shell extension 'dsv' for command environment
[4.035s] DEBUG:colcon.colcon_core.event_handler.log_command:Invoking command in '/home/an/ros2_ws/src/self_driving': PYTHONPATH=/home/an/ros2_ws/build/self_driving/prefix_override:/home/an/ros2_ws/install/self_driving/lib/python3.10/site-packages:${PYTHONPATH} /usr/bin/python3 -W ignore:setup.py install is deprecated setup.py egg_info --egg-base ../../build/self_driving build --build-base /home/an/ros2_ws/build/self_driving/build install --record /home/an/ros2_ws/build/self_driving/install.log --single-version-externally-managed install_data
[5.265s] DEBUG:colcon.colcon_core.event_handler.log_command:Invoked command in '/home/an/ros2_ws/src/self_driving' returned '0': PYTHONPATH=/home/an/ros2_ws/build/self_driving/prefix_override:/home/an/ros2_ws/install/self_driving/lib/python3.10/site-packages:${PYTHONPATH} /usr/bin/python3 -W ignore:setup.py install is deprecated setup.py egg_info --egg-base ../../build/self_driving build --build-base /home/an/ros2_ws/build/self_driving/build install --record /home/an/ros2_ws/build/self_driving/install.log --single-version-externally-managed install_data
[5.276s] Level 1:colcon.colcon_core.environment:checking '/home/an/ros2_ws/install/self_driving' for CMake module files
[5.280s] Level 1:colcon.colcon_core.environment:checking '/home/an/ros2_ws/install/self_driving' for CMake config files
[5.287s] Level 1:colcon.colcon_core.environment:checking '/home/an/ros2_ws/install/self_driving/lib'
[5.288s] Level 1:colcon.colcon_core.environment:checking '/home/an/ros2_ws/install/self_driving/bin'
[5.288s] Level 1:colcon.colcon_core.environment:checking '/home/an/ros2_ws/install/self_driving/lib/pkgconfig/self_driving.pc'
[5.289s] Level 1:colcon.colcon_core.environment:checking '/home/an/ros2_ws/install/self_driving/lib/python3.10/site-packages'
[5.290s] Level 1:colcon.colcon_core.shell:create_environment_hook('self_driving', 'pythonpath')
[5.290s] INFO:colcon.colcon_core.shell:Creating environment hook '/home/an/ros2_ws/install/self_driving/share/self_driving/hook/pythonpath.ps1'
[5.292s] INFO:colcon.colcon_core.shell:Creating environment descriptor '/home/an/ros2_ws/install/self_driving/share/self_driving/hook/pythonpath.dsv'
[5.294s] INFO:colcon.colcon_core.shell:Creating environment hook '/home/an/ros2_ws/install/self_driving/share/self_driving/hook/pythonpath.sh'
[5.297s] Level 1:colcon.colcon_core.environment:checking '/home/an/ros2_ws/install/self_driving/bin'
[5.297s] Level 1:colcon.colcon_core.environment:create_environment_scripts_only(self_driving)
[5.299s] INFO:colcon.colcon_core.shell:Creating package script '/home/an/ros2_ws/install/self_driving/share/self_driving/package.ps1'
[5.302s] INFO:colcon.colcon_core.shell:Creating package descriptor '/home/an/ros2_ws/install/self_driving/share/self_driving/package.dsv'
[5.305s] INFO:colcon.colcon_core.shell:Creating package script '/home/an/ros2_ws/install/self_driving/share/self_driving/package.sh'
[5.308s] INFO:colcon.colcon_core.shell:Creating package script '/home/an/ros2_ws/install/self_driving/share/self_driving/package.bash'
[5.311s] INFO:colcon.colcon_core.shell:Creating package script '/home/an/ros2_ws/install/self_driving/share/self_driving/package.zsh'
[5.314s] Level 1:colcon.colcon_core.environment:create_file_with_runtime_dependencies(/home/an/ros2_ws/install/self_driving/share/colcon-core/packages/self_driving)
[5.315s] DEBUG:colcon.colcon_parallel_executor.executor.parallel:closing loop
[5.317s] DEBUG:colcon.colcon_parallel_executor.executor.parallel:loop closed
[5.317s] DEBUG:colcon.colcon_parallel_executor.executor.parallel:run_until_complete finished with '0'
[5.317s] DEBUG:colcon.colcon_core.event_reactor:joining thread
[5.337s] INFO:colcon.colcon_core.plugin_system:Skipping extension 'colcon_notification.desktop_notification.notify_send': Could not find 'notify-send'
[5.338s] INFO:colcon.colcon_core.plugin_system:Skipping extension 'colcon_notification.desktop_notification.terminal_notifier': Not used on non-Darwin systems
[5.338s] INFO:colcon.colcon_core.plugin_system:Skipping extension 'colcon_notification.desktop_notification.win32': Not used on non-Windows systems
[5.338s] INFO:colcon.colcon_notification.desktop_notification:Sending desktop notification using 'notify2'
[5.341s] DEBUG:colcon.colcon_notification.desktop_notification.notify2:Failed to initialize notify2: org.freedesktop.DBus.Error.ServiceUnknown: The name org.freedesktop.Notifications was not provided by any .service files
[5.342s] DEBUG:colcon.colcon_core.event_reactor:joined thread
[5.343s] INFO:colcon.colcon_core.shell:Creating prefix script '/home/an/ros2_ws/install/local_setup.ps1'
[5.346s] INFO:colcon.colcon_core.shell:Creating prefix util module '/home/an/ros2_ws/install/_local_setup_util_ps1.py'
[5.351s] INFO:colcon.colcon_core.shell:Creating prefix chain script '/home/an/ros2_ws/install/setup.ps1'
[5.359s] INFO:colcon.colcon_core.shell:Creating prefix script '/home/an/ros2_ws/install/local_setup.sh'
[5.362s] INFO:colcon.colcon_core.shell:Creating prefix util module '/home/an/ros2_ws/install/_local_setup_util_sh.py'
[5.364s] INFO:colcon.colcon_core.shell:Creating prefix chain script '/home/an/ros2_ws/install/setup.sh'
[5.371s] INFO:colcon.colcon_core.shell:Creating prefix script '/home/an/ros2_ws/install/local_setup.bash'
[5.373s] INFO:colcon.colcon_core.shell:Creating prefix chain script '/home/an/ros2_ws/install/setup.bash'
[5.380s] INFO:colcon.colcon_core.shell:Creating prefix script '/home/an/ros2_ws/install/local_setup.zsh'
[5.382s] INFO:colcon.colcon_core.shell:Creating prefix chain script '/home/an/ros2_ws/install/setup.zsh'
