[2.884s] Invoking command in '/home/an/ros2_ws/src/self_driving': PYTHONPATH=/home/an/ros2_ws/build/self_driving/prefix_override:/home/an/ros2_ws/install/self_driving/lib/python3.10/site-packages:${PYTHONPATH} /usr/bin/python3 -W ignore:setup.py install is deprecated setup.py egg_info --egg-base ../../build/self_driving build --build-base /home/an/ros2_ws/build/self_driving/build install --record /home/an/ros2_ws/build/self_driving/install.log --single-version-externally-managed install_data
[3.968s] running egg_info
[3.973s] writing ../../build/self_driving/self_driving.egg-info/PKG-INFO
[3.974s] writing dependency_links to ../../build/self_driving/self_driving.egg-info/dependency_links.txt
[3.975s] writing entry points to ../../build/self_driving/self_driving.egg-info/entry_points.txt
[3.975s] writing requirements to ../../build/self_driving/self_driving.egg-info/requires.txt
[3.976s] writing top-level names to ../../build/self_driving/self_driving.egg-info/top_level.txt
[3.986s] reading manifest file '../../build/self_driving/self_driving.egg-info/SOURCES.txt'
[3.988s] adding license file 'LICENSE'
[3.991s] writing manifest file '../../build/self_driving/self_driving.egg-info/SOURCES.txt'
[3.992s] running build
[3.992s] running build_py
[3.993s] copying self_driving/drive_BOT.py -> /home/an/ros2_ws/build/self_driving/build/lib/self_driving
[4.001s] running install
[4.003s] running install_lib
[4.009s] copying /home/an/ros2_ws/build/self_driving/build/lib/self_driving/drive_BOT.py -> /home/an/ros2_ws/install/self_driving/lib/python3.10/site-packages/self_driving
[4.016s] byte-compiling /home/an/ros2_ws/install/self_driving/lib/python3.10/site-packages/self_driving/drive_BOT.py to drive_BOT.cpython-310.pyc
[4.024s] running install_data
[4.024s] running install_egg_info
[4.032s] removing '/home/an/ros2_ws/install/self_driving/lib/python3.10/site-packages/self_driving-0.0.0-py3.10.egg-info' (and everything under it)
[4.034s] Copying ../../build/self_driving/self_driving.egg-info to /home/an/ros2_ws/install/self_driving/lib/python3.10/site-packages/self_driving-0.0.0-py3.10.egg-info
[4.043s] running install_scripts
[4.130s] Installing cam_node script to /home/an/ros2_ws/install/self_driving/lib/self_driving
[4.131s] Installing computer_vision_node script to /home/an/ros2_ws/install/self_driving/lib/self_driving
[4.132s] Installing driving_node script to /home/an/ros2_ws/install/self_driving/lib/self_driving
[4.133s] Installing recorder_node script to /home/an/ros2_ws/install/self_driving/lib/self_driving
[4.135s] Installing start_node script to /home/an/ros2_ws/install/self_driving/lib/self_driving
[4.136s] Installing traffic_signal_node script to /home/an/ros2_ws/install/self_driving/lib/self_driving
[4.138s] Installing vel_wheel_node script to /home/an/ros2_ws/install/self_driving/lib/self_driving
[4.143s] writing list of installed files to '/home/an/ros2_ws/build/self_driving/install.log'
[4.267s] Invoked command in '/home/an/ros2_ws/src/self_driving' returned '0': PYTHONPATH=/home/an/ros2_ws/build/self_driving/prefix_override:/home/an/ros2_ws/install/self_driving/lib/python3.10/site-packages:${PYTHONPATH} /usr/bin/python3 -W ignore:setup.py install is deprecated setup.py egg_info --egg-base ../../build/self_driving build --build-base /home/an/ros2_ws/build/self_driving/build install --record /home/an/ros2_ws/build/self_driving/install.log --single-version-externally-managed install_data
