[2.910s] Invoking command in '/home/an/ros2_ws/src/self_driving': PYTHONPATH=/home/an/ros2_ws/build/self_driving/prefix_override:/home/an/ros2_ws/install/self_driving/lib/python3.10/site-packages:${PYTHONPATH} /usr/bin/python3 -W ignore:setup.py install is deprecated setup.py egg_info --egg-base ../../build/self_driving build --build-base /home/an/ros2_ws/build/self_driving/build install --record /home/an/ros2_ws/build/self_driving/install.log --single-version-externally-managed install_data
[3.991s] running egg_info
[3.993s] writing ../../build/self_driving/self_driving.egg-info/PKG-INFO
[3.994s] writing dependency_links to ../../build/self_driving/self_driving.egg-info/dependency_links.txt
[3.995s] writing entry points to ../../build/self_driving/self_driving.egg-info/entry_points.txt
[3.996s] writing requirements to ../../build/self_driving/self_driving.egg-info/requires.txt
[3.996s] writing top-level names to ../../build/self_driving/self_driving.egg-info/top_level.txt
[4.012s] reading manifest file '../../build/self_driving/self_driving.egg-info/SOURCES.txt'
[4.014s] adding license file 'LICENSE'
[4.017s] writing manifest file '../../build/self_driving/self_driving.egg-info/SOURCES.txt'
[4.018s] running build
[4.018s] running build_py
[4.020s] copying self_driving/drive_BOT.py -> /home/an/ros2_ws/build/self_driving/build/lib/self_driving
[4.027s] running install
[4.029s] running install_lib
[4.032s] copying /home/an/ros2_ws/build/self_driving/build/lib/self_driving/drive_BOT.py -> /home/an/ros2_ws/install/self_driving/lib/python3.10/site-packages/self_driving
[4.041s] byte-compiling /home/an/ros2_ws/install/self_driving/lib/python3.10/site-packages/self_driving/drive_BOT.py to drive_BOT.cpython-310.pyc
[4.050s] running install_data
[4.050s] running install_egg_info
[4.057s] removing '/home/an/ros2_ws/install/self_driving/lib/python3.10/site-packages/self_driving-0.0.0-py3.10.egg-info' (and everything under it)
[4.059s] Copying ../../build/self_driving/self_driving.egg-info to /home/an/ros2_ws/install/self_driving/lib/python3.10/site-packages/self_driving-0.0.0-py3.10.egg-info
[4.065s] running install_scripts
[4.156s] Installing cam_node script to /home/an/ros2_ws/install/self_driving/lib/self_driving
[4.157s] Installing computer_vision_node script to /home/an/ros2_ws/install/self_driving/lib/self_driving
[4.158s] Installing driving_node script to /home/an/ros2_ws/install/self_driving/lib/self_driving
[4.159s] Installing recorder_node script to /home/an/ros2_ws/install/self_driving/lib/self_driving
[4.160s] Installing start_node script to /home/an/ros2_ws/install/self_driving/lib/self_driving
[4.161s] Installing traffic_signal_node script to /home/an/ros2_ws/install/self_driving/lib/self_driving
[4.162s] Installing vel_wheel_node script to /home/an/ros2_ws/install/self_driving/lib/self_driving
[4.166s] writing list of installed files to '/home/an/ros2_ws/build/self_driving/install.log'
[4.299s] Invoked command in '/home/an/ros2_ws/src/self_driving' returned '0': PYTHONPATH=/home/an/ros2_ws/build/self_driving/prefix_override:/home/an/ros2_ws/install/self_driving/lib/python3.10/site-packages:${PYTHONPATH} /usr/bin/python3 -W ignore:setup.py install is deprecated setup.py egg_info --egg-base ../../build/self_driving build --build-base /home/an/ros2_ws/build/self_driving/build install --record /home/an/ros2_ws/build/self_driving/install.log --single-version-externally-managed install_data
