[3.759s] Invoking command in '/home/an/ros2_ws/src/self_driving': PYTHONPATH=/home/an/ros2_ws/build/self_driving/prefix_override:/home/an/ros2_ws/install/self_driving/lib/python3.10/site-packages:${PYTHONPATH} /usr/bin/python3 -W ignore:setup.py install is deprecated setup.py egg_info --egg-base ../../build/self_driving build --build-base /home/an/ros2_ws/build/self_driving/build install --record /home/an/ros2_ws/build/self_driving/install.log --single-version-externally-managed install_data
[5.071s] running egg_info
[5.073s] writing ../../build/self_driving/self_driving.egg-info/PKG-INFO
[5.074s] writing dependency_links to ../../build/self_driving/self_driving.egg-info/dependency_links.txt
[5.076s] writing entry points to ../../build/self_driving/self_driving.egg-info/entry_points.txt
[5.076s] writing requirements to ../../build/self_driving/self_driving.egg-info/requires.txt
[5.077s] writing top-level names to ../../build/self_driving/self_driving.egg-info/top_level.txt
[5.087s] reading manifest file '../../build/self_driving/self_driving.egg-info/SOURCES.txt'
[5.090s] adding license file 'LICENSE'
[5.095s] writing manifest file '../../build/self_driving/self_driving.egg-info/SOURCES.txt'
[5.096s] running build
[5.096s] running build_py
[5.097s] copying self_driving/wheel_left_right.py -> /home/an/ros2_ws/build/self_driving/build/lib/self_driving
[5.098s] copying self_driving/drive_BOT.py -> /home/an/ros2_ws/build/self_driving/build/lib/self_driving
[5.105s] running install
[5.107s] running install_lib
[5.116s] copying /home/an/ros2_ws/build/self_driving/build/lib/self_driving/wheel_left_right.py -> /home/an/ros2_ws/install/self_driving/lib/python3.10/site-packages/self_driving
[5.118s] copying /home/an/ros2_ws/build/self_driving/build/lib/self_driving/drive_BOT.py -> /home/an/ros2_ws/install/self_driving/lib/python3.10/site-packages/self_driving
[5.133s] byte-compiling /home/an/ros2_ws/install/self_driving/lib/python3.10/site-packages/self_driving/wheel_left_right.py to wheel_left_right.cpython-310.pyc
[5.137s] byte-compiling /home/an/ros2_ws/install/self_driving/lib/python3.10/site-packages/self_driving/drive_BOT.py to drive_BOT.cpython-310.pyc
[5.146s] running install_data
[5.147s] running install_egg_info
[5.155s] removing '/home/an/ros2_ws/install/self_driving/lib/python3.10/site-packages/self_driving-0.0.0-py3.10.egg-info' (and everything under it)
[5.159s] Copying ../../build/self_driving/self_driving.egg-info to /home/an/ros2_ws/install/self_driving/lib/python3.10/site-packages/self_driving-0.0.0-py3.10.egg-info
[5.176s] running install_scripts
[5.284s] Installing cam_node script to /home/an/ros2_ws/install/self_driving/lib/self_driving
[5.285s] Installing computer_vision_node script to /home/an/ros2_ws/install/self_driving/lib/self_driving
[5.287s] Installing driving_node script to /home/an/ros2_ws/install/self_driving/lib/self_driving
[5.287s] Installing recorder_node script to /home/an/ros2_ws/install/self_driving/lib/self_driving
[5.288s] Installing vel_wheel_node script to /home/an/ros2_ws/install/self_driving/lib/self_driving
[5.297s] writing list of installed files to '/home/an/ros2_ws/build/self_driving/install.log'
[5.452s] Invoked command in '/home/an/ros2_ws/src/self_driving' returned '0': PYTHONPATH=/home/an/ros2_ws/build/self_driving/prefix_override:/home/an/ros2_ws/install/self_driving/lib/python3.10/site-packages:${PYTHONPATH} /usr/bin/python3 -W ignore:setup.py install is deprecated setup.py egg_info --egg-base ../../build/self_driving build --build-base /home/an/ros2_ws/build/self_driving/build install --record /home/an/ros2_ws/build/self_driving/install.log --single-version-externally-managed install_data
