[2.612s] Invoking command in '/home/an/ros2_ws/src/self_driving': PYTHONPATH=/home/an/ros2_ws/build/self_driving/prefix_override:/home/an/ros2_ws/install/self_driving/lib/python3.10/site-packages:${PYTHONPATH} /usr/bin/python3 -W ignore:setup.py install is deprecated setup.py egg_info --egg-base ../../build/self_driving build --build-base /home/an/ros2_ws/build/self_driving/build install --record /home/an/ros2_ws/build/self_driving/install.log --single-version-externally-managed install_data
[3.603s] running egg_info
[3.606s] writing ../../build/self_driving/self_driving.egg-info/PKG-INFO
[3.607s] writing dependency_links to ../../build/self_driving/self_driving.egg-info/dependency_links.txt
[3.608s] writing entry points to ../../build/self_driving/self_driving.egg-info/entry_points.txt
[3.608s] writing requirements to ../../build/self_driving/self_driving.egg-info/requires.txt
[3.609s] writing top-level names to ../../build/self_driving/self_driving.egg-info/top_level.txt
[3.619s] reading manifest file '../../build/self_driving/self_driving.egg-info/SOURCES.txt'
[3.621s] adding license file 'LICENSE'
[3.624s] writing manifest file '../../build/self_driving/self_driving.egg-info/SOURCES.txt'
[3.625s] running build
[3.625s] running build_py
[3.627s] copying self_driving/traffic_signal.py -> /home/an/ros2_ws/build/self_driving/build/lib/self_driving
[3.634s] running install
[3.635s] running install_lib
[3.639s] copying /home/an/ros2_ws/build/self_driving/build/lib/self_driving/traffic_signal.py -> /home/an/ros2_ws/install/self_driving/lib/python3.10/site-packages/self_driving
[3.647s] byte-compiling /home/an/ros2_ws/install/self_driving/lib/python3.10/site-packages/self_driving/traffic_signal.py to traffic_signal.cpython-310.pyc
[3.655s] running install_data
[3.656s] running install_egg_info
[3.663s] removing '/home/an/ros2_ws/install/self_driving/lib/python3.10/site-packages/self_driving-0.0.0-py3.10.egg-info' (and everything under it)
[3.665s] Copying ../../build/self_driving/self_driving.egg-info to /home/an/ros2_ws/install/self_driving/lib/python3.10/site-packages/self_driving-0.0.0-py3.10.egg-info
[3.670s] running install_scripts
[3.749s] Installing cam_node script to /home/an/ros2_ws/install/self_driving/lib/self_driving
[3.750s] Installing computer_vision_node script to /home/an/ros2_ws/install/self_driving/lib/self_driving
[3.751s] Installing driving_node script to /home/an/ros2_ws/install/self_driving/lib/self_driving
[3.751s] Installing recorder_node script to /home/an/ros2_ws/install/self_driving/lib/self_driving
[3.752s] Installing start_node script to /home/an/ros2_ws/install/self_driving/lib/self_driving
[3.753s] Installing traffic_signal_node script to /home/an/ros2_ws/install/self_driving/lib/self_driving
[3.754s] Installing vel_wheel_node script to /home/an/ros2_ws/install/self_driving/lib/self_driving
[3.757s] writing list of installed files to '/home/an/ros2_ws/build/self_driving/install.log'
[3.870s] Invoked command in '/home/an/ros2_ws/src/self_driving' returned '0': PYTHONPATH=/home/an/ros2_ws/build/self_driving/prefix_override:/home/an/ros2_ws/install/self_driving/lib/python3.10/site-packages:${PYTHONPATH} /usr/bin/python3 -W ignore:setup.py install is deprecated setup.py egg_info --egg-base ../../build/self_driving build --build-base /home/an/ros2_ws/build/self_driving/build install --record /home/an/ros2_ws/build/self_driving/install.log --single-version-externally-managed install_data
