[3.349s] Invoking command in '/home/an/ros2_ws/src/self_driving': PYTHONPATH=/home/an/ros2_ws/build/self_driving/prefix_override:/home/an/ros2_ws/install/self_driving/lib/python3.10/site-packages:${PYTHONPATH} /usr/bin/python3 -W ignore:setup.py install is deprecated setup.py egg_info --egg-base ../../build/self_driving build --build-base /home/an/ros2_ws/build/self_driving/build install --record /home/an/ros2_ws/build/self_driving/install.log --single-version-externally-managed install_data
[4.548s] running egg_info
[4.551s] writing ../../build/self_driving/self_driving.egg-info/PKG-INFO
[4.554s] writing dependency_links to ../../build/self_driving/self_driving.egg-info/dependency_links.txt
[4.555s] writing entry points to ../../build/self_driving/self_driving.egg-info/entry_points.txt
[4.556s] writing requirements to ../../build/self_driving/self_driving.egg-info/requires.txt
[4.556s] writing top-level names to ../../build/self_driving/self_driving.egg-info/top_level.txt
[4.572s] reading manifest file '../../build/self_driving/self_driving.egg-info/SOURCES.txt'
[4.573s] adding license file 'LICENSE'
[4.576s] writing manifest file '../../build/self_driving/self_driving.egg-info/SOURCES.txt'
[4.577s] running build
[4.578s] running build_py
[4.581s] copying self_driving/config/config.py -> /home/an/ros2_ws/build/self_driving/build/lib/self_driving/config
[4.585s] copying self_driving/Detection/Lanes/a_colour_segmentation.py -> /home/an/ros2_ws/build/self_driving/build/lib/self_driving/Detection/Lanes
[4.591s] running install
[4.592s] running install_lib
[4.599s] copying /home/an/ros2_ws/build/self_driving/build/lib/self_driving/Detection/Lanes/a_colour_segmentation.py -> /home/an/ros2_ws/install/self_driving/lib/python3.10/site-packages/self_driving/Detection/Lanes
[4.601s] copying /home/an/ros2_ws/build/self_driving/build/lib/self_driving/config/config.py -> /home/an/ros2_ws/install/self_driving/lib/python3.10/site-packages/self_driving/config
[4.606s] byte-compiling /home/an/ros2_ws/install/self_driving/lib/python3.10/site-packages/self_driving/Detection/Lanes/a_colour_segmentation.py to a_colour_segmentation.cpython-310.pyc
[4.611s] byte-compiling /home/an/ros2_ws/install/self_driving/lib/python3.10/site-packages/self_driving/config/config.py to config.cpython-310.pyc
[4.614s] running install_data
[4.615s] running install_egg_info
[4.626s] removing '/home/an/ros2_ws/install/self_driving/lib/python3.10/site-packages/self_driving-0.0.0-py3.10.egg-info' (and everything under it)
[4.628s] Copying ../../build/self_driving/self_driving.egg-info to /home/an/ros2_ws/install/self_driving/lib/python3.10/site-packages/self_driving-0.0.0-py3.10.egg-info
[4.634s] running install_scripts
[4.729s] Installing cam_node script to /home/an/ros2_ws/install/self_driving/lib/self_driving
[4.729s] Installing computer_vision_node script to /home/an/ros2_ws/install/self_driving/lib/self_driving
[4.730s] Installing driving_node script to /home/an/ros2_ws/install/self_driving/lib/self_driving
[4.731s] Installing recorder_node script to /home/an/ros2_ws/install/self_driving/lib/self_driving
[4.732s] Installing vel_wheel_node script to /home/an/ros2_ws/install/self_driving/lib/self_driving
[4.735s] writing list of installed files to '/home/an/ros2_ws/build/self_driving/install.log'
[4.906s] Invoked command in '/home/an/ros2_ws/src/self_driving' returned '0': PYTHONPATH=/home/an/ros2_ws/build/self_driving/prefix_override:/home/an/ros2_ws/install/self_driving/lib/python3.10/site-packages:${PYTHONPATH} /usr/bin/python3 -W ignore:setup.py install is deprecated setup.py egg_info --egg-base ../../build/self_driving build --build-base /home/an/ros2_ws/build/self_driving/build install --record /home/an/ros2_ws/build/self_driving/install.log --single-version-externally-managed install_data
