[2.626s] Invoking command in '/home/an/ros2_ws/src/self_driving': PYTHONPATH=/home/an/ros2_ws/build/self_driving/prefix_override:/home/an/ros2_ws/install/self_driving/lib/python3.10/site-packages:${PYTHONPATH} /usr/bin/python3 -W ignore:setup.py install is deprecated setup.py egg_info --egg-base ../../build/self_driving build --build-base /home/an/ros2_ws/build/self_driving/build install --record /home/an/ros2_ws/build/self_driving/install.log --single-version-externally-managed install_data
[3.618s] running egg_info
[3.620s] writing ../../build/self_driving/self_driving.egg-info/PKG-INFO
[3.621s] writing dependency_links to ../../build/self_driving/self_driving.egg-info/dependency_links.txt
[3.622s] writing entry points to ../../build/self_driving/self_driving.egg-info/entry_points.txt
[3.623s] writing requirements to ../../build/self_driving/self_driving.egg-info/requires.txt
[3.623s] writing top-level names to ../../build/self_driving/self_driving.egg-info/top_level.txt
[3.634s] reading manifest file '../../build/self_driving/self_driving.egg-info/SOURCES.txt'
[3.635s] adding license file 'LICENSE'
[3.639s] writing manifest file '../../build/self_driving/self_driving.egg-info/SOURCES.txt'
[3.639s] running build
[3.639s] running build_py
[3.648s] running install
[3.649s] running install_lib
[3.661s] running install_data
[3.662s] copying launch/start.launch.py -> /home/an/ros2_ws/install/self_driving/share/self_driving/launch
[3.663s] running install_egg_info
[3.670s] removing '/home/an/ros2_ws/install/self_driving/lib/python3.10/site-packages/self_driving-0.0.0-py3.10.egg-info' (and everything under it)
[3.672s] Copying ../../build/self_driving/self_driving.egg-info to /home/an/ros2_ws/install/self_driving/lib/python3.10/site-packages/self_driving-0.0.0-py3.10.egg-info
[3.677s] running install_scripts
[3.759s] Installing cam_node script to /home/an/ros2_ws/install/self_driving/lib/self_driving
[3.760s] Installing computer_vision_node script to /home/an/ros2_ws/install/self_driving/lib/self_driving
[3.761s] Installing driving_node script to /home/an/ros2_ws/install/self_driving/lib/self_driving
[3.762s] Installing recorder_node script to /home/an/ros2_ws/install/self_driving/lib/self_driving
[3.762s] Installing start_node script to /home/an/ros2_ws/install/self_driving/lib/self_driving
[3.763s] Installing traffic_signal_node script to /home/an/ros2_ws/install/self_driving/lib/self_driving
[3.764s] Installing vel_wheel_node script to /home/an/ros2_ws/install/self_driving/lib/self_driving
[3.768s] writing list of installed files to '/home/an/ros2_ws/build/self_driving/install.log'
[3.878s] Invoked command in '/home/an/ros2_ws/src/self_driving' returned '0': PYTHONPATH=/home/an/ros2_ws/build/self_driving/prefix_override:/home/an/ros2_ws/install/self_driving/lib/python3.10/site-packages:${PYTHONPATH} /usr/bin/python3 -W ignore:setup.py install is deprecated setup.py egg_info --egg-base ../../build/self_driving build --build-base /home/an/ros2_ws/build/self_driving/build install --record /home/an/ros2_ws/build/self_driving/install.log --single-version-externally-managed install_data
