[1.443s] DEBUG:colcon:Command line arguments: ['/usr/bin/colcon', 'list', '-p', '--base-paths', '/home/an/ros2_ws']
[1.444s] DEBUG:colcon:Parsed command line arguments: Namespace(log_base=None, log_level=None, verb_name='list', build_base='build', ignore_user_meta=False, metas=['./colcon.meta'], base_paths=['/home/an/ros2_ws'], packages_ignore=None, packages_ignore_regex=None, paths=None, packages_up_to=None, packages_up_to_regex=None, packages_above=None, packages_above_and_dependencies=None, packages_above_depth=None, packages_select_by_dep=None, packages_skip_by_dep=None, packages_skip_up_to=None, packages_select_build_failed=False, packages_skip_build_finished=False, packages_select_test_failures=False, packages_skip_test_passed=False, packages_select=None, packages_skip=None, packages_select_regex=None, packages_skip_regex=None, packages_start=None, packages_end=None, allow_overriding=[], topological_order=False, names_only=False, paths_only=True, topological_graph=False, topological_graph_dot=False, topological_graph_density=False, topological_graph_legend=False, topological_graph_dot_cluster=False, topological_graph_dot_include_skipped=False, verb_parser=<colcon_defaults.argument_parser.defaults.DefaultArgumentsDecorator object at 0xffff81f74520>, verb_extension=<colcon_package_information.verb.list.ListVerb object at 0xffff82128b20>, main=<bound method ListVerb.main of <colcon_package_information.verb.list.ListVerb object at 0xffff82128b20>>)
[4.024s] Level 1:colcon.colcon_core.package_discovery:discover_packages(colcon_meta) check parameters
[4.025s] Level 1:colcon.colcon_core.package_discovery:discover_packages(recursive) check parameters
[4.025s] Level 1:colcon.colcon_core.package_discovery:discover_packages(ignore) check parameters
[4.025s] Level 1:colcon.colcon_core.package_discovery:discover_packages(path) check parameters
[4.026s] Level 1:colcon.colcon_core.package_discovery:discover_packages(recursive) discover
[4.026s] INFO:colcon.colcon_core.package_discovery:Crawling recursively for packages in '/home/an/ros2_ws'
[4.027s] Level 1:colcon.colcon_core.package_identification:_identify(/home/an/ros2_ws) by extensions ['ignore', 'ignore_ament_install']
[4.028s] Level 1:colcon.colcon_core.package_identification:_identify(/home/an/ros2_ws) by extension 'ignore'
[4.029s] Level 1:colcon.colcon_core.package_identification:_identify(/home/an/ros2_ws) by extension 'ignore_ament_install'
[4.029s] Level 1:colcon.colcon_core.package_identification:_identify(/home/an/ros2_ws) by extensions ['colcon_pkg']
[4.030s] Level 1:colcon.colcon_core.package_identification:_identify(/home/an/ros2_ws) by extension 'colcon_pkg'
[4.030s] Level 1:colcon.colcon_core.package_identification:_identify(/home/an/ros2_ws) by extensions ['colcon_meta']
[4.031s] Level 1:colcon.colcon_core.package_identification:_identify(/home/an/ros2_ws) by extension 'colcon_meta'
[4.031s] Level 1:colcon.colcon_core.package_identification:_identify(/home/an/ros2_ws) by extensions ['ros']
[4.032s] Level 1:colcon.colcon_core.package_identification:_identify(/home/an/ros2_ws) by extension 'ros'
[4.158s] Level 1:colcon.colcon_core.package_identification:_identify(/home/an/ros2_ws) by extensions ['cmake', 'python']
[4.159s] Level 1:colcon.colcon_core.package_identification:_identify(/home/an/ros2_ws) by extension 'cmake'
[4.159s] Level 1:colcon.colcon_core.package_identification:_identify(/home/an/ros2_ws) by extension 'python'
[4.160s] Level 1:colcon.colcon_core.package_identification:_identify(/home/an/ros2_ws) by extensions ['python_setup_py']
[4.161s] Level 1:colcon.colcon_core.package_identification:_identify(/home/an/ros2_ws) by extension 'python_setup_py'
[4.163s] Level 1:colcon.colcon_core.package_identification:_identify(/home/an/ros2_ws/build) by extensions ['ignore', 'ignore_ament_install']
[4.164s] Level 1:colcon.colcon_core.package_identification:_identify(/home/an/ros2_ws/build) by extension 'ignore'
[4.164s] Level 1:colcon.colcon_core.package_identification:_identify(/home/an/ros2_ws/build) ignored
[4.166s] Level 1:colcon.colcon_core.package_identification:_identify(/home/an/ros2_ws/install) by extensions ['ignore', 'ignore_ament_install']
[4.166s] Level 1:colcon.colcon_core.package_identification:_identify(/home/an/ros2_ws/install) by extension 'ignore'
[4.167s] Level 1:colcon.colcon_core.package_identification:_identify(/home/an/ros2_ws/install) ignored
[4.171s] Level 1:colcon.colcon_core.package_identification:_identify(/home/an/ros2_ws/log) by extensions ['ignore', 'ignore_ament_install']
[4.172s] Level 1:colcon.colcon_core.package_identification:_identify(/home/an/ros2_ws/log) by extension 'ignore'
[4.184s] Level 1:colcon.colcon_core.package_identification:_identify(/home/an/ros2_ws/log) ignored
[4.185s] Level 1:colcon.colcon_core.package_identification:_identify(/home/an/ros2_ws/src) by extensions ['ignore', 'ignore_ament_install']
[4.186s] Level 1:colcon.colcon_core.package_identification:_identify(/home/an/ros2_ws/src) by extension 'ignore'
[4.187s] Level 1:colcon.colcon_core.package_identification:_identify(/home/an/ros2_ws/src) by extension 'ignore_ament_install'
[4.187s] Level 1:colcon.colcon_core.package_identification:_identify(/home/an/ros2_ws/src) by extensions ['colcon_pkg']
[4.197s] Level 1:colcon.colcon_core.package_identification:_identify(/home/an/ros2_ws/src) by extension 'colcon_pkg'
[4.198s] Level 1:colcon.colcon_core.package_identification:_identify(/home/an/ros2_ws/src) by extensions ['colcon_meta']
[4.198s] Level 1:colcon.colcon_core.package_identification:_identify(/home/an/ros2_ws/src) by extension 'colcon_meta'
[4.199s] Level 1:colcon.colcon_core.package_identification:_identify(/home/an/ros2_ws/src) by extensions ['ros']
[4.199s] Level 1:colcon.colcon_core.package_identification:_identify(/home/an/ros2_ws/src) by extension 'ros'
[4.200s] Level 1:colcon.colcon_core.package_identification:_identify(/home/an/ros2_ws/src) by extensions ['cmake', 'python']
[4.200s] Level 1:colcon.colcon_core.package_identification:_identify(/home/an/ros2_ws/src) by extension 'cmake'
[4.200s] Level 1:colcon.colcon_core.package_identification:_identify(/home/an/ros2_ws/src) by extension 'python'
[4.201s] Level 1:colcon.colcon_core.package_identification:_identify(/home/an/ros2_ws/src) by extensions ['python_setup_py']
[4.201s] Level 1:colcon.colcon_core.package_identification:_identify(/home/an/ros2_ws/src) by extension 'python_setup_py'
[4.202s] Level 1:colcon.colcon_core.package_identification:_identify(/home/an/ros2_ws/src/self_driving) by extensions ['ignore', 'ignore_ament_install']
[4.203s] Level 1:colcon.colcon_core.package_identification:_identify(/home/an/ros2_ws/src/self_driving) by extension 'ignore'
[4.203s] Level 1:colcon.colcon_core.package_identification:_identify(/home/an/ros2_ws/src/self_driving) by extension 'ignore_ament_install'
[4.204s] Level 1:colcon.colcon_core.package_identification:_identify(/home/an/ros2_ws/src/self_driving) by extensions ['colcon_pkg']
[4.204s] Level 1:colcon.colcon_core.package_identification:_identify(/home/an/ros2_ws/src/self_driving) by extension 'colcon_pkg'
[4.205s] Level 1:colcon.colcon_core.package_identification:_identify(/home/an/ros2_ws/src/self_driving) by extensions ['colcon_meta']
[4.205s] Level 1:colcon.colcon_core.package_identification:_identify(/home/an/ros2_ws/src/self_driving) by extension 'colcon_meta'
[4.206s] Level 1:colcon.colcon_core.package_identification:_identify(/home/an/ros2_ws/src/self_driving) by extensions ['ros']
[4.206s] Level 1:colcon.colcon_core.package_identification:_identify(/home/an/ros2_ws/src/self_driving) by extension 'ros'
[4.219s] DEBUG:colcon.colcon_core.package_identification:Package '/home/an/ros2_ws/src/self_driving' with type 'ros.ament_python' and name 'self_driving'
[4.219s] Level 1:colcon.colcon_core.package_discovery:discover_packages(recursive) using defaults
