[2.588s] Invoking command in '/home/an/ros2_ws/src/self_driving': PYTHONPATH=/home/an/ros2_ws/build/self_driving/prefix_override:/home/an/ros2_ws/install/self_driving/lib/python3.10/site-packages:${PYTHONPATH} /usr/bin/python3 -W ignore:setup.py install is deprecated setup.py egg_info --egg-base ../../build/self_driving build --build-base /home/an/ros2_ws/build/self_driving/build install --record /home/an/ros2_ws/build/self_driving/install.log --single-version-externally-managed install_data
[3.566s] running egg_info
[3.569s] writing ../../build/self_driving/self_driving.egg-info/PKG-INFO
[3.570s] writing dependency_links to ../../build/self_driving/self_driving.egg-info/dependency_links.txt
[3.571s] writing entry points to ../../build/self_driving/self_driving.egg-info/entry_points.txt
[3.571s] writing requirements to ../../build/self_driving/self_driving.egg-info/requires.txt
[3.572s] writing top-level names to ../../build/self_driving/self_driving.egg-info/top_level.txt
[3.582s] reading manifest file '../../build/self_driving/self_driving.egg-info/SOURCES.txt'
[3.584s] adding license file 'LICENSE'
[3.587s] writing manifest file '../../build/self_driving/self_driving.egg-info/SOURCES.txt'
[3.588s] running build
[3.588s] running build_py
[3.596s] running install
[3.597s] running install_lib
[3.609s] running install_data
[3.610s] running install_egg_info
[3.617s] removing '/home/an/ros2_ws/install/self_driving/lib/python3.10/site-packages/self_driving-0.0.0-py3.10.egg-info' (and everything under it)
[3.618s] Copying ../../build/self_driving/self_driving.egg-info to /home/an/ros2_ws/install/self_driving/lib/python3.10/site-packages/self_driving-0.0.0-py3.10.egg-info
[3.625s] running install_scripts
[3.702s] Installing cam_node script to /home/an/ros2_ws/install/self_driving/lib/self_driving
[3.703s] Installing computer_vision_node script to /home/an/ros2_ws/install/self_driving/lib/self_driving
[3.704s] Installing driving_node script to /home/an/ros2_ws/install/self_driving/lib/self_driving
[3.705s] Installing recorder_node script to /home/an/ros2_ws/install/self_driving/lib/self_driving
[3.706s] Installing start_node script to /home/an/ros2_ws/install/self_driving/lib/self_driving
[3.707s] Installing vel_wheel_node script to /home/an/ros2_ws/install/self_driving/lib/self_driving
[3.710s] writing list of installed files to '/home/an/ros2_ws/build/self_driving/install.log'
[3.819s] Invoked command in '/home/an/ros2_ws/src/self_driving' returned '0': PYTHONPATH=/home/an/ros2_ws/build/self_driving/prefix_override:/home/an/ros2_ws/install/self_driving/lib/python3.10/site-packages:${PYTHONPATH} /usr/bin/python3 -W ignore:setup.py install is deprecated setup.py egg_info --egg-base ../../build/self_driving build --build-base /home/an/ros2_ws/build/self_driving/build install --record /home/an/ros2_ws/build/self_driving/install.log --single-version-externally-managed install_data
