[2.750s] Invoking command in '/home/an/ros2_ws/src/self_driving': PYTHONPATH=/home/an/ros2_ws/build/self_driving/prefix_override:/home/an/ros2_ws/install/self_driving/lib/python3.10/site-packages:${PYTHONPATH} /usr/bin/python3 -W ignore:setup.py install is deprecated setup.py egg_info --egg-base ../../build/self_driving build --build-base /home/an/ros2_ws/build/self_driving/build install --record /home/an/ros2_ws/build/self_driving/install.log --single-version-externally-managed install_data
[3.756s] running egg_info
[3.759s] writing ../../build/self_driving/self_driving.egg-info/PKG-INFO
[3.760s] writing dependency_links to ../../build/self_driving/self_driving.egg-info/dependency_links.txt
[3.761s] writing entry points to ../../build/self_driving/self_driving.egg-info/entry_points.txt
[3.761s] writing requirements to ../../build/self_driving/self_driving.egg-info/requires.txt
[3.762s] writing top-level names to ../../build/self_driving/self_driving.egg-info/top_level.txt
[3.772s] reading manifest file '../../build/self_driving/self_driving.egg-info/SOURCES.txt'
[3.773s] adding license file 'LICENSE'
[3.777s] writing manifest file '../../build/self_driving/self_driving.egg-info/SOURCES.txt'
[3.778s] running build
[3.779s] running build_py
[3.780s] copying self_driving/drive_BOT.py -> /home/an/ros2_ws/build/self_driving/build/lib/self_driving
[3.790s] running install
[3.791s] running install_lib
[3.795s] copying /home/an/ros2_ws/build/self_driving/build/lib/self_driving/drive_BOT.py -> /home/an/ros2_ws/install/self_driving/lib/python3.10/site-packages/self_driving
[3.802s] byte-compiling /home/an/ros2_ws/install/self_driving/lib/python3.10/site-packages/self_driving/drive_BOT.py to drive_BOT.cpython-310.pyc
[3.811s] running install_data
[3.812s] running install_egg_info
[3.821s] removing '/home/an/ros2_ws/install/self_driving/lib/python3.10/site-packages/self_driving-0.0.0-py3.10.egg-info' (and everything under it)
[3.823s] Copying ../../build/self_driving/self_driving.egg-info to /home/an/ros2_ws/install/self_driving/lib/python3.10/site-packages/self_driving-0.0.0-py3.10.egg-info
[3.829s] running install_scripts
[3.910s] Installing cam_node script to /home/an/ros2_ws/install/self_driving/lib/self_driving
[3.911s] Installing computer_vision_node script to /home/an/ros2_ws/install/self_driving/lib/self_driving
[3.912s] Installing driving_node script to /home/an/ros2_ws/install/self_driving/lib/self_driving
[3.913s] Installing recorder_node script to /home/an/ros2_ws/install/self_driving/lib/self_driving
[3.913s] Installing vel_wheel_node script to /home/an/ros2_ws/install/self_driving/lib/self_driving
[3.919s] writing list of installed files to '/home/an/ros2_ws/build/self_driving/install.log'
[4.047s] Invoked command in '/home/an/ros2_ws/src/self_driving' returned '0': PYTHONPATH=/home/an/ros2_ws/build/self_driving/prefix_override:/home/an/ros2_ws/install/self_driving/lib/python3.10/site-packages:${PYTHONPATH} /usr/bin/python3 -W ignore:setup.py install is deprecated setup.py egg_info --egg-base ../../build/self_driving build --build-base /home/an/ros2_ws/build/self_driving/build install --record /home/an/ros2_ws/build/self_driving/install.log --single-version-externally-managed install_data
