running egg_info
creating ../../build/vel_driver/vel_driver.egg-info
writing ../../build/vel_driver/vel_driver.egg-info/PKG-INFO
writing dependency_links to ../../build/vel_driver/vel_driver.egg-info/dependency_links.txt
writing entry points to ../../build/vel_driver/vel_driver.egg-info/entry_points.txt
writing requirements to ../../build/vel_driver/vel_driver.egg-info/requires.txt
writing top-level names to ../../build/vel_driver/vel_driver.egg-info/top_level.txt
writing manifest file '../../build/vel_driver/vel_driver.egg-info/SOURCES.txt'
reading manifest file '../../build/vel_driver/vel_driver.egg-info/SOURCES.txt'
writing manifest file '../../build/vel_driver/vel_driver.egg-info/SOURCES.txt'
running build
running install
running install_data
creating /home/an/ros2_ws/install/vel_driver/share/ament_index
creating /home/an/ros2_ws/install/vel_driver/share/ament_index/resource_index
creating /home/an/ros2_ws/install/vel_driver/share/ament_index/resource_index/packages
copying resource/vel_driver -> /home/an/ros2_ws/install/vel_driver/share/ament_index/resource_index/packages
copying package.xml -> /home/an/ros2_ws/install/vel_driver/share/vel_driver
running install_egg_info
Copying ../../build/vel_driver/vel_driver.egg-info to /home/an/ros2_ws/install/vel_driver/lib/python3.10/site-packages/vel_driver-0.0.0-py3.10.egg-info
running install_scripts
Installing serial_motor_driver script to /home/an/ros2_ws/install/vel_driver/lib/vel_driver
Installing test_drive script to /home/an/ros2_ws/install/vel_driver/lib/vel_driver
writing list of installed files to '/home/an/ros2_ws/build/vel_driver/install.log'
