[3.257s] Invoking command in '/home/an/ros2_ws/src/self_driving': PYTHONPATH=/home/an/ros2_ws/build/self_driving/prefix_override:/home/an/ros2_ws/install/self_driving/lib/python3.10/site-packages:${PYTHONPATH} /usr/bin/python3 -W ignore:setup.py install is deprecated setup.py egg_info --egg-base ../../build/self_driving build --build-base /home/an/ros2_ws/build/self_driving/build install --record /home/an/ros2_ws/build/self_driving/install.log --single-version-externally-managed install_data
[4.154s] running egg_info
[4.157s] writing ../../build/self_driving/self_driving.egg-info/PKG-INFO
[4.161s] writing dependency_links to ../../build/self_driving/self_driving.egg-info/dependency_links.txt
[4.163s] writing entry points to ../../build/self_driving/self_driving.egg-info/entry_points.txt
[4.163s] writing requirements to ../../build/self_driving/self_driving.egg-info/requires.txt
[4.164s] writing top-level names to ../../build/self_driving/self_driving.egg-info/top_level.txt
[4.174s] reading manifest file '../../build/self_driving/self_driving.egg-info/SOURCES.txt'
[4.178s] adding license file 'LICENSE'
[4.181s] writing manifest file '../../build/self_driving/self_driving.egg-info/SOURCES.txt'
[4.182s] running build
[4.182s] running build_py
[4.189s] copying self_driving/drive_BOT.py -> /home/an/ros2_ws/build/self_driving/build/lib/self_driving
[4.199s] running install
[4.201s] running install_lib
[4.205s] copying /home/an/ros2_ws/build/self_driving/build/lib/self_driving/drive_BOT.py -> /home/an/ros2_ws/install/self_driving/lib/python3.10/site-packages/self_driving
[4.213s] byte-compiling /home/an/ros2_ws/install/self_driving/lib/python3.10/site-packages/self_driving/drive_BOT.py to drive_BOT.cpython-310.pyc
[4.222s] running install_data
[4.223s] running install_egg_info
[4.230s] removing '/home/an/ros2_ws/install/self_driving/lib/python3.10/site-packages/self_driving-0.0.0-py3.10.egg-info' (and everything under it)
[4.235s] Copying ../../build/self_driving/self_driving.egg-info to /home/an/ros2_ws/install/self_driving/lib/python3.10/site-packages/self_driving-0.0.0-py3.10.egg-info
[4.241s] running install_scripts
[4.318s] Installing cam_node script to /home/an/ros2_ws/install/self_driving/lib/self_driving
[4.322s] Installing computer_vision_node script to /home/an/ros2_ws/install/self_driving/lib/self_driving
[4.322s] Installing driving_node script to /home/an/ros2_ws/install/self_driving/lib/self_driving
[4.323s] Installing recorder_node script to /home/an/ros2_ws/install/self_driving/lib/self_driving
[4.324s] Installing vel_wheel_node script to /home/an/ros2_ws/install/self_driving/lib/self_driving
[4.329s] writing list of installed files to '/home/an/ros2_ws/build/self_driving/install.log'
[4.441s] Invoked command in '/home/an/ros2_ws/src/self_driving' returned '0': PYTHONPATH=/home/an/ros2_ws/build/self_driving/prefix_override:/home/an/ros2_ws/install/self_driving/lib/python3.10/site-packages:${PYTHONPATH} /usr/bin/python3 -W ignore:setup.py install is deprecated setup.py egg_info --egg-base ../../build/self_driving build --build-base /home/an/ros2_ws/build/self_driving/build install --record /home/an/ros2_ws/build/self_driving/install.log --single-version-externally-managed install_data
