[3.615s] Invoking command in '/home/an/ros2_ws/src/self_driving': PYTHONPATH=/home/an/ros2_ws/build/self_driving/prefix_override:/home/an/ros2_ws/install/self_driving/lib/python3.10/site-packages:${PYTHONPATH} /usr/bin/python3 -W ignore:setup.py install is deprecated setup.py egg_info --egg-base ../../build/self_driving build --build-base /home/an/ros2_ws/build/self_driving/build install --record /home/an/ros2_ws/build/self_driving/install.log --single-version-externally-managed install_data
[4.779s] running egg_info
[4.783s] writing ../../build/self_driving/self_driving.egg-info/PKG-INFO
[4.784s] writing dependency_links to ../../build/self_driving/self_driving.egg-info/dependency_links.txt
[4.785s] writing entry points to ../../build/self_driving/self_driving.egg-info/entry_points.txt
[4.786s] writing requirements to ../../build/self_driving/self_driving.egg-info/requires.txt
[4.787s] writing top-level names to ../../build/self_driving/self_driving.egg-info/top_level.txt
[4.797s] reading manifest file '../../build/self_driving/self_driving.egg-info/SOURCES.txt'
[4.801s] adding license file 'LICENSE'
[4.804s] writing manifest file '../../build/self_driving/self_driving.egg-info/SOURCES.txt'
[4.805s] running build
[4.806s] running build_py
[4.808s] copying self_driving/traffic_signal.py -> /home/an/ros2_ws/build/self_driving/build/lib/self_driving
[4.818s] running install
[4.819s] running install_lib
[4.823s] copying /home/an/ros2_ws/build/self_driving/build/lib/self_driving/traffic_signal.py -> /home/an/ros2_ws/install/self_driving/lib/python3.10/site-packages/self_driving
[4.831s] byte-compiling /home/an/ros2_ws/install/self_driving/lib/python3.10/site-packages/self_driving/traffic_signal.py to traffic_signal.cpython-310.pyc
[4.840s] running install_data
[4.841s] running install_egg_info
[4.851s] removing '/home/an/ros2_ws/install/self_driving/lib/python3.10/site-packages/self_driving-0.0.0-py3.10.egg-info' (and everything under it)
[4.852s] Copying ../../build/self_driving/self_driving.egg-info to /home/an/ros2_ws/install/self_driving/lib/python3.10/site-packages/self_driving-0.0.0-py3.10.egg-info
[4.861s] running install_scripts
[4.953s] Installing cam_node script to /home/an/ros2_ws/install/self_driving/lib/self_driving
[4.954s] Installing computer_vision_node script to /home/an/ros2_ws/install/self_driving/lib/self_driving
[4.955s] Installing driving_node script to /home/an/ros2_ws/install/self_driving/lib/self_driving
[4.955s] Installing recorder_node script to /home/an/ros2_ws/install/self_driving/lib/self_driving
[4.956s] Installing start_node script to /home/an/ros2_ws/install/self_driving/lib/self_driving
[4.957s] Installing traffic_signal_node script to /home/an/ros2_ws/install/self_driving/lib/self_driving
[4.958s] Installing vel_wheel_node script to /home/an/ros2_ws/install/self_driving/lib/self_driving
[4.962s] writing list of installed files to '/home/an/ros2_ws/build/self_driving/install.log'
[5.100s] Invoked command in '/home/an/ros2_ws/src/self_driving' returned '0': PYTHONPATH=/home/an/ros2_ws/build/self_driving/prefix_override:/home/an/ros2_ws/install/self_driving/lib/python3.10/site-packages:${PYTHONPATH} /usr/bin/python3 -W ignore:setup.py install is deprecated setup.py egg_info --egg-base ../../build/self_driving build --build-base /home/an/ros2_ws/build/self_driving/build install --record /home/an/ros2_ws/build/self_driving/install.log --single-version-externally-managed install_data
