[2.731s] Invoking command in '/home/an/ros2_ws/src/self_driving': PYTHONPATH=/home/an/ros2_ws/build/self_driving/prefix_override:/home/an/ros2_ws/install/self_driving/lib/python3.10/site-packages:${PYTHONPATH} /usr/bin/python3 -W ignore:setup.py install is deprecated setup.py egg_info --egg-base ../../build/self_driving build --build-base /home/an/ros2_ws/build/self_driving/build install --record /home/an/ros2_ws/build/self_driving/install.log --single-version-externally-managed install_data
[3.738s] running egg_info
[3.740s] writing ../../build/self_driving/self_driving.egg-info/PKG-INFO
[3.741s] writing dependency_links to ../../build/self_driving/self_driving.egg-info/dependency_links.txt
[3.742s] writing entry points to ../../build/self_driving/self_driving.egg-info/entry_points.txt
[3.743s] writing requirements to ../../build/self_driving/self_driving.egg-info/requires.txt
[3.744s] writing top-level names to ../../build/self_driving/self_driving.egg-info/top_level.txt
[3.753s] reading manifest file '../../build/self_driving/self_driving.egg-info/SOURCES.txt'
[3.755s] adding license file 'LICENSE'
[3.759s] writing manifest file '../../build/self_driving/self_driving.egg-info/SOURCES.txt'
[3.760s] running build
[3.760s] running build_py
[3.762s] copying self_driving/video_recorder.py -> /home/an/ros2_ws/build/self_driving/build/lib/self_driving
[3.769s] copying self_driving/Detection/Lanes/a_colour_segmentation.py -> /home/an/ros2_ws/build/self_driving/build/lib/self_driving/Detection/Lanes
[3.772s] running install
[3.773s] running install_lib
[3.779s] copying /home/an/ros2_ws/build/self_driving/build/lib/self_driving/Detection/Lanes/a_colour_segmentation.py -> /home/an/ros2_ws/install/self_driving/lib/python3.10/site-packages/self_driving/Detection/Lanes
[3.780s] copying /home/an/ros2_ws/build/self_driving/build/lib/self_driving/video_recorder.py -> /home/an/ros2_ws/install/self_driving/lib/python3.10/site-packages/self_driving
[3.786s] byte-compiling /home/an/ros2_ws/install/self_driving/lib/python3.10/site-packages/self_driving/Detection/Lanes/a_colour_segmentation.py to a_colour_segmentation.cpython-310.pyc
[3.790s] byte-compiling /home/an/ros2_ws/install/self_driving/lib/python3.10/site-packages/self_driving/video_recorder.py to video_recorder.cpython-310.pyc
[3.794s] running install_data
[3.795s] running install_egg_info
[3.803s] removing '/home/an/ros2_ws/install/self_driving/lib/python3.10/site-packages/self_driving-0.0.0-py3.10.egg-info' (and everything under it)
[3.805s] Copying ../../build/self_driving/self_driving.egg-info to /home/an/ros2_ws/install/self_driving/lib/python3.10/site-packages/self_driving-0.0.0-py3.10.egg-info
[3.810s] running install_scripts
[3.891s] Installing computer_vision_node script to /home/an/ros2_ws/install/self_driving/lib/self_driving
[3.892s] Installing driving_node script to /home/an/ros2_ws/install/self_driving/lib/self_driving
[3.893s] Installing recorder_node script to /home/an/ros2_ws/install/self_driving/lib/self_driving
[3.894s] Installing spawner_node script to /home/an/ros2_ws/install/self_driving/lib/self_driving
[3.895s] Installing vel_wheel_node script to /home/an/ros2_ws/install/self_driving/lib/self_driving
[3.899s] writing list of installed files to '/home/an/ros2_ws/build/self_driving/install.log'
[4.023s] Invoked command in '/home/an/ros2_ws/src/self_driving' returned '0': PYTHONPATH=/home/an/ros2_ws/build/self_driving/prefix_override:/home/an/ros2_ws/install/self_driving/lib/python3.10/site-packages:${PYTHONPATH} /usr/bin/python3 -W ignore:setup.py install is deprecated setup.py egg_info --egg-base ../../build/self_driving build --build-base /home/an/ros2_ws/build/self_driving/build install --record /home/an/ros2_ws/build/self_driving/install.log --single-version-externally-managed install_data
