[0.045s] Invoking command in '/home/an/ros2_ws/build/turtlebot3_controller': CMAKE_PREFIX_PATH=${CMAKE_PREFIX_PATH}:/home/an/ros2_ws/install/vel_driver:/home/an/ros2_ws/install/self_driving:/opt/ros/humble /usr/bin/cmake --build /home/an/ros2_ws/build/turtlebot3_controller -- -j4 -l4
[0.295s] [ 33%] Built target odom_publisher
[0.304s] [ 33%] Built target ament_cmake_python_copy_turtlebot3_controller
[0.307s] [ 66%] Built target simple_controller
[0.313s] [100%] Built target noisy_controller
[1.266s] running egg_info
[1.269s] writing turtlebot3_controller.egg-info/PKG-INFO
[1.270s] writing dependency_links to turtlebot3_controller.egg-info/dependency_links.txt
[1.271s] writing top-level names to turtlebot3_controller.egg-info/top_level.txt
[1.280s] reading manifest file 'turtlebot3_controller.egg-info/SOURCES.txt'
[1.283s] writing manifest file 'turtlebot3_controller.egg-info/SOURCES.txt'
[1.400s] [100%] Built target ament_cmake_python_build_turtlebot3_controller_egg
[1.437s] Invoked command in '/home/an/ros2_ws/build/turtlebot3_controller' returned '0': CMAKE_PREFIX_PATH=${CMAKE_PREFIX_PATH}:/home/an/ros2_ws/install/vel_driver:/home/an/ros2_ws/install/self_driving:/opt/ros/humble /usr/bin/cmake --build /home/an/ros2_ws/build/turtlebot3_controller -- -j4 -l4
[1.658s] Invoking command in '/home/an/ros2_ws/build/turtlebot3_controller': CMAKE_PREFIX_PATH=${CMAKE_PREFIX_PATH}:/home/an/ros2_ws/install/vel_driver:/home/an/ros2_ws/install/self_driving:/opt/ros/humble /usr/bin/cmake --install /home/an/ros2_ws/build/turtlebot3_controller
[1.687s] -- Install configuration: ""
[1.688s] -- Up-to-date: /home/an/ros2_ws/install/turtlebot3_controller/share/turtlebot3_controller/environment/pythonpath.sh
[1.688s] -- Up-to-date: /home/an/ros2_ws/install/turtlebot3_controller/share/turtlebot3_controller/environment/pythonpath.dsv
[1.688s] -- Up-to-date: /home/an/ros2_ws/install/turtlebot3_controller/local/lib/python3.10/dist-packages/turtlebot3_controller-0.0.0-py3.10.egg-info
[1.689s] -- Installing: /home/an/ros2_ws/install/turtlebot3_controller/local/lib/python3.10/dist-packages/turtlebot3_controller-0.0.0-py3.10.egg-info/SOURCES.txt
[1.690s] -- Installing: /home/an/ros2_ws/install/turtlebot3_controller/local/lib/python3.10/dist-packages/turtlebot3_controller-0.0.0-py3.10.egg-info/dependency_links.txt
[1.692s] -- Installing: /home/an/ros2_ws/install/turtlebot3_controller/local/lib/python3.10/dist-packages/turtlebot3_controller-0.0.0-py3.10.egg-info/PKG-INFO
[1.693s] -- Installing: /home/an/ros2_ws/install/turtlebot3_controller/local/lib/python3.10/dist-packages/turtlebot3_controller-0.0.0-py3.10.egg-info/top_level.txt
[1.694s] -- Up-to-date: /home/an/ros2_ws/install/turtlebot3_controller/local/lib/python3.10/dist-packages/turtlebot3_controller
[1.695s] -- Up-to-date: /home/an/ros2_ws/install/turtlebot3_controller/local/lib/python3.10/dist-packages/turtlebot3_controller/__init__.py
[1.695s] -- Up-to-date: /home/an/ros2_ws/install/turtlebot3_controller/local/lib/python3.10/dist-packages/turtlebot3_controller/simple_controller.py
[1.829s] Listing '/home/an/ros2_ws/install/turtlebot3_controller/local/lib/python3.10/dist-packages/turtlebot3_controller'...
[1.849s] -- Up-to-date: /home/an/ros2_ws/install/turtlebot3_controller/include/include
[1.849s] -- Up-to-date: /home/an/ros2_ws/install/turtlebot3_controller/include/include/turtlebot3_controller
[1.850s] -- Up-to-date: /home/an/ros2_ws/install/turtlebot3_controller/include/include/turtlebot3_controller/noisy_controller.hpp
[1.850s] -- Up-to-date: /home/an/ros2_ws/install/turtlebot3_controller/include/include/turtlebot3_controller/simple_controller.hpp
[1.850s] -- Up-to-date: /home/an/ros2_ws/install/turtlebot3_controller/include/include/turtlebot3_controller/odom_publisher.hpp
[1.851s] -- Up-to-date: /home/an/ros2_ws/install/turtlebot3_controller/lib/turtlebot3_controller/odom_publisher
[1.853s] -- Up-to-date: /home/an/ros2_ws/install/turtlebot3_controller/lib/turtlebot3_controller/simple_controller
[1.855s] -- Up-to-date: /home/an/ros2_ws/install/turtlebot3_controller/lib/turtlebot3_controller/noisy_controller
[1.856s] -- Up-to-date: /home/an/ros2_ws/install/turtlebot3_controller/share/turtlebot3_controller/config
[1.857s] -- Up-to-date: /home/an/ros2_ws/install/turtlebot3_controller/share/turtlebot3_controller/config/diff_drive_controllers.yaml
[1.857s] -- Up-to-date: /home/an/ros2_ws/install/turtlebot3_controller/share/turtlebot3_controller/launch
[1.858s] -- Up-to-date: /home/an/ros2_ws/install/turtlebot3_controller/share/turtlebot3_controller/launch/controller.launch.py
[1.858s] -- Up-to-date: /home/an/ros2_ws/install/turtlebot3_controller/share/turtlebot3_controller/launch/diff_drive_controller.launch.py
[1.858s] -- Up-to-date: /home/an/ros2_ws/install/turtlebot3_controller/share/turtlebot3_controller/launch/launch_robot_controller.launch.py
[1.859s] -- Up-to-date: /home/an/ros2_ws/install/turtlebot3_controller/lib/turtlebot3_controller/simple_controller.py
[1.859s] -- Up-to-date: /home/an/ros2_ws/install/turtlebot3_controller/share/ament_index/resource_index/package_run_dependencies/turtlebot3_controller
[1.860s] -- Up-to-date: /home/an/ros2_ws/install/turtlebot3_controller/share/ament_index/resource_index/parent_prefix_path/turtlebot3_controller
[1.860s] -- Up-to-date: /home/an/ros2_ws/install/turtlebot3_controller/share/turtlebot3_controller/environment/ament_prefix_path.sh
[1.860s] -- Up-to-date: /home/an/ros2_ws/install/turtlebot3_controller/share/turtlebot3_controller/environment/ament_prefix_path.dsv
[1.861s] -- Up-to-date: /home/an/ros2_ws/install/turtlebot3_controller/share/turtlebot3_controller/environment/path.sh
[1.861s] -- Up-to-date: /home/an/ros2_ws/install/turtlebot3_controller/share/turtlebot3_controller/environment/path.dsv
[1.861s] -- Up-to-date: /home/an/ros2_ws/install/turtlebot3_controller/share/turtlebot3_controller/local_setup.bash
[1.862s] -- Up-to-date: /home/an/ros2_ws/install/turtlebot3_controller/share/turtlebot3_controller/local_setup.sh
[1.862s] -- Up-to-date: /home/an/ros2_ws/install/turtlebot3_controller/share/turtlebot3_controller/local_setup.zsh
[1.863s] -- Up-to-date: /home/an/ros2_ws/install/turtlebot3_controller/share/turtlebot3_controller/local_setup.dsv
[1.863s] -- Installing: /home/an/ros2_ws/install/turtlebot3_controller/share/turtlebot3_controller/package.dsv
[1.864s] -- Up-to-date: /home/an/ros2_ws/install/turtlebot3_controller/share/ament_index/resource_index/packages/turtlebot3_controller
[1.864s] -- Up-to-date: /home/an/ros2_ws/install/turtlebot3_controller/share/turtlebot3_controller/cmake/turtlebot3_controllerConfig.cmake
[1.864s] -- Up-to-date: /home/an/ros2_ws/install/turtlebot3_controller/share/turtlebot3_controller/cmake/turtlebot3_controllerConfig-version.cmake
[1.865s] -- Up-to-date: /home/an/ros2_ws/install/turtlebot3_controller/share/turtlebot3_controller/package.xml
[1.871s] Invoked command in '/home/an/ros2_ws/build/turtlebot3_controller' returned '0': CMAKE_PREFIX_PATH=${CMAKE_PREFIX_PATH}:/home/an/ros2_ws/install/vel_driver:/home/an/ros2_ws/install/self_driving:/opt/ros/humble /usr/bin/cmake --install /home/an/ros2_ws/build/turtlebot3_controller
