[2.697s] Invoking command in '/home/an/ros2_ws/src/self_driving': PYTHONPATH=/home/an/ros2_ws/build/self_driving/prefix_override:/home/an/ros2_ws/install/self_driving/lib/python3.10/site-packages:${PYTHONPATH} /usr/bin/python3 -W ignore:setup.py install is deprecated setup.py egg_info --egg-base ../../build/self_driving build --build-base /home/an/ros2_ws/build/self_driving/build install --record /home/an/ros2_ws/build/self_driving/install.log --single-version-externally-managed install_data
[3.796s] running egg_info
[3.798s] writing ../../build/self_driving/self_driving.egg-info/PKG-INFO
[3.799s] writing dependency_links to ../../build/self_driving/self_driving.egg-info/dependency_links.txt
[3.800s] writing entry points to ../../build/self_driving/self_driving.egg-info/entry_points.txt
[3.801s] writing requirements to ../../build/self_driving/self_driving.egg-info/requires.txt
[3.802s] writing top-level names to ../../build/self_driving/self_driving.egg-info/top_level.txt
[3.812s] reading manifest file '../../build/self_driving/self_driving.egg-info/SOURCES.txt'
[3.814s] adding license file 'LICENSE'
[3.817s] writing manifest file '../../build/self_driving/self_driving.egg-info/SOURCES.txt'
[3.818s] running build
[3.818s] running build_py
[3.820s] copying self_driving/computer_vision_node.py -> /home/an/ros2_ws/build/self_driving/build/lib/self_driving
[3.828s] running install
[3.829s] running install_lib
[3.832s] copying /home/an/ros2_ws/build/self_driving/build/lib/self_driving/computer_vision_node.py -> /home/an/ros2_ws/install/self_driving/lib/python3.10/site-packages/self_driving
[3.840s] byte-compiling /home/an/ros2_ws/install/self_driving/lib/python3.10/site-packages/self_driving/computer_vision_node.py to computer_vision_node.cpython-310.pyc
[3.846s] running install_data
[3.847s] copying launch/start.launch.py -> /home/an/ros2_ws/install/self_driving/share/self_driving/launch
[3.847s] running install_egg_info
[3.855s] removing '/home/an/ros2_ws/install/self_driving/lib/python3.10/site-packages/self_driving-0.0.0-py3.10.egg-info' (and everything under it)
[3.860s] Copying ../../build/self_driving/self_driving.egg-info to /home/an/ros2_ws/install/self_driving/lib/python3.10/site-packages/self_driving-0.0.0-py3.10.egg-info
[3.864s] running install_scripts
[3.945s] Installing cam_node script to /home/an/ros2_ws/install/self_driving/lib/self_driving
[3.946s] Installing computer_vision_node script to /home/an/ros2_ws/install/self_driving/lib/self_driving
[3.947s] Installing driving_node script to /home/an/ros2_ws/install/self_driving/lib/self_driving
[3.948s] Installing recorder_node script to /home/an/ros2_ws/install/self_driving/lib/self_driving
[3.948s] Installing start_node script to /home/an/ros2_ws/install/self_driving/lib/self_driving
[3.949s] Installing traffic_signal_node script to /home/an/ros2_ws/install/self_driving/lib/self_driving
[3.950s] Installing vel_wheel_node script to /home/an/ros2_ws/install/self_driving/lib/self_driving
[3.955s] writing list of installed files to '/home/an/ros2_ws/build/self_driving/install.log'
[4.070s] Invoked command in '/home/an/ros2_ws/src/self_driving' returned '0': PYTHONPATH=/home/an/ros2_ws/build/self_driving/prefix_override:/home/an/ros2_ws/install/self_driving/lib/python3.10/site-packages:${PYTHONPATH} /usr/bin/python3 -W ignore:setup.py install is deprecated setup.py egg_info --egg-base ../../build/self_driving build --build-base /home/an/ros2_ws/build/self_driving/build install --record /home/an/ros2_ws/build/self_driving/install.log --single-version-externally-managed install_data
