[3.307s] Invoking command in '/home/an/ros2_ws/src/self_driving': PYTHONPATH=/home/an/ros2_ws/build/self_driving/prefix_override:/home/an/ros2_ws/install/self_driving/lib/python3.10/site-packages:${PYTHONPATH} /usr/bin/python3 -W ignore:setup.py install is deprecated setup.py egg_info --egg-base ../../build/self_driving build --build-base /home/an/ros2_ws/build/self_driving/build install --record /home/an/ros2_ws/build/self_driving/install.log --single-version-externally-managed install_data
[4.508s] running egg_info
[4.511s] writing ../../build/self_driving/self_driving.egg-info/PKG-INFO
[4.512s] writing dependency_links to ../../build/self_driving/self_driving.egg-info/dependency_links.txt
[4.513s] writing entry points to ../../build/self_driving/self_driving.egg-info/entry_points.txt
[4.514s] writing requirements to ../../build/self_driving/self_driving.egg-info/requires.txt
[4.515s] writing top-level names to ../../build/self_driving/self_driving.egg-info/top_level.txt
[4.528s] reading manifest file '../../build/self_driving/self_driving.egg-info/SOURCES.txt'
[4.530s] adding license file 'LICENSE'
[4.533s] writing manifest file '../../build/self_driving/self_driving.egg-info/SOURCES.txt'
[4.533s] running build
[4.534s] running build_py
[4.537s] copying self_driving/config/config.py -> /home/an/ros2_ws/build/self_driving/build/lib/self_driving/config
[4.543s] running install
[4.544s] running install_lib
[4.554s] copying /home/an/ros2_ws/build/self_driving/build/lib/self_driving/config/config.py -> /home/an/ros2_ws/install/self_driving/lib/python3.10/site-packages/self_driving/config
[4.562s] byte-compiling /home/an/ros2_ws/install/self_driving/lib/python3.10/site-packages/self_driving/config/config.py to config.cpython-310.pyc
[4.565s] running install_data
[4.566s] running install_egg_info
[4.575s] removing '/home/an/ros2_ws/install/self_driving/lib/python3.10/site-packages/self_driving-0.0.0-py3.10.egg-info' (and everything under it)
[4.578s] Copying ../../build/self_driving/self_driving.egg-info to /home/an/ros2_ws/install/self_driving/lib/python3.10/site-packages/self_driving-0.0.0-py3.10.egg-info
[4.589s] running install_scripts
[4.681s] Installing cam_node script to /home/an/ros2_ws/install/self_driving/lib/self_driving
[4.682s] Installing computer_vision_node script to /home/an/ros2_ws/install/self_driving/lib/self_driving
[4.683s] Installing driving_node script to /home/an/ros2_ws/install/self_driving/lib/self_driving
[4.685s] Installing recorder_node script to /home/an/ros2_ws/install/self_driving/lib/self_driving
[4.687s] Installing vel_wheel_node script to /home/an/ros2_ws/install/self_driving/lib/self_driving
[4.693s] writing list of installed files to '/home/an/ros2_ws/build/self_driving/install.log'
[4.833s] Invoked command in '/home/an/ros2_ws/src/self_driving' returned '0': PYTHONPATH=/home/an/ros2_ws/build/self_driving/prefix_override:/home/an/ros2_ws/install/self_driving/lib/python3.10/site-packages:${PYTHONPATH} /usr/bin/python3 -W ignore:setup.py install is deprecated setup.py egg_info --egg-base ../../build/self_driving build --build-base /home/an/ros2_ws/build/self_driving/build install --record /home/an/ros2_ws/build/self_driving/install.log --single-version-externally-managed install_data
