[4.390s] Invoking command in '/home/an/ros2_ws/src/self_driving': PYTHONPATH=/home/an/ros2_ws/build/self_driving/prefix_override:/home/an/ros2_ws/install/self_driving/lib/python3.10/site-packages:${PYTHONPATH} /usr/bin/python3 -W ignore:setup.py install is deprecated setup.py egg_info --egg-base ../../build/self_driving build --build-base /home/an/ros2_ws/build/self_driving/build install --record /home/an/ros2_ws/build/self_driving/install.log --single-version-externally-managed install_data
[5.845s] running egg_info
[5.848s] writing ../../build/self_driving/self_driving.egg-info/PKG-INFO
[5.853s] writing dependency_links to ../../build/self_driving/self_driving.egg-info/dependency_links.txt
[5.854s] writing entry points to ../../build/self_driving/self_driving.egg-info/entry_points.txt
[5.855s] writing requirements to ../../build/self_driving/self_driving.egg-info/requires.txt
[5.856s] writing top-level names to ../../build/self_driving/self_driving.egg-info/top_level.txt
[5.869s] reading manifest file '../../build/self_driving/self_driving.egg-info/SOURCES.txt'
[5.876s] adding license file 'LICENSE'
[5.880s] writing manifest file '../../build/self_driving/self_driving.egg-info/SOURCES.txt'
[5.881s] running build
[5.881s] running build_py
[5.896s] copying self_driving/Detection/Lanes/a_colour_segmentation.py -> /home/an/ros2_ws/build/self_driving/build/lib/self_driving/Detection/Lanes
[5.901s] running install
[5.903s] running install_lib
[5.914s] copying /home/an/ros2_ws/build/self_driving/build/lib/self_driving/Detection/Lanes/a_colour_segmentation.py -> /home/an/ros2_ws/install/self_driving/lib/python3.10/site-packages/self_driving/Detection/Lanes
[5.921s] byte-compiling /home/an/ros2_ws/install/self_driving/lib/python3.10/site-packages/self_driving/Detection/Lanes/a_colour_segmentation.py to a_colour_segmentation.cpython-310.pyc
[5.929s] running install_data
[5.930s] running install_egg_info
[5.938s] removing '/home/an/ros2_ws/install/self_driving/lib/python3.10/site-packages/self_driving-0.0.0-py3.10.egg-info' (and everything under it)
[5.941s] Copying ../../build/self_driving/self_driving.egg-info to /home/an/ros2_ws/install/self_driving/lib/python3.10/site-packages/self_driving-0.0.0-py3.10.egg-info
[5.955s] running install_scripts
[6.062s] Installing cam_node script to /home/an/ros2_ws/install/self_driving/lib/self_driving
[6.063s] Installing computer_vision_node script to /home/an/ros2_ws/install/self_driving/lib/self_driving
[6.064s] Installing driving_node script to /home/an/ros2_ws/install/self_driving/lib/self_driving
[6.065s] Installing recorder_node script to /home/an/ros2_ws/install/self_driving/lib/self_driving
[6.066s] Installing vel_wheel_node script to /home/an/ros2_ws/install/self_driving/lib/self_driving
[6.072s] writing list of installed files to '/home/an/ros2_ws/build/self_driving/install.log'
[6.228s] Invoked command in '/home/an/ros2_ws/src/self_driving' returned '0': PYTHONPATH=/home/an/ros2_ws/build/self_driving/prefix_override:/home/an/ros2_ws/install/self_driving/lib/python3.10/site-packages:${PYTHONPATH} /usr/bin/python3 -W ignore:setup.py install is deprecated setup.py egg_info --egg-base ../../build/self_driving build --build-base /home/an/ros2_ws/build/self_driving/build install --record /home/an/ros2_ws/build/self_driving/install.log --single-version-externally-managed install_data
