[0.046s] Invoking command in '/home/an/ros2_ws/build/turtlebot3_controller': CMAKE_PREFIX_PATH=${CMAKE_PREFIX_PATH}:/home/an/ros2_ws/install/test_pkg:/home/an/ros2_ws/install/vel_driver:/home/an/ros2_ws/install/self_driving:/opt/ros/humble /usr/bin/cmake --build /home/an/ros2_ws/build/turtlebot3_controller -- -j4 -l4
[0.299s] [ 33%] Built target odom_publisher
[0.305s] [ 33%] Built target ament_cmake_python_copy_turtlebot3_controller
[0.310s] [ 66%] Built target simple_controller
[0.317s] [100%] Built target noisy_controller
[1.278s] running egg_info
[1.281s] writing turtlebot3_controller.egg-info/PKG-INFO
[1.282s] writing dependency_links to turtlebot3_controller.egg-info/dependency_links.txt
[1.283s] writing top-level names to turtlebot3_controller.egg-info/top_level.txt
[1.292s] reading manifest file 'turtlebot3_controller.egg-info/SOURCES.txt'
[1.294s] writing manifest file 'turtlebot3_controller.egg-info/SOURCES.txt'
[1.412s] [100%] Built target ament_cmake_python_build_turtlebot3_controller_egg
[1.449s] Invoked command in '/home/an/ros2_ws/build/turtlebot3_controller' returned '0': CMAKE_PREFIX_PATH=${CMAKE_PREFIX_PATH}:/home/an/ros2_ws/install/test_pkg:/home/an/ros2_ws/install/vel_driver:/home/an/ros2_ws/install/self_driving:/opt/ros/humble /usr/bin/cmake --build /home/an/ros2_ws/build/turtlebot3_controller -- -j4 -l4
[1.669s] Invoking command in '/home/an/ros2_ws/build/turtlebot3_controller': CMAKE_PREFIX_PATH=${CMAKE_PREFIX_PATH}:/home/an/ros2_ws/install/test_pkg:/home/an/ros2_ws/install/vel_driver:/home/an/ros2_ws/install/self_driving:/opt/ros/humble /usr/bin/cmake --install /home/an/ros2_ws/build/turtlebot3_controller
[1.694s] -- Install configuration: ""
[1.694s] -- Up-to-date: /home/an/ros2_ws/install/turtlebot3_controller/share/turtlebot3_controller/environment/pythonpath.sh
[1.695s] -- Up-to-date: /home/an/ros2_ws/install/turtlebot3_controller/share/turtlebot3_controller/environment/pythonpath.dsv
[1.695s] -- Up-to-date: /home/an/ros2_ws/install/turtlebot3_controller/local/lib/python3.10/dist-packages/turtlebot3_controller-0.0.0-py3.10.egg-info
[1.696s] -- Installing: /home/an/ros2_ws/install/turtlebot3_controller/local/lib/python3.10/dist-packages/turtlebot3_controller-0.0.0-py3.10.egg-info/SOURCES.txt
[1.697s] -- Installing: /home/an/ros2_ws/install/turtlebot3_controller/local/lib/python3.10/dist-packages/turtlebot3_controller-0.0.0-py3.10.egg-info/dependency_links.txt
[1.698s] -- Installing: /home/an/ros2_ws/install/turtlebot3_controller/local/lib/python3.10/dist-packages/turtlebot3_controller-0.0.0-py3.10.egg-info/PKG-INFO
[1.700s] -- Installing: /home/an/ros2_ws/install/turtlebot3_controller/local/lib/python3.10/dist-packages/turtlebot3_controller-0.0.0-py3.10.egg-info/top_level.txt
[1.701s] -- Up-to-date: /home/an/ros2_ws/install/turtlebot3_controller/local/lib/python3.10/dist-packages/turtlebot3_controller
[1.701s] -- Up-to-date: /home/an/ros2_ws/install/turtlebot3_controller/local/lib/python3.10/dist-packages/turtlebot3_controller/__init__.py
[1.702s] -- Up-to-date: /home/an/ros2_ws/install/turtlebot3_controller/local/lib/python3.10/dist-packages/turtlebot3_controller/simple_controller.py
[1.840s] Listing '/home/an/ros2_ws/install/turtlebot3_controller/local/lib/python3.10/dist-packages/turtlebot3_controller'...
[1.860s] -- Up-to-date: /home/an/ros2_ws/install/turtlebot3_controller/include/include
[1.860s] -- Up-to-date: /home/an/ros2_ws/install/turtlebot3_controller/include/include/turtlebot3_controller
[1.860s] -- Up-to-date: /home/an/ros2_ws/install/turtlebot3_controller/include/include/turtlebot3_controller/noisy_controller.hpp
[1.861s] -- Up-to-date: /home/an/ros2_ws/install/turtlebot3_controller/include/include/turtlebot3_controller/simple_controller.hpp
[1.861s] -- Up-to-date: /home/an/ros2_ws/install/turtlebot3_controller/include/include/turtlebot3_controller/odom_publisher.hpp
[1.862s] -- Up-to-date: /home/an/ros2_ws/install/turtlebot3_controller/lib/turtlebot3_controller/odom_publisher
[1.864s] -- Up-to-date: /home/an/ros2_ws/install/turtlebot3_controller/lib/turtlebot3_controller/simple_controller
[1.866s] -- Up-to-date: /home/an/ros2_ws/install/turtlebot3_controller/lib/turtlebot3_controller/noisy_controller
[1.868s] -- Up-to-date: /home/an/ros2_ws/install/turtlebot3_controller/share/turtlebot3_controller/config
[1.868s] -- Up-to-date: /home/an/ros2_ws/install/turtlebot3_controller/share/turtlebot3_controller/config/diff_drive_controllers.yaml
[1.868s] -- Up-to-date: /home/an/ros2_ws/install/turtlebot3_controller/share/turtlebot3_controller/launch
[1.869s] -- Up-to-date: /home/an/ros2_ws/install/turtlebot3_controller/share/turtlebot3_controller/launch/controller.launch.py
[1.869s] -- Up-to-date: /home/an/ros2_ws/install/turtlebot3_controller/share/turtlebot3_controller/launch/diff_drive_controller.launch.py
[1.869s] -- Up-to-date: /home/an/ros2_ws/install/turtlebot3_controller/share/turtlebot3_controller/launch/launch_robot_controller.launch.py
[1.870s] -- Up-to-date: /home/an/ros2_ws/install/turtlebot3_controller/lib/turtlebot3_controller/simple_controller.py
[1.870s] -- Up-to-date: /home/an/ros2_ws/install/turtlebot3_controller/share/ament_index/resource_index/package_run_dependencies/turtlebot3_controller
[1.871s] -- Up-to-date: /home/an/ros2_ws/install/turtlebot3_controller/share/ament_index/resource_index/parent_prefix_path/turtlebot3_controller
[1.871s] -- Up-to-date: /home/an/ros2_ws/install/turtlebot3_controller/share/turtlebot3_controller/environment/ament_prefix_path.sh
[1.871s] -- Up-to-date: /home/an/ros2_ws/install/turtlebot3_controller/share/turtlebot3_controller/environment/ament_prefix_path.dsv
[1.872s] -- Up-to-date: /home/an/ros2_ws/install/turtlebot3_controller/share/turtlebot3_controller/environment/path.sh
[1.872s] -- Up-to-date: /home/an/ros2_ws/install/turtlebot3_controller/share/turtlebot3_controller/environment/path.dsv
[1.873s] -- Up-to-date: /home/an/ros2_ws/install/turtlebot3_controller/share/turtlebot3_controller/local_setup.bash
[1.873s] -- Up-to-date: /home/an/ros2_ws/install/turtlebot3_controller/share/turtlebot3_controller/local_setup.sh
[1.873s] -- Up-to-date: /home/an/ros2_ws/install/turtlebot3_controller/share/turtlebot3_controller/local_setup.zsh
[1.874s] -- Up-to-date: /home/an/ros2_ws/install/turtlebot3_controller/share/turtlebot3_controller/local_setup.dsv
[1.874s] -- Installing: /home/an/ros2_ws/install/turtlebot3_controller/share/turtlebot3_controller/package.dsv
[1.875s] -- Up-to-date: /home/an/ros2_ws/install/turtlebot3_controller/share/ament_index/resource_index/packages/turtlebot3_controller
[1.875s] -- Up-to-date: /home/an/ros2_ws/install/turtlebot3_controller/share/turtlebot3_controller/cmake/turtlebot3_controllerConfig.cmake
[1.875s] -- Up-to-date: /home/an/ros2_ws/install/turtlebot3_controller/share/turtlebot3_controller/cmake/turtlebot3_controllerConfig-version.cmake
[1.876s] -- Up-to-date: /home/an/ros2_ws/install/turtlebot3_controller/share/turtlebot3_controller/package.xml
[1.882s] Invoked command in '/home/an/ros2_ws/build/turtlebot3_controller' returned '0': CMAKE_PREFIX_PATH=${CMAKE_PREFIX_PATH}:/home/an/ros2_ws/install/test_pkg:/home/an/ros2_ws/install/vel_driver:/home/an/ros2_ws/install/self_driving:/opt/ros/humble /usr/bin/cmake --install /home/an/ros2_ws/build/turtlebot3_controller
