[0.172s] Invoking command in '/home/an/ros2_ws/build/turtlebot3_description': CMAKE_PREFIX_PATH=${CMAKE_PREFIX_PATH}:/home/an/ros2_ws/install/vel_driver:/home/an/ros2_ws/install/test_pkg:/home/an/ros2_ws/install/self_driving:/opt/ros/humble /usr/bin/cmake --build /home/an/ros2_ws/build/turtlebot3_description -- -j4 -l4
[1.508s] Invoked command in '/home/an/ros2_ws/build/turtlebot3_description' returned '0': CMAKE_PREFIX_PATH=${CMAKE_PREFIX_PATH}:/home/an/ros2_ws/install/vel_driver:/home/an/ros2_ws/install/test_pkg:/home/an/ros2_ws/install/self_driving:/opt/ros/humble /usr/bin/cmake --build /home/an/ros2_ws/build/turtlebot3_description -- -j4 -l4
[2.790s] Invoking command in '/home/an/ros2_ws/build/turtlebot3_description': CMAKE_PREFIX_PATH=${CMAKE_PREFIX_PATH}:/home/an/ros2_ws/install/vel_driver:/home/an/ros2_ws/install/test_pkg:/home/an/ros2_ws/install/self_driving:/opt/ros/humble /usr/bin/cmake --install /home/an/ros2_ws/build/turtlebot3_description
[2.842s] -- Install configuration: ""
[2.843s] -- Up-to-date: /home/an/ros2_ws/install/turtlebot3_description/share/turtlebot3_description/meshes
[2.845s] -- Up-to-date: /home/an/ros2_ws/install/turtlebot3_description/share/turtlebot3_description/meshes/lidar_link.stl
[2.848s] -- Up-to-date: /home/an/ros2_ws/install/turtlebot3_description/share/turtlebot3_description/meshes/base_link.stl
[2.848s] -- Up-to-date: /home/an/ros2_ws/install/turtlebot3_description/share/turtlebot3_description/meshes/imu_link.stl
[2.849s] -- Up-to-date: /home/an/ros2_ws/install/turtlebot3_description/share/turtlebot3_description/meshes/wheel_right_link.stl
[2.850s] -- Up-to-date: /home/an/ros2_ws/install/turtlebot3_description/share/turtlebot3_description/meshes/caster_back_left_link.stl
[2.851s] -- Up-to-date: /home/an/ros2_ws/install/turtlebot3_description/share/turtlebot3_description/meshes/r200_link.dae
[2.852s] -- Up-to-date: /home/an/ros2_ws/install/turtlebot3_description/share/turtlebot3_description/meshes/caster_back_right_link.stl
[2.853s] -- Up-to-date: /home/an/ros2_ws/install/turtlebot3_description/share/turtlebot3_description/meshes/TB3-RPi-camera-mount.stl
[2.854s] -- Up-to-date: /home/an/ros2_ws/install/turtlebot3_description/share/turtlebot3_description/meshes/wheel_left_link.stl
[2.854s] -- Up-to-date: /home/an/ros2_ws/install/turtlebot3_description/share/turtlebot3_description/meshes/pi_cam_v3_link.stl
[2.855s] -- Up-to-date: /home/an/ros2_ws/install/turtlebot3_description/share/turtlebot3_description/urdf
[2.857s] -- Up-to-date: /home/an/ros2_ws/install/turtlebot3_description/share/turtlebot3_description/urdf/turtlebot3_waffle.urdf.xacro
[2.858s] -- Up-to-date: /home/an/ros2_ws/install/turtlebot3_description/share/turtlebot3_description/urdf/gazebo_control.xacro
[2.859s] -- Up-to-date: /home/an/ros2_ws/install/turtlebot3_description/share/turtlebot3_description/urdf/turtlebot3_waffle_ros2_control.xacro
[2.862s] -- Up-to-date: /home/an/ros2_ws/install/turtlebot3_description/share/turtlebot3_description/urdf/turtlebot3_waffle.gazebo.xacro
[2.863s] -- Up-to-date: /home/an/ros2_ws/install/turtlebot3_description/share/turtlebot3_description/urdf/common_properties.xacro
[2.864s] -- Up-to-date: /home/an/ros2_ws/install/turtlebot3_description/share/turtlebot3_description/launch
[2.870s] -- Up-to-date: /home/an/ros2_ws/install/turtlebot3_description/share/turtlebot3_description/launch/gzserver.launch.py
[2.871s] -- Up-to-date: /home/an/ros2_ws/install/turtlebot3_description/share/turtlebot3_description/launch/joystick_teleop.launch.py
[2.872s] -- Up-to-date: /home/an/ros2_ws/install/turtlebot3_description/share/turtlebot3_description/launch/display.launch.py
[2.872s] -- Up-to-date: /home/an/ros2_ws/install/turtlebot3_description/share/turtlebot3_description/launch/gazebo.launch.py
[2.873s] -- Up-to-date: /home/an/ros2_ws/install/turtlebot3_description/share/turtlebot3_description/rviz
[2.873s] -- Up-to-date: /home/an/ros2_ws/install/turtlebot3_description/share/turtlebot3_description/rviz/main.rviz
[2.876s] -- Up-to-date: /home/an/ros2_ws/install/turtlebot3_description/share/turtlebot3_description/rviz/display.rviz
[2.877s] -- Up-to-date: /home/an/ros2_ws/install/turtlebot3_description/share/turtlebot3_description/rviz/control.rviz
[2.878s] -- Up-to-date: /home/an/ros2_ws/install/turtlebot3_description/share/turtlebot3_description/gazebo_world
[2.880s] -- Up-to-date: /home/an/ros2_ws/install/turtlebot3_description/share/turtlebot3_description/gazebo_world/test_laser_world
[2.882s] -- Up-to-date: /home/an/ros2_ws/install/turtlebot3_description/share/turtlebot3_description/gazebo_world/test_maze
[2.882s] -- Up-to-date: /home/an/ros2_ws/install/turtlebot3_description/share/turtlebot3_description/gazebo_world/empty
[2.883s] -- Up-to-date: /home/an/ros2_ws/install/turtlebot3_description/share/turtlebot3_description/gazebo_world/small_maze
[2.883s] -- Up-to-date: /home/an/ros2_ws/install/turtlebot3_description/share/turtlebot3_description/gazebo_world/hanh_lang
[2.885s] -- Up-to-date: /home/an/ros2_ws/install/turtlebot3_description/share/turtlebot3_description/gazebo_world/empty_world
[2.885s] -- Up-to-date: /home/an/ros2_ws/install/turtlebot3_description/share/turtlebot3_description/models
[2.887s] -- Up-to-date: /home/an/ros2_ws/install/turtlebot3_description/share/turtlebot3_description/models/sun
[2.888s] -- Up-to-date: /home/an/ros2_ws/install/turtlebot3_description/share/turtlebot3_description/models/sun/model.sdf
[2.890s] -- Up-to-date: /home/an/ros2_ws/install/turtlebot3_description/share/turtlebot3_description/models/sun/model.config
[2.891s] -- Up-to-date: /home/an/ros2_ws/install/turtlebot3_description/share/turtlebot3_description/models/sun/model-1_4.sdf
[2.892s] -- Up-to-date: /home/an/ros2_ws/install/turtlebot3_description/share/turtlebot3_description/models/sun/model-1_3.sdf
[2.893s] -- Up-to-date: /home/an/ros2_ws/install/turtlebot3_description/share/turtlebot3_description/models/sun/model-1_2.sdf
[2.896s] -- Up-to-date: /home/an/ros2_ws/install/turtlebot3_description/share/turtlebot3_description/models/ground_plane
[2.902s] -- Up-to-date: /home/an/ros2_ws/install/turtlebot3_description/share/turtlebot3_description/models/ground_plane/model.sdf
[2.903s] -- Up-to-date: /home/an/ros2_ws/install/turtlebot3_description/share/turtlebot3_description/models/ground_plane/model.config
[2.903s] -- Up-to-date: /home/an/ros2_ws/install/turtlebot3_description/share/turtlebot3_description/models/ground_plane/model-1_4.sdf
[2.903s] -- Up-to-date: /home/an/ros2_ws/install/turtlebot3_description/share/turtlebot3_description/models/ground_plane/model-1_3.sdf
[2.904s] -- Up-to-date: /home/an/ros2_ws/install/turtlebot3_description/share/turtlebot3_description/models/ground_plane/model-1_2.sdf
[2.910s] -- Up-to-date: /home/an/ros2_ws/install/turtlebot3_description/share/ament_index/resource_index/package_run_dependencies/turtlebot3_description
[2.914s] -- Up-to-date: /home/an/ros2_ws/install/turtlebot3_description/share/ament_index/resource_index/parent_prefix_path/turtlebot3_description
[2.920s] -- Up-to-date: /home/an/ros2_ws/install/turtlebot3_description/share/turtlebot3_description/environment/ament_prefix_path.sh
[2.921s] -- Up-to-date: /home/an/ros2_ws/install/turtlebot3_description/share/turtlebot3_description/environment/ament_prefix_path.dsv
[2.921s] -- Up-to-date: /home/an/ros2_ws/install/turtlebot3_description/share/turtlebot3_description/environment/path.sh
[2.922s] -- Up-to-date: /home/an/ros2_ws/install/turtlebot3_description/share/turtlebot3_description/environment/path.dsv
[2.923s] -- Up-to-date: /home/an/ros2_ws/install/turtlebot3_description/share/turtlebot3_description/local_setup.bash
[2.927s] -- Up-to-date: /home/an/ros2_ws/install/turtlebot3_description/share/turtlebot3_description/local_setup.sh
[2.928s] -- Up-to-date: /home/an/ros2_ws/install/turtlebot3_description/share/turtlebot3_description/local_setup.zsh
[2.938s] -- Up-to-date: /home/an/ros2_ws/install/turtlebot3_description/share/turtlebot3_description/local_setup.dsv
[2.939s] -- Installing: /home/an/ros2_ws/install/turtlebot3_description/share/turtlebot3_description/package.dsv
[2.941s] -- Up-to-date: /home/an/ros2_ws/install/turtlebot3_description/share/ament_index/resource_index/packages/turtlebot3_description
[2.945s] -- Up-to-date: /home/an/ros2_ws/install/turtlebot3_description/share/turtlebot3_description/cmake/turtlebot3_descriptionConfig.cmake
[2.946s] -- Up-to-date: /home/an/ros2_ws/install/turtlebot3_description/share/turtlebot3_description/cmake/turtlebot3_descriptionConfig-version.cmake
[2.948s] -- Up-to-date: /home/an/ros2_ws/install/turtlebot3_description/share/turtlebot3_description/package.xml
[2.951s] Invoked command in '/home/an/ros2_ws/build/turtlebot3_description' returned '0': CMAKE_PREFIX_PATH=${CMAKE_PREFIX_PATH}:/home/an/ros2_ws/install/vel_driver:/home/an/ros2_ws/install/test_pkg:/home/an/ros2_ws/install/self_driving:/opt/ros/humble /usr/bin/cmake --install /home/an/ros2_ws/build/turtlebot3_description
