[2.670s] Invoking command in '/home/an/ros2_ws/src/self_driving': PYTHONPATH=/home/an/ros2_ws/build/self_driving/prefix_override:/home/an/ros2_ws/install/self_driving/lib/python3.10/site-packages:${PYTHONPATH} /usr/bin/python3 -W ignore:setup.py install is deprecated setup.py egg_info --egg-base ../../build/self_driving build --build-base /home/an/ros2_ws/build/self_driving/build install --record /home/an/ros2_ws/build/self_driving/install.log --single-version-externally-managed install_data
[3.674s] running egg_info
[3.677s] writing ../../build/self_driving/self_driving.egg-info/PKG-INFO
[3.678s] writing dependency_links to ../../build/self_driving/self_driving.egg-info/dependency_links.txt
[3.679s] writing entry points to ../../build/self_driving/self_driving.egg-info/entry_points.txt
[3.680s] writing requirements to ../../build/self_driving/self_driving.egg-info/requires.txt
[3.681s] writing top-level names to ../../build/self_driving/self_driving.egg-info/top_level.txt
[3.691s] reading manifest file '../../build/self_driving/self_driving.egg-info/SOURCES.txt'
[3.693s] adding license file 'LICENSE'
[3.696s] writing manifest file '../../build/self_driving/self_driving.egg-info/SOURCES.txt'
[3.697s] running build
[3.697s] running build_py
[3.698s] copying self_driving/computer_vision_node.py -> /home/an/ros2_ws/build/self_driving/build/lib/self_driving
[3.699s] copying self_driving/drive_BOT.py -> /home/an/ros2_ws/build/self_driving/build/lib/self_driving
[3.701s] copying self_driving/traffic_signal.py -> /home/an/ros2_ws/build/self_driving/build/lib/self_driving
[3.708s] running install
[3.709s] running install_lib
[3.714s] copying /home/an/ros2_ws/build/self_driving/build/lib/self_driving/computer_vision_node.py -> /home/an/ros2_ws/install/self_driving/lib/python3.10/site-packages/self_driving
[3.714s] copying /home/an/ros2_ws/build/self_driving/build/lib/self_driving/drive_BOT.py -> /home/an/ros2_ws/install/self_driving/lib/python3.10/site-packages/self_driving
[3.715s] copying /home/an/ros2_ws/build/self_driving/build/lib/self_driving/traffic_signal.py -> /home/an/ros2_ws/install/self_driving/lib/python3.10/site-packages/self_driving
[3.723s] byte-compiling /home/an/ros2_ws/install/self_driving/lib/python3.10/site-packages/self_driving/computer_vision_node.py to computer_vision_node.cpython-310.pyc
[3.727s] byte-compiling /home/an/ros2_ws/install/self_driving/lib/python3.10/site-packages/self_driving/drive_BOT.py to drive_BOT.cpython-310.pyc
[3.732s] byte-compiling /home/an/ros2_ws/install/self_driving/lib/python3.10/site-packages/self_driving/traffic_signal.py to traffic_signal.cpython-310.pyc
[3.740s] running install_data
[3.741s] running install_egg_info
[3.748s] removing '/home/an/ros2_ws/install/self_driving/lib/python3.10/site-packages/self_driving-0.0.0-py3.10.egg-info' (and everything under it)
[3.750s] Copying ../../build/self_driving/self_driving.egg-info to /home/an/ros2_ws/install/self_driving/lib/python3.10/site-packages/self_driving-0.0.0-py3.10.egg-info
[3.759s] running install_scripts
[3.839s] Installing cam_node script to /home/an/ros2_ws/install/self_driving/lib/self_driving
[3.840s] Installing computer_vision_node script to /home/an/ros2_ws/install/self_driving/lib/self_driving
[3.841s] Installing driving_node script to /home/an/ros2_ws/install/self_driving/lib/self_driving
[3.841s] Installing recorder_node script to /home/an/ros2_ws/install/self_driving/lib/self_driving
[3.842s] Installing start_node script to /home/an/ros2_ws/install/self_driving/lib/self_driving
[3.844s] Installing traffic_signal_node script to /home/an/ros2_ws/install/self_driving/lib/self_driving
[3.845s] Installing vel_wheel_node script to /home/an/ros2_ws/install/self_driving/lib/self_driving
[3.848s] writing list of installed files to '/home/an/ros2_ws/build/self_driving/install.log'
[3.965s] Invoked command in '/home/an/ros2_ws/src/self_driving' returned '0': PYTHONPATH=/home/an/ros2_ws/build/self_driving/prefix_override:/home/an/ros2_ws/install/self_driving/lib/python3.10/site-packages:${PYTHONPATH} /usr/bin/python3 -W ignore:setup.py install is deprecated setup.py egg_info --egg-base ../../build/self_driving build --build-base /home/an/ros2_ws/build/self_driving/build install --record /home/an/ros2_ws/build/self_driving/install.log --single-version-externally-managed install_data
