[2.934s] Invoking command in '/home/an/ros2_ws/src/self_driving': PYTHONPATH=/home/an/ros2_ws/build/self_driving/prefix_override:/home/an/ros2_ws/install/self_driving/lib/python3.10/site-packages:${PYTHONPATH} /usr/bin/python3 -W ignore:setup.py install is deprecated setup.py egg_info --egg-base ../../build/self_driving build --build-base /home/an/ros2_ws/build/self_driving/build install --record /home/an/ros2_ws/build/self_driving/install.log --single-version-externally-managed install_data
[4.954s] running egg_info
[4.961s] writing ../../build/self_driving/self_driving.egg-info/PKG-INFO
[4.963s] writing dependency_links to ../../build/self_driving/self_driving.egg-info/dependency_links.txt
[4.965s] writing entry points to ../../build/self_driving/self_driving.egg-info/entry_points.txt
[4.968s] writing requirements to ../../build/self_driving/self_driving.egg-info/requires.txt
[4.970s] writing top-level names to ../../build/self_driving/self_driving.egg-info/top_level.txt
[4.996s] reading manifest file '../../build/self_driving/self_driving.egg-info/SOURCES.txt'
[5.003s] adding license file 'LICENSE'
[5.012s] writing manifest file '../../build/self_driving/self_driving.egg-info/SOURCES.txt'
[5.014s] running build
[5.015s] running build_py
[5.020s] copying self_driving/traffic_signal.py -> /home/an/ros2_ws/build/self_driving/build/lib/self_driving
[5.037s] copying self_driving/Detection/Lanes/a_colour_segmentation.py -> /home/an/ros2_ws/build/self_driving/build/lib/self_driving/Detection/Lanes
[5.045s] running install
[5.048s] running install_lib
[5.060s] copying /home/an/ros2_ws/build/self_driving/build/lib/self_driving/traffic_signal.py -> /home/an/ros2_ws/install/self_driving/lib/python3.10/site-packages/self_driving
[5.071s] copying /home/an/ros2_ws/build/self_driving/build/lib/self_driving/Detection/Lanes/a_colour_segmentation.py -> /home/an/ros2_ws/install/self_driving/lib/python3.10/site-packages/self_driving/Detection/Lanes
[5.083s] byte-compiling /home/an/ros2_ws/install/self_driving/lib/python3.10/site-packages/self_driving/traffic_signal.py to traffic_signal.cpython-310.pyc
[5.105s] byte-compiling /home/an/ros2_ws/install/self_driving/lib/python3.10/site-packages/self_driving/Detection/Lanes/a_colour_segmentation.py to a_colour_segmentation.cpython-310.pyc
[5.118s] running install_data
[5.121s] running install_egg_info
[5.140s] removing '/home/an/ros2_ws/install/self_driving/lib/python3.10/site-packages/self_driving-0.0.0-py3.10.egg-info' (and everything under it)
[5.144s] Copying ../../build/self_driving/self_driving.egg-info to /home/an/ros2_ws/install/self_driving/lib/python3.10/site-packages/self_driving-0.0.0-py3.10.egg-info
[5.159s] running install_scripts
[5.376s] Installing cam_node script to /home/an/ros2_ws/install/self_driving/lib/self_driving
[5.378s] Installing computer_vision_node script to /home/an/ros2_ws/install/self_driving/lib/self_driving
[5.380s] Installing driving_node script to /home/an/ros2_ws/install/self_driving/lib/self_driving
[5.382s] Installing recorder_node script to /home/an/ros2_ws/install/self_driving/lib/self_driving
[5.384s] Installing start_node script to /home/an/ros2_ws/install/self_driving/lib/self_driving
[5.386s] Installing traffic_signal_node script to /home/an/ros2_ws/install/self_driving/lib/self_driving
[5.388s] Installing vel_wheel_node script to /home/an/ros2_ws/install/self_driving/lib/self_driving
[5.399s] writing list of installed files to '/home/an/ros2_ws/build/self_driving/install.log'
[5.627s] Invoked command in '/home/an/ros2_ws/src/self_driving' returned '0': PYTHONPATH=/home/an/ros2_ws/build/self_driving/prefix_override:/home/an/ros2_ws/install/self_driving/lib/python3.10/site-packages:${PYTHONPATH} /usr/bin/python3 -W ignore:setup.py install is deprecated setup.py egg_info --egg-base ../../build/self_driving build --build-base /home/an/ros2_ws/build/self_driving/build install --record /home/an/ros2_ws/build/self_driving/install.log --single-version-externally-managed install_data
