[4.853s] Invoking command in '/home/an/ros2_ws/src/self_driving': PYTHONPATH=/home/an/ros2_ws/build/self_driving/prefix_override:/home/an/ros2_ws/install/self_driving/lib/python3.10/site-packages:${PYTHONPATH} /usr/bin/python3 -W ignore:setup.py install is deprecated setup.py egg_info --egg-base ../../build/self_driving build --build-base /home/an/ros2_ws/build/self_driving/build install --record /home/an/ros2_ws/build/self_driving/install.log --single-version-externally-managed install_data
[6.764s] running egg_info
[6.778s] writing ../../build/self_driving/self_driving.egg-info/PKG-INFO
[6.783s] writing dependency_links to ../../build/self_driving/self_driving.egg-info/dependency_links.txt
[6.787s] writing entry points to ../../build/self_driving/self_driving.egg-info/entry_points.txt
[6.792s] writing requirements to ../../build/self_driving/self_driving.egg-info/requires.txt
[6.794s] writing top-level names to ../../build/self_driving/self_driving.egg-info/top_level.txt
[6.814s] reading manifest file '../../build/self_driving/self_driving.egg-info/SOURCES.txt'
[6.818s] adding license file 'LICENSE'
[6.825s] writing manifest file '../../build/self_driving/self_driving.egg-info/SOURCES.txt'
[6.827s] running build
[6.828s] running build_py
[6.850s] running install
[6.853s] running install_lib
[6.881s] running install_data
[6.886s] running install_egg_info
[6.906s] removing '/home/an/ros2_ws/install/self_driving/lib/python3.10/site-packages/self_driving-0.0.0-py3.10.egg-info' (and everything under it)
[6.919s] Copying ../../build/self_driving/self_driving.egg-info to /home/an/ros2_ws/install/self_driving/lib/python3.10/site-packages/self_driving-0.0.0-py3.10.egg-info
[6.951s] running install_scripts
[7.070s] Installing cam_node script to /home/an/ros2_ws/install/self_driving/lib/self_driving
[7.072s] Installing computer_vision_node script to /home/an/ros2_ws/install/self_driving/lib/self_driving
[7.073s] Installing driving_node script to /home/an/ros2_ws/install/self_driving/lib/self_driving
[7.075s] Installing recorder_node script to /home/an/ros2_ws/install/self_driving/lib/self_driving
[7.080s] Installing vel_wheel_node script to /home/an/ros2_ws/install/self_driving/lib/self_driving
[7.086s] writing list of installed files to '/home/an/ros2_ws/build/self_driving/install.log'
[8.924s] Invoked command in '/home/an/ros2_ws/src/self_driving' returned '0': PYTHONPATH=/home/an/ros2_ws/build/self_driving/prefix_override:/home/an/ros2_ws/install/self_driving/lib/python3.10/site-packages:${PYTHONPATH} /usr/bin/python3 -W ignore:setup.py install is deprecated setup.py egg_info --egg-base ../../build/self_driving build --build-base /home/an/ros2_ws/build/self_driving/build install --record /home/an/ros2_ws/build/self_driving/install.log --single-version-externally-managed install_data
