[3.455s] Invoking command in '/home/an/ros2_ws/src/self_driving': PYTHONPATH=/home/an/ros2_ws/build/self_driving/prefix_override:/home/an/ros2_ws/install/self_driving/lib/python3.10/site-packages:${PYTHONPATH} /usr/bin/python3 -W ignore:setup.py install is deprecated setup.py egg_info --egg-base ../../build/self_driving build --build-base /home/an/ros2_ws/build/self_driving/build install --record /home/an/ros2_ws/build/self_driving/install.log --single-version-externally-managed install_data
[4.549s] running egg_info
[4.551s] writing ../../build/self_driving/self_driving.egg-info/PKG-INFO
[4.556s] writing dependency_links to ../../build/self_driving/self_driving.egg-info/dependency_links.txt
[4.557s] writing entry points to ../../build/self_driving/self_driving.egg-info/entry_points.txt
[4.558s] writing requirements to ../../build/self_driving/self_driving.egg-info/requires.txt
[4.559s] writing top-level names to ../../build/self_driving/self_driving.egg-info/top_level.txt
[4.573s] reading manifest file '../../build/self_driving/self_driving.egg-info/SOURCES.txt'
[4.578s] adding license file 'LICENSE'
[4.581s] writing manifest file '../../build/self_driving/self_driving.egg-info/SOURCES.txt'
[4.582s] running build
[4.583s] running build_py
[4.588s] copying self_driving/computer_vision_node.py -> /home/an/ros2_ws/build/self_driving/build/lib/self_driving
[4.597s] copying self_driving/Detection/Lanes/a_colour_segmentation.py -> /home/an/ros2_ws/build/self_driving/build/lib/self_driving/Detection/Lanes
[4.603s] running install
[4.604s] running install_lib
[4.608s] copying /home/an/ros2_ws/build/self_driving/build/lib/self_driving/computer_vision_node.py -> /home/an/ros2_ws/install/self_driving/lib/python3.10/site-packages/self_driving
[4.612s] copying /home/an/ros2_ws/build/self_driving/build/lib/self_driving/Detection/Lanes/a_colour_segmentation.py -> /home/an/ros2_ws/install/self_driving/lib/python3.10/site-packages/self_driving/Detection/Lanes
[4.617s] byte-compiling /home/an/ros2_ws/install/self_driving/lib/python3.10/site-packages/self_driving/computer_vision_node.py to computer_vision_node.cpython-310.pyc
[4.621s] byte-compiling /home/an/ros2_ws/install/self_driving/lib/python3.10/site-packages/self_driving/Detection/Lanes/a_colour_segmentation.py to a_colour_segmentation.cpython-310.pyc
[4.627s] running install_data
[4.628s] running install_egg_info
[4.637s] removing '/home/an/ros2_ws/install/self_driving/lib/python3.10/site-packages/self_driving-0.0.0-py3.10.egg-info' (and everything under it)
[4.639s] Copying ../../build/self_driving/self_driving.egg-info to /home/an/ros2_ws/install/self_driving/lib/python3.10/site-packages/self_driving-0.0.0-py3.10.egg-info
[4.648s] running install_scripts
[4.741s] Installing cam_node script to /home/an/ros2_ws/install/self_driving/lib/self_driving
[4.741s] Installing computer_vision_node script to /home/an/ros2_ws/install/self_driving/lib/self_driving
[4.742s] Installing driving_node script to /home/an/ros2_ws/install/self_driving/lib/self_driving
[4.743s] Installing recorder_node script to /home/an/ros2_ws/install/self_driving/lib/self_driving
[4.744s] Installing start_node script to /home/an/ros2_ws/install/self_driving/lib/self_driving
[4.744s] Installing traffic_signal_node script to /home/an/ros2_ws/install/self_driving/lib/self_driving
[4.745s] Installing vel_wheel_node script to /home/an/ros2_ws/install/self_driving/lib/self_driving
[4.749s] writing list of installed files to '/home/an/ros2_ws/build/self_driving/install.log'
[4.881s] Invoked command in '/home/an/ros2_ws/src/self_driving' returned '0': PYTHONPATH=/home/an/ros2_ws/build/self_driving/prefix_override:/home/an/ros2_ws/install/self_driving/lib/python3.10/site-packages:${PYTHONPATH} /usr/bin/python3 -W ignore:setup.py install is deprecated setup.py egg_info --egg-base ../../build/self_driving build --build-base /home/an/ros2_ws/build/self_driving/build install --record /home/an/ros2_ws/build/self_driving/install.log --single-version-externally-managed install_data
