[2.601s] Invoking command in '/home/an/ros2_ws/src/self_driving': PYTHONPATH=/home/an/ros2_ws/build/self_driving/prefix_override:/home/an/ros2_ws/install/self_driving/lib/python3.10/site-packages:${PYTHONPATH} /usr/bin/python3 -W ignore:setup.py install is deprecated setup.py egg_info --egg-base ../../build/self_driving build --build-base /home/an/ros2_ws/build/self_driving/build install --record /home/an/ros2_ws/build/self_driving/install.log --single-version-externally-managed install_data
[3.608s] running egg_info
[3.610s] writing ../../build/self_driving/self_driving.egg-info/PKG-INFO
[3.612s] writing dependency_links to ../../build/self_driving/self_driving.egg-info/dependency_links.txt
[3.613s] writing entry points to ../../build/self_driving/self_driving.egg-info/entry_points.txt
[3.614s] writing requirements to ../../build/self_driving/self_driving.egg-info/requires.txt
[3.614s] writing top-level names to ../../build/self_driving/self_driving.egg-info/top_level.txt
[3.626s] reading manifest file '../../build/self_driving/self_driving.egg-info/SOURCES.txt'
[3.627s] adding license file 'LICENSE'
[3.631s] writing manifest file '../../build/self_driving/self_driving.egg-info/SOURCES.txt'
[3.632s] running build
[3.632s] running build_py
[3.634s] copying self_driving/traffic_signal.py -> /home/an/ros2_ws/build/self_driving/build/lib/self_driving
[3.643s] running install
[3.645s] running install_lib
[3.649s] copying /home/an/ros2_ws/build/self_driving/build/lib/self_driving/traffic_signal.py -> /home/an/ros2_ws/install/self_driving/lib/python3.10/site-packages/self_driving
[3.657s] byte-compiling /home/an/ros2_ws/install/self_driving/lib/python3.10/site-packages/self_driving/traffic_signal.py to traffic_signal.cpython-310.pyc
[3.667s] running install_data
[3.668s] running install_egg_info
[3.675s] removing '/home/an/ros2_ws/install/self_driving/lib/python3.10/site-packages/self_driving-0.0.0-py3.10.egg-info' (and everything under it)
[3.678s] Copying ../../build/self_driving/self_driving.egg-info to /home/an/ros2_ws/install/self_driving/lib/python3.10/site-packages/self_driving-0.0.0-py3.10.egg-info
[3.685s] running install_scripts
[3.774s] Installing cam_node script to /home/an/ros2_ws/install/self_driving/lib/self_driving
[3.775s] Installing computer_vision_node script to /home/an/ros2_ws/install/self_driving/lib/self_driving
[3.777s] Installing driving_node script to /home/an/ros2_ws/install/self_driving/lib/self_driving
[3.778s] Installing recorder_node script to /home/an/ros2_ws/install/self_driving/lib/self_driving
[3.779s] Installing start_node script to /home/an/ros2_ws/install/self_driving/lib/self_driving
[3.780s] Installing traffic_signal_node script to /home/an/ros2_ws/install/self_driving/lib/self_driving
[3.781s] Installing vel_wheel_node script to /home/an/ros2_ws/install/self_driving/lib/self_driving
[3.786s] writing list of installed files to '/home/an/ros2_ws/build/self_driving/install.log'
[3.912s] Invoked command in '/home/an/ros2_ws/src/self_driving' returned '0': PYTHONPATH=/home/an/ros2_ws/build/self_driving/prefix_override:/home/an/ros2_ws/install/self_driving/lib/python3.10/site-packages:${PYTHONPATH} /usr/bin/python3 -W ignore:setup.py install is deprecated setup.py egg_info --egg-base ../../build/self_driving build --build-base /home/an/ros2_ws/build/self_driving/build install --record /home/an/ros2_ws/build/self_driving/install.log --single-version-externally-managed install_data
