[1.160s] Invoking command in '/home/an/ros2_ws/build/turtlebot3_description': CMAKE_PREFIX_PATH=/home/an/ros2_ws/install/self_driving:/opt/ros/humble /usr/bin/cmake /home/an/ros2_ws/src/turtlebot3_description -DCMAKE_INSTALL_PREFIX=/home/an/ros2_ws/install/turtlebot3_description
[1.910s] -- The C compiler identification is GNU 11.4.0
[2.219s] -- The CXX compiler identification is GNU 11.4.0
[2.269s] -- Detecting C compiler ABI info
[2.678s] -- Detecting C compiler ABI info - done
[2.707s] -- Check for working C compiler: /usr/bin/cc - skipped
[2.708s] -- Detecting C compile features
[2.710s] -- Detecting C compile features - done
[2.725s] -- Detecting CXX compiler ABI info
[3.162s] -- Detecting CXX compiler ABI info - done
[3.228s] -- Check for working CXX compiler: /usr/bin/c++ - skipped
[3.230s] -- Detecting CXX compile features
[3.232s] -- Detecting CXX compile features - done
[3.259s] -- Found ament_cmake: 1.3.8 (/opt/ros/humble/share/ament_cmake/cmake)
[4.145s] -- Found Python3: /usr/bin/python3 (found version "3.10.12") found components: Interpreter 
[4.691s] -- Found ament_lint_auto: 0.12.10 (/opt/ros/humble/share/ament_lint_auto/cmake)
[5.213s] -- Added test 'flake8' to check Python code syntax and style conventions
[5.222s] -- Added test 'lint_cmake' to check CMake code style
[5.227s] -- Added test 'pep257' to check Python code against some of the docstring style conventions in PEP 257
[5.258s] -- Added test 'xmllint' to check XML markup files
[5.266s] -- Configuring done
[5.285s] -- Generating done
[5.290s] -- Build files have been written to: /home/an/ros2_ws/build/turtlebot3_description
