[3.218s] Invoking command in '/home/an/ros2_ws/src/self_driving': PYTHONPATH=/home/an/ros2_ws/build/self_driving/prefix_override:/home/an/ros2_ws/install/self_driving/lib/python3.10/site-packages:${PYTHONPATH} /usr/bin/python3 -W ignore:setup.py install is deprecated setup.py egg_info --egg-base ../../build/self_driving build --build-base /home/an/ros2_ws/build/self_driving/build install --record /home/an/ros2_ws/build/self_driving/install.log --single-version-externally-managed install_data
[4.509s] running egg_info
[4.511s] writing ../../build/self_driving/self_driving.egg-info/PKG-INFO
[4.513s] writing dependency_links to ../../build/self_driving/self_driving.egg-info/dependency_links.txt
[4.514s] writing entry points to ../../build/self_driving/self_driving.egg-info/entry_points.txt
[4.517s] writing requirements to ../../build/self_driving/self_driving.egg-info/requires.txt
[4.519s] writing top-level names to ../../build/self_driving/self_driving.egg-info/top_level.txt
[4.529s] reading manifest file '../../build/self_driving/self_driving.egg-info/SOURCES.txt'
[4.531s] adding license file 'LICENSE'
[4.535s] writing manifest file '../../build/self_driving/self_driving.egg-info/SOURCES.txt'
[4.535s] running build
[4.535s] running build_py
[4.537s] copying self_driving/traffic_signal.py -> /home/an/ros2_ws/build/self_driving/build/lib/self_driving
[4.545s] running install
[4.548s] running install_lib
[4.553s] copying /home/an/ros2_ws/build/self_driving/build/lib/self_driving/traffic_signal.py -> /home/an/ros2_ws/install/self_driving/lib/python3.10/site-packages/self_driving
[4.561s] byte-compiling /home/an/ros2_ws/install/self_driving/lib/python3.10/site-packages/self_driving/traffic_signal.py to traffic_signal.cpython-310.pyc
[4.571s] running install_data
[4.571s] running install_egg_info
[4.580s] removing '/home/an/ros2_ws/install/self_driving/lib/python3.10/site-packages/self_driving-0.0.0-py3.10.egg-info' (and everything under it)
[4.585s] Copying ../../build/self_driving/self_driving.egg-info to /home/an/ros2_ws/install/self_driving/lib/python3.10/site-packages/self_driving-0.0.0-py3.10.egg-info
[4.591s] running install_scripts
[4.680s] Installing cam_node script to /home/an/ros2_ws/install/self_driving/lib/self_driving
[4.680s] Installing computer_vision_node script to /home/an/ros2_ws/install/self_driving/lib/self_driving
[4.683s] Installing driving_node script to /home/an/ros2_ws/install/self_driving/lib/self_driving
[4.685s] Installing recorder_node script to /home/an/ros2_ws/install/self_driving/lib/self_driving
[4.687s] Installing start_node script to /home/an/ros2_ws/install/self_driving/lib/self_driving
[4.687s] Installing traffic_signal_node script to /home/an/ros2_ws/install/self_driving/lib/self_driving
[4.688s] Installing vel_wheel_node script to /home/an/ros2_ws/install/self_driving/lib/self_driving
[4.692s] writing list of installed files to '/home/an/ros2_ws/build/self_driving/install.log'
[4.826s] Invoked command in '/home/an/ros2_ws/src/self_driving' returned '0': PYTHONPATH=/home/an/ros2_ws/build/self_driving/prefix_override:/home/an/ros2_ws/install/self_driving/lib/python3.10/site-packages:${PYTHONPATH} /usr/bin/python3 -W ignore:setup.py install is deprecated setup.py egg_info --egg-base ../../build/self_driving build --build-base /home/an/ros2_ws/build/self_driving/build install --record /home/an/ros2_ws/build/self_driving/install.log --single-version-externally-managed install_data
