[2.786s] Invoking command in '/home/an/ros2_ws/src/self_driving': PYTHONPATH=/home/an/ros2_ws/build/self_driving/prefix_override:/home/an/ros2_ws/install/self_driving/lib/python3.10/site-packages:${PYTHONPATH} /usr/bin/python3 -W ignore:setup.py install is deprecated setup.py egg_info --egg-base ../../build/self_driving build --build-base /home/an/ros2_ws/build/self_driving/build install --record /home/an/ros2_ws/build/self_driving/install.log --single-version-externally-managed install_data
[3.830s] running egg_info
[3.833s] writing ../../build/self_driving/self_driving.egg-info/PKG-INFO
[3.834s] writing dependency_links to ../../build/self_driving/self_driving.egg-info/dependency_links.txt
[3.835s] writing entry points to ../../build/self_driving/self_driving.egg-info/entry_points.txt
[3.836s] writing requirements to ../../build/self_driving/self_driving.egg-info/requires.txt
[3.836s] writing top-level names to ../../build/self_driving/self_driving.egg-info/top_level.txt
[3.849s] reading manifest file '../../build/self_driving/self_driving.egg-info/SOURCES.txt'
[3.851s] adding license file 'LICENSE'
[3.854s] writing manifest file '../../build/self_driving/self_driving.egg-info/SOURCES.txt'
[3.854s] running build
[3.855s] running build_py
[3.860s] copying self_driving/Detection/Lanes/a_colour_segmentation.py -> /home/an/ros2_ws/build/self_driving/build/lib/self_driving/Detection/Lanes
[3.864s] running install
[3.865s] running install_lib
[3.873s] copying /home/an/ros2_ws/build/self_driving/build/lib/self_driving/Detection/Lanes/a_colour_segmentation.py -> /home/an/ros2_ws/install/self_driving/lib/python3.10/site-packages/self_driving/Detection/Lanes
[3.879s] byte-compiling /home/an/ros2_ws/install/self_driving/lib/python3.10/site-packages/self_driving/Detection/Lanes/a_colour_segmentation.py to a_colour_segmentation.cpython-310.pyc
[3.883s] running install_data
[3.883s] running install_egg_info
[3.890s] removing '/home/an/ros2_ws/install/self_driving/lib/python3.10/site-packages/self_driving-0.0.0-py3.10.egg-info' (and everything under it)
[3.892s] Copying ../../build/self_driving/self_driving.egg-info to /home/an/ros2_ws/install/self_driving/lib/python3.10/site-packages/self_driving-0.0.0-py3.10.egg-info
[3.897s] running install_scripts
[3.984s] Installing cam_node script to /home/an/ros2_ws/install/self_driving/lib/self_driving
[3.985s] Installing computer_vision_node script to /home/an/ros2_ws/install/self_driving/lib/self_driving
[3.986s] Installing driving_node script to /home/an/ros2_ws/install/self_driving/lib/self_driving
[3.986s] Installing recorder_node script to /home/an/ros2_ws/install/self_driving/lib/self_driving
[3.987s] Installing vel_wheel_node script to /home/an/ros2_ws/install/self_driving/lib/self_driving
[3.991s] writing list of installed files to '/home/an/ros2_ws/build/self_driving/install.log'
[4.117s] Invoked command in '/home/an/ros2_ws/src/self_driving' returned '0': PYTHONPATH=/home/an/ros2_ws/build/self_driving/prefix_override:/home/an/ros2_ws/install/self_driving/lib/python3.10/site-packages:${PYTHONPATH} /usr/bin/python3 -W ignore:setup.py install is deprecated setup.py egg_info --egg-base ../../build/self_driving build --build-base /home/an/ros2_ws/build/self_driving/build install --record /home/an/ros2_ws/build/self_driving/install.log --single-version-externally-managed install_data
