[4.709s] Invoking command in '/home/an/ros2_ws/src/self_driving': PYTHONPATH=/home/an/ros2_ws/build/self_driving/prefix_override:/home/an/ros2_ws/install/self_driving/lib/python3.10/site-packages:${PYTHONPATH} /usr/bin/python3 -W ignore:setup.py install is deprecated setup.py egg_info --egg-base ../../build/self_driving build --build-base /home/an/ros2_ws/build/self_driving/build install --record /home/an/ros2_ws/build/self_driving/install.log --single-version-externally-managed install_data
[5.991s] running egg_info
[5.997s] writing ../../build/self_driving/self_driving.egg-info/PKG-INFO
[5.998s] writing dependency_links to ../../build/self_driving/self_driving.egg-info/dependency_links.txt
[5.999s] writing entry points to ../../build/self_driving/self_driving.egg-info/entry_points.txt
[6.000s] writing requirements to ../../build/self_driving/self_driving.egg-info/requires.txt
[6.001s] writing top-level names to ../../build/self_driving/self_driving.egg-info/top_level.txt
[6.011s] reading manifest file '../../build/self_driving/self_driving.egg-info/SOURCES.txt'
[6.013s] adding license file 'LICENSE'
[6.017s] writing manifest file '../../build/self_driving/self_driving.egg-info/SOURCES.txt'
[6.019s] running build
[6.020s] running build_py
[6.034s] running install
[6.035s] running install_lib
[6.076s] running install_data
[6.076s] running install_egg_info
[6.086s] removing '/home/an/ros2_ws/install/self_driving/lib/python3.10/site-packages/self_driving-0.0.0-py3.10.egg-info' (and everything under it)
[6.092s] Copying ../../build/self_driving/self_driving.egg-info to /home/an/ros2_ws/install/self_driving/lib/python3.10/site-packages/self_driving-0.0.0-py3.10.egg-info
[6.101s] running install_scripts
[6.217s] Installing cam_node script to /home/an/ros2_ws/install/self_driving/lib/self_driving
[6.220s] Installing computer_vision_node script to /home/an/ros2_ws/install/self_driving/lib/self_driving
[6.224s] Installing driving_node script to /home/an/ros2_ws/install/self_driving/lib/self_driving
[6.230s] Installing recorder_node script to /home/an/ros2_ws/install/self_driving/lib/self_driving
[6.234s] Installing vel_wheel_node script to /home/an/ros2_ws/install/self_driving/lib/self_driving
[6.243s] writing list of installed files to '/home/an/ros2_ws/build/self_driving/install.log'
[6.474s] Invoked command in '/home/an/ros2_ws/src/self_driving' returned '0': PYTHONPATH=/home/an/ros2_ws/build/self_driving/prefix_override:/home/an/ros2_ws/install/self_driving/lib/python3.10/site-packages:${PYTHONPATH} /usr/bin/python3 -W ignore:setup.py install is deprecated setup.py egg_info --egg-base ../../build/self_driving build --build-base /home/an/ros2_ws/build/self_driving/build install --record /home/an/ros2_ws/build/self_driving/install.log --single-version-externally-managed install_data
