[2.798s] Invoking command in '/home/an/ros2_ws/src/self_driving': PYTHONPATH=/home/an/ros2_ws/build/self_driving/prefix_override:/home/an/ros2_ws/install/self_driving/lib/python3.10/site-packages:${PYTHONPATH} /usr/bin/python3 -W ignore:setup.py install is deprecated setup.py egg_info --egg-base ../../build/self_driving build --build-base /home/an/ros2_ws/build/self_driving/build install --record /home/an/ros2_ws/build/self_driving/install.log --single-version-externally-managed install_data
[3.851s] running egg_info
[3.854s] writing ../../build/self_driving/self_driving.egg-info/PKG-INFO
[3.855s] writing dependency_links to ../../build/self_driving/self_driving.egg-info/dependency_links.txt
[3.856s] writing entry points to ../../build/self_driving/self_driving.egg-info/entry_points.txt
[3.857s] writing requirements to ../../build/self_driving/self_driving.egg-info/requires.txt
[3.858s] writing top-level names to ../../build/self_driving/self_driving.egg-info/top_level.txt
[3.870s] reading manifest file '../../build/self_driving/self_driving.egg-info/SOURCES.txt'
[3.872s] adding license file 'LICENSE'
[3.875s] writing manifest file '../../build/self_driving/self_driving.egg-info/SOURCES.txt'
[3.875s] running build
[3.876s] running build_py
[3.883s] running install
[3.885s] running install_lib
[3.898s] running install_data
[3.899s] running install_egg_info
[3.905s] removing '/home/an/ros2_ws/install/self_driving/lib/python3.10/site-packages/self_driving-0.0.0-py3.10.egg-info' (and everything under it)
[3.907s] Copying ../../build/self_driving/self_driving.egg-info to /home/an/ros2_ws/install/self_driving/lib/python3.10/site-packages/self_driving-0.0.0-py3.10.egg-info
[3.913s] running install_scripts
[4.001s] Installing cam_node script to /home/an/ros2_ws/install/self_driving/lib/self_driving
[4.002s] Installing computer_vision_node script to /home/an/ros2_ws/install/self_driving/lib/self_driving
[4.002s] Installing driving_node script to /home/an/ros2_ws/install/self_driving/lib/self_driving
[4.003s] Installing recorder_node script to /home/an/ros2_ws/install/self_driving/lib/self_driving
[4.004s] Installing vel_wheel_node script to /home/an/ros2_ws/install/self_driving/lib/self_driving
[4.007s] writing list of installed files to '/home/an/ros2_ws/build/self_driving/install.log'
[4.133s] Invoked command in '/home/an/ros2_ws/src/self_driving' returned '0': PYTHONPATH=/home/an/ros2_ws/build/self_driving/prefix_override:/home/an/ros2_ws/install/self_driving/lib/python3.10/site-packages:${PYTHONPATH} /usr/bin/python3 -W ignore:setup.py install is deprecated setup.py egg_info --egg-base ../../build/self_driving build --build-base /home/an/ros2_ws/build/self_driving/build install --record /home/an/ros2_ws/build/self_driving/install.log --single-version-externally-managed install_data
