[2.624s] Invoking command in '/home/an/ros2_ws/src/self_driving': PYTHONPATH=/home/an/ros2_ws/build/self_driving/prefix_override:/home/an/ros2_ws/install/self_driving/lib/python3.10/site-packages:${PYTHONPATH} /usr/bin/python3 -W ignore:setup.py install is deprecated setup.py egg_info --egg-base ../../build/self_driving build --build-base /home/an/ros2_ws/build/self_driving/build install --record /home/an/ros2_ws/build/self_driving/install.log --single-version-externally-managed install_data
[3.641s] running egg_info
[3.643s] writing ../../build/self_driving/self_driving.egg-info/PKG-INFO
[3.644s] writing dependency_links to ../../build/self_driving/self_driving.egg-info/dependency_links.txt
[3.646s] writing entry points to ../../build/self_driving/self_driving.egg-info/entry_points.txt
[3.646s] writing requirements to ../../build/self_driving/self_driving.egg-info/requires.txt
[3.647s] writing top-level names to ../../build/self_driving/self_driving.egg-info/top_level.txt
[3.659s] reading manifest file '../../build/self_driving/self_driving.egg-info/SOURCES.txt'
[3.661s] adding license file 'LICENSE'
[3.665s] writing manifest file '../../build/self_driving/self_driving.egg-info/SOURCES.txt'
[3.665s] running build
[3.666s] running build_py
[3.669s] copying self_driving/pose_node.py -> /home/an/ros2_ws/build/self_driving/build/lib/self_driving
[3.675s] running install
[3.676s] running install_lib
[3.685s] copying /home/an/ros2_ws/build/self_driving/build/lib/self_driving/pose_node.py -> /home/an/ros2_ws/install/self_driving/lib/python3.10/site-packages/self_driving
[3.691s] byte-compiling /home/an/ros2_ws/install/self_driving/lib/python3.10/site-packages/self_driving/pose_node.py to pose_node.cpython-310.pyc
[3.696s] running install_data
[3.697s] running install_egg_info
[3.703s] removing '/home/an/ros2_ws/install/self_driving/lib/python3.10/site-packages/self_driving-0.0.0-py3.10.egg-info' (and everything under it)
[3.705s] Copying ../../build/self_driving/self_driving.egg-info to /home/an/ros2_ws/install/self_driving/lib/python3.10/site-packages/self_driving-0.0.0-py3.10.egg-info
[3.711s] running install_scripts
[3.790s] Installing cam_node script to /home/an/ros2_ws/install/self_driving/lib/self_driving
[3.790s] Installing computer_vision_node script to /home/an/ros2_ws/install/self_driving/lib/self_driving
[3.791s] Installing driving_node script to /home/an/ros2_ws/install/self_driving/lib/self_driving
[3.792s] Installing hand_control_node script to /home/an/ros2_ws/install/self_driving/lib/self_driving
[3.793s] Installing pose_node script to /home/an/ros2_ws/install/self_driving/lib/self_driving
[3.793s] Installing recorder_node script to /home/an/ros2_ws/install/self_driving/lib/self_driving
[3.794s] Installing start_node script to /home/an/ros2_ws/install/self_driving/lib/self_driving
[3.795s] Installing traffic_signal_node script to /home/an/ros2_ws/install/self_driving/lib/self_driving
[3.795s] Installing vel_wheel_node script to /home/an/ros2_ws/install/self_driving/lib/self_driving
[3.796s] Installing yolo_node script to /home/an/ros2_ws/install/self_driving/lib/self_driving
[3.800s] writing list of installed files to '/home/an/ros2_ws/build/self_driving/install.log'
[3.917s] Invoked command in '/home/an/ros2_ws/src/self_driving' returned '0': PYTHONPATH=/home/an/ros2_ws/build/self_driving/prefix_override:/home/an/ros2_ws/install/self_driving/lib/python3.10/site-packages:${PYTHONPATH} /usr/bin/python3 -W ignore:setup.py install is deprecated setup.py egg_info --egg-base ../../build/self_driving build --build-base /home/an/ros2_ws/build/self_driving/build install --record /home/an/ros2_ws/build/self_driving/install.log --single-version-externally-managed install_data
