[2.957s] Invoking command in '/home/an/ros2_ws/src/self_driving': PYTHONPATH=/home/an/ros2_ws/build/self_driving/prefix_override:/home/an/ros2_ws/install/self_driving/lib/python3.10/site-packages:${PYTHONPATH} /usr/bin/python3 -W ignore:setup.py install is deprecated setup.py egg_info --egg-base ../../build/self_driving build --build-base /home/an/ros2_ws/build/self_driving/build install --record /home/an/ros2_ws/build/self_driving/install.log --single-version-externally-managed install_data
[4.060s] running egg_info
[4.063s] writing ../../build/self_driving/self_driving.egg-info/PKG-INFO
[4.064s] writing dependency_links to ../../build/self_driving/self_driving.egg-info/dependency_links.txt
[4.065s] writing entry points to ../../build/self_driving/self_driving.egg-info/entry_points.txt
[4.065s] writing requirements to ../../build/self_driving/self_driving.egg-info/requires.txt
[4.066s] writing top-level names to ../../build/self_driving/self_driving.egg-info/top_level.txt
[4.076s] reading manifest file '../../build/self_driving/self_driving.egg-info/SOURCES.txt'
[4.078s] adding license file 'LICENSE'
[4.082s] writing manifest file '../../build/self_driving/self_driving.egg-info/SOURCES.txt'
[4.082s] running build
[4.083s] running build_py
[4.086s] copying self_driving/traffic_signal.py -> /home/an/ros2_ws/build/self_driving/build/lib/self_driving
[4.094s] running install
[4.095s] running install_lib
[4.099s] copying /home/an/ros2_ws/build/self_driving/build/lib/self_driving/traffic_signal.py -> /home/an/ros2_ws/install/self_driving/lib/python3.10/site-packages/self_driving
[4.107s] byte-compiling /home/an/ros2_ws/install/self_driving/lib/python3.10/site-packages/self_driving/traffic_signal.py to traffic_signal.cpython-310.pyc
[4.117s] running install_data
[4.118s] running install_egg_info
[4.127s] removing '/home/an/ros2_ws/install/self_driving/lib/python3.10/site-packages/self_driving-0.0.0-py3.10.egg-info' (and everything under it)
[4.129s] Copying ../../build/self_driving/self_driving.egg-info to /home/an/ros2_ws/install/self_driving/lib/python3.10/site-packages/self_driving-0.0.0-py3.10.egg-info
[4.134s] running install_scripts
[4.224s] Installing cam_node script to /home/an/ros2_ws/install/self_driving/lib/self_driving
[4.225s] Installing computer_vision_node script to /home/an/ros2_ws/install/self_driving/lib/self_driving
[4.226s] Installing driving_node script to /home/an/ros2_ws/install/self_driving/lib/self_driving
[4.227s] Installing recorder_node script to /home/an/ros2_ws/install/self_driving/lib/self_driving
[4.228s] Installing start_node script to /home/an/ros2_ws/install/self_driving/lib/self_driving
[4.229s] Installing traffic_signal_node script to /home/an/ros2_ws/install/self_driving/lib/self_driving
[4.229s] Installing vel_wheel_node script to /home/an/ros2_ws/install/self_driving/lib/self_driving
[4.233s] writing list of installed files to '/home/an/ros2_ws/build/self_driving/install.log'
[4.367s] Invoked command in '/home/an/ros2_ws/src/self_driving' returned '0': PYTHONPATH=/home/an/ros2_ws/build/self_driving/prefix_override:/home/an/ros2_ws/install/self_driving/lib/python3.10/site-packages:${PYTHONPATH} /usr/bin/python3 -W ignore:setup.py install is deprecated setup.py egg_info --egg-base ../../build/self_driving build --build-base /home/an/ros2_ws/build/self_driving/build install --record /home/an/ros2_ws/build/self_driving/install.log --single-version-externally-managed install_data
