[2.918s] Invoking command in '/home/an/ros2_ws/src/self_driving': PYTHONPATH=/home/an/ros2_ws/build/self_driving/prefix_override:/home/an/ros2_ws/install/self_driving/lib/python3.10/site-packages:${PYTHONPATH} /usr/bin/python3 -W ignore:setup.py install is deprecated setup.py egg_info --egg-base ../../build/self_driving build --build-base /home/an/ros2_ws/build/self_driving/build install --record /home/an/ros2_ws/build/self_driving/install.log --single-version-externally-managed install_data
[4.025s] running egg_info
[4.027s] writing ../../build/self_driving/self_driving.egg-info/PKG-INFO
[4.028s] writing dependency_links to ../../build/self_driving/self_driving.egg-info/dependency_links.txt
[4.029s] writing entry points to ../../build/self_driving/self_driving.egg-info/entry_points.txt
[4.030s] writing requirements to ../../build/self_driving/self_driving.egg-info/requires.txt
[4.031s] writing top-level names to ../../build/self_driving/self_driving.egg-info/top_level.txt
[4.044s] reading manifest file '../../build/self_driving/self_driving.egg-info/SOURCES.txt'
[4.046s] adding license file 'LICENSE'
[4.049s] writing manifest file '../../build/self_driving/self_driving.egg-info/SOURCES.txt'
[4.050s] running build
[4.050s] running build_py
[4.052s] copying self_driving/drive_BOT.py -> /home/an/ros2_ws/build/self_driving/build/lib/self_driving
[4.059s] running install
[4.060s] running install_lib
[4.065s] copying /home/an/ros2_ws/build/self_driving/build/lib/self_driving/drive_BOT.py -> /home/an/ros2_ws/install/self_driving/lib/python3.10/site-packages/self_driving
[4.075s] byte-compiling /home/an/ros2_ws/install/self_driving/lib/python3.10/site-packages/self_driving/drive_BOT.py to drive_BOT.cpython-310.pyc
[4.084s] running install_data
[4.085s] running install_egg_info
[4.092s] removing '/home/an/ros2_ws/install/self_driving/lib/python3.10/site-packages/self_driving-0.0.0-py3.10.egg-info' (and everything under it)
[4.095s] Copying ../../build/self_driving/self_driving.egg-info to /home/an/ros2_ws/install/self_driving/lib/python3.10/site-packages/self_driving-0.0.0-py3.10.egg-info
[4.101s] running install_scripts
[4.191s] Installing cam_node script to /home/an/ros2_ws/install/self_driving/lib/self_driving
[4.191s] Installing computer_vision_node script to /home/an/ros2_ws/install/self_driving/lib/self_driving
[4.192s] Installing driving_node script to /home/an/ros2_ws/install/self_driving/lib/self_driving
[4.193s] Installing recorder_node script to /home/an/ros2_ws/install/self_driving/lib/self_driving
[4.194s] Installing vel_wheel_node script to /home/an/ros2_ws/install/self_driving/lib/self_driving
[4.198s] writing list of installed files to '/home/an/ros2_ws/build/self_driving/install.log'
[4.329s] Invoked command in '/home/an/ros2_ws/src/self_driving' returned '0': PYTHONPATH=/home/an/ros2_ws/build/self_driving/prefix_override:/home/an/ros2_ws/install/self_driving/lib/python3.10/site-packages:${PYTHONPATH} /usr/bin/python3 -W ignore:setup.py install is deprecated setup.py egg_info --egg-base ../../build/self_driving build --build-base /home/an/ros2_ws/build/self_driving/build install --record /home/an/ros2_ws/build/self_driving/install.log --single-version-externally-managed install_data
