[1.243s] Invoking command in '/home/an/ros2_ws/build/turtlebot3_description': CMAKE_PREFIX_PATH=/home/an/ros2_ws/install/self_driving:/opt/ros/humble /usr/bin/cmake --build /home/an/ros2_ws/build/turtlebot3_description -- -j4 -l4
[1.491s] Invoked command in '/home/an/ros2_ws/build/turtlebot3_description' returned '0': CMAKE_PREFIX_PATH=/home/an/ros2_ws/install/self_driving:/opt/ros/humble /usr/bin/cmake --build /home/an/ros2_ws/build/turtlebot3_description -- -j4 -l4
[1.883s] Invoking command in '/home/an/ros2_ws/build/turtlebot3_description': CMAKE_PREFIX_PATH=/home/an/ros2_ws/install/self_driving:/opt/ros/humble /usr/bin/cmake --install /home/an/ros2_ws/build/turtlebot3_description
[1.924s] -- Install configuration: ""
[1.929s] -- Up-to-date: /home/an/ros2_ws/install/turtlebot3_description/share/turtlebot3_description/meshes
[1.930s] -- Up-to-date: /home/an/ros2_ws/install/turtlebot3_description/share/turtlebot3_description/meshes/lidar_link.stl
[1.933s] -- Up-to-date: /home/an/ros2_ws/install/turtlebot3_description/share/turtlebot3_description/meshes/base_link.stl
[1.934s] -- Up-to-date: /home/an/ros2_ws/install/turtlebot3_description/share/turtlebot3_description/meshes/imu_link.stl
[1.935s] -- Up-to-date: /home/an/ros2_ws/install/turtlebot3_description/share/turtlebot3_description/meshes/wheel_right_link.stl
[1.937s] -- Up-to-date: /home/an/ros2_ws/install/turtlebot3_description/share/turtlebot3_description/meshes/caster_back_left_link.stl
[1.938s] -- Up-to-date: /home/an/ros2_ws/install/turtlebot3_description/share/turtlebot3_description/meshes/r200_link.dae
[1.940s] -- Up-to-date: /home/an/ros2_ws/install/turtlebot3_description/share/turtlebot3_description/meshes/caster_back_right_link.stl
[1.941s] -- Up-to-date: /home/an/ros2_ws/install/turtlebot3_description/share/turtlebot3_description/meshes/TB3-RPi-camera-mount.stl
[1.943s] -- Up-to-date: /home/an/ros2_ws/install/turtlebot3_description/share/turtlebot3_description/meshes/wheel_left_link.stl
[1.944s] -- Up-to-date: /home/an/ros2_ws/install/turtlebot3_description/share/turtlebot3_description/meshes/pi_cam_v3_link.stl
[1.945s] -- Up-to-date: /home/an/ros2_ws/install/turtlebot3_description/share/turtlebot3_description/urdf
[1.947s] -- Up-to-date: /home/an/ros2_ws/install/turtlebot3_description/share/turtlebot3_description/urdf/turtlebot3_waffle.urdf.xacro
[1.948s] -- Up-to-date: /home/an/ros2_ws/install/turtlebot3_description/share/turtlebot3_description/urdf/gazebo_control.xacro
[1.950s] -- Up-to-date: /home/an/ros2_ws/install/turtlebot3_description/share/turtlebot3_description/urdf/turtlebot3_waffle_ros2_control.xacro
[1.951s] -- Up-to-date: /home/an/ros2_ws/install/turtlebot3_description/share/turtlebot3_description/urdf/turtlebot3_waffle.gazebo.xacro
[1.953s] -- Up-to-date: /home/an/ros2_ws/install/turtlebot3_description/share/turtlebot3_description/urdf/common_properties.xacro
[1.954s] -- Up-to-date: /home/an/ros2_ws/install/turtlebot3_description/share/turtlebot3_description/launch
[1.954s] -- Up-to-date: /home/an/ros2_ws/install/turtlebot3_description/share/turtlebot3_description/launch/gzserver.launch.py
[1.957s] -- Up-to-date: /home/an/ros2_ws/install/turtlebot3_description/share/turtlebot3_description/launch/joystick_teleop.launch.py
[1.958s] -- Up-to-date: /home/an/ros2_ws/install/turtlebot3_description/share/turtlebot3_description/launch/display.launch.py
[1.958s] -- Up-to-date: /home/an/ros2_ws/install/turtlebot3_description/share/turtlebot3_description/launch/gazebo.launch.py
[1.959s] -- Up-to-date: /home/an/ros2_ws/install/turtlebot3_description/share/turtlebot3_description/rviz
[1.959s] -- Up-to-date: /home/an/ros2_ws/install/turtlebot3_description/share/turtlebot3_description/rviz/main.rviz
[1.964s] -- Up-to-date: /home/an/ros2_ws/install/turtlebot3_description/share/turtlebot3_description/rviz/display.rviz
[1.965s] -- Up-to-date: /home/an/ros2_ws/install/turtlebot3_description/share/turtlebot3_description/rviz/control.rviz
[1.965s] -- Up-to-date: /home/an/ros2_ws/install/turtlebot3_description/share/turtlebot3_description/gazebo_world
[1.966s] -- Up-to-date: /home/an/ros2_ws/install/turtlebot3_description/share/turtlebot3_description/gazebo_world/test_laser_world
[1.966s] -- Up-to-date: /home/an/ros2_ws/install/turtlebot3_description/share/turtlebot3_description/gazebo_world/test_maze
[1.966s] -- Up-to-date: /home/an/ros2_ws/install/turtlebot3_description/share/turtlebot3_description/gazebo_world/empty
[1.967s] -- Up-to-date: /home/an/ros2_ws/install/turtlebot3_description/share/turtlebot3_description/gazebo_world/small_maze
[1.968s] -- Up-to-date: /home/an/ros2_ws/install/turtlebot3_description/share/turtlebot3_description/gazebo_world/hanh_lang
[1.975s] -- Up-to-date: /home/an/ros2_ws/install/turtlebot3_description/share/turtlebot3_description/gazebo_world/empty_world
[1.976s] -- Up-to-date: /home/an/ros2_ws/install/turtlebot3_description/share/turtlebot3_description/models
[1.977s] -- Up-to-date: /home/an/ros2_ws/install/turtlebot3_description/share/turtlebot3_description/models/sun
[1.978s] -- Up-to-date: /home/an/ros2_ws/install/turtlebot3_description/share/turtlebot3_description/models/sun/model.sdf
[1.979s] -- Up-to-date: /home/an/ros2_ws/install/turtlebot3_description/share/turtlebot3_description/models/sun/model.config
[1.980s] -- Up-to-date: /home/an/ros2_ws/install/turtlebot3_description/share/turtlebot3_description/models/sun/model-1_4.sdf
[1.980s] -- Up-to-date: /home/an/ros2_ws/install/turtlebot3_description/share/turtlebot3_description/models/sun/model-1_3.sdf
[1.981s] -- Up-to-date: /home/an/ros2_ws/install/turtlebot3_description/share/turtlebot3_description/models/sun/model-1_2.sdf
[1.981s] -- Up-to-date: /home/an/ros2_ws/install/turtlebot3_description/share/turtlebot3_description/models/ground_plane
[1.982s] -- Up-to-date: /home/an/ros2_ws/install/turtlebot3_description/share/turtlebot3_description/models/ground_plane/model.sdf
[1.982s] -- Up-to-date: /home/an/ros2_ws/install/turtlebot3_description/share/turtlebot3_description/models/ground_plane/model.config
[1.992s] -- Up-to-date: /home/an/ros2_ws/install/turtlebot3_description/share/turtlebot3_description/models/ground_plane/model-1_4.sdf
[1.992s] -- Up-to-date: /home/an/ros2_ws/install/turtlebot3_description/share/turtlebot3_description/models/ground_plane/model-1_3.sdf
[1.993s] -- Up-to-date: /home/an/ros2_ws/install/turtlebot3_description/share/turtlebot3_description/models/ground_plane/model-1_2.sdf
[1.994s] -- Up-to-date: /home/an/ros2_ws/install/turtlebot3_description/share/ament_index/resource_index/package_run_dependencies/turtlebot3_description
[1.994s] -- Up-to-date: /home/an/ros2_ws/install/turtlebot3_description/share/ament_index/resource_index/parent_prefix_path/turtlebot3_description
[1.995s] -- Up-to-date: /home/an/ros2_ws/install/turtlebot3_description/share/turtlebot3_description/environment/ament_prefix_path.sh
[1.995s] -- Up-to-date: /home/an/ros2_ws/install/turtlebot3_description/share/turtlebot3_description/environment/ament_prefix_path.dsv
[1.996s] -- Up-to-date: /home/an/ros2_ws/install/turtlebot3_description/share/turtlebot3_description/environment/path.sh
[1.996s] -- Up-to-date: /home/an/ros2_ws/install/turtlebot3_description/share/turtlebot3_description/environment/path.dsv
[1.997s] -- Up-to-date: /home/an/ros2_ws/install/turtlebot3_description/share/turtlebot3_description/local_setup.bash
[1.997s] -- Up-to-date: /home/an/ros2_ws/install/turtlebot3_description/share/turtlebot3_description/local_setup.sh
[1.998s] -- Up-to-date: /home/an/ros2_ws/install/turtlebot3_description/share/turtlebot3_description/local_setup.zsh
[1.998s] -- Up-to-date: /home/an/ros2_ws/install/turtlebot3_description/share/turtlebot3_description/local_setup.dsv
[1.999s] -- Installing: /home/an/ros2_ws/install/turtlebot3_description/share/turtlebot3_description/package.dsv
[2.006s] -- Up-to-date: /home/an/ros2_ws/install/turtlebot3_description/share/ament_index/resource_index/packages/turtlebot3_description
[2.007s] -- Up-to-date: /home/an/ros2_ws/install/turtlebot3_description/share/turtlebot3_description/cmake/turtlebot3_descriptionConfig.cmake
[2.010s] -- Up-to-date: /home/an/ros2_ws/install/turtlebot3_description/share/turtlebot3_description/cmake/turtlebot3_descriptionConfig-version.cmake
[2.041s] -- Up-to-date: /home/an/ros2_ws/install/turtlebot3_description/share/turtlebot3_description/package.xml
[2.043s] Invoked command in '/home/an/ros2_ws/build/turtlebot3_description' returned '0': CMAKE_PREFIX_PATH=/home/an/ros2_ws/install/self_driving:/opt/ros/humble /usr/bin/cmake --install /home/an/ros2_ws/build/turtlebot3_description
