[3.584s] Invoking command in '/home/an/ros2_ws/src/self_driving': PYTHONPATH=/home/an/ros2_ws/build/self_driving/prefix_override:/home/an/ros2_ws/install/self_driving/lib/python3.10/site-packages:${PYTHONPATH} /usr/bin/python3 -W ignore:setup.py install is deprecated setup.py egg_info --egg-base ../../build/self_driving build --build-base /home/an/ros2_ws/build/self_driving/build install --record /home/an/ros2_ws/build/self_driving/install.log --single-version-externally-managed install_data
[4.681s] running egg_info
[4.684s] writing ../../build/self_driving/self_driving.egg-info/PKG-INFO
[4.688s] writing dependency_links to ../../build/self_driving/self_driving.egg-info/dependency_links.txt
[4.690s] writing entry points to ../../build/self_driving/self_driving.egg-info/entry_points.txt
[4.691s] writing requirements to ../../build/self_driving/self_driving.egg-info/requires.txt
[4.692s] writing top-level names to ../../build/self_driving/self_driving.egg-info/top_level.txt
[4.705s] reading manifest file '../../build/self_driving/self_driving.egg-info/SOURCES.txt'
[4.710s] adding license file 'LICENSE'
[4.715s] writing manifest file '../../build/self_driving/self_driving.egg-info/SOURCES.txt'
[4.715s] running build
[4.715s] running build_py
[4.720s] copying self_driving/drive_BOT.py -> /home/an/ros2_ws/build/self_driving/build/lib/self_driving
[4.721s] copying self_driving/traffic_signal.py -> /home/an/ros2_ws/build/self_driving/build/lib/self_driving
[4.734s] running install
[4.735s] running install_lib
[4.739s] copying /home/an/ros2_ws/build/self_driving/build/lib/self_driving/drive_BOT.py -> /home/an/ros2_ws/install/self_driving/lib/python3.10/site-packages/self_driving
[4.740s] copying /home/an/ros2_ws/build/self_driving/build/lib/self_driving/traffic_signal.py -> /home/an/ros2_ws/install/self_driving/lib/python3.10/site-packages/self_driving
[4.748s] byte-compiling /home/an/ros2_ws/install/self_driving/lib/python3.10/site-packages/self_driving/drive_BOT.py to drive_BOT.cpython-310.pyc
[4.753s] byte-compiling /home/an/ros2_ws/install/self_driving/lib/python3.10/site-packages/self_driving/traffic_signal.py to traffic_signal.cpython-310.pyc
[4.764s] running install_data
[4.765s] running install_egg_info
[4.772s] removing '/home/an/ros2_ws/install/self_driving/lib/python3.10/site-packages/self_driving-0.0.0-py3.10.egg-info' (and everything under it)
[4.776s] Copying ../../build/self_driving/self_driving.egg-info to /home/an/ros2_ws/install/self_driving/lib/python3.10/site-packages/self_driving-0.0.0-py3.10.egg-info
[4.783s] running install_scripts
[4.875s] Installing cam_node script to /home/an/ros2_ws/install/self_driving/lib/self_driving
[4.876s] Installing computer_vision_node script to /home/an/ros2_ws/install/self_driving/lib/self_driving
[4.877s] Installing driving_node script to /home/an/ros2_ws/install/self_driving/lib/self_driving
[4.878s] Installing recorder_node script to /home/an/ros2_ws/install/self_driving/lib/self_driving
[4.879s] Installing start_node script to /home/an/ros2_ws/install/self_driving/lib/self_driving
[4.880s] Installing traffic_signal_node script to /home/an/ros2_ws/install/self_driving/lib/self_driving
[4.881s] Installing vel_wheel_node script to /home/an/ros2_ws/install/self_driving/lib/self_driving
[4.885s] writing list of installed files to '/home/an/ros2_ws/build/self_driving/install.log'
[5.018s] Invoked command in '/home/an/ros2_ws/src/self_driving' returned '0': PYTHONPATH=/home/an/ros2_ws/build/self_driving/prefix_override:/home/an/ros2_ws/install/self_driving/lib/python3.10/site-packages:${PYTHONPATH} /usr/bin/python3 -W ignore:setup.py install is deprecated setup.py egg_info --egg-base ../../build/self_driving build --build-base /home/an/ros2_ws/build/self_driving/build install --record /home/an/ros2_ws/build/self_driving/install.log --single-version-externally-managed install_data
