[35m[1mConsolidate compiler generated dependencies of target diffdrive_esp32[0m
[100%] Built target diffdrive_esp32
-- Install configuration: ""
-- Up-to-date: /home/an/ros2_ws/install/diffdrive_esp32/share/diffdrive_esp32/diffdrive_esp32.xml
-- Up-to-date: /home/an/ros2_ws/install/diffdrive_esp32/include/diffdrive_esp32
-- Up-to-date: /home/an/ros2_ws/install/diffdrive_esp32/include/diffdrive_esp32/diffdrive_esp32
-- Installing: /home/an/ros2_ws/install/diffdrive_esp32/include/diffdrive_esp32/diffdrive_esp32/esp32_comms.hpp
-- Up-to-date: /home/an/ros2_ws/install/diffdrive_esp32/include/diffdrive_esp32/diffdrive_esp32/visibility_control.h
-- Up-to-date: /home/an/ros2_ws/install/diffdrive_esp32/include/diffdrive_esp32/diffdrive_esp32/wheel.hpp
-- Up-to-date: /home/an/ros2_ws/install/diffdrive_esp32/include/diffdrive_esp32/diffdrive_esp32/diffbot_system.hpp
-- Installing: /home/an/ros2_ws/install/diffdrive_esp32/lib/libdiffdrive_esp32.so
-- Set runtime path of "/home/an/ros2_ws/install/diffdrive_esp32/lib/libdiffdrive_esp32.so" to ""
-- Up-to-date: /home/an/ros2_ws/install/diffdrive_esp32/share/diffdrive_esp32/environment/library_path.sh
-- Up-to-date: /home/an/ros2_ws/install/diffdrive_esp32/share/diffdrive_esp32/environment/library_path.dsv
-- Up-to-date: /home/an/ros2_ws/install/diffdrive_esp32/share/ament_index/resource_index/package_run_dependencies/diffdrive_esp32
-- Up-to-date: /home/an/ros2_ws/install/diffdrive_esp32/share/ament_index/resource_index/parent_prefix_path/diffdrive_esp32
-- Up-to-date: /home/an/ros2_ws/install/diffdrive_esp32/share/diffdrive_esp32/environment/ament_prefix_path.sh
-- Up-to-date: /home/an/ros2_ws/install/diffdrive_esp32/share/diffdrive_esp32/environment/ament_prefix_path.dsv
-- Up-to-date: /home/an/ros2_ws/install/diffdrive_esp32/share/diffdrive_esp32/environment/path.sh
-- Up-to-date: /home/an/ros2_ws/install/diffdrive_esp32/share/diffdrive_esp32/environment/path.dsv
-- Up-to-date: /home/an/ros2_ws/install/diffdrive_esp32/share/diffdrive_esp32/local_setup.bash
-- Up-to-date: /home/an/ros2_ws/install/diffdrive_esp32/share/diffdrive_esp32/local_setup.sh
-- Up-to-date: /home/an/ros2_ws/install/diffdrive_esp32/share/diffdrive_esp32/local_setup.zsh
-- Up-to-date: /home/an/ros2_ws/install/diffdrive_esp32/share/diffdrive_esp32/local_setup.dsv
-- Installing: /home/an/ros2_ws/install/diffdrive_esp32/share/diffdrive_esp32/package.dsv
-- Up-to-date: /home/an/ros2_ws/install/diffdrive_esp32/share/ament_index/resource_index/packages/diffdrive_esp32
-- Up-to-date: /home/an/ros2_ws/install/diffdrive_esp32/share/ament_index/resource_index/hardware_interface__pluginlib__plugin/diffdrive_esp32
-- Up-to-date: /home/an/ros2_ws/install/diffdrive_esp32/share/diffdrive_esp32/cmake/export_diffdrive_esp32Export.cmake
-- Up-to-date: /home/an/ros2_ws/install/diffdrive_esp32/share/diffdrive_esp32/cmake/export_diffdrive_esp32Export-noconfig.cmake
-- Up-to-date: /home/an/ros2_ws/install/diffdrive_esp32/share/diffdrive_esp32/cmake/ament_cmake_export_targets-extras.cmake
-- Up-to-date: /home/an/ros2_ws/install/diffdrive_esp32/share/diffdrive_esp32/cmake/ament_cmake_export_dependencies-extras.cmake
-- Up-to-date: /home/an/ros2_ws/install/diffdrive_esp32/share/diffdrive_esp32/cmake/diffdrive_esp32Config.cmake
-- Up-to-date: /home/an/ros2_ws/install/diffdrive_esp32/share/diffdrive_esp32/cmake/diffdrive_esp32Config-version.cmake
-- Up-to-date: /home/an/ros2_ws/install/diffdrive_esp32/share/diffdrive_esp32/package.xml
