[2.882s] Invoking command in '/home/an/ros2_ws/src/self_driving': PYTHONPATH=/home/an/ros2_ws/build/self_driving/prefix_override:/home/an/ros2_ws/install/self_driving/lib/python3.10/site-packages:${PYTHONPATH} /usr/bin/python3 -W ignore:setup.py install is deprecated setup.py egg_info --egg-base ../../build/self_driving build --build-base /home/an/ros2_ws/build/self_driving/build install --record /home/an/ros2_ws/build/self_driving/install.log --single-version-externally-managed install_data
[3.876s] running egg_info
[3.878s] writing ../../build/self_driving/self_driving.egg-info/PKG-INFO
[3.883s] writing dependency_links to ../../build/self_driving/self_driving.egg-info/dependency_links.txt
[3.884s] writing entry points to ../../build/self_driving/self_driving.egg-info/entry_points.txt
[3.885s] writing requirements to ../../build/self_driving/self_driving.egg-info/requires.txt
[3.886s] writing top-level names to ../../build/self_driving/self_driving.egg-info/top_level.txt
[3.898s] reading manifest file '../../build/self_driving/self_driving.egg-info/SOURCES.txt'
[3.902s] adding license file 'LICENSE'
[3.905s] writing manifest file '../../build/self_driving/self_driving.egg-info/SOURCES.txt'
[3.906s] running build
[3.906s] running build_py
[3.909s] copying self_driving/wheel_left_right.py -> /home/an/ros2_ws/build/self_driving/build/lib/self_driving
[3.911s] copying self_driving/Finger_counter_node.py -> /home/an/ros2_ws/build/self_driving/build/lib/self_driving
[3.921s] running install
[3.922s] running install_lib
[3.926s] copying /home/an/ros2_ws/build/self_driving/build/lib/self_driving/wheel_left_right.py -> /home/an/ros2_ws/install/self_driving/lib/python3.10/site-packages/self_driving
[3.931s] copying /home/an/ros2_ws/build/self_driving/build/lib/self_driving/Finger_counter_node.py -> /home/an/ros2_ws/install/self_driving/lib/python3.10/site-packages/self_driving
[3.935s] byte-compiling /home/an/ros2_ws/install/self_driving/lib/python3.10/site-packages/self_driving/wheel_left_right.py to wheel_left_right.cpython-310.pyc
[3.941s] byte-compiling /home/an/ros2_ws/install/self_driving/lib/python3.10/site-packages/self_driving/Finger_counter_node.py to Finger_counter_node.cpython-310.pyc
[3.946s] running install_data
[3.948s] running install_egg_info
[3.955s] removing '/home/an/ros2_ws/install/self_driving/lib/python3.10/site-packages/self_driving-0.0.0-py3.10.egg-info' (and everything under it)
[3.958s] Copying ../../build/self_driving/self_driving.egg-info to /home/an/ros2_ws/install/self_driving/lib/python3.10/site-packages/self_driving-0.0.0-py3.10.egg-info
[3.969s] running install_scripts
[4.049s] Installing Finger_counter_node script to /home/an/ros2_ws/install/self_driving/lib/self_driving
[4.053s] Installing cam_node script to /home/an/ros2_ws/install/self_driving/lib/self_driving
[4.054s] Installing computer_vision_node script to /home/an/ros2_ws/install/self_driving/lib/self_driving
[4.054s] Installing driving_node script to /home/an/ros2_ws/install/self_driving/lib/self_driving
[4.055s] Installing recorder_node script to /home/an/ros2_ws/install/self_driving/lib/self_driving
[4.056s] Installing start_node script to /home/an/ros2_ws/install/self_driving/lib/self_driving
[4.056s] Installing traffic_signal_node script to /home/an/ros2_ws/install/self_driving/lib/self_driving
[4.057s] Installing vel_wheel_node script to /home/an/ros2_ws/install/self_driving/lib/self_driving
[4.058s] Installing yolo_node script to /home/an/ros2_ws/install/self_driving/lib/self_driving
[4.063s] writing list of installed files to '/home/an/ros2_ws/build/self_driving/install.log'
[4.175s] Invoked command in '/home/an/ros2_ws/src/self_driving' returned '0': PYTHONPATH=/home/an/ros2_ws/build/self_driving/prefix_override:/home/an/ros2_ws/install/self_driving/lib/python3.10/site-packages:${PYTHONPATH} /usr/bin/python3 -W ignore:setup.py install is deprecated setup.py egg_info --egg-base ../../build/self_driving build --build-base /home/an/ros2_ws/build/self_driving/build install --record /home/an/ros2_ws/build/self_driving/install.log --single-version-externally-managed install_data
