[2.926s] Invoking command in '/home/an/ros2_ws/src/self_driving': PYTHONPATH=/home/an/ros2_ws/build/self_driving/prefix_override:/home/an/ros2_ws/install/self_driving/lib/python3.10/site-packages:${PYTHONPATH} /usr/bin/python3 -W ignore:setup.py install is deprecated setup.py egg_info --egg-base ../../build/self_driving build --build-base /home/an/ros2_ws/build/self_driving/build install --record /home/an/ros2_ws/build/self_driving/install.log --single-version-externally-managed install_data
[4.048s] running egg_info
[4.051s] writing ../../build/self_driving/self_driving.egg-info/PKG-INFO
[4.052s] writing dependency_links to ../../build/self_driving/self_driving.egg-info/dependency_links.txt
[4.053s] writing entry points to ../../build/self_driving/self_driving.egg-info/entry_points.txt
[4.054s] writing requirements to ../../build/self_driving/self_driving.egg-info/requires.txt
[4.055s] writing top-level names to ../../build/self_driving/self_driving.egg-info/top_level.txt
[4.066s] reading manifest file '../../build/self_driving/self_driving.egg-info/SOURCES.txt'
[4.068s] adding license file 'LICENSE'
[4.073s] writing manifest file '../../build/self_driving/self_driving.egg-info/SOURCES.txt'
[4.074s] running build
[4.074s] running build_py
[4.076s] copying self_driving/hand_control_node.py -> /home/an/ros2_ws/build/self_driving/build/lib/self_driving
[4.084s] running install
[4.085s] running install_lib
[4.093s] copying /home/an/ros2_ws/build/self_driving/build/lib/self_driving/hand_control_node.py -> /home/an/ros2_ws/install/self_driving/lib/python3.10/site-packages/self_driving
[4.100s] byte-compiling /home/an/ros2_ws/install/self_driving/lib/python3.10/site-packages/self_driving/hand_control_node.py to hand_control_node.cpython-310.pyc
[4.108s] running install_data
[4.108s] running install_egg_info
[4.115s] removing '/home/an/ros2_ws/install/self_driving/lib/python3.10/site-packages/self_driving-0.0.0-py3.10.egg-info' (and everything under it)
[4.117s] Copying ../../build/self_driving/self_driving.egg-info to /home/an/ros2_ws/install/self_driving/lib/python3.10/site-packages/self_driving-0.0.0-py3.10.egg-info
[4.123s] running install_scripts
[4.214s] Installing cam_node script to /home/an/ros2_ws/install/self_driving/lib/self_driving
[4.215s] Installing computer_vision_node script to /home/an/ros2_ws/install/self_driving/lib/self_driving
[4.215s] Installing driving_node script to /home/an/ros2_ws/install/self_driving/lib/self_driving
[4.216s] Installing hand_control_node script to /home/an/ros2_ws/install/self_driving/lib/self_driving
[4.217s] Installing pose_node script to /home/an/ros2_ws/install/self_driving/lib/self_driving
[4.218s] Installing recorder_node script to /home/an/ros2_ws/install/self_driving/lib/self_driving
[4.218s] Installing start_node script to /home/an/ros2_ws/install/self_driving/lib/self_driving
[4.219s] Installing traffic_signal_node script to /home/an/ros2_ws/install/self_driving/lib/self_driving
[4.220s] Installing vel_wheel_node script to /home/an/ros2_ws/install/self_driving/lib/self_driving
[4.221s] Installing yolo_node script to /home/an/ros2_ws/install/self_driving/lib/self_driving
[4.225s] writing list of installed files to '/home/an/ros2_ws/build/self_driving/install.log'
[4.360s] Invoked command in '/home/an/ros2_ws/src/self_driving' returned '0': PYTHONPATH=/home/an/ros2_ws/build/self_driving/prefix_override:/home/an/ros2_ws/install/self_driving/lib/python3.10/site-packages:${PYTHONPATH} /usr/bin/python3 -W ignore:setup.py install is deprecated setup.py egg_info --egg-base ../../build/self_driving build --build-base /home/an/ros2_ws/build/self_driving/build install --record /home/an/ros2_ws/build/self_driving/install.log --single-version-externally-managed install_data
