[3.015s] Invoking command in '/home/an/ros2_ws/src/self_driving': PYTHONPATH=/home/an/ros2_ws/build/self_driving/prefix_override:/home/an/ros2_ws/install/self_driving/lib/python3.10/site-packages:${PYTHONPATH} /usr/bin/python3 -W ignore:setup.py install is deprecated setup.py egg_info --egg-base ../../build/self_driving build --build-base /home/an/ros2_ws/build/self_driving/build install --record /home/an/ros2_ws/build/self_driving/install.log --single-version-externally-managed install_data
[3.911s] running egg_info
[3.913s] writing ../../build/self_driving/self_driving.egg-info/PKG-INFO
[3.918s] writing dependency_links to ../../build/self_driving/self_driving.egg-info/dependency_links.txt
[3.919s] writing entry points to ../../build/self_driving/self_driving.egg-info/entry_points.txt
[3.920s] writing requirements to ../../build/self_driving/self_driving.egg-info/requires.txt
[3.921s] writing top-level names to ../../build/self_driving/self_driving.egg-info/top_level.txt
[3.935s] reading manifest file '../../build/self_driving/self_driving.egg-info/SOURCES.txt'
[3.937s] adding license file 'LICENSE'
[3.941s] writing manifest file '../../build/self_driving/self_driving.egg-info/SOURCES.txt'
[3.941s] running build
[3.941s] running build_py
[3.947s] copying self_driving/config/config.py -> /home/an/ros2_ws/build/self_driving/build/lib/self_driving/config
[3.954s] running install
[3.956s] running install_lib
[3.970s] copying /home/an/ros2_ws/build/self_driving/build/lib/self_driving/config/config.py -> /home/an/ros2_ws/install/self_driving/lib/python3.10/site-packages/self_driving/config
[3.978s] byte-compiling /home/an/ros2_ws/install/self_driving/lib/python3.10/site-packages/self_driving/config/config.py to config.cpython-310.pyc
[3.980s] running install_data
[3.982s] running install_egg_info
[3.989s] removing '/home/an/ros2_ws/install/self_driving/lib/python3.10/site-packages/self_driving-0.0.0-py3.10.egg-info' (and everything under it)
[3.994s] Copying ../../build/self_driving/self_driving.egg-info to /home/an/ros2_ws/install/self_driving/lib/python3.10/site-packages/self_driving-0.0.0-py3.10.egg-info
[4.000s] running install_scripts
[4.077s] Installing cam_node script to /home/an/ros2_ws/install/self_driving/lib/self_driving
[4.081s] Installing computer_vision_node script to /home/an/ros2_ws/install/self_driving/lib/self_driving
[4.082s] Installing driving_node script to /home/an/ros2_ws/install/self_driving/lib/self_driving
[4.083s] Installing recorder_node script to /home/an/ros2_ws/install/self_driving/lib/self_driving
[4.084s] Installing vel_wheel_node script to /home/an/ros2_ws/install/self_driving/lib/self_driving
[4.089s] writing list of installed files to '/home/an/ros2_ws/build/self_driving/install.log'
[4.200s] Invoked command in '/home/an/ros2_ws/src/self_driving' returned '0': PYTHONPATH=/home/an/ros2_ws/build/self_driving/prefix_override:/home/an/ros2_ws/install/self_driving/lib/python3.10/site-packages:${PYTHONPATH} /usr/bin/python3 -W ignore:setup.py install is deprecated setup.py egg_info --egg-base ../../build/self_driving build --build-base /home/an/ros2_ws/build/self_driving/build install --record /home/an/ros2_ws/build/self_driving/install.log --single-version-externally-managed install_data
