[2.898s] Invoking command in '/home/an/ros2_ws/src/self_driving': PYTHONPATH=/home/an/ros2_ws/build/self_driving/prefix_override:/home/an/ros2_ws/install/self_driving/lib/python3.10/site-packages:${PYTHONPATH} /usr/bin/python3 -W ignore:setup.py install is deprecated setup.py egg_info --egg-base ../../build/self_driving build --build-base /home/an/ros2_ws/build/self_driving/build install --record /home/an/ros2_ws/build/self_driving/install.log --single-version-externally-managed install_data
[4.160s] running egg_info
[4.165s] writing ../../build/self_driving/self_driving.egg-info/PKG-INFO
[4.166s] writing dependency_links to ../../build/self_driving/self_driving.egg-info/dependency_links.txt
[4.167s] writing entry points to ../../build/self_driving/self_driving.egg-info/entry_points.txt
[4.168s] writing requirements to ../../build/self_driving/self_driving.egg-info/requires.txt
[4.169s] writing top-level names to ../../build/self_driving/self_driving.egg-info/top_level.txt
[4.180s] reading manifest file '../../build/self_driving/self_driving.egg-info/SOURCES.txt'
[4.182s] adding license file 'LICENSE'
[4.186s] writing manifest file '../../build/self_driving/self_driving.egg-info/SOURCES.txt'
[4.187s] running build
[4.187s] running build_py
[4.189s] copying self_driving/drive_BOT.py -> /home/an/ros2_ws/build/self_driving/build/lib/self_driving
[4.201s] running install
[4.202s] running install_lib
[4.206s] copying /home/an/ros2_ws/build/self_driving/build/lib/self_driving/drive_BOT.py -> /home/an/ros2_ws/install/self_driving/lib/python3.10/site-packages/self_driving
[4.215s] byte-compiling /home/an/ros2_ws/install/self_driving/lib/python3.10/site-packages/self_driving/drive_BOT.py to drive_BOT.cpython-310.pyc
[4.222s] running install_data
[4.223s] running install_egg_info
[4.234s] removing '/home/an/ros2_ws/install/self_driving/lib/python3.10/site-packages/self_driving-0.0.0-py3.10.egg-info' (and everything under it)
[4.236s] Copying ../../build/self_driving/self_driving.egg-info to /home/an/ros2_ws/install/self_driving/lib/python3.10/site-packages/self_driving-0.0.0-py3.10.egg-info
[4.243s] running install_scripts
[4.346s] Installing cam_node script to /home/an/ros2_ws/install/self_driving/lib/self_driving
[4.347s] Installing computer_vision_node script to /home/an/ros2_ws/install/self_driving/lib/self_driving
[4.348s] Installing driving_node script to /home/an/ros2_ws/install/self_driving/lib/self_driving
[4.349s] Installing recorder_node script to /home/an/ros2_ws/install/self_driving/lib/self_driving
[4.350s] Installing start_node script to /home/an/ros2_ws/install/self_driving/lib/self_driving
[4.351s] Installing traffic_signal_node script to /home/an/ros2_ws/install/self_driving/lib/self_driving
[4.353s] Installing vel_wheel_node script to /home/an/ros2_ws/install/self_driving/lib/self_driving
[4.357s] writing list of installed files to '/home/an/ros2_ws/build/self_driving/install.log'
[4.520s] Invoked command in '/home/an/ros2_ws/src/self_driving' returned '0': PYTHONPATH=/home/an/ros2_ws/build/self_driving/prefix_override:/home/an/ros2_ws/install/self_driving/lib/python3.10/site-packages:${PYTHONPATH} /usr/bin/python3 -W ignore:setup.py install is deprecated setup.py egg_info --egg-base ../../build/self_driving build --build-base /home/an/ros2_ws/build/self_driving/build install --record /home/an/ros2_ws/build/self_driving/install.log --single-version-externally-managed install_data
