[3.486s] Invoking command in '/home/an/ros2_ws/src/self_driving': PYTHONPATH=/home/an/ros2_ws/build/self_driving/prefix_override:/home/an/ros2_ws/install/self_driving/lib/python3.10/site-packages:${PYTHONPATH} /usr/bin/python3 -W ignore:setup.py install is deprecated setup.py egg_info --egg-base ../../build/self_driving build --build-base /home/an/ros2_ws/build/self_driving/build install --record /home/an/ros2_ws/build/self_driving/install.log --single-version-externally-managed install_data
[4.594s] running egg_info
[4.597s] writing ../../build/self_driving/self_driving.egg-info/PKG-INFO
[4.602s] writing dependency_links to ../../build/self_driving/self_driving.egg-info/dependency_links.txt
[4.603s] writing entry points to ../../build/self_driving/self_driving.egg-info/entry_points.txt
[4.604s] writing requirements to ../../build/self_driving/self_driving.egg-info/requires.txt
[4.604s] writing top-level names to ../../build/self_driving/self_driving.egg-info/top_level.txt
[4.616s] reading manifest file '../../build/self_driving/self_driving.egg-info/SOURCES.txt'
[4.626s] adding license file 'LICENSE'
[4.631s] writing manifest file '../../build/self_driving/self_driving.egg-info/SOURCES.txt'
[4.632s] running build
[4.632s] running build_py
[4.640s] copying self_driving/computer_vision_node.py -> /home/an/ros2_ws/build/self_driving/build/lib/self_driving
[4.641s] copying self_driving/traffic_signal.py -> /home/an/ros2_ws/build/self_driving/build/lib/self_driving
[4.652s] running install
[4.654s] running install_lib
[4.660s] copying /home/an/ros2_ws/build/self_driving/build/lib/self_driving/computer_vision_node.py -> /home/an/ros2_ws/install/self_driving/lib/python3.10/site-packages/self_driving
[4.662s] copying /home/an/ros2_ws/build/self_driving/build/lib/self_driving/traffic_signal.py -> /home/an/ros2_ws/install/self_driving/lib/python3.10/site-packages/self_driving
[4.670s] byte-compiling /home/an/ros2_ws/install/self_driving/lib/python3.10/site-packages/self_driving/computer_vision_node.py to computer_vision_node.cpython-310.pyc
[4.674s] byte-compiling /home/an/ros2_ws/install/self_driving/lib/python3.10/site-packages/self_driving/traffic_signal.py to traffic_signal.cpython-310.pyc
[4.684s] running install_data
[4.684s] running install_egg_info
[4.693s] removing '/home/an/ros2_ws/install/self_driving/lib/python3.10/site-packages/self_driving-0.0.0-py3.10.egg-info' (and everything under it)
[4.695s] Copying ../../build/self_driving/self_driving.egg-info to /home/an/ros2_ws/install/self_driving/lib/python3.10/site-packages/self_driving-0.0.0-py3.10.egg-info
[4.705s] running install_scripts
[4.796s] Installing cam_node script to /home/an/ros2_ws/install/self_driving/lib/self_driving
[4.797s] Installing computer_vision_node script to /home/an/ros2_ws/install/self_driving/lib/self_driving
[4.798s] Installing driving_node script to /home/an/ros2_ws/install/self_driving/lib/self_driving
[4.799s] Installing recorder_node script to /home/an/ros2_ws/install/self_driving/lib/self_driving
[4.800s] Installing start_node script to /home/an/ros2_ws/install/self_driving/lib/self_driving
[4.801s] Installing traffic_signal_node script to /home/an/ros2_ws/install/self_driving/lib/self_driving
[4.802s] Installing vel_wheel_node script to /home/an/ros2_ws/install/self_driving/lib/self_driving
[4.806s] writing list of installed files to '/home/an/ros2_ws/build/self_driving/install.log'
[4.936s] Invoked command in '/home/an/ros2_ws/src/self_driving' returned '0': PYTHONPATH=/home/an/ros2_ws/build/self_driving/prefix_override:/home/an/ros2_ws/install/self_driving/lib/python3.10/site-packages:${PYTHONPATH} /usr/bin/python3 -W ignore:setup.py install is deprecated setup.py egg_info --egg-base ../../build/self_driving build --build-base /home/an/ros2_ws/build/self_driving/build install --record /home/an/ros2_ws/build/self_driving/install.log --single-version-externally-managed install_data
