[0.058s] Invoking command in '/home/an/ros2_ws/build/turtlebot3_controller': CMAKE_PREFIX_PATH=${CMAKE_PREFIX_PATH}:/home/an/ros2_ws/install/vel_driver:/home/an/ros2_ws/install/test_pkg:/home/an/ros2_ws/install/self_driving:/opt/ros/humble /usr/bin/cmake --build /home/an/ros2_ws/build/turtlebot3_controller -- -j4 -l4
[0.433s] [35m[1mConsolidate compiler generated dependencies of target noisy_controller[0m
[0.434s] [35m[1mConsolidate compiler generated dependencies of target odom_publisher[0m
[0.443s] [35m[1mConsolidate compiler generated dependencies of target simple_controller[0m
[0.652s] [ 33%] Built target odom_publisher
[0.700s] [ 66%] Built target noisy_controller
[0.746s] [100%] Built target simple_controller
[0.759s] [100%] Built target ament_cmake_python_copy_turtlebot3_controller
[2.652s] running egg_info
[2.656s] writing turtlebot3_controller.egg-info/PKG-INFO
[2.659s] writing dependency_links to turtlebot3_controller.egg-info/dependency_links.txt
[2.662s] writing top-level names to turtlebot3_controller.egg-info/top_level.txt
[2.693s] reading manifest file 'turtlebot3_controller.egg-info/SOURCES.txt'
[2.708s] writing manifest file 'turtlebot3_controller.egg-info/SOURCES.txt'
[3.083s] [100%] Built target ament_cmake_python_build_turtlebot3_controller_egg
[3.156s] Invoked command in '/home/an/ros2_ws/build/turtlebot3_controller' returned '0': CMAKE_PREFIX_PATH=${CMAKE_PREFIX_PATH}:/home/an/ros2_ws/install/vel_driver:/home/an/ros2_ws/install/test_pkg:/home/an/ros2_ws/install/self_driving:/opt/ros/humble /usr/bin/cmake --build /home/an/ros2_ws/build/turtlebot3_controller -- -j4 -l4
[3.402s] Invoking command in '/home/an/ros2_ws/build/turtlebot3_controller': CMAKE_PREFIX_PATH=${CMAKE_PREFIX_PATH}:/home/an/ros2_ws/install/vel_driver:/home/an/ros2_ws/install/test_pkg:/home/an/ros2_ws/install/self_driving:/opt/ros/humble /usr/bin/cmake --install /home/an/ros2_ws/build/turtlebot3_controller
[3.462s] -- Install configuration: ""
[3.464s] -- Up-to-date: /home/an/ros2_ws/install/turtlebot3_controller/share/turtlebot3_controller/environment/pythonpath.sh
[3.467s] -- Up-to-date: /home/an/ros2_ws/install/turtlebot3_controller/share/turtlebot3_controller/environment/pythonpath.dsv
[3.468s] -- Up-to-date: /home/an/ros2_ws/install/turtlebot3_controller/local/lib/python3.10/dist-packages/turtlebot3_controller-0.0.0-py3.10.egg-info
[3.471s] -- Installing: /home/an/ros2_ws/install/turtlebot3_controller/local/lib/python3.10/dist-packages/turtlebot3_controller-0.0.0-py3.10.egg-info/SOURCES.txt
[3.480s] -- Installing: /home/an/ros2_ws/install/turtlebot3_controller/local/lib/python3.10/dist-packages/turtlebot3_controller-0.0.0-py3.10.egg-info/dependency_links.txt
[3.483s] -- Installing: /home/an/ros2_ws/install/turtlebot3_controller/local/lib/python3.10/dist-packages/turtlebot3_controller-0.0.0-py3.10.egg-info/PKG-INFO
[3.486s] -- Installing: /home/an/ros2_ws/install/turtlebot3_controller/local/lib/python3.10/dist-packages/turtlebot3_controller-0.0.0-py3.10.egg-info/top_level.txt
[3.489s] -- Up-to-date: /home/an/ros2_ws/install/turtlebot3_controller/local/lib/python3.10/dist-packages/turtlebot3_controller
[3.495s] -- Up-to-date: /home/an/ros2_ws/install/turtlebot3_controller/local/lib/python3.10/dist-packages/turtlebot3_controller/__init__.py
[3.496s] -- Up-to-date: /home/an/ros2_ws/install/turtlebot3_controller/local/lib/python3.10/dist-packages/turtlebot3_controller/simple_controller.py
[3.761s] Listing '/home/an/ros2_ws/install/turtlebot3_controller/local/lib/python3.10/dist-packages/turtlebot3_controller'...
[3.808s] -- Up-to-date: /home/an/ros2_ws/install/turtlebot3_controller/include/include
[3.814s] -- Up-to-date: /home/an/ros2_ws/install/turtlebot3_controller/include/include/turtlebot3_controller
[3.816s] -- Up-to-date: /home/an/ros2_ws/install/turtlebot3_controller/include/include/turtlebot3_controller/noisy_controller.hpp
[3.818s] -- Up-to-date: /home/an/ros2_ws/install/turtlebot3_controller/include/include/turtlebot3_controller/simple_controller.hpp
[3.819s] -- Up-to-date: /home/an/ros2_ws/install/turtlebot3_controller/include/include/turtlebot3_controller/odom_publisher.hpp
[3.827s] -- Up-to-date: /home/an/ros2_ws/install/turtlebot3_controller/lib/turtlebot3_controller/odom_publisher
[3.834s] -- Up-to-date: /home/an/ros2_ws/install/turtlebot3_controller/lib/turtlebot3_controller/simple_controller
[3.848s] -- Up-to-date: /home/an/ros2_ws/install/turtlebot3_controller/lib/turtlebot3_controller/noisy_controller
[3.851s] -- Up-to-date: /home/an/ros2_ws/install/turtlebot3_controller/share/turtlebot3_controller/config
[3.854s] -- Up-to-date: /home/an/ros2_ws/install/turtlebot3_controller/share/turtlebot3_controller/config/diff_drive_controllers.yaml
[3.856s] -- Up-to-date: /home/an/ros2_ws/install/turtlebot3_controller/share/turtlebot3_controller/launch
[3.859s] -- Up-to-date: /home/an/ros2_ws/install/turtlebot3_controller/share/turtlebot3_controller/launch/controller.launch.py
[3.860s] -- Up-to-date: /home/an/ros2_ws/install/turtlebot3_controller/share/turtlebot3_controller/launch/diff_drive_controller.launch.py
[3.862s] -- Up-to-date: /home/an/ros2_ws/install/turtlebot3_controller/share/turtlebot3_controller/launch/launch_robot_controller.launch.py
[3.864s] -- Up-to-date: /home/an/ros2_ws/install/turtlebot3_controller/lib/turtlebot3_controller/simple_controller.py
[3.866s] -- Up-to-date: /home/an/ros2_ws/install/turtlebot3_controller/share/ament_index/resource_index/package_run_dependencies/turtlebot3_controller
[3.876s] -- Up-to-date: /home/an/ros2_ws/install/turtlebot3_controller/share/ament_index/resource_index/parent_prefix_path/turtlebot3_controller
[3.877s] -- Up-to-date: /home/an/ros2_ws/install/turtlebot3_controller/share/turtlebot3_controller/environment/ament_prefix_path.sh
[3.879s] -- Up-to-date: /home/an/ros2_ws/install/turtlebot3_controller/share/turtlebot3_controller/environment/ament_prefix_path.dsv
[3.881s] -- Up-to-date: /home/an/ros2_ws/install/turtlebot3_controller/share/turtlebot3_controller/environment/path.sh
[3.883s] -- Up-to-date: /home/an/ros2_ws/install/turtlebot3_controller/share/turtlebot3_controller/environment/path.dsv
[3.884s] -- Up-to-date: /home/an/ros2_ws/install/turtlebot3_controller/share/turtlebot3_controller/local_setup.bash
[3.886s] -- Up-to-date: /home/an/ros2_ws/install/turtlebot3_controller/share/turtlebot3_controller/local_setup.sh
[3.888s] -- Up-to-date: /home/an/ros2_ws/install/turtlebot3_controller/share/turtlebot3_controller/local_setup.zsh
[3.890s] -- Up-to-date: /home/an/ros2_ws/install/turtlebot3_controller/share/turtlebot3_controller/local_setup.dsv
[3.891s] -- Installing: /home/an/ros2_ws/install/turtlebot3_controller/share/turtlebot3_controller/package.dsv
[3.897s] -- Up-to-date: /home/an/ros2_ws/install/turtlebot3_controller/share/ament_index/resource_index/packages/turtlebot3_controller
[3.900s] -- Up-to-date: /home/an/ros2_ws/install/turtlebot3_controller/share/turtlebot3_controller/cmake/turtlebot3_controllerConfig.cmake
[3.902s] -- Up-to-date: /home/an/ros2_ws/install/turtlebot3_controller/share/turtlebot3_controller/cmake/turtlebot3_controllerConfig-version.cmake
[3.908s] -- Up-to-date: /home/an/ros2_ws/install/turtlebot3_controller/share/turtlebot3_controller/package.xml
[3.920s] Invoked command in '/home/an/ros2_ws/build/turtlebot3_controller' returned '0': CMAKE_PREFIX_PATH=${CMAKE_PREFIX_PATH}:/home/an/ros2_ws/install/vel_driver:/home/an/ros2_ws/install/test_pkg:/home/an/ros2_ws/install/self_driving:/opt/ros/humble /usr/bin/cmake --install /home/an/ros2_ws/build/turtlebot3_controller
