[35m[1mConsolidate compiler generated dependencies of target odom_publisher[0m
[35m[1mConsolidate compiler generated dependencies of target simple_controller[0m
[35m[1mConsolidate compiler generated dependencies of target noisy_controller[0m
[  0%] Built target ament_cmake_python_copy_turtlebot3_controller
[ 33%] Built target simple_controller
[ 66%] Built target odom_publisher
[100%] Built target noisy_controller
running egg_info
writing turtlebot3_controller.egg-info/PKG-INFO
writing dependency_links to turtlebot3_controller.egg-info/dependency_links.txt
writing top-level names to turtlebot3_controller.egg-info/top_level.txt
reading manifest file 'turtlebot3_controller.egg-info/SOURCES.txt'
writing manifest file 'turtlebot3_controller.egg-info/SOURCES.txt'
[100%] Built target ament_cmake_python_build_turtlebot3_controller_egg
-- Install configuration: ""
-- Installing: /home/an/ros2_ws/install/turtlebot3_controller/share/turtlebot3_controller/environment/pythonpath.sh
-- Installing: /home/an/ros2_ws/install/turtlebot3_controller/share/turtlebot3_controller/environment/pythonpath.dsv
-- Installing: /home/an/ros2_ws/install/turtlebot3_controller/local/lib/python3.10/dist-packages/turtlebot3_controller-0.0.0-py3.10.egg-info
-- Installing: /home/an/ros2_ws/install/turtlebot3_controller/local/lib/python3.10/dist-packages/turtlebot3_controller-0.0.0-py3.10.egg-info/SOURCES.txt
-- Installing: /home/an/ros2_ws/install/turtlebot3_controller/local/lib/python3.10/dist-packages/turtlebot3_controller-0.0.0-py3.10.egg-info/dependency_links.txt
-- Installing: /home/an/ros2_ws/install/turtlebot3_controller/local/lib/python3.10/dist-packages/turtlebot3_controller-0.0.0-py3.10.egg-info/PKG-INFO
-- Installing: /home/an/ros2_ws/install/turtlebot3_controller/local/lib/python3.10/dist-packages/turtlebot3_controller-0.0.0-py3.10.egg-info/top_level.txt
-- Installing: /home/an/ros2_ws/install/turtlebot3_controller/local/lib/python3.10/dist-packages/turtlebot3_controller
-- Installing: /home/an/ros2_ws/install/turtlebot3_controller/local/lib/python3.10/dist-packages/turtlebot3_controller/__init__.py
-- Installing: /home/an/ros2_ws/install/turtlebot3_controller/local/lib/python3.10/dist-packages/turtlebot3_controller/simple_controller.py
Listing '/home/an/ros2_ws/install/turtlebot3_controller/local/lib/python3.10/dist-packages/turtlebot3_controller'...
Compiling '/home/an/ros2_ws/install/turtlebot3_controller/local/lib/python3.10/dist-packages/turtlebot3_controller/__init__.py'...
Compiling '/home/an/ros2_ws/install/turtlebot3_controller/local/lib/python3.10/dist-packages/turtlebot3_controller/simple_controller.py'...
-- Installing: /home/an/ros2_ws/install/turtlebot3_controller/include/include
-- Installing: /home/an/ros2_ws/install/turtlebot3_controller/include/include/turtlebot3_controller
-- Installing: /home/an/ros2_ws/install/turtlebot3_controller/include/include/turtlebot3_controller/noisy_controller.hpp
-- Installing: /home/an/ros2_ws/install/turtlebot3_controller/include/include/turtlebot3_controller/simple_controller.hpp
-- Installing: /home/an/ros2_ws/install/turtlebot3_controller/include/include/turtlebot3_controller/odom_publisher.hpp
-- Installing: /home/an/ros2_ws/install/turtlebot3_controller/lib/turtlebot3_controller/odom_publisher
-- Set runtime path of "/home/an/ros2_ws/install/turtlebot3_controller/lib/turtlebot3_controller/odom_publisher" to ""
-- Installing: /home/an/ros2_ws/install/turtlebot3_controller/lib/turtlebot3_controller/simple_controller
-- Set runtime path of "/home/an/ros2_ws/install/turtlebot3_controller/lib/turtlebot3_controller/simple_controller" to ""
-- Installing: /home/an/ros2_ws/install/turtlebot3_controller/lib/turtlebot3_controller/noisy_controller
-- Set runtime path of "/home/an/ros2_ws/install/turtlebot3_controller/lib/turtlebot3_controller/noisy_controller" to ""
-- Installing: /home/an/ros2_ws/install/turtlebot3_controller/share/turtlebot3_controller/config
-- Installing: /home/an/ros2_ws/install/turtlebot3_controller/share/turtlebot3_controller/config/turtlebot3_controllers.yaml
-- Installing: /home/an/ros2_ws/install/turtlebot3_controller/share/turtlebot3_controller/config/diff_drive_controllers.yaml
-- Installing: /home/an/ros2_ws/install/turtlebot3_controller/share/turtlebot3_controller/launch
-- Installing: /home/an/ros2_ws/install/turtlebot3_controller/share/turtlebot3_controller/launch/controller.launch.py
-- Installing: /home/an/ros2_ws/install/turtlebot3_controller/share/turtlebot3_controller/launch/diff_drive_controller.launch.py
-- Installing: /home/an/ros2_ws/install/turtlebot3_controller/share/turtlebot3_controller/launch/launch_robot_controller.launch.py
-- Installing: /home/an/ros2_ws/install/turtlebot3_controller/lib/turtlebot3_controller/simple_controller.py
-- Installing: /home/an/ros2_ws/install/turtlebot3_controller/share/ament_index/resource_index/package_run_dependencies/turtlebot3_controller
-- Installing: /home/an/ros2_ws/install/turtlebot3_controller/share/ament_index/resource_index/parent_prefix_path/turtlebot3_controller
-- Installing: /home/an/ros2_ws/install/turtlebot3_controller/share/turtlebot3_controller/environment/ament_prefix_path.sh
-- Installing: /home/an/ros2_ws/install/turtlebot3_controller/share/turtlebot3_controller/environment/ament_prefix_path.dsv
-- Installing: /home/an/ros2_ws/install/turtlebot3_controller/share/turtlebot3_controller/environment/path.sh
-- Installing: /home/an/ros2_ws/install/turtlebot3_controller/share/turtlebot3_controller/environment/path.dsv
-- Installing: /home/an/ros2_ws/install/turtlebot3_controller/share/turtlebot3_controller/local_setup.bash
-- Installing: /home/an/ros2_ws/install/turtlebot3_controller/share/turtlebot3_controller/local_setup.sh
-- Installing: /home/an/ros2_ws/install/turtlebot3_controller/share/turtlebot3_controller/local_setup.zsh
-- Installing: /home/an/ros2_ws/install/turtlebot3_controller/share/turtlebot3_controller/local_setup.dsv
-- Installing: /home/an/ros2_ws/install/turtlebot3_controller/share/turtlebot3_controller/package.dsv
-- Installing: /home/an/ros2_ws/install/turtlebot3_controller/share/ament_index/resource_index/packages/turtlebot3_controller
-- Installing: /home/an/ros2_ws/install/turtlebot3_controller/share/turtlebot3_controller/cmake/turtlebot3_controllerConfig.cmake
-- Installing: /home/an/ros2_ws/install/turtlebot3_controller/share/turtlebot3_controller/cmake/turtlebot3_controllerConfig-version.cmake
-- Installing: /home/an/ros2_ws/install/turtlebot3_controller/share/turtlebot3_controller/package.xml
