[2.832s] Invoking command in '/home/an/ros2_ws/src/self_driving': PYTHONPATH=/home/an/ros2_ws/build/self_driving/prefix_override:/home/an/ros2_ws/install/self_driving/lib/python3.10/site-packages:${PYTHONPATH} /usr/bin/python3 -W ignore:setup.py install is deprecated setup.py egg_info --egg-base ../../build/self_driving build --build-base /home/an/ros2_ws/build/self_driving/build install --record /home/an/ros2_ws/build/self_driving/install.log --single-version-externally-managed install_data
[3.891s] running egg_info
[3.893s] writing ../../build/self_driving/self_driving.egg-info/PKG-INFO
[3.894s] writing dependency_links to ../../build/self_driving/self_driving.egg-info/dependency_links.txt
[3.895s] writing entry points to ../../build/self_driving/self_driving.egg-info/entry_points.txt
[3.896s] writing requirements to ../../build/self_driving/self_driving.egg-info/requires.txt
[3.897s] writing top-level names to ../../build/self_driving/self_driving.egg-info/top_level.txt
[3.907s] reading manifest file '../../build/self_driving/self_driving.egg-info/SOURCES.txt'
[3.909s] adding license file 'LICENSE'
[3.913s] writing manifest file '../../build/self_driving/self_driving.egg-info/SOURCES.txt'
[3.915s] running build
[3.915s] running build_py
[3.916s] copying self_driving/drive_BOT.py -> /home/an/ros2_ws/build/self_driving/build/lib/self_driving
[3.923s] running install
[3.925s] running install_lib
[3.928s] copying /home/an/ros2_ws/build/self_driving/build/lib/self_driving/drive_BOT.py -> /home/an/ros2_ws/install/self_driving/lib/python3.10/site-packages/self_driving
[3.936s] byte-compiling /home/an/ros2_ws/install/self_driving/lib/python3.10/site-packages/self_driving/drive_BOT.py to drive_BOT.cpython-310.pyc
[3.948s] running install_data
[3.949s] running install_egg_info
[3.955s] removing '/home/an/ros2_ws/install/self_driving/lib/python3.10/site-packages/self_driving-0.0.0-py3.10.egg-info' (and everything under it)
[3.957s] Copying ../../build/self_driving/self_driving.egg-info to /home/an/ros2_ws/install/self_driving/lib/python3.10/site-packages/self_driving-0.0.0-py3.10.egg-info
[3.962s] running install_scripts
[4.051s] Installing cam_node script to /home/an/ros2_ws/install/self_driving/lib/self_driving
[4.052s] Installing computer_vision_node script to /home/an/ros2_ws/install/self_driving/lib/self_driving
[4.053s] Installing driving_node script to /home/an/ros2_ws/install/self_driving/lib/self_driving
[4.053s] Installing recorder_node script to /home/an/ros2_ws/install/self_driving/lib/self_driving
[4.054s] Installing vel_wheel_node script to /home/an/ros2_ws/install/self_driving/lib/self_driving
[4.058s] writing list of installed files to '/home/an/ros2_ws/build/self_driving/install.log'
[4.188s] Invoked command in '/home/an/ros2_ws/src/self_driving' returned '0': PYTHONPATH=/home/an/ros2_ws/build/self_driving/prefix_override:/home/an/ros2_ws/install/self_driving/lib/python3.10/site-packages:${PYTHONPATH} /usr/bin/python3 -W ignore:setup.py install is deprecated setup.py egg_info --egg-base ../../build/self_driving build --build-base /home/an/ros2_ws/build/self_driving/build install --record /home/an/ros2_ws/build/self_driving/install.log --single-version-externally-managed install_data
