[5.478s] Invoking command in '/home/an/ros2_ws/src/self_driving': PYTHONPATH=/home/an/ros2_ws/build/self_driving/prefix_override:/home/an/ros2_ws/install/self_driving/lib/python3.10/site-packages:${PYTHONPATH} /usr/bin/python3 -W ignore:setup.py install is deprecated setup.py egg_info --egg-base ../../build/self_driving build --build-base /home/an/ros2_ws/build/self_driving/build install --record /home/an/ros2_ws/build/self_driving/install.log --single-version-externally-managed install_data
[7.589s] running egg_info
[7.593s] writing ../../build/self_driving/self_driving.egg-info/PKG-INFO
[7.594s] writing dependency_links to ../../build/self_driving/self_driving.egg-info/dependency_links.txt
[7.596s] writing entry points to ../../build/self_driving/self_driving.egg-info/entry_points.txt
[7.597s] writing requirements to ../../build/self_driving/self_driving.egg-info/requires.txt
[7.597s] writing top-level names to ../../build/self_driving/self_driving.egg-info/top_level.txt
[7.613s] reading manifest file '../../build/self_driving/self_driving.egg-info/SOURCES.txt'
[7.616s] adding license file 'LICENSE'
[7.628s] writing manifest file '../../build/self_driving/self_driving.egg-info/SOURCES.txt'
[7.629s] running build
[7.631s] running build_py
[7.632s] copying self_driving/wheel_left_right.py -> /home/an/ros2_ws/build/self_driving/build/lib/self_driving
[7.648s] running install
[7.650s] running install_lib
[7.659s] copying /home/an/ros2_ws/build/self_driving/build/lib/self_driving/wheel_left_right.py -> /home/an/ros2_ws/install/self_driving/lib/python3.10/site-packages/self_driving
[7.676s] byte-compiling /home/an/ros2_ws/install/self_driving/lib/python3.10/site-packages/self_driving/wheel_left_right.py to wheel_left_right.cpython-310.pyc
[7.694s] running install_data
[7.696s] running install_egg_info
[7.711s] removing '/home/an/ros2_ws/install/self_driving/lib/python3.10/site-packages/self_driving-0.0.0-py3.10.egg-info' (and everything under it)
[7.719s] Copying ../../build/self_driving/self_driving.egg-info to /home/an/ros2_ws/install/self_driving/lib/python3.10/site-packages/self_driving-0.0.0-py3.10.egg-info
[7.731s] running install_scripts
[7.889s] Installing cam_node script to /home/an/ros2_ws/install/self_driving/lib/self_driving
[7.892s] Installing computer_vision_node script to /home/an/ros2_ws/install/self_driving/lib/self_driving
[7.893s] Installing driving_node script to /home/an/ros2_ws/install/self_driving/lib/self_driving
[7.896s] Installing recorder_node script to /home/an/ros2_ws/install/self_driving/lib/self_driving
[7.898s] Installing vel_wheel_node script to /home/an/ros2_ws/install/self_driving/lib/self_driving
[7.906s] writing list of installed files to '/home/an/ros2_ws/build/self_driving/install.log'
[8.160s] Invoked command in '/home/an/ros2_ws/src/self_driving' returned '0': PYTHONPATH=/home/an/ros2_ws/build/self_driving/prefix_override:/home/an/ros2_ws/install/self_driving/lib/python3.10/site-packages:${PYTHONPATH} /usr/bin/python3 -W ignore:setup.py install is deprecated setup.py egg_info --egg-base ../../build/self_driving build --build-base /home/an/ros2_ws/build/self_driving/build install --record /home/an/ros2_ws/build/self_driving/install.log --single-version-externally-managed install_data
