[3.805s] Invoking command in '/home/an/ros2_ws/src/self_driving': PYTHONPATH=/home/an/ros2_ws/build/self_driving/prefix_override:/home/an/ros2_ws/install/self_driving/lib/python3.10/site-packages:${PYTHONPATH} /usr/bin/python3 -W ignore:setup.py install is deprecated setup.py egg_info --egg-base ../../build/self_driving build --build-base /home/an/ros2_ws/build/self_driving/build install --record /home/an/ros2_ws/build/self_driving/install.log --single-version-externally-managed install_data
[5.337s] running egg_info
[5.340s] writing ../../build/self_driving/self_driving.egg-info/PKG-INFO
[5.341s] writing dependency_links to ../../build/self_driving/self_driving.egg-info/dependency_links.txt
[5.342s] writing entry points to ../../build/self_driving/self_driving.egg-info/entry_points.txt
[5.343s] writing requirements to ../../build/self_driving/self_driving.egg-info/requires.txt
[5.345s] writing top-level names to ../../build/self_driving/self_driving.egg-info/top_level.txt
[5.356s] reading manifest file '../../build/self_driving/self_driving.egg-info/SOURCES.txt'
[5.358s] adding license file 'LICENSE'
[5.361s] writing manifest file '../../build/self_driving/self_driving.egg-info/SOURCES.txt'
[5.362s] running build
[5.362s] running build_py
[5.363s] copying self_driving/computer_vision_node.py -> /home/an/ros2_ws/build/self_driving/build/lib/self_driving
[5.371s] running install
[5.372s] running install_lib
[5.376s] copying /home/an/ros2_ws/build/self_driving/build/lib/self_driving/computer_vision_node.py -> /home/an/ros2_ws/install/self_driving/lib/python3.10/site-packages/self_driving
[5.384s] byte-compiling /home/an/ros2_ws/install/self_driving/lib/python3.10/site-packages/self_driving/computer_vision_node.py to computer_vision_node.cpython-310.pyc
[5.390s] running install_data
[5.390s] running install_egg_info
[5.397s] removing '/home/an/ros2_ws/install/self_driving/lib/python3.10/site-packages/self_driving-0.0.0-py3.10.egg-info' (and everything under it)
[5.399s] Copying ../../build/self_driving/self_driving.egg-info to /home/an/ros2_ws/install/self_driving/lib/python3.10/site-packages/self_driving-0.0.0-py3.10.egg-info
[5.405s] running install_scripts
[5.494s] Installing cam_node script to /home/an/ros2_ws/install/self_driving/lib/self_driving
[5.494s] Installing computer_vision_node script to /home/an/ros2_ws/install/self_driving/lib/self_driving
[5.495s] Installing driving_node script to /home/an/ros2_ws/install/self_driving/lib/self_driving
[5.496s] Installing recorder_node script to /home/an/ros2_ws/install/self_driving/lib/self_driving
[5.497s] Installing vel_wheel_node script to /home/an/ros2_ws/install/self_driving/lib/self_driving
[5.501s] writing list of installed files to '/home/an/ros2_ws/build/self_driving/install.log'
[5.632s] Invoked command in '/home/an/ros2_ws/src/self_driving' returned '0': PYTHONPATH=/home/an/ros2_ws/build/self_driving/prefix_override:/home/an/ros2_ws/install/self_driving/lib/python3.10/site-packages:${PYTHONPATH} /usr/bin/python3 -W ignore:setup.py install is deprecated setup.py egg_info --egg-base ../../build/self_driving build --build-base /home/an/ros2_ws/build/self_driving/build install --record /home/an/ros2_ws/build/self_driving/install.log --single-version-externally-managed install_data
