[0.130s] Invoking command in '/home/an/ros2_ws/build/diffdrive_esp32': CMAKE_PREFIX_PATH=/home/an/ros2_ws/install/self_driving:/opt/ros/humble /usr/bin/cmake /home/an/ros2_ws/src/diffdrive_esp32 -DCMAKE_INSTALL_PREFIX=/home/an/ros2_ws/install/diffdrive_esp32
[1.313s] -- Found ament_cmake: 1.3.8 (/opt/ros/humble/share/ament_cmake/cmake)
[1.313s] -- Found hardware_interface: 2.40.0 (/opt/ros/humble/share/hardware_interface/cmake)
[1.314s] -- Found rosidl_generator_c: 3.1.5 (/opt/ros/humble/share/rosidl_generator_c/cmake)
[1.314s] -- Found rosidl_adapter: 3.1.5 (/opt/ros/humble/share/rosidl_adapter/cmake)
[1.315s] -- Found rosidl_generator_cpp: 3.1.5 (/opt/ros/humble/share/rosidl_generator_cpp/cmake)
[1.317s] -- Using all available rosidl_typesupport_c: rosidl_typesupport_fastrtps_c;rosidl_typesupport_introspection_c
[1.360s] -- Using all available rosidl_typesupport_cpp: rosidl_typesupport_fastrtps_cpp;rosidl_typesupport_introspection_cpp
[5.285s] -- Found rmw_implementation_cmake: 6.1.1 (/opt/ros/humble/share/rmw_implementation_cmake/cmake)
[5.311s] -- Found rmw_fastrtps_cpp: 6.2.6 (/opt/ros/humble/share/rmw_fastrtps_cpp/cmake)
[5.552s] -- Found TinyXML2 via Config file: TinyXML2_DIR-NOTFOUND
[5.730s] -- Found OpenSSL: /usr/lib/aarch64-linux-gnu/libcrypto.so (found version "3.0.2")  
[5.742s] -- Found TinyXML2 via Config file: TinyXML2_DIR-NOTFOUND
[5.798s] -- Found FastRTPS: /opt/ros/humble/include  
[5.832s] -- Found TinyXML2 via Config file: TinyXML2_DIR-NOTFOUND
[5.861s] -- Found TinyXML2 via Config file: TinyXML2_DIR-NOTFOUND
[5.894s] -- Using RMW implementation 'rmw_fastrtps_cpp' as default
[7.580s] -- Looking for C++ include pthread.h
[7.998s] -- Looking for C++ include pthread.h - found
[8.001s] -- Performing Test CMAKE_HAVE_LIBC_PTHREAD
[8.525s] -- Performing Test CMAKE_HAVE_LIBC_PTHREAD - Success
[8.532s] -- Found Threads: TRUE  
[9.776s] -- Found ament_cmake_pytest: 1.3.8 (/opt/ros/humble/share/ament_cmake_pytest/cmake)
[15.264s] -- Configuring done
[15.558s] -- Generating done
[15.569s] -- Build files have been written to: /home/an/ros2_ws/build/diffdrive_esp32
[15.621s] Invoked command in '/home/an/ros2_ws/build/diffdrive_esp32' returned '0': CMAKE_PREFIX_PATH=/home/an/ros2_ws/install/self_driving:/opt/ros/humble /usr/bin/cmake /home/an/ros2_ws/src/diffdrive_esp32 -DCMAKE_INSTALL_PREFIX=/home/an/ros2_ws/install/diffdrive_esp32
[15.625s] Invoking command in '/home/an/ros2_ws/build/diffdrive_esp32': CMAKE_PREFIX_PATH=/home/an/ros2_ws/install/self_driving:/opt/ros/humble /usr/bin/cmake --build /home/an/ros2_ws/build/diffdrive_esp32 -- -j4 -l4
[15.885s] [ 50%] [32mBuilding CXX object CMakeFiles/diffdrive_esp32.dir/hardware/diffbot_system.cpp.o[0m
[17.200s] In file included from [01m[K/home/an/ros2_ws/src/diffdrive_esp32/hardware/include/diffdrive_esp32/diffbot_system.hpp:21[m[K,
[17.201s]                  from [01m[K/home/an/ros2_ws/src/diffdrive_esp32/hardware/diffbot_system.cpp:1[m[K:
[17.202s] [01m[K/home/an/ros2_ws/src/diffdrive_esp32/hardware/include/diffdrive_esp32/esp32_comms.hpp:5:10:[m[K [01;31m[Kfatal error: [m[Klibserial/SerialPort.h: No such file or directory
[17.202s]     5 | #include [01;31m[K<libserial/SerialPort.h>[m[K
[17.203s]       |          [01;31m[K^~~~~~~~~~~~~~~~~~~~~~~~[m[K
[17.204s] compilation terminated.
[17.212s] gmake[2]: *** [CMakeFiles/diffdrive_esp32.dir/build.make:76: CMakeFiles/diffdrive_esp32.dir/hardware/diffbot_system.cpp.o] Error 1
[17.216s] gmake[1]: *** [CMakeFiles/Makefile2:137: CMakeFiles/diffdrive_esp32.dir/all] Error 2
[17.223s] gmake: *** [Makefile:146: all] Error 2
[17.232s] Invoked command in '/home/an/ros2_ws/build/diffdrive_esp32' returned '2': CMAKE_PREFIX_PATH=/home/an/ros2_ws/install/self_driving:/opt/ros/humble /usr/bin/cmake --build /home/an/ros2_ws/build/diffdrive_esp32 -- -j4 -l4
