[2.582s] Invoking command in '/home/an/ros2_ws/src/self_driving': PYTHONPATH=/home/an/ros2_ws/build/self_driving/prefix_override:/home/an/ros2_ws/install/self_driving/lib/python3.10/site-packages:${PYTHONPATH} /usr/bin/python3 -W ignore:setup.py install is deprecated setup.py egg_info --egg-base ../../build/self_driving build --build-base /home/an/ros2_ws/build/self_driving/build install --record /home/an/ros2_ws/build/self_driving/install.log --single-version-externally-managed install_data
[3.555s] running egg_info
[3.558s] writing ../../build/self_driving/self_driving.egg-info/PKG-INFO
[3.559s] writing dependency_links to ../../build/self_driving/self_driving.egg-info/dependency_links.txt
[3.560s] writing entry points to ../../build/self_driving/self_driving.egg-info/entry_points.txt
[3.561s] writing requirements to ../../build/self_driving/self_driving.egg-info/requires.txt
[3.561s] writing top-level names to ../../build/self_driving/self_driving.egg-info/top_level.txt
[3.571s] reading manifest file '../../build/self_driving/self_driving.egg-info/SOURCES.txt'
[3.573s] adding license file 'LICENSE'
[3.576s] writing manifest file '../../build/self_driving/self_driving.egg-info/SOURCES.txt'
[3.577s] running build
[3.577s] running build_py
[3.579s] copying self_driving/traffic_signal.py -> /home/an/ros2_ws/build/self_driving/build/lib/self_driving
[3.586s] running install
[3.588s] running install_lib
[3.592s] copying /home/an/ros2_ws/build/self_driving/build/lib/self_driving/traffic_signal.py -> /home/an/ros2_ws/install/self_driving/lib/python3.10/site-packages/self_driving
[3.599s] byte-compiling /home/an/ros2_ws/install/self_driving/lib/python3.10/site-packages/self_driving/traffic_signal.py to traffic_signal.cpython-310.pyc
[3.608s] running install_data
[3.608s] running install_egg_info
[3.615s] removing '/home/an/ros2_ws/install/self_driving/lib/python3.10/site-packages/self_driving-0.0.0-py3.10.egg-info' (and everything under it)
[3.616s] Copying ../../build/self_driving/self_driving.egg-info to /home/an/ros2_ws/install/self_driving/lib/python3.10/site-packages/self_driving-0.0.0-py3.10.egg-info
[3.622s] running install_scripts
[3.699s] Installing cam_node script to /home/an/ros2_ws/install/self_driving/lib/self_driving
[3.699s] Installing computer_vision_node script to /home/an/ros2_ws/install/self_driving/lib/self_driving
[3.700s] Installing driving_node script to /home/an/ros2_ws/install/self_driving/lib/self_driving
[3.701s] Installing recorder_node script to /home/an/ros2_ws/install/self_driving/lib/self_driving
[3.702s] Installing start_node script to /home/an/ros2_ws/install/self_driving/lib/self_driving
[3.703s] Installing traffic_signal_node script to /home/an/ros2_ws/install/self_driving/lib/self_driving
[3.704s] Installing vel_wheel_node script to /home/an/ros2_ws/install/self_driving/lib/self_driving
[3.708s] writing list of installed files to '/home/an/ros2_ws/build/self_driving/install.log'
[3.818s] Invoked command in '/home/an/ros2_ws/src/self_driving' returned '0': PYTHONPATH=/home/an/ros2_ws/build/self_driving/prefix_override:/home/an/ros2_ws/install/self_driving/lib/python3.10/site-packages:${PYTHONPATH} /usr/bin/python3 -W ignore:setup.py install is deprecated setup.py egg_info --egg-base ../../build/self_driving build --build-base /home/an/ros2_ws/build/self_driving/build install --record /home/an/ros2_ws/build/self_driving/install.log --single-version-externally-managed install_data
