[0.091s] Invoking command in '/home/an/ros2_ws/build/turtlebot3_description': CMAKE_PREFIX_PATH=${CMAKE_PREFIX_PATH}:/home/an/ros2_ws/install/vel_driver:/home/an/ros2_ws/install/test_pkg:/home/an/ros2_ws/install/self_driving:/home/an/ros2_ws/install/diffdrive_esp32:/home/an/ros2_ws/install/autonomous_tb3:/opt/ros/humble /usr/bin/cmake /home/an/ros2_ws/src/turtlebot3_description -DCMAKE_INSTALL_PREFIX=/home/an/ros2_ws/install/turtlebot3_description
[0.372s] -- The C compiler identification is GNU 11.4.0
[0.657s] -- The CXX compiler identification is GNU 11.4.0
[0.688s] -- Detecting C compiler ABI info
[1.035s] -- Detecting C compiler ABI info - done
[1.064s] -- Check for working C compiler: /usr/bin/cc - skipped
[1.065s] -- Detecting C compile features
[1.067s] -- Detecting C compile features - done
[1.080s] -- Detecting CXX compiler ABI info
[1.460s] -- Detecting CXX compiler ABI info - done
[1.487s] -- Check for working CXX compiler: /usr/bin/c++ - skipped
[1.490s] -- Detecting CXX compile features
[1.492s] -- Detecting CXX compile features - done
[1.521s] -- Found ament_cmake: 1.3.8 (/opt/ros/humble/share/ament_cmake/cmake)
[2.434s] -- Found Python3: /usr/bin/python3 (found version "3.10.12") found components: Interpreter 
[3.080s] -- Found ament_lint_auto: 0.12.10 (/opt/ros/humble/share/ament_lint_auto/cmake)
[3.753s] -- Added test 'flake8' to check Python code syntax and style conventions
[3.768s] -- Added test 'lint_cmake' to check CMake code style
[3.778s] -- Added test 'pep257' to check Python code against some of the docstring style conventions in PEP 257
[3.816s] -- Added test 'xmllint' to check XML markup files
[3.832s] -- Configuring done
[3.858s] -- Generating done
[3.865s] -- Build files have been written to: /home/an/ros2_ws/build/turtlebot3_description
[3.887s] Invoked command in '/home/an/ros2_ws/build/turtlebot3_description' returned '0': CMAKE_PREFIX_PATH=${CMAKE_PREFIX_PATH}:/home/an/ros2_ws/install/vel_driver:/home/an/ros2_ws/install/test_pkg:/home/an/ros2_ws/install/self_driving:/home/an/ros2_ws/install/diffdrive_esp32:/home/an/ros2_ws/install/autonomous_tb3:/opt/ros/humble /usr/bin/cmake /home/an/ros2_ws/src/turtlebot3_description -DCMAKE_INSTALL_PREFIX=/home/an/ros2_ws/install/turtlebot3_description
[3.889s] Invoking command in '/home/an/ros2_ws/build/turtlebot3_description': CMAKE_PREFIX_PATH=${CMAKE_PREFIX_PATH}:/home/an/ros2_ws/install/vel_driver:/home/an/ros2_ws/install/test_pkg:/home/an/ros2_ws/install/self_driving:/home/an/ros2_ws/install/diffdrive_esp32:/home/an/ros2_ws/install/autonomous_tb3:/opt/ros/humble /usr/bin/cmake --build /home/an/ros2_ws/build/turtlebot3_description -- -j4 -l4
[4.062s] Invoked command in '/home/an/ros2_ws/build/turtlebot3_description' returned '0': CMAKE_PREFIX_PATH=${CMAKE_PREFIX_PATH}:/home/an/ros2_ws/install/vel_driver:/home/an/ros2_ws/install/test_pkg:/home/an/ros2_ws/install/self_driving:/home/an/ros2_ws/install/diffdrive_esp32:/home/an/ros2_ws/install/autonomous_tb3:/opt/ros/humble /usr/bin/cmake --build /home/an/ros2_ws/build/turtlebot3_description -- -j4 -l4
[4.224s] Invoking command in '/home/an/ros2_ws/build/turtlebot3_description': CMAKE_PREFIX_PATH=${CMAKE_PREFIX_PATH}:/home/an/ros2_ws/install/vel_driver:/home/an/ros2_ws/install/test_pkg:/home/an/ros2_ws/install/self_driving:/home/an/ros2_ws/install/diffdrive_esp32:/home/an/ros2_ws/install/autonomous_tb3:/opt/ros/humble /usr/bin/cmake --install /home/an/ros2_ws/build/turtlebot3_description
[4.258s] -- Install configuration: ""
[4.259s] -- Installing: /home/an/ros2_ws/install/turtlebot3_description/share/turtlebot3_description/meshes
[4.260s] -- Installing: /home/an/ros2_ws/install/turtlebot3_description/share/turtlebot3_description/meshes/lidar_link.stl
[4.279s] -- Installing: /home/an/ros2_ws/install/turtlebot3_description/share/turtlebot3_description/meshes/base_link.stl
[4.405s] -- Installing: /home/an/ros2_ws/install/turtlebot3_description/share/turtlebot3_description/meshes/imu_link.stl
[4.413s] -- Installing: /home/an/ros2_ws/install/turtlebot3_description/share/turtlebot3_description/meshes/wheel_right_link.stl
[4.444s] -- Installing: /home/an/ros2_ws/install/turtlebot3_description/share/turtlebot3_description/meshes/caster_back_left_link.stl
[4.456s] -- Installing: /home/an/ros2_ws/install/turtlebot3_description/share/turtlebot3_description/meshes/r200_link.dae
[4.464s] -- Installing: /home/an/ros2_ws/install/turtlebot3_description/share/turtlebot3_description/meshes/caster_back_right_link.stl
[4.476s] -- Installing: /home/an/ros2_ws/install/turtlebot3_description/share/turtlebot3_description/meshes/TB3-RPi-camera-mount.stl
[4.481s] -- Installing: /home/an/ros2_ws/install/turtlebot3_description/share/turtlebot3_description/meshes/wheel_left_link.stl
[4.510s] -- Installing: /home/an/ros2_ws/install/turtlebot3_description/share/turtlebot3_description/meshes/pi_cam_v3_link.stl
[4.528s] -- Installing: /home/an/ros2_ws/install/turtlebot3_description/share/turtlebot3_description/urdf
[4.530s] -- Installing: /home/an/ros2_ws/install/turtlebot3_description/share/turtlebot3_description/urdf/turtlebot3_waffle.urdf.xacro
[4.533s] -- Installing: /home/an/ros2_ws/install/turtlebot3_description/share/turtlebot3_description/urdf/gazebo_control.xacro
[4.535s] -- Installing: /home/an/ros2_ws/install/turtlebot3_description/share/turtlebot3_description/urdf/turtlebot3_waffle_ros2_control.xacro
[4.538s] -- Installing: /home/an/ros2_ws/install/turtlebot3_description/share/turtlebot3_description/urdf/turtlebot3_waffle.gazebo.xacro
[4.541s] -- Installing: /home/an/ros2_ws/install/turtlebot3_description/share/turtlebot3_description/urdf/common_properties.xacro
[4.544s] -- Installing: /home/an/ros2_ws/install/turtlebot3_description/share/turtlebot3_description/launch
[4.546s] -- Installing: /home/an/ros2_ws/install/turtlebot3_description/share/turtlebot3_description/launch/gzserver.launch.py
[4.549s] -- Installing: /home/an/ros2_ws/install/turtlebot3_description/share/turtlebot3_description/launch/joystick_teleop.launch.py
[4.552s] -- Installing: /home/an/ros2_ws/install/turtlebot3_description/share/turtlebot3_description/launch/display.launch.py
[4.555s] -- Installing: /home/an/ros2_ws/install/turtlebot3_description/share/turtlebot3_description/launch/gazebo.launch.py
[4.559s] -- Installing: /home/an/ros2_ws/install/turtlebot3_description/share/turtlebot3_description/rviz
[4.561s] -- Installing: /home/an/ros2_ws/install/turtlebot3_description/share/turtlebot3_description/rviz/main.rviz
[4.564s] -- Installing: /home/an/ros2_ws/install/turtlebot3_description/share/turtlebot3_description/rviz/display.rviz
[4.567s] -- Installing: /home/an/ros2_ws/install/turtlebot3_description/share/turtlebot3_description/rviz/control.rviz
[4.570s] -- Installing: /home/an/ros2_ws/install/turtlebot3_description/share/turtlebot3_description/gazebo_world
[4.571s] -- Installing: /home/an/ros2_ws/install/turtlebot3_description/share/turtlebot3_description/gazebo_world/test_laser_world
[4.574s] -- Installing: /home/an/ros2_ws/install/turtlebot3_description/share/turtlebot3_description/gazebo_world/test_maze
[4.580s] -- Installing: /home/an/ros2_ws/install/turtlebot3_description/share/turtlebot3_description/gazebo_world/empty
[4.583s] -- Installing: /home/an/ros2_ws/install/turtlebot3_description/share/turtlebot3_description/gazebo_world/small_maze
[4.588s] -- Installing: /home/an/ros2_ws/install/turtlebot3_description/share/turtlebot3_description/gazebo_world/hanh_lang
[4.593s] -- Installing: /home/an/ros2_ws/install/turtlebot3_description/share/turtlebot3_description/gazebo_world/empty_world
[4.596s] -- Installing: /home/an/ros2_ws/install/turtlebot3_description/share/turtlebot3_description/models
[4.598s] -- Installing: /home/an/ros2_ws/install/turtlebot3_description/share/turtlebot3_description/models/sun
[4.600s] -- Installing: /home/an/ros2_ws/install/turtlebot3_description/share/turtlebot3_description/models/sun/model.sdf
[4.603s] -- Installing: /home/an/ros2_ws/install/turtlebot3_description/share/turtlebot3_description/models/sun/model.config
[4.606s] -- Installing: /home/an/ros2_ws/install/turtlebot3_description/share/turtlebot3_description/models/sun/model-1_4.sdf
[4.609s] -- Installing: /home/an/ros2_ws/install/turtlebot3_description/share/turtlebot3_description/models/sun/model-1_3.sdf
[4.612s] -- Installing: /home/an/ros2_ws/install/turtlebot3_description/share/turtlebot3_description/models/sun/model-1_2.sdf
[4.614s] -- Installing: /home/an/ros2_ws/install/turtlebot3_description/share/turtlebot3_description/models/ground_plane
[4.616s] -- Installing: /home/an/ros2_ws/install/turtlebot3_description/share/turtlebot3_description/models/ground_plane/model.sdf
[4.619s] -- Installing: /home/an/ros2_ws/install/turtlebot3_description/share/turtlebot3_description/models/ground_plane/model.config
[4.621s] -- Installing: /home/an/ros2_ws/install/turtlebot3_description/share/turtlebot3_description/models/ground_plane/model-1_4.sdf
[4.624s] -- Installing: /home/an/ros2_ws/install/turtlebot3_description/share/turtlebot3_description/models/ground_plane/model-1_3.sdf
[4.627s] -- Installing: /home/an/ros2_ws/install/turtlebot3_description/share/turtlebot3_description/models/ground_plane/model-1_2.sdf
[4.630s] -- Installing: /home/an/ros2_ws/install/turtlebot3_description/share/ament_index/resource_index/package_run_dependencies/turtlebot3_description
[4.633s] -- Installing: /home/an/ros2_ws/install/turtlebot3_description/share/ament_index/resource_index/parent_prefix_path/turtlebot3_description
[4.636s] -- Installing: /home/an/ros2_ws/install/turtlebot3_description/share/turtlebot3_description/environment/ament_prefix_path.sh
[4.638s] -- Installing: /home/an/ros2_ws/install/turtlebot3_description/share/turtlebot3_description/environment/ament_prefix_path.dsv
[4.640s] -- Installing: /home/an/ros2_ws/install/turtlebot3_description/share/turtlebot3_description/environment/path.sh
[4.642s] -- Installing: /home/an/ros2_ws/install/turtlebot3_description/share/turtlebot3_description/environment/path.dsv
[4.645s] -- Installing: /home/an/ros2_ws/install/turtlebot3_description/share/turtlebot3_description/local_setup.bash
[4.647s] -- Installing: /home/an/ros2_ws/install/turtlebot3_description/share/turtlebot3_description/local_setup.sh
[4.650s] -- Installing: /home/an/ros2_ws/install/turtlebot3_description/share/turtlebot3_description/local_setup.zsh
[4.652s] -- Installing: /home/an/ros2_ws/install/turtlebot3_description/share/turtlebot3_description/local_setup.dsv
[4.655s] -- Installing: /home/an/ros2_ws/install/turtlebot3_description/share/turtlebot3_description/package.dsv
[4.659s] -- Installing: /home/an/ros2_ws/install/turtlebot3_description/share/ament_index/resource_index/packages/turtlebot3_description
[4.660s] -- Installing: /home/an/ros2_ws/install/turtlebot3_description/share/turtlebot3_description/cmake/turtlebot3_descriptionConfig.cmake
[4.662s] -- Installing: /home/an/ros2_ws/install/turtlebot3_description/share/turtlebot3_description/cmake/turtlebot3_descriptionConfig-version.cmake
[4.667s] -- Installing: /home/an/ros2_ws/install/turtlebot3_description/share/turtlebot3_description/package.xml
[4.682s] Invoked command in '/home/an/ros2_ws/build/turtlebot3_description' returned '0': CMAKE_PREFIX_PATH=${CMAKE_PREFIX_PATH}:/home/an/ros2_ws/install/vel_driver:/home/an/ros2_ws/install/test_pkg:/home/an/ros2_ws/install/self_driving:/home/an/ros2_ws/install/diffdrive_esp32:/home/an/ros2_ws/install/autonomous_tb3:/opt/ros/humble /usr/bin/cmake --install /home/an/ros2_ws/build/turtlebot3_description
