[4.849s] Invoking command in '/home/an/ros2_ws/src/self_driving': PYTHONPATH=/home/an/ros2_ws/build/self_driving/prefix_override:/home/an/ros2_ws/install/self_driving/lib/python3.10/site-packages:${PYTHONPATH} /usr/bin/python3 -W ignore:setup.py install is deprecated setup.py egg_info --egg-base ../../build/self_driving build --build-base /home/an/ros2_ws/build/self_driving/build install --record /home/an/ros2_ws/build/self_driving/install.log --single-version-externally-managed install_data
[6.714s] running egg_info
[6.717s] writing ../../build/self_driving/self_driving.egg-info/PKG-INFO
[6.719s] writing dependency_links to ../../build/self_driving/self_driving.egg-info/dependency_links.txt
[6.721s] writing entry points to ../../build/self_driving/self_driving.egg-info/entry_points.txt
[6.724s] writing requirements to ../../build/self_driving/self_driving.egg-info/requires.txt
[6.727s] writing top-level names to ../../build/self_driving/self_driving.egg-info/top_level.txt
[6.740s] reading manifest file '../../build/self_driving/self_driving.egg-info/SOURCES.txt'
[6.743s] adding license file 'LICENSE'
[6.768s] writing manifest file '../../build/self_driving/self_driving.egg-info/SOURCES.txt'
[6.770s] running build
[6.772s] running build_py
[6.773s] copying self_driving/traffic_signal.py -> /home/an/ros2_ws/build/self_driving/build/lib/self_driving
[6.774s] running install
[6.774s] running install_lib
[6.783s] copying /home/an/ros2_ws/build/self_driving/build/lib/self_driving/traffic_signal.py -> /home/an/ros2_ws/install/self_driving/lib/python3.10/site-packages/self_driving
[6.788s] byte-compiling /home/an/ros2_ws/install/self_driving/lib/python3.10/site-packages/self_driving/traffic_signal.py to traffic_signal.cpython-310.pyc
[6.798s] running install_data
[6.800s] running install_egg_info
[6.812s] removing '/home/an/ros2_ws/install/self_driving/lib/python3.10/site-packages/self_driving-0.0.0-py3.10.egg-info' (and everything under it)
[6.815s] Copying ../../build/self_driving/self_driving.egg-info to /home/an/ros2_ws/install/self_driving/lib/python3.10/site-packages/self_driving-0.0.0-py3.10.egg-info
[6.826s] running install_scripts
[6.948s] Installing cam_node script to /home/an/ros2_ws/install/self_driving/lib/self_driving
[6.951s] Installing computer_vision_node script to /home/an/ros2_ws/install/self_driving/lib/self_driving
[6.960s] Installing driving_node script to /home/an/ros2_ws/install/self_driving/lib/self_driving
[6.962s] Installing recorder_node script to /home/an/ros2_ws/install/self_driving/lib/self_driving
[6.963s] Installing start_node script to /home/an/ros2_ws/install/self_driving/lib/self_driving
[6.963s] Installing traffic_signal_node script to /home/an/ros2_ws/install/self_driving/lib/self_driving
[6.964s] Installing vel_wheel_node script to /home/an/ros2_ws/install/self_driving/lib/self_driving
[6.965s] writing list of installed files to '/home/an/ros2_ws/build/self_driving/install.log'
[7.244s] Invoked command in '/home/an/ros2_ws/src/self_driving' returned '0': PYTHONPATH=/home/an/ros2_ws/build/self_driving/prefix_override:/home/an/ros2_ws/install/self_driving/lib/python3.10/site-packages:${PYTHONPATH} /usr/bin/python3 -W ignore:setup.py install is deprecated setup.py egg_info --egg-base ../../build/self_driving build --build-base /home/an/ros2_ws/build/self_driving/build install --record /home/an/ros2_ws/build/self_driving/install.log --single-version-externally-managed install_data
