[4.178s] Invoking command in '/home/an/ros2_ws/src/self_driving': PYTHONPATH=/home/an/ros2_ws/build/self_driving/prefix_override:/home/an/ros2_ws/install/self_driving/lib/python3.10/site-packages:${PYTHONPATH} /usr/bin/python3 -W ignore:setup.py install is deprecated setup.py egg_info --egg-base ../../build/self_driving build --build-base /home/an/ros2_ws/build/self_driving/build install --record /home/an/ros2_ws/build/self_driving/install.log --single-version-externally-managed install_data
[5.771s] running egg_info
[5.775s] writing ../../build/self_driving/self_driving.egg-info/PKG-INFO
[5.777s] writing dependency_links to ../../build/self_driving/self_driving.egg-info/dependency_links.txt
[5.779s] writing entry points to ../../build/self_driving/self_driving.egg-info/entry_points.txt
[5.780s] writing requirements to ../../build/self_driving/self_driving.egg-info/requires.txt
[5.781s] writing top-level names to ../../build/self_driving/self_driving.egg-info/top_level.txt
[5.797s] reading manifest file '../../build/self_driving/self_driving.egg-info/SOURCES.txt'
[5.800s] adding license file 'LICENSE'
[5.803s] writing manifest file '../../build/self_driving/self_driving.egg-info/SOURCES.txt'
[5.803s] running build
[5.804s] running build_py
[5.806s] copying self_driving/drive_BOT.py -> /home/an/ros2_ws/build/self_driving/build/lib/self_driving
[5.819s] running install
[5.819s] running install_lib
[5.824s] copying /home/an/ros2_ws/build/self_driving/build/lib/self_driving/drive_BOT.py -> /home/an/ros2_ws/install/self_driving/lib/python3.10/site-packages/self_driving
[5.835s] byte-compiling /home/an/ros2_ws/install/self_driving/lib/python3.10/site-packages/self_driving/drive_BOT.py to drive_BOT.cpython-310.pyc
[5.845s] running install_data
[5.847s] running install_egg_info
[5.859s] removing '/home/an/ros2_ws/install/self_driving/lib/python3.10/site-packages/self_driving-0.0.0-py3.10.egg-info' (and everything under it)
[5.862s] Copying ../../build/self_driving/self_driving.egg-info to /home/an/ros2_ws/install/self_driving/lib/python3.10/site-packages/self_driving-0.0.0-py3.10.egg-info
[5.873s] running install_scripts
[5.985s] Installing cam_node script to /home/an/ros2_ws/install/self_driving/lib/self_driving
[5.987s] Installing computer_vision_node script to /home/an/ros2_ws/install/self_driving/lib/self_driving
[5.991s] Installing driving_node script to /home/an/ros2_ws/install/self_driving/lib/self_driving
[5.991s] Installing recorder_node script to /home/an/ros2_ws/install/self_driving/lib/self_driving
[5.993s] Installing vel_wheel_node script to /home/an/ros2_ws/install/self_driving/lib/self_driving
[5.999s] writing list of installed files to '/home/an/ros2_ws/build/self_driving/install.log'
[6.187s] Invoked command in '/home/an/ros2_ws/src/self_driving' returned '0': PYTHONPATH=/home/an/ros2_ws/build/self_driving/prefix_override:/home/an/ros2_ws/install/self_driving/lib/python3.10/site-packages:${PYTHONPATH} /usr/bin/python3 -W ignore:setup.py install is deprecated setup.py egg_info --egg-base ../../build/self_driving build --build-base /home/an/ros2_ws/build/self_driving/build install --record /home/an/ros2_ws/build/self_driving/install.log --single-version-externally-managed install_data
