[2.817s] Invoking command in '/home/an/ros2_ws/src/self_driving': PYTHONPATH=/home/an/ros2_ws/build/self_driving/prefix_override:/home/an/ros2_ws/install/self_driving/lib/python3.10/site-packages:${PYTHONPATH} /usr/bin/python3 -W ignore:setup.py install is deprecated setup.py egg_info --egg-base ../../build/self_driving build --build-base /home/an/ros2_ws/build/self_driving/build install --record /home/an/ros2_ws/build/self_driving/install.log --single-version-externally-managed install_data
[3.879s] running egg_info
[3.883s] writing ../../build/self_driving/self_driving.egg-info/PKG-INFO
[3.884s] writing dependency_links to ../../build/self_driving/self_driving.egg-info/dependency_links.txt
[3.885s] writing entry points to ../../build/self_driving/self_driving.egg-info/entry_points.txt
[3.886s] writing requirements to ../../build/self_driving/self_driving.egg-info/requires.txt
[3.886s] writing top-level names to ../../build/self_driving/self_driving.egg-info/top_level.txt
[3.896s] reading manifest file '../../build/self_driving/self_driving.egg-info/SOURCES.txt'
[3.898s] adding license file 'LICENSE'
[3.902s] writing manifest file '../../build/self_driving/self_driving.egg-info/SOURCES.txt'
[3.902s] running build
[3.902s] running build_py
[3.903s] copying self_driving/computer_vision_node.py -> /home/an/ros2_ws/build/self_driving/build/lib/self_driving
[3.911s] running install
[3.912s] running install_lib
[3.918s] copying /home/an/ros2_ws/build/self_driving/build/lib/self_driving/computer_vision_node.py -> /home/an/ros2_ws/install/self_driving/lib/python3.10/site-packages/self_driving
[3.926s] byte-compiling /home/an/ros2_ws/install/self_driving/lib/python3.10/site-packages/self_driving/computer_vision_node.py to computer_vision_node.cpython-310.pyc
[3.930s] running install_data
[3.931s] running install_egg_info
[3.938s] removing '/home/an/ros2_ws/install/self_driving/lib/python3.10/site-packages/self_driving-0.0.0-py3.10.egg-info' (and everything under it)
[3.940s] Copying ../../build/self_driving/self_driving.egg-info to /home/an/ros2_ws/install/self_driving/lib/python3.10/site-packages/self_driving-0.0.0-py3.10.egg-info
[3.946s] running install_scripts
[4.034s] Installing cam_node script to /home/an/ros2_ws/install/self_driving/lib/self_driving
[4.035s] Installing computer_vision_node script to /home/an/ros2_ws/install/self_driving/lib/self_driving
[4.036s] Installing driving_node script to /home/an/ros2_ws/install/self_driving/lib/self_driving
[4.036s] Installing recorder_node script to /home/an/ros2_ws/install/self_driving/lib/self_driving
[4.037s] Installing vel_wheel_node script to /home/an/ros2_ws/install/self_driving/lib/self_driving
[4.042s] writing list of installed files to '/home/an/ros2_ws/build/self_driving/install.log'
[4.170s] Invoked command in '/home/an/ros2_ws/src/self_driving' returned '0': PYTHONPATH=/home/an/ros2_ws/build/self_driving/prefix_override:/home/an/ros2_ws/install/self_driving/lib/python3.10/site-packages:${PYTHONPATH} /usr/bin/python3 -W ignore:setup.py install is deprecated setup.py egg_info --egg-base ../../build/self_driving build --build-base /home/an/ros2_ws/build/self_driving/build install --record /home/an/ros2_ws/build/self_driving/install.log --single-version-externally-managed install_data
