[6.956s] Invoking command in '/home/an/ros2_ws/src/self_driving': PYTHONPATH=/home/an/ros2_ws/build/self_driving/prefix_override:/home/an/ros2_ws/install/self_driving/lib/python3.10/site-packages:${PYTHONPATH} /usr/bin/python3 -W ignore:setup.py install is deprecated setup.py egg_info --egg-base ../../build/self_driving build --build-base /home/an/ros2_ws/build/self_driving/build install --record /home/an/ros2_ws/build/self_driving/install.log --single-version-externally-managed install_data
[10.438s] running egg_info
[10.444s] writing ../../build/self_driving/self_driving.egg-info/PKG-INFO
[10.445s] writing dependency_links to ../../build/self_driving/self_driving.egg-info/dependency_links.txt
[10.446s] writing entry points to ../../build/self_driving/self_driving.egg-info/entry_points.txt
[10.447s] writing requirements to ../../build/self_driving/self_driving.egg-info/requires.txt
[10.448s] writing top-level names to ../../build/self_driving/self_driving.egg-info/top_level.txt
[10.473s] reading manifest file '../../build/self_driving/self_driving.egg-info/SOURCES.txt'
[10.476s] adding license file 'LICENSE'
[10.482s] writing manifest file '../../build/self_driving/self_driving.egg-info/SOURCES.txt'
[10.483s] running build
[10.483s] running build_py
[10.486s] copying self_driving/traffic_signal.py -> /home/an/ros2_ws/build/self_driving/build/lib/self_driving
[10.501s] running install
[10.505s] running install_lib
[10.512s] copying /home/an/ros2_ws/build/self_driving/build/lib/self_driving/traffic_signal.py -> /home/an/ros2_ws/install/self_driving/lib/python3.10/site-packages/self_driving
[10.524s] byte-compiling /home/an/ros2_ws/install/self_driving/lib/python3.10/site-packages/self_driving/traffic_signal.py to traffic_signal.cpython-310.pyc
[10.543s] running install_data
[10.544s] copying launch/start.launch.py -> /home/an/ros2_ws/install/self_driving/share/self_driving/launch
[10.545s] running install_egg_info
[10.559s] removing '/home/an/ros2_ws/install/self_driving/lib/python3.10/site-packages/self_driving-0.0.0-py3.10.egg-info' (and everything under it)
[10.564s] Copying ../../build/self_driving/self_driving.egg-info to /home/an/ros2_ws/install/self_driving/lib/python3.10/site-packages/self_driving-0.0.0-py3.10.egg-info
[10.581s] running install_scripts
[10.759s] Installing cam_node script to /home/an/ros2_ws/install/self_driving/lib/self_driving
[10.760s] Installing computer_vision_node script to /home/an/ros2_ws/install/self_driving/lib/self_driving
[10.762s] Installing driving_node script to /home/an/ros2_ws/install/self_driving/lib/self_driving
[10.764s] Installing recorder_node script to /home/an/ros2_ws/install/self_driving/lib/self_driving
[10.770s] Installing start_node script to /home/an/ros2_ws/install/self_driving/lib/self_driving
[10.774s] Installing traffic_signal_node script to /home/an/ros2_ws/install/self_driving/lib/self_driving
[10.784s] Installing vel_wheel_node script to /home/an/ros2_ws/install/self_driving/lib/self_driving
[10.795s] writing list of installed files to '/home/an/ros2_ws/build/self_driving/install.log'
[11.170s] Invoked command in '/home/an/ros2_ws/src/self_driving' returned '0': PYTHONPATH=/home/an/ros2_ws/build/self_driving/prefix_override:/home/an/ros2_ws/install/self_driving/lib/python3.10/site-packages:${PYTHONPATH} /usr/bin/python3 -W ignore:setup.py install is deprecated setup.py egg_info --egg-base ../../build/self_driving build --build-base /home/an/ros2_ws/build/self_driving/build install --record /home/an/ros2_ws/build/self_driving/install.log --single-version-externally-managed install_data
