[2.731s] Invoking command in '/home/an/ros2_ws/src/self_driving': PYTHONPATH=/home/an/ros2_ws/build/self_driving/prefix_override:/home/an/ros2_ws/install/self_driving/lib/python3.10/site-packages:${PYTHONPATH} /usr/bin/python3 -W ignore:setup.py install is deprecated setup.py egg_info --egg-base ../../build/self_driving build --build-base /home/an/ros2_ws/build/self_driving/build install --record /home/an/ros2_ws/build/self_driving/install.log --single-version-externally-managed install_data
[3.756s] running egg_info
[3.758s] writing ../../build/self_driving/self_driving.egg-info/PKG-INFO
[3.759s] writing dependency_links to ../../build/self_driving/self_driving.egg-info/dependency_links.txt
[3.760s] writing entry points to ../../build/self_driving/self_driving.egg-info/entry_points.txt
[3.761s] writing requirements to ../../build/self_driving/self_driving.egg-info/requires.txt
[3.761s] writing top-level names to ../../build/self_driving/self_driving.egg-info/top_level.txt
[3.774s] reading manifest file '../../build/self_driving/self_driving.egg-info/SOURCES.txt'
[3.776s] adding license file 'LICENSE'
[3.779s] writing manifest file '../../build/self_driving/self_driving.egg-info/SOURCES.txt'
[3.779s] running build
[3.780s] running build_py
[3.783s] copying self_driving/config/config.py -> /home/an/ros2_ws/build/self_driving/build/lib/self_driving/config
[3.786s] copying self_driving/Detection/Lanes/a_colour_segmentation.py -> /home/an/ros2_ws/build/self_driving/build/lib/self_driving/Detection/Lanes
[3.789s] running install
[3.791s] running install_lib
[3.797s] copying /home/an/ros2_ws/build/self_driving/build/lib/self_driving/Detection/Lanes/a_colour_segmentation.py -> /home/an/ros2_ws/install/self_driving/lib/python3.10/site-packages/self_driving/Detection/Lanes
[3.800s] copying /home/an/ros2_ws/build/self_driving/build/lib/self_driving/config/config.py -> /home/an/ros2_ws/install/self_driving/lib/python3.10/site-packages/self_driving/config
[3.806s] byte-compiling /home/an/ros2_ws/install/self_driving/lib/python3.10/site-packages/self_driving/Detection/Lanes/a_colour_segmentation.py to a_colour_segmentation.cpython-310.pyc
[3.810s] byte-compiling /home/an/ros2_ws/install/self_driving/lib/python3.10/site-packages/self_driving/config/config.py to config.cpython-310.pyc
[3.812s] running install_data
[3.813s] running install_egg_info
[3.819s] removing '/home/an/ros2_ws/install/self_driving/lib/python3.10/site-packages/self_driving-0.0.0-py3.10.egg-info' (and everything under it)
[3.821s] Copying ../../build/self_driving/self_driving.egg-info to /home/an/ros2_ws/install/self_driving/lib/python3.10/site-packages/self_driving-0.0.0-py3.10.egg-info
[3.827s] running install_scripts
[3.913s] Installing cam_node script to /home/an/ros2_ws/install/self_driving/lib/self_driving
[3.914s] Installing computer_vision_node script to /home/an/ros2_ws/install/self_driving/lib/self_driving
[3.915s] Installing driving_node script to /home/an/ros2_ws/install/self_driving/lib/self_driving
[3.915s] Installing recorder_node script to /home/an/ros2_ws/install/self_driving/lib/self_driving
[3.916s] Installing vel_wheel_node script to /home/an/ros2_ws/install/self_driving/lib/self_driving
[3.920s] writing list of installed files to '/home/an/ros2_ws/build/self_driving/install.log'
[4.046s] Invoked command in '/home/an/ros2_ws/src/self_driving' returned '0': PYTHONPATH=/home/an/ros2_ws/build/self_driving/prefix_override:/home/an/ros2_ws/install/self_driving/lib/python3.10/site-packages:${PYTHONPATH} /usr/bin/python3 -W ignore:setup.py install is deprecated setup.py egg_info --egg-base ../../build/self_driving build --build-base /home/an/ros2_ws/build/self_driving/build install --record /home/an/ros2_ws/build/self_driving/install.log --single-version-externally-managed install_data
