[2.953s] Invoking command in '/home/an/ros2_ws/src/self_driving': PYTHONPATH=/home/an/ros2_ws/build/self_driving/prefix_override:/home/an/ros2_ws/install/self_driving/lib/python3.10/site-packages:${PYTHONPATH} /usr/bin/python3 -W ignore:setup.py install is deprecated setup.py egg_info --egg-base ../../build/self_driving build --build-base /home/an/ros2_ws/build/self_driving/build install --record /home/an/ros2_ws/build/self_driving/install.log --single-version-externally-managed install_data
[4.073s] running egg_info
[4.076s] writing ../../build/self_driving/self_driving.egg-info/PKG-INFO
[4.077s] writing dependency_links to ../../build/self_driving/self_driving.egg-info/dependency_links.txt
[4.078s] writing entry points to ../../build/self_driving/self_driving.egg-info/entry_points.txt
[4.079s] writing requirements to ../../build/self_driving/self_driving.egg-info/requires.txt
[4.081s] writing top-level names to ../../build/self_driving/self_driving.egg-info/top_level.txt
[4.092s] reading manifest file '../../build/self_driving/self_driving.egg-info/SOURCES.txt'
[4.094s] adding license file 'LICENSE'
[4.098s] writing manifest file '../../build/self_driving/self_driving.egg-info/SOURCES.txt'
[4.098s] running build
[4.099s] running build_py
[4.105s] copying self_driving/Detection/Lanes/a_colour_segmentation.py -> /home/an/ros2_ws/build/self_driving/build/lib/self_driving/Detection/Lanes
[4.108s] running install
[4.110s] running install_lib
[4.118s] copying /home/an/ros2_ws/build/self_driving/build/lib/self_driving/Detection/Lanes/a_colour_segmentation.py -> /home/an/ros2_ws/install/self_driving/lib/python3.10/site-packages/self_driving/Detection/Lanes
[4.124s] byte-compiling /home/an/ros2_ws/install/self_driving/lib/python3.10/site-packages/self_driving/Detection/Lanes/a_colour_segmentation.py to a_colour_segmentation.cpython-310.pyc
[4.131s] running install_data
[4.132s] running install_egg_info
[4.138s] removing '/home/an/ros2_ws/install/self_driving/lib/python3.10/site-packages/self_driving-0.0.0-py3.10.egg-info' (and everything under it)
[4.140s] Copying ../../build/self_driving/self_driving.egg-info to /home/an/ros2_ws/install/self_driving/lib/python3.10/site-packages/self_driving-0.0.0-py3.10.egg-info
[4.146s] running install_scripts
[4.235s] Installing cam_node script to /home/an/ros2_ws/install/self_driving/lib/self_driving
[4.236s] Installing computer_vision_node script to /home/an/ros2_ws/install/self_driving/lib/self_driving
[4.237s] Installing driving_node script to /home/an/ros2_ws/install/self_driving/lib/self_driving
[4.238s] Installing recorder_node script to /home/an/ros2_ws/install/self_driving/lib/self_driving
[4.238s] Installing start_node script to /home/an/ros2_ws/install/self_driving/lib/self_driving
[4.239s] Installing traffic_signal_node script to /home/an/ros2_ws/install/self_driving/lib/self_driving
[4.240s] Installing vel_wheel_node script to /home/an/ros2_ws/install/self_driving/lib/self_driving
[4.245s] writing list of installed files to '/home/an/ros2_ws/build/self_driving/install.log'
[4.375s] Invoked command in '/home/an/ros2_ws/src/self_driving' returned '0': PYTHONPATH=/home/an/ros2_ws/build/self_driving/prefix_override:/home/an/ros2_ws/install/self_driving/lib/python3.10/site-packages:${PYTHONPATH} /usr/bin/python3 -W ignore:setup.py install is deprecated setup.py egg_info --egg-base ../../build/self_driving build --build-base /home/an/ros2_ws/build/self_driving/build install --record /home/an/ros2_ws/build/self_driving/install.log --single-version-externally-managed install_data
