[0.424s] DEBUG:colcon:Command line arguments: ['/usr/bin/colcon', 'build']
[0.425s] DEBUG:colcon:Parsed command line arguments: Namespace(log_base=None, log_level=None, verb_name='build', build_base='build', install_base='install', merge_install=False, symlink_install=False, test_result_base=None, continue_on_error=False, executor='parallel', parallel_workers=4, event_handlers=None, ignore_user_meta=False, metas=['./colcon.meta'], base_paths=['.'], packages_ignore=None, packages_ignore_regex=None, paths=None, packages_up_to=None, packages_up_to_regex=None, packages_above=None, packages_above_and_dependencies=None, packages_above_depth=None, packages_select_by_dep=None, packages_skip_by_dep=None, packages_skip_up_to=None, packages_select_build_failed=False, packages_skip_build_finished=False, packages_select_test_failures=False, packages_skip_test_passed=False, packages_select=None, packages_skip=None, packages_select_regex=None, packages_skip_regex=None, packages_start=None, packages_end=None, allow_overriding=[], cmake_args=None, cmake_target=None, cmake_target_skip_unavailable=False, cmake_clean_cache=False, cmake_clean_first=False, cmake_force_configure=False, ament_cmake_args=None, catkin_cmake_args=None, catkin_skip_building_tests=False, verb_parser=<colcon_defaults.argument_parser.defaults.DefaultArgumentsDecorator object at 0xffffa89e3100>, verb_extension=<colcon_core.verb.build.BuildVerb object at 0xffffa8b6fc70>, main=<bound method BuildVerb.main of <colcon_core.verb.build.BuildVerb object at 0xffffa8b6fc70>>)
[1.088s] Level 1:colcon.colcon_core.package_discovery:discover_packages(colcon_meta) check parameters
[1.088s] Level 1:colcon.colcon_core.package_discovery:discover_packages(recursive) check parameters
[1.088s] Level 1:colcon.colcon_core.package_discovery:discover_packages(ignore) check parameters
[1.089s] Level 1:colcon.colcon_core.package_discovery:discover_packages(path) check parameters
[1.089s] Level 1:colcon.colcon_core.package_discovery:discover_packages(colcon_meta) discover
[1.089s] Level 1:colcon.colcon_core.package_discovery:discover_packages(recursive) discover
[1.089s] INFO:colcon.colcon_core.package_discovery:Crawling recursively for packages in '/home/an/ros2_ws'
[1.089s] Level 1:colcon.colcon_core.package_identification:_identify(.) by extensions ['ignore', 'ignore_ament_install']
[1.090s] Level 1:colcon.colcon_core.package_identification:_identify(.) by extension 'ignore'
[1.090s] Level 1:colcon.colcon_core.package_identification:_identify(.) by extension 'ignore_ament_install'
[1.090s] Level 1:colcon.colcon_core.package_identification:_identify(.) by extensions ['colcon_pkg']
[1.090s] Level 1:colcon.colcon_core.package_identification:_identify(.) by extension 'colcon_pkg'
[1.090s] Level 1:colcon.colcon_core.package_identification:_identify(.) by extensions ['colcon_meta']
[1.091s] Level 1:colcon.colcon_core.package_identification:_identify(.) by extension 'colcon_meta'
[1.091s] Level 1:colcon.colcon_core.package_identification:_identify(.) by extensions ['ros']
[1.091s] Level 1:colcon.colcon_core.package_identification:_identify(.) by extension 'ros'
[1.134s] Level 1:colcon.colcon_core.package_identification:_identify(.) by extensions ['cmake', 'python']
[1.134s] Level 1:colcon.colcon_core.package_identification:_identify(.) by extension 'cmake'
[1.135s] Level 1:colcon.colcon_core.package_identification:_identify(.) by extension 'python'
[1.135s] Level 1:colcon.colcon_core.package_identification:_identify(.) by extensions ['python_setup_py']
[1.135s] Level 1:colcon.colcon_core.package_identification:_identify(.) by extension 'python_setup_py'
[1.136s] Level 1:colcon.colcon_core.package_identification:_identify(build) by extensions ['ignore', 'ignore_ament_install']
[1.136s] Level 1:colcon.colcon_core.package_identification:_identify(build) by extension 'ignore'
[1.136s] Level 1:colcon.colcon_core.package_identification:_identify(build) ignored
[1.137s] Level 1:colcon.colcon_core.package_identification:_identify(install) by extensions ['ignore', 'ignore_ament_install']
[1.137s] Level 1:colcon.colcon_core.package_identification:_identify(install) by extension 'ignore'
[1.137s] Level 1:colcon.colcon_core.package_identification:_identify(install) ignored
[1.138s] Level 1:colcon.colcon_core.package_identification:_identify(log) by extensions ['ignore', 'ignore_ament_install']
[1.139s] Level 1:colcon.colcon_core.package_identification:_identify(log) by extension 'ignore'
[1.139s] Level 1:colcon.colcon_core.package_identification:_identify(log) ignored
[1.139s] Level 1:colcon.colcon_core.package_identification:_identify(src) by extensions ['ignore', 'ignore_ament_install']
[1.139s] Level 1:colcon.colcon_core.package_identification:_identify(src) by extension 'ignore'
[1.140s] Level 1:colcon.colcon_core.package_identification:_identify(src) by extension 'ignore_ament_install'
[1.140s] Level 1:colcon.colcon_core.package_identification:_identify(src) by extensions ['colcon_pkg']
[1.140s] Level 1:colcon.colcon_core.package_identification:_identify(src) by extension 'colcon_pkg'
[1.140s] Level 1:colcon.colcon_core.package_identification:_identify(src) by extensions ['colcon_meta']
[1.140s] Level 1:colcon.colcon_core.package_identification:_identify(src) by extension 'colcon_meta'
[1.140s] Level 1:colcon.colcon_core.package_identification:_identify(src) by extensions ['ros']
[1.141s] Level 1:colcon.colcon_core.package_identification:_identify(src) by extension 'ros'
[1.141s] Level 1:colcon.colcon_core.package_identification:_identify(src) by extensions ['cmake', 'python']
[1.141s] Level 1:colcon.colcon_core.package_identification:_identify(src) by extension 'cmake'
[1.141s] Level 1:colcon.colcon_core.package_identification:_identify(src) by extension 'python'
[1.141s] Level 1:colcon.colcon_core.package_identification:_identify(src) by extensions ['python_setup_py']
[1.141s] Level 1:colcon.colcon_core.package_identification:_identify(src) by extension 'python_setup_py'
[1.142s] Level 1:colcon.colcon_core.package_identification:_identify(src/autonomous_tb3) by extensions ['ignore', 'ignore_ament_install']
[1.142s] Level 1:colcon.colcon_core.package_identification:_identify(src/autonomous_tb3) by extension 'ignore'
[1.142s] Level 1:colcon.colcon_core.package_identification:_identify(src/autonomous_tb3) by extension 'ignore_ament_install'
[1.143s] Level 1:colcon.colcon_core.package_identification:_identify(src/autonomous_tb3) by extensions ['colcon_pkg']
[1.143s] Level 1:colcon.colcon_core.package_identification:_identify(src/autonomous_tb3) by extension 'colcon_pkg'
[1.143s] Level 1:colcon.colcon_core.package_identification:_identify(src/autonomous_tb3) by extensions ['colcon_meta']
[1.143s] Level 1:colcon.colcon_core.package_identification:_identify(src/autonomous_tb3) by extension 'colcon_meta'
[1.143s] Level 1:colcon.colcon_core.package_identification:_identify(src/autonomous_tb3) by extensions ['ros']
[1.143s] Level 1:colcon.colcon_core.package_identification:_identify(src/autonomous_tb3) by extension 'ros'
[1.151s] DEBUG:colcon.colcon_core.package_identification:Package 'src/autonomous_tb3' with type 'ros.ament_python' and name 'autonomous_tb3'
[1.152s] Level 1:colcon.colcon_core.package_identification:_identify(src/diffdrive_esp32) by extensions ['ignore', 'ignore_ament_install']
[1.152s] Level 1:colcon.colcon_core.package_identification:_identify(src/diffdrive_esp32) by extension 'ignore'
[1.152s] Level 1:colcon.colcon_core.package_identification:_identify(src/diffdrive_esp32) by extension 'ignore_ament_install'
[1.152s] Level 1:colcon.colcon_core.package_identification:_identify(src/diffdrive_esp32) by extensions ['colcon_pkg']
[1.153s] Level 1:colcon.colcon_core.package_identification:_identify(src/diffdrive_esp32) by extension 'colcon_pkg'
[1.153s] Level 1:colcon.colcon_core.package_identification:_identify(src/diffdrive_esp32) by extensions ['colcon_meta']
[1.153s] Level 1:colcon.colcon_core.package_identification:_identify(src/diffdrive_esp32) by extension 'colcon_meta'
[1.153s] Level 1:colcon.colcon_core.package_identification:_identify(src/diffdrive_esp32) by extensions ['ros']
[1.153s] Level 1:colcon.colcon_core.package_identification:_identify(src/diffdrive_esp32) by extension 'ros'
[1.158s] DEBUG:colcon.colcon_core.package_identification:Package 'src/diffdrive_esp32' with type 'ros.ament_cmake' and name 'diffdrive_esp32'
[1.158s] Level 1:colcon.colcon_core.package_identification:_identify(src/image_resources) by extensions ['ignore', 'ignore_ament_install']
[1.159s] Level 1:colcon.colcon_core.package_identification:_identify(src/image_resources) by extension 'ignore'
[1.159s] Level 1:colcon.colcon_core.package_identification:_identify(src/image_resources) by extension 'ignore_ament_install'
[1.159s] Level 1:colcon.colcon_core.package_identification:_identify(src/image_resources) by extensions ['colcon_pkg']
[1.159s] Level 1:colcon.colcon_core.package_identification:_identify(src/image_resources) by extension 'colcon_pkg'
[1.160s] Level 1:colcon.colcon_core.package_identification:_identify(src/image_resources) by extensions ['colcon_meta']
[1.160s] Level 1:colcon.colcon_core.package_identification:_identify(src/image_resources) by extension 'colcon_meta'
[1.160s] Level 1:colcon.colcon_core.package_identification:_identify(src/image_resources) by extensions ['ros']
[1.160s] Level 1:colcon.colcon_core.package_identification:_identify(src/image_resources) by extension 'ros'
[1.160s] Level 1:colcon.colcon_core.package_identification:_identify(src/image_resources) by extensions ['cmake', 'python']
[1.160s] Level 1:colcon.colcon_core.package_identification:_identify(src/image_resources) by extension 'cmake'
[1.161s] Level 1:colcon.colcon_core.package_identification:_identify(src/image_resources) by extension 'python'
[1.161s] Level 1:colcon.colcon_core.package_identification:_identify(src/image_resources) by extensions ['python_setup_py']
[1.161s] Level 1:colcon.colcon_core.package_identification:_identify(src/image_resources) by extension 'python_setup_py'
[1.161s] Level 1:colcon.colcon_core.package_identification:_identify(src/ldlidar_ros2) by extensions ['ignore', 'ignore_ament_install']
[1.162s] Level 1:colcon.colcon_core.package_identification:_identify(src/ldlidar_ros2) by extension 'ignore'
[1.162s] Level 1:colcon.colcon_core.package_identification:_identify(src/ldlidar_ros2) by extension 'ignore_ament_install'
[1.162s] Level 1:colcon.colcon_core.package_identification:_identify(src/ldlidar_ros2) by extensions ['colcon_pkg']
[1.162s] Level 1:colcon.colcon_core.package_identification:_identify(src/ldlidar_ros2) by extension 'colcon_pkg'
[1.162s] Level 1:colcon.colcon_core.package_identification:_identify(src/ldlidar_ros2) by extensions ['colcon_meta']
[1.162s] Level 1:colcon.colcon_core.package_identification:_identify(src/ldlidar_ros2) by extension 'colcon_meta'
[1.163s] Level 1:colcon.colcon_core.package_identification:_identify(src/ldlidar_ros2) by extensions ['ros']
[1.163s] Level 1:colcon.colcon_core.package_identification:_identify(src/ldlidar_ros2) by extension 'ros'
[1.163s] Level 1:colcon.colcon_core.package_identification:_identify(src/ldlidar_ros2) by extensions ['cmake', 'python']
[1.163s] Level 1:colcon.colcon_core.package_identification:_identify(src/ldlidar_ros2) by extension 'cmake'
[1.163s] Level 1:colcon.colcon_core.package_identification:_identify(src/ldlidar_ros2) by extension 'python'
[1.164s] Level 1:colcon.colcon_core.package_identification:_identify(src/ldlidar_ros2) by extensions ['python_setup_py']
[1.164s] Level 1:colcon.colcon_core.package_identification:_identify(src/ldlidar_ros2) by extension 'python_setup_py'
[1.164s] Level 1:colcon.colcon_core.package_identification:_identify(src/ldlidar_ros2/src) by extensions ['ignore', 'ignore_ament_install']
[1.164s] Level 1:colcon.colcon_core.package_identification:_identify(src/ldlidar_ros2/src) by extension 'ignore'
[1.165s] Level 1:colcon.colcon_core.package_identification:_identify(src/ldlidar_ros2/src) by extension 'ignore_ament_install'
[1.165s] Level 1:colcon.colcon_core.package_identification:_identify(src/ldlidar_ros2/src) by extensions ['colcon_pkg']
[1.165s] Level 1:colcon.colcon_core.package_identification:_identify(src/ldlidar_ros2/src) by extension 'colcon_pkg'
[1.165s] Level 1:colcon.colcon_core.package_identification:_identify(src/ldlidar_ros2/src) by extensions ['colcon_meta']
[1.165s] Level 1:colcon.colcon_core.package_identification:_identify(src/ldlidar_ros2/src) by extension 'colcon_meta'
[1.166s] Level 1:colcon.colcon_core.package_identification:_identify(src/ldlidar_ros2/src) by extensions ['ros']
[1.166s] Level 1:colcon.colcon_core.package_identification:_identify(src/ldlidar_ros2/src) by extension 'ros'
[1.166s] Level 1:colcon.colcon_core.package_identification:_identify(src/ldlidar_ros2/src) by extensions ['cmake', 'python']
[1.166s] Level 1:colcon.colcon_core.package_identification:_identify(src/ldlidar_ros2/src) by extension 'cmake'
[1.166s] Level 1:colcon.colcon_core.package_identification:_identify(src/ldlidar_ros2/src) by extension 'python'
[1.166s] Level 1:colcon.colcon_core.package_identification:_identify(src/ldlidar_ros2/src) by extensions ['python_setup_py']
[1.167s] Level 1:colcon.colcon_core.package_identification:_identify(src/ldlidar_ros2/src) by extension 'python_setup_py'
[1.167s] Level 1:colcon.colcon_core.package_identification:_identify(src/ldlidar_ros2/src/ld08_driver) by extensions ['ignore', 'ignore_ament_install']
[1.167s] Level 1:colcon.colcon_core.package_identification:_identify(src/ldlidar_ros2/src/ld08_driver) by extension 'ignore'
[1.168s] Level 1:colcon.colcon_core.package_identification:_identify(src/ldlidar_ros2/src/ld08_driver) by extension 'ignore_ament_install'
[1.168s] Level 1:colcon.colcon_core.package_identification:_identify(src/ldlidar_ros2/src/ld08_driver) by extensions ['colcon_pkg']
[1.168s] Level 1:colcon.colcon_core.package_identification:_identify(src/ldlidar_ros2/src/ld08_driver) by extension 'colcon_pkg'
[1.168s] Level 1:colcon.colcon_core.package_identification:_identify(src/ldlidar_ros2/src/ld08_driver) by extensions ['colcon_meta']
[1.168s] Level 1:colcon.colcon_core.package_identification:_identify(src/ldlidar_ros2/src/ld08_driver) by extension 'colcon_meta'
[1.169s] Level 1:colcon.colcon_core.package_identification:_identify(src/ldlidar_ros2/src/ld08_driver) by extensions ['ros']
[1.169s] Level 1:colcon.colcon_core.package_identification:_identify(src/ldlidar_ros2/src/ld08_driver) by extension 'ros'
[1.171s] DEBUG:colcon.colcon_core.package_identification:Package 'src/ldlidar_ros2/src/ld08_driver' with type 'ros.ament_cmake' and name 'ld08_driver'
[1.172s] Level 1:colcon.colcon_core.package_identification:_identify(src/self_driving) by extensions ['ignore', 'ignore_ament_install']
[1.172s] Level 1:colcon.colcon_core.package_identification:_identify(src/self_driving) by extension 'ignore'
[1.172s] Level 1:colcon.colcon_core.package_identification:_identify(src/self_driving) by extension 'ignore_ament_install'
[1.173s] Level 1:colcon.colcon_core.package_identification:_identify(src/self_driving) by extensions ['colcon_pkg']
[1.173s] Level 1:colcon.colcon_core.package_identification:_identify(src/self_driving) by extension 'colcon_pkg'
[1.173s] Level 1:colcon.colcon_core.package_identification:_identify(src/self_driving) by extensions ['colcon_meta']
[1.173s] Level 1:colcon.colcon_core.package_identification:_identify(src/self_driving) by extension 'colcon_meta'
[1.173s] Level 1:colcon.colcon_core.package_identification:_identify(src/self_driving) by extensions ['ros']
[1.173s] Level 1:colcon.colcon_core.package_identification:_identify(src/self_driving) by extension 'ros'
[1.175s] DEBUG:colcon.colcon_core.package_identification:Package 'src/self_driving' with type 'ros.ament_python' and name 'self_driving'
[1.176s] Level 1:colcon.colcon_core.package_identification:_identify(src/test_pkg) by extensions ['ignore', 'ignore_ament_install']
[1.176s] Level 1:colcon.colcon_core.package_identification:_identify(src/test_pkg) by extension 'ignore'
[1.176s] Level 1:colcon.colcon_core.package_identification:_identify(src/test_pkg) by extension 'ignore_ament_install'
[1.177s] Level 1:colcon.colcon_core.package_identification:_identify(src/test_pkg) by extensions ['colcon_pkg']
[1.177s] Level 1:colcon.colcon_core.package_identification:_identify(src/test_pkg) by extension 'colcon_pkg'
[1.177s] Level 1:colcon.colcon_core.package_identification:_identify(src/test_pkg) by extensions ['colcon_meta']
[1.177s] Level 1:colcon.colcon_core.package_identification:_identify(src/test_pkg) by extension 'colcon_meta'
[1.177s] Level 1:colcon.colcon_core.package_identification:_identify(src/test_pkg) by extensions ['ros']
[1.177s] Level 1:colcon.colcon_core.package_identification:_identify(src/test_pkg) by extension 'ros'
[1.179s] DEBUG:colcon.colcon_core.package_identification:Package 'src/test_pkg' with type 'ros.ament_python' and name 'test_pkg'
[1.180s] Level 1:colcon.colcon_core.package_identification:_identify(src/turtlebot3_controller) by extensions ['ignore', 'ignore_ament_install']
[1.180s] Level 1:colcon.colcon_core.package_identification:_identify(src/turtlebot3_controller) by extension 'ignore'
[1.180s] Level 1:colcon.colcon_core.package_identification:_identify(src/turtlebot3_controller) by extension 'ignore_ament_install'
[1.180s] Level 1:colcon.colcon_core.package_identification:_identify(src/turtlebot3_controller) by extensions ['colcon_pkg']
[1.180s] Level 1:colcon.colcon_core.package_identification:_identify(src/turtlebot3_controller) by extension 'colcon_pkg'
[1.181s] Level 1:colcon.colcon_core.package_identification:_identify(src/turtlebot3_controller) by extensions ['colcon_meta']
[1.181s] Level 1:colcon.colcon_core.package_identification:_identify(src/turtlebot3_controller) by extension 'colcon_meta'
[1.181s] Level 1:colcon.colcon_core.package_identification:_identify(src/turtlebot3_controller) by extensions ['ros']
[1.181s] Level 1:colcon.colcon_core.package_identification:_identify(src/turtlebot3_controller) by extension 'ros'
[1.186s] DEBUG:colcon.colcon_core.package_identification:Package 'src/turtlebot3_controller' with type 'ros.ament_cmake' and name 'turtlebot3_controller'
[1.186s] Level 1:colcon.colcon_core.package_identification:_identify(src/turtlebot3_description) by extensions ['ignore', 'ignore_ament_install']
[1.187s] Level 1:colcon.colcon_core.package_identification:_identify(src/turtlebot3_description) by extension 'ignore'
[1.187s] Level 1:colcon.colcon_core.package_identification:_identify(src/turtlebot3_description) by extension 'ignore_ament_install'
[1.187s] Level 1:colcon.colcon_core.package_identification:_identify(src/turtlebot3_description) by extensions ['colcon_pkg']
[1.187s] Level 1:colcon.colcon_core.package_identification:_identify(src/turtlebot3_description) by extension 'colcon_pkg'
[1.187s] Level 1:colcon.colcon_core.package_identification:_identify(src/turtlebot3_description) by extensions ['colcon_meta']
[1.187s] Level 1:colcon.colcon_core.package_identification:_identify(src/turtlebot3_description) by extension 'colcon_meta'
[1.188s] Level 1:colcon.colcon_core.package_identification:_identify(src/turtlebot3_description) by extensions ['ros']
[1.188s] Level 1:colcon.colcon_core.package_identification:_identify(src/turtlebot3_description) by extension 'ros'
[1.195s] DEBUG:colcon.colcon_core.package_identification:Package 'src/turtlebot3_description' with type 'ros.ament_cmake' and name 'turtlebot3_description'
[1.195s] Level 1:colcon.colcon_core.package_identification:_identify(src/vel_driver) by extensions ['ignore', 'ignore_ament_install']
[1.196s] Level 1:colcon.colcon_core.package_identification:_identify(src/vel_driver) by extension 'ignore'
[1.196s] Level 1:colcon.colcon_core.package_identification:_identify(src/vel_driver) by extension 'ignore_ament_install'
[1.196s] Level 1:colcon.colcon_core.package_identification:_identify(src/vel_driver) by extensions ['colcon_pkg']
[1.196s] Level 1:colcon.colcon_core.package_identification:_identify(src/vel_driver) by extension 'colcon_pkg'
[1.196s] Level 1:colcon.colcon_core.package_identification:_identify(src/vel_driver) by extensions ['colcon_meta']
[1.196s] Level 1:colcon.colcon_core.package_identification:_identify(src/vel_driver) by extension 'colcon_meta'
[1.197s] Level 1:colcon.colcon_core.package_identification:_identify(src/vel_driver) by extensions ['ros']
[1.197s] Level 1:colcon.colcon_core.package_identification:_identify(src/vel_driver) by extension 'ros'
[1.199s] DEBUG:colcon.colcon_core.package_identification:Package 'src/vel_driver' with type 'ros.ament_python' and name 'vel_driver'
[1.199s] Level 1:colcon.colcon_core.package_discovery:discover_packages(recursive) using defaults
[1.199s] Level 1:colcon.colcon_core.package_discovery:discover_packages(ignore) discover
[1.199s] Level 1:colcon.colcon_core.package_discovery:discover_packages(ignore) using defaults
[1.199s] Level 1:colcon.colcon_core.package_discovery:discover_packages(path) discover
[1.200s] Level 1:colcon.colcon_core.package_discovery:discover_packages(path) using defaults
[1.279s] Level 1:colcon.colcon_core.package_discovery:discover_packages(prefix_path) check parameters
[1.279s] Level 1:colcon.colcon_core.package_discovery:discover_packages(prefix_path) discover
[1.289s] DEBUG:colcon.colcon_installed_package_information.package_discovery:Found 7 installed packages in /home/an/ros2_ws/install
[1.296s] DEBUG:colcon.colcon_installed_package_information.package_discovery:Found 222 installed packages in /opt/ros/humble
[1.301s] Level 1:colcon.colcon_core.package_discovery:discover_packages(prefix_path) using defaults
[1.461s] Level 5:colcon.colcon_core.verb:set package 'autonomous_tb3' build argument 'cmake_args' from command line to 'None'
[1.462s] Level 5:colcon.colcon_core.verb:set package 'autonomous_tb3' build argument 'cmake_target' from command line to 'None'
[1.462s] Level 5:colcon.colcon_core.verb:set package 'autonomous_tb3' build argument 'cmake_target_skip_unavailable' from command line to 'False'
[1.462s] Level 5:colcon.colcon_core.verb:set package 'autonomous_tb3' build argument 'cmake_clean_cache' from command line to 'False'
[1.462s] Level 5:colcon.colcon_core.verb:set package 'autonomous_tb3' build argument 'cmake_clean_first' from command line to 'False'
[1.462s] Level 5:colcon.colcon_core.verb:set package 'autonomous_tb3' build argument 'cmake_force_configure' from command line to 'False'
[1.462s] Level 5:colcon.colcon_core.verb:set package 'autonomous_tb3' build argument 'ament_cmake_args' from command line to 'None'
[1.462s] Level 5:colcon.colcon_core.verb:set package 'autonomous_tb3' build argument 'catkin_cmake_args' from command line to 'None'
[1.462s] Level 5:colcon.colcon_core.verb:set package 'autonomous_tb3' build argument 'catkin_skip_building_tests' from command line to 'False'
[1.463s] DEBUG:colcon.colcon_core.verb:Building package 'autonomous_tb3' with the following arguments: {'ament_cmake_args': None, 'build_base': '/home/an/ros2_ws/build/autonomous_tb3', 'catkin_cmake_args': None, 'catkin_skip_building_tests': False, 'cmake_args': None, 'cmake_clean_cache': False, 'cmake_clean_first': False, 'cmake_force_configure': False, 'cmake_target': None, 'cmake_target_skip_unavailable': False, 'install_base': '/home/an/ros2_ws/install/autonomous_tb3', 'merge_install': False, 'path': '/home/an/ros2_ws/src/autonomous_tb3', 'symlink_install': False, 'test_result_base': None}
[1.464s] Level 5:colcon.colcon_core.verb:set package 'diffdrive_esp32' build argument 'cmake_args' from command line to 'None'
[1.464s] Level 5:colcon.colcon_core.verb:set package 'diffdrive_esp32' build argument 'cmake_target' from command line to 'None'
[1.464s] Level 5:colcon.colcon_core.verb:set package 'diffdrive_esp32' build argument 'cmake_target_skip_unavailable' from command line to 'False'
[1.464s] Level 5:colcon.colcon_core.verb:set package 'diffdrive_esp32' build argument 'cmake_clean_cache' from command line to 'False'
[1.465s] Level 5:colcon.colcon_core.verb:set package 'diffdrive_esp32' build argument 'cmake_clean_first' from command line to 'False'
[1.465s] Level 5:colcon.colcon_core.verb:set package 'diffdrive_esp32' build argument 'cmake_force_configure' from command line to 'False'
[1.465s] Level 5:colcon.colcon_core.verb:set package 'diffdrive_esp32' build argument 'ament_cmake_args' from command line to 'None'
[1.465s] Level 5:colcon.colcon_core.verb:set package 'diffdrive_esp32' build argument 'catkin_cmake_args' from command line to 'None'
[1.465s] Level 5:colcon.colcon_core.verb:set package 'diffdrive_esp32' build argument 'catkin_skip_building_tests' from command line to 'False'
[1.465s] DEBUG:colcon.colcon_core.verb:Building package 'diffdrive_esp32' with the following arguments: {'ament_cmake_args': None, 'build_base': '/home/an/ros2_ws/build/diffdrive_esp32', 'catkin_cmake_args': None, 'catkin_skip_building_tests': False, 'cmake_args': None, 'cmake_clean_cache': False, 'cmake_clean_first': False, 'cmake_force_configure': False, 'cmake_target': None, 'cmake_target_skip_unavailable': False, 'install_base': '/home/an/ros2_ws/install/diffdrive_esp32', 'merge_install': False, 'path': '/home/an/ros2_ws/src/diffdrive_esp32', 'symlink_install': False, 'test_result_base': None}
[1.466s] Level 5:colcon.colcon_core.verb:set package 'ld08_driver' build argument 'cmake_args' from command line to 'None'
[1.467s] Level 5:colcon.colcon_core.verb:set package 'ld08_driver' build argument 'cmake_target' from command line to 'None'
[1.467s] Level 5:colcon.colcon_core.verb:set package 'ld08_driver' build argument 'cmake_target_skip_unavailable' from command line to 'False'
[1.467s] Level 5:colcon.colcon_core.verb:set package 'ld08_driver' build argument 'cmake_clean_cache' from command line to 'False'
[1.467s] Level 5:colcon.colcon_core.verb:set package 'ld08_driver' build argument 'cmake_clean_first' from command line to 'False'
[1.467s] Level 5:colcon.colcon_core.verb:set package 'ld08_driver' build argument 'cmake_force_configure' from command line to 'False'
[1.467s] Level 5:colcon.colcon_core.verb:set package 'ld08_driver' build argument 'ament_cmake_args' from command line to 'None'
[1.467s] Level 5:colcon.colcon_core.verb:set package 'ld08_driver' build argument 'catkin_cmake_args' from command line to 'None'
[1.467s] Level 5:colcon.colcon_core.verb:set package 'ld08_driver' build argument 'catkin_skip_building_tests' from command line to 'False'
[1.467s] DEBUG:colcon.colcon_core.verb:Building package 'ld08_driver' with the following arguments: {'ament_cmake_args': None, 'build_base': '/home/an/ros2_ws/build/ld08_driver', 'catkin_cmake_args': None, 'catkin_skip_building_tests': False, 'cmake_args': None, 'cmake_clean_cache': False, 'cmake_clean_first': False, 'cmake_force_configure': False, 'cmake_target': None, 'cmake_target_skip_unavailable': False, 'install_base': '/home/an/ros2_ws/install/ld08_driver', 'merge_install': False, 'path': '/home/an/ros2_ws/src/ldlidar_ros2/src/ld08_driver', 'symlink_install': False, 'test_result_base': None}
[1.469s] Level 5:colcon.colcon_core.verb:set package 'self_driving' build argument 'cmake_args' from command line to 'None'
[1.469s] Level 5:colcon.colcon_core.verb:set package 'self_driving' build argument 'cmake_target' from command line to 'None'
[1.469s] Level 5:colcon.colcon_core.verb:set package 'self_driving' build argument 'cmake_target_skip_unavailable' from command line to 'False'
[1.469s] Level 5:colcon.colcon_core.verb:set package 'self_driving' build argument 'cmake_clean_cache' from command line to 'False'
[1.469s] Level 5:colcon.colcon_core.verb:set package 'self_driving' build argument 'cmake_clean_first' from command line to 'False'
[1.469s] Level 5:colcon.colcon_core.verb:set package 'self_driving' build argument 'cmake_force_configure' from command line to 'False'
[1.469s] Level 5:colcon.colcon_core.verb:set package 'self_driving' build argument 'ament_cmake_args' from command line to 'None'
[1.469s] Level 5:colcon.colcon_core.verb:set package 'self_driving' build argument 'catkin_cmake_args' from command line to 'None'
[1.470s] Level 5:colcon.colcon_core.verb:set package 'self_driving' build argument 'catkin_skip_building_tests' from command line to 'False'
[1.470s] DEBUG:colcon.colcon_core.verb:Building package 'self_driving' with the following arguments: {'ament_cmake_args': None, 'build_base': '/home/an/ros2_ws/build/self_driving', 'catkin_cmake_args': None, 'catkin_skip_building_tests': False, 'cmake_args': None, 'cmake_clean_cache': False, 'cmake_clean_first': False, 'cmake_force_configure': False, 'cmake_target': None, 'cmake_target_skip_unavailable': False, 'install_base': '/home/an/ros2_ws/install/self_driving', 'merge_install': False, 'path': '/home/an/ros2_ws/src/self_driving', 'symlink_install': False, 'test_result_base': None}
[1.471s] Level 5:colcon.colcon_core.verb:set package 'test_pkg' build argument 'cmake_args' from command line to 'None'
[1.471s] Level 5:colcon.colcon_core.verb:set package 'test_pkg' build argument 'cmake_target' from command line to 'None'
[1.471s] Level 5:colcon.colcon_core.verb:set package 'test_pkg' build argument 'cmake_target_skip_unavailable' from command line to 'False'
[1.471s] Level 5:colcon.colcon_core.verb:set package 'test_pkg' build argument 'cmake_clean_cache' from command line to 'False'
[1.472s] Level 5:colcon.colcon_core.verb:set package 'test_pkg' build argument 'cmake_clean_first' from command line to 'False'
[1.472s] Level 5:colcon.colcon_core.verb:set package 'test_pkg' build argument 'cmake_force_configure' from command line to 'False'
[1.472s] Level 5:colcon.colcon_core.verb:set package 'test_pkg' build argument 'ament_cmake_args' from command line to 'None'
[1.472s] Level 5:colcon.colcon_core.verb:set package 'test_pkg' build argument 'catkin_cmake_args' from command line to 'None'
[1.472s] Level 5:colcon.colcon_core.verb:set package 'test_pkg' build argument 'catkin_skip_building_tests' from command line to 'False'
[1.472s] DEBUG:colcon.colcon_core.verb:Building package 'test_pkg' with the following arguments: {'ament_cmake_args': None, 'build_base': '/home/an/ros2_ws/build/test_pkg', 'catkin_cmake_args': None, 'catkin_skip_building_tests': False, 'cmake_args': None, 'cmake_clean_cache': False, 'cmake_clean_first': False, 'cmake_force_configure': False, 'cmake_target': None, 'cmake_target_skip_unavailable': False, 'install_base': '/home/an/ros2_ws/install/test_pkg', 'merge_install': False, 'path': '/home/an/ros2_ws/src/test_pkg', 'symlink_install': False, 'test_result_base': None}
[1.473s] Level 5:colcon.colcon_core.verb:set package 'turtlebot3_controller' build argument 'cmake_args' from command line to 'None'
[1.473s] Level 5:colcon.colcon_core.verb:set package 'turtlebot3_controller' build argument 'cmake_target' from command line to 'None'
[1.474s] Level 5:colcon.colcon_core.verb:set package 'turtlebot3_controller' build argument 'cmake_target_skip_unavailable' from command line to 'False'
[1.474s] Level 5:colcon.colcon_core.verb:set package 'turtlebot3_controller' build argument 'cmake_clean_cache' from command line to 'False'
[1.474s] Level 5:colcon.colcon_core.verb:set package 'turtlebot3_controller' build argument 'cmake_clean_first' from command line to 'False'
[1.474s] Level 5:colcon.colcon_core.verb:set package 'turtlebot3_controller' build argument 'cmake_force_configure' from command line to 'False'
[1.474s] Level 5:colcon.colcon_core.verb:set package 'turtlebot3_controller' build argument 'ament_cmake_args' from command line to 'None'
[1.474s] Level 5:colcon.colcon_core.verb:set package 'turtlebot3_controller' build argument 'catkin_cmake_args' from command line to 'None'
[1.474s] Level 5:colcon.colcon_core.verb:set package 'turtlebot3_controller' build argument 'catkin_skip_building_tests' from command line to 'False'
[1.474s] DEBUG:colcon.colcon_core.verb:Building package 'turtlebot3_controller' with the following arguments: {'ament_cmake_args': None, 'build_base': '/home/an/ros2_ws/build/turtlebot3_controller', 'catkin_cmake_args': None, 'catkin_skip_building_tests': False, 'cmake_args': None, 'cmake_clean_cache': False, 'cmake_clean_first': False, 'cmake_force_configure': False, 'cmake_target': None, 'cmake_target_skip_unavailable': False, 'install_base': '/home/an/ros2_ws/install/turtlebot3_controller', 'merge_install': False, 'path': '/home/an/ros2_ws/src/turtlebot3_controller', 'symlink_install': False, 'test_result_base': None}
[1.476s] Level 5:colcon.colcon_core.verb:set package 'turtlebot3_description' build argument 'cmake_args' from command line to 'None'
[1.476s] Level 5:colcon.colcon_core.verb:set package 'turtlebot3_description' build argument 'cmake_target' from command line to 'None'
[1.476s] Level 5:colcon.colcon_core.verb:set package 'turtlebot3_description' build argument 'cmake_target_skip_unavailable' from command line to 'False'
[1.476s] Level 5:colcon.colcon_core.verb:set package 'turtlebot3_description' build argument 'cmake_clean_cache' from command line to 'False'
[1.476s] Level 5:colcon.colcon_core.verb:set package 'turtlebot3_description' build argument 'cmake_clean_first' from command line to 'False'
[1.476s] Level 5:colcon.colcon_core.verb:set package 'turtlebot3_description' build argument 'cmake_force_configure' from command line to 'False'
[1.476s] Level 5:colcon.colcon_core.verb:set package 'turtlebot3_description' build argument 'ament_cmake_args' from command line to 'None'
[1.476s] Level 5:colcon.colcon_core.verb:set package 'turtlebot3_description' build argument 'catkin_cmake_args' from command line to 'None'
[1.476s] Level 5:colcon.colcon_core.verb:set package 'turtlebot3_description' build argument 'catkin_skip_building_tests' from command line to 'False'
[1.477s] DEBUG:colcon.colcon_core.verb:Building package 'turtlebot3_description' with the following arguments: {'ament_cmake_args': None, 'build_base': '/home/an/ros2_ws/build/turtlebot3_description', 'catkin_cmake_args': None, 'catkin_skip_building_tests': False, 'cmake_args': None, 'cmake_clean_cache': False, 'cmake_clean_first': False, 'cmake_force_configure': False, 'cmake_target': None, 'cmake_target_skip_unavailable': False, 'install_base': '/home/an/ros2_ws/install/turtlebot3_description', 'merge_install': False, 'path': '/home/an/ros2_ws/src/turtlebot3_description', 'symlink_install': False, 'test_result_base': None}
[1.478s] Level 5:colcon.colcon_core.verb:set package 'vel_driver' build argument 'cmake_args' from command line to 'None'
[1.478s] Level 5:colcon.colcon_core.verb:set package 'vel_driver' build argument 'cmake_target' from command line to 'None'
[1.478s] Level 5:colcon.colcon_core.verb:set package 'vel_driver' build argument 'cmake_target_skip_unavailable' from command line to 'False'
[1.478s] Level 5:colcon.colcon_core.verb:set package 'vel_driver' build argument 'cmake_clean_cache' from command line to 'False'
[1.478s] Level 5:colcon.colcon_core.verb:set package 'vel_driver' build argument 'cmake_clean_first' from command line to 'False'
[1.478s] Level 5:colcon.colcon_core.verb:set package 'vel_driver' build argument 'cmake_force_configure' from command line to 'False'
[1.479s] Level 5:colcon.colcon_core.verb:set package 'vel_driver' build argument 'ament_cmake_args' from command line to 'None'
[1.479s] Level 5:colcon.colcon_core.verb:set package 'vel_driver' build argument 'catkin_cmake_args' from command line to 'None'
[1.479s] Level 5:colcon.colcon_core.verb:set package 'vel_driver' build argument 'catkin_skip_building_tests' from command line to 'False'
[1.479s] DEBUG:colcon.colcon_core.verb:Building package 'vel_driver' with the following arguments: {'ament_cmake_args': None, 'build_base': '/home/an/ros2_ws/build/vel_driver', 'catkin_cmake_args': None, 'catkin_skip_building_tests': False, 'cmake_args': None, 'cmake_clean_cache': False, 'cmake_clean_first': False, 'cmake_force_configure': False, 'cmake_target': None, 'cmake_target_skip_unavailable': False, 'install_base': '/home/an/ros2_ws/install/vel_driver', 'merge_install': False, 'path': '/home/an/ros2_ws/src/vel_driver', 'symlink_install': False, 'test_result_base': None}
[1.479s] INFO:colcon.colcon_core.executor:Executing jobs using 'parallel' executor
[1.483s] DEBUG:colcon.colcon_parallel_executor.executor.parallel:run_until_complete
[1.484s] INFO:colcon.colcon_ros.task.ament_python.build:Building ROS package in '/home/an/ros2_ws/src/autonomous_tb3' with build type 'ament_python'
[1.484s] Level 1:colcon.colcon_core.shell:create_environment_hook('autonomous_tb3', 'ament_prefix_path')
[1.494s] INFO:colcon.colcon_core.plugin_system:Skipping extension 'colcon_core.shell.bat': Not used on non-Windows systems
[1.495s] INFO:colcon.colcon_core.shell:Creating environment hook '/home/an/ros2_ws/install/autonomous_tb3/share/autonomous_tb3/hook/ament_prefix_path.ps1'
[1.498s] INFO:colcon.colcon_core.shell:Creating environment descriptor '/home/an/ros2_ws/install/autonomous_tb3/share/autonomous_tb3/hook/ament_prefix_path.dsv'
[1.499s] INFO:colcon.colcon_core.shell:Creating environment hook '/home/an/ros2_ws/install/autonomous_tb3/share/autonomous_tb3/hook/ament_prefix_path.sh'
[1.503s] INFO:colcon.colcon_core.shell:Skip shell extension 'powershell' for command environment: Not usable outside of PowerShell
[1.503s] DEBUG:colcon.colcon_core.shell:Skip shell extension 'dsv' for command environment
[1.520s] INFO:colcon.colcon_ros.task.ament_cmake.build:Building ROS package in '/home/an/ros2_ws/src/diffdrive_esp32' with build type 'ament_cmake'
[1.521s] INFO:colcon.colcon_cmake.task.cmake.build:Building CMake package in '/home/an/ros2_ws/src/diffdrive_esp32'
[1.522s] INFO:colcon.colcon_core.shell:Skip shell extension 'powershell' for command environment: Not usable outside of PowerShell
[1.523s] DEBUG:colcon.colcon_core.shell:Skip shell extension 'dsv' for command environment
[1.540s] INFO:colcon.colcon_ros.task.ament_cmake.build:Building ROS package in '/home/an/ros2_ws/src/ldlidar_ros2/src/ld08_driver' with build type 'ament_cmake'
[1.541s] INFO:colcon.colcon_cmake.task.cmake.build:Building CMake package in '/home/an/ros2_ws/src/ldlidar_ros2/src/ld08_driver'
[1.542s] INFO:colcon.colcon_core.shell:Skip shell extension 'powershell' for command environment: Not usable outside of PowerShell
[1.542s] DEBUG:colcon.colcon_core.shell:Skip shell extension 'dsv' for command environment
[1.561s] INFO:colcon.colcon_ros.task.ament_python.build:Building ROS package in '/home/an/ros2_ws/src/self_driving' with build type 'ament_python'
[1.562s] Level 1:colcon.colcon_core.shell:create_environment_hook('self_driving', 'ament_prefix_path')
[1.563s] INFO:colcon.colcon_core.shell:Creating environment hook '/home/an/ros2_ws/install/self_driving/share/self_driving/hook/ament_prefix_path.ps1'
[1.565s] INFO:colcon.colcon_core.shell:Creating environment descriptor '/home/an/ros2_ws/install/self_driving/share/self_driving/hook/ament_prefix_path.dsv'
[1.567s] INFO:colcon.colcon_core.shell:Creating environment hook '/home/an/ros2_ws/install/self_driving/share/self_driving/hook/ament_prefix_path.sh'
[1.570s] INFO:colcon.colcon_core.shell:Skip shell extension 'powershell' for command environment: Not usable outside of PowerShell
[1.570s] DEBUG:colcon.colcon_core.shell:Skip shell extension 'dsv' for command environment
[2.620s] INFO:colcon.colcon_core.task.python.build:Building Python package in '/home/an/ros2_ws/src/autonomous_tb3'
[2.621s] INFO:colcon.colcon_core.shell:Skip shell extension 'powershell' for command environment: Not usable outside of PowerShell
[2.621s] DEBUG:colcon.colcon_core.shell:Skip shell extension 'dsv' for command environment
[2.650s] DEBUG:colcon.colcon_core.event_handler.log_command:Invoking command in '/home/an/ros2_ws/build/diffdrive_esp32': CMAKE_PREFIX_PATH=${CMAKE_PREFIX_PATH}:/home/an/ros2_ws/install/vel_driver:/home/an/ros2_ws/install/test_pkg:/home/an/ros2_ws/install/self_driving:/opt/ros/humble /usr/bin/cmake --build /home/an/ros2_ws/build/diffdrive_esp32 -- -j4 -l4
[2.674s] DEBUG:colcon.colcon_core.event_handler.log_command:Invoking command in '/home/an/ros2_ws/build/ld08_driver': CMAKE_PREFIX_PATH=${CMAKE_PREFIX_PATH}:/home/an/ros2_ws/install/vel_driver:/home/an/ros2_ws/install/test_pkg:/home/an/ros2_ws/install/self_driving:/opt/ros/humble /usr/bin/cmake /home/an/ros2_ws/src/ldlidar_ros2/src/ld08_driver -DCMAKE_INSTALL_PREFIX=/home/an/ros2_ws/install/ld08_driver
[3.893s] INFO:colcon.colcon_core.task.python.build:Building Python package in '/home/an/ros2_ws/src/self_driving'
[3.894s] INFO:colcon.colcon_core.shell:Skip shell extension 'powershell' for command environment: Not usable outside of PowerShell
[3.894s] DEBUG:colcon.colcon_core.shell:Skip shell extension 'dsv' for command environment
[3.929s] DEBUG:colcon.colcon_core.event_handler.log_command:Invoked command in '/home/an/ros2_ws/build/diffdrive_esp32' returned '0': CMAKE_PREFIX_PATH=${CMAKE_PREFIX_PATH}:/home/an/ros2_ws/install/vel_driver:/home/an/ros2_ws/install/test_pkg:/home/an/ros2_ws/install/self_driving:/opt/ros/humble /usr/bin/cmake --build /home/an/ros2_ws/build/diffdrive_esp32 -- -j4 -l4
[4.119s] DEBUG:colcon.colcon_core.event_handler.log_command:Invoking command in '/home/an/ros2_ws/build/diffdrive_esp32': CMAKE_PREFIX_PATH=${CMAKE_PREFIX_PATH}:/home/an/ros2_ws/install/vel_driver:/home/an/ros2_ws/install/test_pkg:/home/an/ros2_ws/install/self_driving:/opt/ros/humble /usr/bin/cmake --install /home/an/ros2_ws/build/diffdrive_esp32
[4.183s] Level 1:colcon.colcon_core.environment:create_environment_scripts_only(diffdrive_esp32)
[4.203s] DEBUG:colcon.colcon_core.event_handler.log_command:Invoked command in '/home/an/ros2_ws/build/diffdrive_esp32' returned '0': CMAKE_PREFIX_PATH=${CMAKE_PREFIX_PATH}:/home/an/ros2_ws/install/vel_driver:/home/an/ros2_ws/install/test_pkg:/home/an/ros2_ws/install/self_driving:/opt/ros/humble /usr/bin/cmake --install /home/an/ros2_ws/build/diffdrive_esp32
[4.208s] Level 1:colcon.colcon_core.environment:checking '/home/an/ros2_ws/install/diffdrive_esp32' for CMake module files
[4.211s] Level 1:colcon.colcon_core.environment:checking '/home/an/ros2_ws/install/diffdrive_esp32' for CMake config files
[4.214s] Level 1:colcon.colcon_core.shell:create_environment_hook('diffdrive_esp32', 'cmake_prefix_path')
[4.215s] INFO:colcon.colcon_core.shell:Creating environment hook '/home/an/ros2_ws/install/diffdrive_esp32/share/diffdrive_esp32/hook/cmake_prefix_path.ps1'
[4.218s] INFO:colcon.colcon_core.shell:Creating environment descriptor '/home/an/ros2_ws/install/diffdrive_esp32/share/diffdrive_esp32/hook/cmake_prefix_path.dsv'
[4.221s] INFO:colcon.colcon_core.shell:Creating environment hook '/home/an/ros2_ws/install/diffdrive_esp32/share/diffdrive_esp32/hook/cmake_prefix_path.sh'
[4.226s] Level 1:colcon.colcon_core.environment:checking '/home/an/ros2_ws/install/diffdrive_esp32/lib'
[4.227s] Level 1:colcon.colcon_core.shell:create_environment_hook('diffdrive_esp32', 'ld_library_path_lib')
[4.228s] INFO:colcon.colcon_core.shell:Creating environment hook '/home/an/ros2_ws/install/diffdrive_esp32/share/diffdrive_esp32/hook/ld_library_path_lib.ps1'
[4.230s] INFO:colcon.colcon_core.shell:Creating environment descriptor '/home/an/ros2_ws/install/diffdrive_esp32/share/diffdrive_esp32/hook/ld_library_path_lib.dsv'
[4.232s] INFO:colcon.colcon_core.shell:Creating environment hook '/home/an/ros2_ws/install/diffdrive_esp32/share/diffdrive_esp32/hook/ld_library_path_lib.sh'
[4.235s] Level 1:colcon.colcon_core.environment:checking '/home/an/ros2_ws/install/diffdrive_esp32/bin'
[4.235s] Level 1:colcon.colcon_core.environment:checking '/home/an/ros2_ws/install/diffdrive_esp32/lib/pkgconfig/diffdrive_esp32.pc'
[4.237s] Level 1:colcon.colcon_core.environment:checking '/home/an/ros2_ws/install/diffdrive_esp32/lib/python3.10/site-packages'
[4.238s] Level 1:colcon.colcon_core.environment:checking '/home/an/ros2_ws/install/diffdrive_esp32/bin'
[4.240s] INFO:colcon.colcon_core.shell:Creating package script '/home/an/ros2_ws/install/diffdrive_esp32/share/diffdrive_esp32/package.ps1'
[4.246s] INFO:colcon.colcon_core.shell:Creating package descriptor '/home/an/ros2_ws/install/diffdrive_esp32/share/diffdrive_esp32/package.dsv'
[4.250s] INFO:colcon.colcon_core.shell:Creating package script '/home/an/ros2_ws/install/diffdrive_esp32/share/diffdrive_esp32/package.sh'
[4.254s] INFO:colcon.colcon_core.shell:Creating package script '/home/an/ros2_ws/install/diffdrive_esp32/share/diffdrive_esp32/package.bash'
[4.258s] INFO:colcon.colcon_core.shell:Creating package script '/home/an/ros2_ws/install/diffdrive_esp32/share/diffdrive_esp32/package.zsh'
[4.262s] Level 1:colcon.colcon_core.environment:create_file_with_runtime_dependencies(/home/an/ros2_ws/install/diffdrive_esp32/share/colcon-core/packages/diffdrive_esp32)
[4.401s] Level 1:colcon.colcon_core.environment:create_environment_scripts_only(diffdrive_esp32)
[4.403s] Level 1:colcon.colcon_core.environment:checking '/home/an/ros2_ws/install/diffdrive_esp32' for CMake module files
[4.407s] Level 1:colcon.colcon_core.environment:checking '/home/an/ros2_ws/install/diffdrive_esp32' for CMake config files
[4.410s] Level 1:colcon.colcon_core.shell:create_environment_hook('diffdrive_esp32', 'cmake_prefix_path')
[4.411s] INFO:colcon.colcon_core.shell:Creating environment hook '/home/an/ros2_ws/install/diffdrive_esp32/share/diffdrive_esp32/hook/cmake_prefix_path.ps1'
[4.416s] INFO:colcon.colcon_core.shell:Creating environment descriptor '/home/an/ros2_ws/install/diffdrive_esp32/share/diffdrive_esp32/hook/cmake_prefix_path.dsv'
[4.418s] INFO:colcon.colcon_core.shell:Creating environment hook '/home/an/ros2_ws/install/diffdrive_esp32/share/diffdrive_esp32/hook/cmake_prefix_path.sh'
[4.423s] Level 1:colcon.colcon_core.environment:checking '/home/an/ros2_ws/install/diffdrive_esp32/lib'
[4.424s] Level 1:colcon.colcon_core.shell:create_environment_hook('diffdrive_esp32', 'ld_library_path_lib')
[4.425s] INFO:colcon.colcon_core.shell:Creating environment hook '/home/an/ros2_ws/install/diffdrive_esp32/share/diffdrive_esp32/hook/ld_library_path_lib.ps1'
[4.428s] INFO:colcon.colcon_core.shell:Creating environment descriptor '/home/an/ros2_ws/install/diffdrive_esp32/share/diffdrive_esp32/hook/ld_library_path_lib.dsv'
[4.431s] INFO:colcon.colcon_core.shell:Creating environment hook '/home/an/ros2_ws/install/diffdrive_esp32/share/diffdrive_esp32/hook/ld_library_path_lib.sh'
[4.433s] Level 1:colcon.colcon_core.environment:checking '/home/an/ros2_ws/install/diffdrive_esp32/bin'
[4.434s] Level 1:colcon.colcon_core.environment:checking '/home/an/ros2_ws/install/diffdrive_esp32/lib/pkgconfig/diffdrive_esp32.pc'
[4.435s] Level 1:colcon.colcon_core.environment:checking '/home/an/ros2_ws/install/diffdrive_esp32/lib/python3.10/site-packages'
[4.437s] Level 1:colcon.colcon_core.environment:checking '/home/an/ros2_ws/install/diffdrive_esp32/bin'
[4.439s] INFO:colcon.colcon_core.shell:Creating package script '/home/an/ros2_ws/install/diffdrive_esp32/share/diffdrive_esp32/package.ps1'
[4.442s] INFO:colcon.colcon_core.shell:Creating package descriptor '/home/an/ros2_ws/install/diffdrive_esp32/share/diffdrive_esp32/package.dsv'
[4.450s] INFO:colcon.colcon_core.shell:Creating package script '/home/an/ros2_ws/install/diffdrive_esp32/share/diffdrive_esp32/package.sh'
[4.453s] INFO:colcon.colcon_core.shell:Creating package script '/home/an/ros2_ws/install/diffdrive_esp32/share/diffdrive_esp32/package.bash'
[4.456s] INFO:colcon.colcon_core.shell:Creating package script '/home/an/ros2_ws/install/diffdrive_esp32/share/diffdrive_esp32/package.zsh'
[4.458s] Level 1:colcon.colcon_core.environment:create_file_with_runtime_dependencies(/home/an/ros2_ws/install/diffdrive_esp32/share/colcon-core/packages/diffdrive_esp32)
[4.463s] INFO:colcon.colcon_ros.task.ament_python.build:Building ROS package in '/home/an/ros2_ws/src/test_pkg' with build type 'ament_python'
[4.465s] Level 1:colcon.colcon_core.shell:create_environment_hook('test_pkg', 'ament_prefix_path')
[4.466s] INFO:colcon.colcon_core.shell:Creating environment hook '/home/an/ros2_ws/install/test_pkg/share/test_pkg/hook/ament_prefix_path.ps1'
[4.469s] INFO:colcon.colcon_core.shell:Creating environment descriptor '/home/an/ros2_ws/install/test_pkg/share/test_pkg/hook/ament_prefix_path.dsv'
[4.472s] INFO:colcon.colcon_core.shell:Creating environment hook '/home/an/ros2_ws/install/test_pkg/share/test_pkg/hook/ament_prefix_path.sh'
[4.475s] INFO:colcon.colcon_core.shell:Skip shell extension 'powershell' for command environment: Not usable outside of PowerShell
[4.475s] DEBUG:colcon.colcon_core.shell:Skip shell extension 'dsv' for command environment
[6.217s] INFO:colcon.colcon_core.task.python.build:Building Python package in '/home/an/ros2_ws/src/test_pkg'
[6.219s] INFO:colcon.colcon_core.shell:Skip shell extension 'powershell' for command environment: Not usable outside of PowerShell
[6.219s] DEBUG:colcon.colcon_core.shell:Skip shell extension 'dsv' for command environment
[6.261s] DEBUG:colcon.colcon_core.event_handler.log_command:Invoking command in '/home/an/ros2_ws/src/autonomous_tb3': PYTHONPATH=/home/an/ros2_ws/build/autonomous_tb3/prefix_override:/home/an/ros2_ws/install/autonomous_tb3/lib/python3.10/site-packages:${PYTHONPATH} /usr/bin/python3 -W ignore:setup.py install is deprecated setup.py egg_info --egg-base ../../build/autonomous_tb3 build --build-base /home/an/ros2_ws/build/autonomous_tb3/build install --record /home/an/ros2_ws/build/autonomous_tb3/install.log --single-version-externally-managed install_data
[6.272s] DEBUG:colcon.colcon_core.event_handler.log_command:Invoking command in '/home/an/ros2_ws/src/self_driving': PYTHONPATH=/home/an/ros2_ws/build/self_driving/prefix_override:/home/an/ros2_ws/install/self_driving/lib/python3.10/site-packages:${PYTHONPATH} /usr/bin/python3 -W ignore:setup.py install is deprecated setup.py egg_info --egg-base ../../build/self_driving build --build-base /home/an/ros2_ws/build/self_driving/build install --record /home/an/ros2_ws/build/self_driving/install.log --single-version-externally-managed install_data
[7.966s] Level 1:colcon.colcon_core.environment:checking '/home/an/ros2_ws/install/autonomous_tb3' for CMake module files
[7.970s] Level 1:colcon.colcon_core.environment:checking '/home/an/ros2_ws/install/autonomous_tb3' for CMake config files
[7.978s] DEBUG:colcon.colcon_core.event_handler.log_command:Invoked command in '/home/an/ros2_ws/src/autonomous_tb3' returned '0': PYTHONPATH=/home/an/ros2_ws/build/autonomous_tb3/prefix_override:/home/an/ros2_ws/install/autonomous_tb3/lib/python3.10/site-packages:${PYTHONPATH} /usr/bin/python3 -W ignore:setup.py install is deprecated setup.py egg_info --egg-base ../../build/autonomous_tb3 build --build-base /home/an/ros2_ws/build/autonomous_tb3/build install --record /home/an/ros2_ws/build/autonomous_tb3/install.log --single-version-externally-managed install_data
[7.979s] Level 1:colcon.colcon_core.environment:checking '/home/an/ros2_ws/install/autonomous_tb3/lib'
[7.980s] Level 1:colcon.colcon_core.environment:checking '/home/an/ros2_ws/install/autonomous_tb3/bin'
[7.981s] Level 1:colcon.colcon_core.environment:checking '/home/an/ros2_ws/install/autonomous_tb3/lib/pkgconfig/autonomous_tb3.pc'
[7.983s] Level 1:colcon.colcon_core.environment:checking '/home/an/ros2_ws/install/autonomous_tb3/lib/python3.10/site-packages'
[7.984s] Level 1:colcon.colcon_core.shell:create_environment_hook('autonomous_tb3', 'pythonpath')
[7.985s] INFO:colcon.colcon_core.shell:Creating environment hook '/home/an/ros2_ws/install/autonomous_tb3/share/autonomous_tb3/hook/pythonpath.ps1'
[7.988s] INFO:colcon.colcon_core.shell:Creating environment descriptor '/home/an/ros2_ws/install/autonomous_tb3/share/autonomous_tb3/hook/pythonpath.dsv'
[7.990s] INFO:colcon.colcon_core.shell:Creating environment hook '/home/an/ros2_ws/install/autonomous_tb3/share/autonomous_tb3/hook/pythonpath.sh'
[7.994s] Level 1:colcon.colcon_core.environment:checking '/home/an/ros2_ws/install/autonomous_tb3/bin'
[7.995s] Level 1:colcon.colcon_core.environment:create_environment_scripts_only(autonomous_tb3)
[7.996s] INFO:colcon.colcon_core.shell:Creating package script '/home/an/ros2_ws/install/autonomous_tb3/share/autonomous_tb3/package.ps1'
[7.999s] INFO:colcon.colcon_core.shell:Creating package descriptor '/home/an/ros2_ws/install/autonomous_tb3/share/autonomous_tb3/package.dsv'
[8.001s] INFO:colcon.colcon_core.shell:Creating package script '/home/an/ros2_ws/install/autonomous_tb3/share/autonomous_tb3/package.sh'
[8.003s] INFO:colcon.colcon_core.shell:Creating package script '/home/an/ros2_ws/install/autonomous_tb3/share/autonomous_tb3/package.bash'
[8.005s] INFO:colcon.colcon_core.shell:Creating package script '/home/an/ros2_ws/install/autonomous_tb3/share/autonomous_tb3/package.zsh'
[8.007s] Level 1:colcon.colcon_core.environment:create_file_with_runtime_dependencies(/home/an/ros2_ws/install/autonomous_tb3/share/colcon-core/packages/autonomous_tb3)
[8.010s] INFO:colcon.colcon_ros.task.ament_cmake.build:Building ROS package in '/home/an/ros2_ws/src/turtlebot3_controller' with build type 'ament_cmake'
[8.011s] INFO:colcon.colcon_cmake.task.cmake.build:Building CMake package in '/home/an/ros2_ws/src/turtlebot3_controller'
[8.012s] INFO:colcon.colcon_core.shell:Skip shell extension 'powershell' for command environment: Not usable outside of PowerShell
[8.013s] DEBUG:colcon.colcon_core.shell:Skip shell extension 'dsv' for command environment
[8.034s] Level 1:colcon.colcon_core.environment:checking '/home/an/ros2_ws/install/self_driving' for CMake module files
[8.036s] DEBUG:colcon.colcon_core.event_handler.log_command:Invoked command in '/home/an/ros2_ws/src/self_driving' returned '0': PYTHONPATH=/home/an/ros2_ws/build/self_driving/prefix_override:/home/an/ros2_ws/install/self_driving/lib/python3.10/site-packages:${PYTHONPATH} /usr/bin/python3 -W ignore:setup.py install is deprecated setup.py egg_info --egg-base ../../build/self_driving build --build-base /home/an/ros2_ws/build/self_driving/build install --record /home/an/ros2_ws/build/self_driving/install.log --single-version-externally-managed install_data
[8.038s] Level 1:colcon.colcon_core.environment:checking '/home/an/ros2_ws/install/self_driving' for CMake config files
[8.043s] Level 1:colcon.colcon_core.environment:checking '/home/an/ros2_ws/install/self_driving/lib'
[8.043s] Level 1:colcon.colcon_core.environment:checking '/home/an/ros2_ws/install/self_driving/bin'
[8.044s] Level 1:colcon.colcon_core.environment:checking '/home/an/ros2_ws/install/self_driving/lib/pkgconfig/self_driving.pc'
[8.045s] Level 1:colcon.colcon_core.environment:checking '/home/an/ros2_ws/install/self_driving/lib/python3.10/site-packages'
[8.045s] Level 1:colcon.colcon_core.shell:create_environment_hook('self_driving', 'pythonpath')
[8.046s] INFO:colcon.colcon_core.shell:Creating environment hook '/home/an/ros2_ws/install/self_driving/share/self_driving/hook/pythonpath.ps1'
[8.048s] INFO:colcon.colcon_core.shell:Creating environment descriptor '/home/an/ros2_ws/install/self_driving/share/self_driving/hook/pythonpath.dsv'
[8.050s] INFO:colcon.colcon_core.shell:Creating environment hook '/home/an/ros2_ws/install/self_driving/share/self_driving/hook/pythonpath.sh'
[8.053s] Level 1:colcon.colcon_core.environment:checking '/home/an/ros2_ws/install/self_driving/bin'
[8.053s] Level 1:colcon.colcon_core.environment:create_environment_scripts_only(self_driving)
[8.055s] INFO:colcon.colcon_core.shell:Creating package script '/home/an/ros2_ws/install/self_driving/share/self_driving/package.ps1'
[8.057s] INFO:colcon.colcon_core.shell:Creating package descriptor '/home/an/ros2_ws/install/self_driving/share/self_driving/package.dsv'
[8.060s] INFO:colcon.colcon_core.shell:Creating package script '/home/an/ros2_ws/install/self_driving/share/self_driving/package.sh'
[8.062s] INFO:colcon.colcon_core.shell:Creating package script '/home/an/ros2_ws/install/self_driving/share/self_driving/package.bash'
[8.065s] INFO:colcon.colcon_core.shell:Creating package script '/home/an/ros2_ws/install/self_driving/share/self_driving/package.zsh'
[8.067s] Level 1:colcon.colcon_core.environment:create_file_with_runtime_dependencies(/home/an/ros2_ws/install/self_driving/share/colcon-core/packages/self_driving)
[8.071s] INFO:colcon.colcon_ros.task.ament_cmake.build:Building ROS package in '/home/an/ros2_ws/src/turtlebot3_description' with build type 'ament_cmake'
[8.071s] INFO:colcon.colcon_cmake.task.cmake.build:Building CMake package in '/home/an/ros2_ws/src/turtlebot3_description'
[8.073s] INFO:colcon.colcon_core.shell:Skip shell extension 'powershell' for command environment: Not usable outside of PowerShell
[8.073s] DEBUG:colcon.colcon_core.shell:Skip shell extension 'dsv' for command environment
[8.121s] DEBUG:colcon.colcon_core.event_handler.log_command:Invoking command in '/home/an/ros2_ws/build/turtlebot3_controller': CMAKE_PREFIX_PATH=${CMAKE_PREFIX_PATH}:/home/an/ros2_ws/install/vel_driver:/home/an/ros2_ws/install/test_pkg:/home/an/ros2_ws/install/self_driving:/opt/ros/humble /usr/bin/cmake --build /home/an/ros2_ws/build/turtlebot3_controller -- -j4 -l4
[8.146s] DEBUG:colcon.colcon_core.event_handler.log_command:Invoking command in '/home/an/ros2_ws/build/turtlebot3_description': CMAKE_PREFIX_PATH=${CMAKE_PREFIX_PATH}:/home/an/ros2_ws/install/vel_driver:/home/an/ros2_ws/install/test_pkg:/home/an/ros2_ws/install/self_driving:/opt/ros/humble /usr/bin/cmake --build /home/an/ros2_ws/build/turtlebot3_description -- -j4 -l4
[8.365s] DEBUG:colcon.colcon_core.event_handler.log_command:Invoked command in '/home/an/ros2_ws/build/turtlebot3_description' returned '0': CMAKE_PREFIX_PATH=${CMAKE_PREFIX_PATH}:/home/an/ros2_ws/install/vel_driver:/home/an/ros2_ws/install/test_pkg:/home/an/ros2_ws/install/self_driving:/opt/ros/humble /usr/bin/cmake --build /home/an/ros2_ws/build/turtlebot3_description -- -j4 -l4
[8.451s] DEBUG:colcon.colcon_core.event_handler.log_command:Invoking command in '/home/an/ros2_ws/src/test_pkg': PYTHONPATH=/home/an/ros2_ws/build/test_pkg/prefix_override:/home/an/ros2_ws/install/test_pkg/lib/python3.10/site-packages:${PYTHONPATH} /usr/bin/python3 -W ignore:setup.py install is deprecated setup.py egg_info --egg-base ../../build/test_pkg build --build-base /home/an/ros2_ws/build/test_pkg/build install --record /home/an/ros2_ws/build/test_pkg/install.log --single-version-externally-managed install_data
[8.635s] DEBUG:colcon.colcon_core.event_handler.log_command:Invoking command in '/home/an/ros2_ws/build/turtlebot3_description': CMAKE_PREFIX_PATH=${CMAKE_PREFIX_PATH}:/home/an/ros2_ws/install/vel_driver:/home/an/ros2_ws/install/test_pkg:/home/an/ros2_ws/install/self_driving:/opt/ros/humble /usr/bin/cmake --install /home/an/ros2_ws/build/turtlebot3_description
[8.752s] Level 1:colcon.colcon_core.environment:create_environment_scripts_only(turtlebot3_description)
[8.753s] Level 1:colcon.colcon_core.environment:checking '/home/an/ros2_ws/install/turtlebot3_description' for CMake module files
[8.757s] Level 1:colcon.colcon_core.environment:checking '/home/an/ros2_ws/install/turtlebot3_description' for CMake config files
[8.761s] DEBUG:colcon.colcon_core.event_handler.log_command:Invoked command in '/home/an/ros2_ws/build/turtlebot3_description' returned '0': CMAKE_PREFIX_PATH=${CMAKE_PREFIX_PATH}:/home/an/ros2_ws/install/vel_driver:/home/an/ros2_ws/install/test_pkg:/home/an/ros2_ws/install/self_driving:/opt/ros/humble /usr/bin/cmake --install /home/an/ros2_ws/build/turtlebot3_description
[8.762s] Level 1:colcon.colcon_core.shell:create_environment_hook('turtlebot3_description', 'cmake_prefix_path')
[8.764s] INFO:colcon.colcon_core.shell:Creating environment hook '/home/an/ros2_ws/install/turtlebot3_description/share/turtlebot3_description/hook/cmake_prefix_path.ps1'
[8.766s] INFO:colcon.colcon_core.shell:Creating environment descriptor '/home/an/ros2_ws/install/turtlebot3_description/share/turtlebot3_description/hook/cmake_prefix_path.dsv'
[8.770s] INFO:colcon.colcon_core.shell:Creating environment hook '/home/an/ros2_ws/install/turtlebot3_description/share/turtlebot3_description/hook/cmake_prefix_path.sh'
[8.774s] Level 1:colcon.colcon_core.environment:checking '/home/an/ros2_ws/install/turtlebot3_description/bin'
[8.774s] Level 1:colcon.colcon_core.environment:checking '/home/an/ros2_ws/install/turtlebot3_description/lib/pkgconfig/turtlebot3_description.pc'
[8.776s] Level 1:colcon.colcon_core.environment:checking '/home/an/ros2_ws/install/turtlebot3_description/lib/python3.10/site-packages'
[8.777s] Level 1:colcon.colcon_core.environment:checking '/home/an/ros2_ws/install/turtlebot3_description/bin'
[8.779s] INFO:colcon.colcon_core.shell:Creating package script '/home/an/ros2_ws/install/turtlebot3_description/share/turtlebot3_description/package.ps1'
[8.782s] INFO:colcon.colcon_core.shell:Creating package descriptor '/home/an/ros2_ws/install/turtlebot3_description/share/turtlebot3_description/package.dsv'
[8.785s] INFO:colcon.colcon_core.shell:Creating package script '/home/an/ros2_ws/install/turtlebot3_description/share/turtlebot3_description/package.sh'
[8.787s] INFO:colcon.colcon_core.shell:Creating package script '/home/an/ros2_ws/install/turtlebot3_description/share/turtlebot3_description/package.bash'
[8.790s] INFO:colcon.colcon_core.shell:Creating package script '/home/an/ros2_ws/install/turtlebot3_description/share/turtlebot3_description/package.zsh'
[8.792s] Level 1:colcon.colcon_core.environment:create_file_with_runtime_dependencies(/home/an/ros2_ws/install/turtlebot3_description/share/colcon-core/packages/turtlebot3_description)
[8.918s] Level 1:colcon.colcon_core.environment:create_environment_scripts_only(turtlebot3_description)
[8.920s] Level 1:colcon.colcon_core.environment:checking '/home/an/ros2_ws/install/turtlebot3_description' for CMake module files
[8.923s] Level 1:colcon.colcon_core.environment:checking '/home/an/ros2_ws/install/turtlebot3_description' for CMake config files
[8.928s] Level 1:colcon.colcon_core.shell:create_environment_hook('turtlebot3_description', 'cmake_prefix_path')
[8.929s] INFO:colcon.colcon_core.shell:Creating environment hook '/home/an/ros2_ws/install/turtlebot3_description/share/turtlebot3_description/hook/cmake_prefix_path.ps1'
[8.932s] INFO:colcon.colcon_core.shell:Creating environment descriptor '/home/an/ros2_ws/install/turtlebot3_description/share/turtlebot3_description/hook/cmake_prefix_path.dsv'
[8.934s] INFO:colcon.colcon_core.shell:Creating environment hook '/home/an/ros2_ws/install/turtlebot3_description/share/turtlebot3_description/hook/cmake_prefix_path.sh'
[8.937s] Level 1:colcon.colcon_core.environment:checking '/home/an/ros2_ws/install/turtlebot3_description/bin'
[8.938s] Level 1:colcon.colcon_core.environment:checking '/home/an/ros2_ws/install/turtlebot3_description/lib/pkgconfig/turtlebot3_description.pc'
[8.939s] Level 1:colcon.colcon_core.environment:checking '/home/an/ros2_ws/install/turtlebot3_description/lib/python3.10/site-packages'
[8.940s] Level 1:colcon.colcon_core.environment:checking '/home/an/ros2_ws/install/turtlebot3_description/bin'
[8.942s] INFO:colcon.colcon_core.shell:Creating package script '/home/an/ros2_ws/install/turtlebot3_description/share/turtlebot3_description/package.ps1'
[8.946s] INFO:colcon.colcon_core.shell:Creating package descriptor '/home/an/ros2_ws/install/turtlebot3_description/share/turtlebot3_description/package.dsv'
[8.949s] INFO:colcon.colcon_core.shell:Creating package script '/home/an/ros2_ws/install/turtlebot3_description/share/turtlebot3_description/package.sh'
[8.952s] INFO:colcon.colcon_core.shell:Creating package script '/home/an/ros2_ws/install/turtlebot3_description/share/turtlebot3_description/package.bash'
[8.954s] INFO:colcon.colcon_core.shell:Creating package script '/home/an/ros2_ws/install/turtlebot3_description/share/turtlebot3_description/package.zsh'
[8.957s] Level 1:colcon.colcon_core.environment:create_file_with_runtime_dependencies(/home/an/ros2_ws/install/turtlebot3_description/share/colcon-core/packages/turtlebot3_description)
[8.962s] INFO:colcon.colcon_ros.task.ament_python.build:Building ROS package in '/home/an/ros2_ws/src/vel_driver' with build type 'ament_python'
[8.963s] Level 1:colcon.colcon_core.shell:create_environment_hook('vel_driver', 'ament_prefix_path')
[8.964s] INFO:colcon.colcon_core.shell:Creating environment hook '/home/an/ros2_ws/install/vel_driver/share/vel_driver/hook/ament_prefix_path.ps1'
[8.967s] INFO:colcon.colcon_core.shell:Creating environment descriptor '/home/an/ros2_ws/install/vel_driver/share/vel_driver/hook/ament_prefix_path.dsv'
[8.970s] INFO:colcon.colcon_core.shell:Creating environment hook '/home/an/ros2_ws/install/vel_driver/share/vel_driver/hook/ament_prefix_path.sh'
[8.973s] INFO:colcon.colcon_core.shell:Skip shell extension 'powershell' for command environment: Not usable outside of PowerShell
[8.973s] DEBUG:colcon.colcon_core.shell:Skip shell extension 'dsv' for command environment
[10.509s] INFO:colcon.colcon_core.task.python.build:Building Python package in '/home/an/ros2_ws/src/vel_driver'
[10.510s] INFO:colcon.colcon_core.shell:Skip shell extension 'powershell' for command environment: Not usable outside of PowerShell
[10.511s] DEBUG:colcon.colcon_core.shell:Skip shell extension 'dsv' for command environment
[10.533s] Level 1:colcon.colcon_core.environment:checking '/home/an/ros2_ws/install/test_pkg' for CMake module files
[10.534s] DEBUG:colcon.colcon_core.event_handler.log_command:Invoked command in '/home/an/ros2_ws/src/test_pkg' returned '0': PYTHONPATH=/home/an/ros2_ws/build/test_pkg/prefix_override:/home/an/ros2_ws/install/test_pkg/lib/python3.10/site-packages:${PYTHONPATH} /usr/bin/python3 -W ignore:setup.py install is deprecated setup.py egg_info --egg-base ../../build/test_pkg build --build-base /home/an/ros2_ws/build/test_pkg/build install --record /home/an/ros2_ws/build/test_pkg/install.log --single-version-externally-managed install_data
[10.537s] Level 1:colcon.colcon_core.environment:checking '/home/an/ros2_ws/install/test_pkg' for CMake config files
[10.540s] Level 1:colcon.colcon_core.environment:checking '/home/an/ros2_ws/install/test_pkg/lib'
[10.541s] Level 1:colcon.colcon_core.environment:checking '/home/an/ros2_ws/install/test_pkg/bin'
[10.541s] Level 1:colcon.colcon_core.environment:checking '/home/an/ros2_ws/install/test_pkg/lib/pkgconfig/test_pkg.pc'
[10.542s] Level 1:colcon.colcon_core.environment:checking '/home/an/ros2_ws/install/test_pkg/lib/python3.10/site-packages'
[10.542s] Level 1:colcon.colcon_core.shell:create_environment_hook('test_pkg', 'pythonpath')
[10.543s] INFO:colcon.colcon_core.shell:Creating environment hook '/home/an/ros2_ws/install/test_pkg/share/test_pkg/hook/pythonpath.ps1'
[10.546s] INFO:colcon.colcon_core.shell:Creating environment descriptor '/home/an/ros2_ws/install/test_pkg/share/test_pkg/hook/pythonpath.dsv'
[10.549s] INFO:colcon.colcon_core.shell:Creating environment hook '/home/an/ros2_ws/install/test_pkg/share/test_pkg/hook/pythonpath.sh'
[10.551s] Level 1:colcon.colcon_core.environment:checking '/home/an/ros2_ws/install/test_pkg/bin'
[10.552s] Level 1:colcon.colcon_core.environment:create_environment_scripts_only(test_pkg)
[10.553s] INFO:colcon.colcon_core.shell:Creating package script '/home/an/ros2_ws/install/test_pkg/share/test_pkg/package.ps1'
[10.555s] INFO:colcon.colcon_core.shell:Creating package descriptor '/home/an/ros2_ws/install/test_pkg/share/test_pkg/package.dsv'
[10.558s] INFO:colcon.colcon_core.shell:Creating package script '/home/an/ros2_ws/install/test_pkg/share/test_pkg/package.sh'
[10.560s] INFO:colcon.colcon_core.shell:Creating package script '/home/an/ros2_ws/install/test_pkg/share/test_pkg/package.bash'
[10.562s] INFO:colcon.colcon_core.shell:Creating package script '/home/an/ros2_ws/install/test_pkg/share/test_pkg/package.zsh'
[10.563s] Level 1:colcon.colcon_core.environment:create_file_with_runtime_dependencies(/home/an/ros2_ws/install/test_pkg/share/colcon-core/packages/test_pkg)
[10.573s] DEBUG:colcon.colcon_core.event_handler.log_command:Invoked command in '/home/an/ros2_ws/build/turtlebot3_controller' returned '0': CMAKE_PREFIX_PATH=${CMAKE_PREFIX_PATH}:/home/an/ros2_ws/install/vel_driver:/home/an/ros2_ws/install/test_pkg:/home/an/ros2_ws/install/self_driving:/opt/ros/humble /usr/bin/cmake --build /home/an/ros2_ws/build/turtlebot3_controller -- -j4 -l4
[10.753s] DEBUG:colcon.colcon_core.event_handler.log_command:Invoking command in '/home/an/ros2_ws/build/turtlebot3_controller': CMAKE_PREFIX_PATH=${CMAKE_PREFIX_PATH}:/home/an/ros2_ws/install/vel_driver:/home/an/ros2_ws/install/test_pkg:/home/an/ros2_ws/install/self_driving:/opt/ros/humble /usr/bin/cmake --install /home/an/ros2_ws/build/turtlebot3_controller
[11.024s] Level 1:colcon.colcon_core.environment:create_environment_scripts_only(turtlebot3_controller)
[11.025s] Level 1:colcon.colcon_core.environment:checking '/home/an/ros2_ws/install/turtlebot3_controller' for CMake module files
[11.028s] Level 1:colcon.colcon_core.environment:checking '/home/an/ros2_ws/install/turtlebot3_controller' for CMake config files
[11.031s] Level 1:colcon.colcon_core.shell:create_environment_hook('turtlebot3_controller', 'cmake_prefix_path')
[11.032s] INFO:colcon.colcon_core.shell:Creating environment hook '/home/an/ros2_ws/install/turtlebot3_controller/share/turtlebot3_controller/hook/cmake_prefix_path.ps1'
[11.038s] DEBUG:colcon.colcon_core.event_handler.log_command:Invoked command in '/home/an/ros2_ws/build/turtlebot3_controller' returned '0': CMAKE_PREFIX_PATH=${CMAKE_PREFIX_PATH}:/home/an/ros2_ws/install/vel_driver:/home/an/ros2_ws/install/test_pkg:/home/an/ros2_ws/install/self_driving:/opt/ros/humble /usr/bin/cmake --install /home/an/ros2_ws/build/turtlebot3_controller
[11.038s] INFO:colcon.colcon_core.shell:Creating environment descriptor '/home/an/ros2_ws/install/turtlebot3_controller/share/turtlebot3_controller/hook/cmake_prefix_path.dsv'
[11.040s] INFO:colcon.colcon_core.shell:Creating environment hook '/home/an/ros2_ws/install/turtlebot3_controller/share/turtlebot3_controller/hook/cmake_prefix_path.sh'
[11.043s] Level 1:colcon.colcon_core.environment:checking '/home/an/ros2_ws/install/turtlebot3_controller/lib'
[11.044s] Level 1:colcon.colcon_core.environment:checking '/home/an/ros2_ws/install/turtlebot3_controller/bin'
[11.044s] Level 1:colcon.colcon_core.environment:checking '/home/an/ros2_ws/install/turtlebot3_controller/lib/pkgconfig/turtlebot3_controller.pc'
[11.045s] Level 1:colcon.colcon_core.environment:checking '/home/an/ros2_ws/install/turtlebot3_controller/lib/python3.10/site-packages'
[11.046s] Level 1:colcon.colcon_core.environment:checking '/home/an/ros2_ws/install/turtlebot3_controller/bin'
[11.048s] INFO:colcon.colcon_core.shell:Creating package script '/home/an/ros2_ws/install/turtlebot3_controller/share/turtlebot3_controller/package.ps1'
[11.050s] INFO:colcon.colcon_core.shell:Creating package descriptor '/home/an/ros2_ws/install/turtlebot3_controller/share/turtlebot3_controller/package.dsv'
[11.052s] INFO:colcon.colcon_core.shell:Creating package script '/home/an/ros2_ws/install/turtlebot3_controller/share/turtlebot3_controller/package.sh'
[11.054s] INFO:colcon.colcon_core.shell:Creating package script '/home/an/ros2_ws/install/turtlebot3_controller/share/turtlebot3_controller/package.bash'
[11.057s] INFO:colcon.colcon_core.shell:Creating package script '/home/an/ros2_ws/install/turtlebot3_controller/share/turtlebot3_controller/package.zsh'
[11.059s] Level 1:colcon.colcon_core.environment:create_file_with_runtime_dependencies(/home/an/ros2_ws/install/turtlebot3_controller/share/colcon-core/packages/turtlebot3_controller)
[11.230s] Level 1:colcon.colcon_core.environment:create_environment_scripts_only(turtlebot3_controller)
[11.232s] Level 1:colcon.colcon_core.environment:checking '/home/an/ros2_ws/install/turtlebot3_controller' for CMake module files
[11.235s] Level 1:colcon.colcon_core.environment:checking '/home/an/ros2_ws/install/turtlebot3_controller' for CMake config files
[11.238s] Level 1:colcon.colcon_core.shell:create_environment_hook('turtlebot3_controller', 'cmake_prefix_path')
[11.239s] INFO:colcon.colcon_core.shell:Creating environment hook '/home/an/ros2_ws/install/turtlebot3_controller/share/turtlebot3_controller/hook/cmake_prefix_path.ps1'
[11.241s] INFO:colcon.colcon_core.shell:Creating environment descriptor '/home/an/ros2_ws/install/turtlebot3_controller/share/turtlebot3_controller/hook/cmake_prefix_path.dsv'
[11.243s] INFO:colcon.colcon_core.shell:Creating environment hook '/home/an/ros2_ws/install/turtlebot3_controller/share/turtlebot3_controller/hook/cmake_prefix_path.sh'
[11.245s] Level 1:colcon.colcon_core.environment:checking '/home/an/ros2_ws/install/turtlebot3_controller/lib'
[11.246s] Level 1:colcon.colcon_core.environment:checking '/home/an/ros2_ws/install/turtlebot3_controller/bin'
[11.246s] Level 1:colcon.colcon_core.environment:checking '/home/an/ros2_ws/install/turtlebot3_controller/lib/pkgconfig/turtlebot3_controller.pc'
[11.247s] Level 1:colcon.colcon_core.environment:checking '/home/an/ros2_ws/install/turtlebot3_controller/lib/python3.10/site-packages'
[11.249s] Level 1:colcon.colcon_core.environment:checking '/home/an/ros2_ws/install/turtlebot3_controller/bin'
[11.250s] INFO:colcon.colcon_core.shell:Creating package script '/home/an/ros2_ws/install/turtlebot3_controller/share/turtlebot3_controller/package.ps1'
[11.253s] INFO:colcon.colcon_core.shell:Creating package descriptor '/home/an/ros2_ws/install/turtlebot3_controller/share/turtlebot3_controller/package.dsv'
[11.256s] INFO:colcon.colcon_core.shell:Creating package script '/home/an/ros2_ws/install/turtlebot3_controller/share/turtlebot3_controller/package.sh'
[11.258s] INFO:colcon.colcon_core.shell:Creating package script '/home/an/ros2_ws/install/turtlebot3_controller/share/turtlebot3_controller/package.bash'
[11.261s] INFO:colcon.colcon_core.shell:Creating package script '/home/an/ros2_ws/install/turtlebot3_controller/share/turtlebot3_controller/package.zsh'
[11.264s] Level 1:colcon.colcon_core.environment:create_file_with_runtime_dependencies(/home/an/ros2_ws/install/turtlebot3_controller/share/colcon-core/packages/turtlebot3_controller)
[12.236s] DEBUG:colcon.colcon_core.event_handler.log_command:Invoking command in '/home/an/ros2_ws/src/vel_driver': PYTHONPATH=/home/an/ros2_ws/build/vel_driver/prefix_override:/home/an/ros2_ws/install/vel_driver/lib/python3.10/site-packages:${PYTHONPATH} /usr/bin/python3 -W ignore:setup.py install is deprecated setup.py egg_info --egg-base ../../build/vel_driver build --build-base /home/an/ros2_ws/build/vel_driver/build install --record /home/an/ros2_ws/build/vel_driver/install.log --single-version-externally-managed install_data
[12.809s] DEBUG:colcon.colcon_core.event_handler.log_command:Invoked command in '/home/an/ros2_ws/build/ld08_driver' returned '0': CMAKE_PREFIX_PATH=${CMAKE_PREFIX_PATH}:/home/an/ros2_ws/install/vel_driver:/home/an/ros2_ws/install/test_pkg:/home/an/ros2_ws/install/self_driving:/opt/ros/humble /usr/bin/cmake /home/an/ros2_ws/src/ldlidar_ros2/src/ld08_driver -DCMAKE_INSTALL_PREFIX=/home/an/ros2_ws/install/ld08_driver
[12.818s] DEBUG:colcon.colcon_core.event_handler.log_command:Invoking command in '/home/an/ros2_ws/build/ld08_driver': CMAKE_PREFIX_PATH=${CMAKE_PREFIX_PATH}:/home/an/ros2_ws/install/vel_driver:/home/an/ros2_ws/install/test_pkg:/home/an/ros2_ws/install/self_driving:/opt/ros/humble /usr/bin/cmake --build /home/an/ros2_ws/build/ld08_driver -- -j4 -l4
[13.687s] Level 1:colcon.colcon_core.environment:checking '/home/an/ros2_ws/install/vel_driver' for CMake module files
[13.690s] Level 1:colcon.colcon_core.environment:checking '/home/an/ros2_ws/install/vel_driver' for CMake config files
[13.693s] Level 1:colcon.colcon_core.environment:checking '/home/an/ros2_ws/install/vel_driver/lib'
[13.693s] Level 1:colcon.colcon_core.environment:checking '/home/an/ros2_ws/install/vel_driver/bin'
[13.694s] Level 1:colcon.colcon_core.environment:checking '/home/an/ros2_ws/install/vel_driver/lib/pkgconfig/vel_driver.pc'
[13.695s] Level 1:colcon.colcon_core.environment:checking '/home/an/ros2_ws/install/vel_driver/lib/python3.10/site-packages'
[13.695s] Level 1:colcon.colcon_core.shell:create_environment_hook('vel_driver', 'pythonpath')
[13.696s] INFO:colcon.colcon_core.shell:Creating environment hook '/home/an/ros2_ws/install/vel_driver/share/vel_driver/hook/pythonpath.ps1'
[13.697s] DEBUG:colcon.colcon_core.event_handler.log_command:Invoked command in '/home/an/ros2_ws/src/vel_driver' returned '0': PYTHONPATH=/home/an/ros2_ws/build/vel_driver/prefix_override:/home/an/ros2_ws/install/vel_driver/lib/python3.10/site-packages:${PYTHONPATH} /usr/bin/python3 -W ignore:setup.py install is deprecated setup.py egg_info --egg-base ../../build/vel_driver build --build-base /home/an/ros2_ws/build/vel_driver/build install --record /home/an/ros2_ws/build/vel_driver/install.log --single-version-externally-managed install_data
[13.700s] INFO:colcon.colcon_core.shell:Creating environment descriptor '/home/an/ros2_ws/install/vel_driver/share/vel_driver/hook/pythonpath.dsv'
[13.702s] INFO:colcon.colcon_core.shell:Creating environment hook '/home/an/ros2_ws/install/vel_driver/share/vel_driver/hook/pythonpath.sh'
[13.706s] Level 1:colcon.colcon_core.environment:checking '/home/an/ros2_ws/install/vel_driver/bin'
[13.706s] Level 1:colcon.colcon_core.environment:create_environment_scripts_only(vel_driver)
[13.707s] INFO:colcon.colcon_core.shell:Creating package script '/home/an/ros2_ws/install/vel_driver/share/vel_driver/package.ps1'
[13.710s] INFO:colcon.colcon_core.shell:Creating package descriptor '/home/an/ros2_ws/install/vel_driver/share/vel_driver/package.dsv'
[13.714s] INFO:colcon.colcon_core.shell:Creating package script '/home/an/ros2_ws/install/vel_driver/share/vel_driver/package.sh'
[13.716s] INFO:colcon.colcon_core.shell:Creating package script '/home/an/ros2_ws/install/vel_driver/share/vel_driver/package.bash'
[13.718s] INFO:colcon.colcon_core.shell:Creating package script '/home/an/ros2_ws/install/vel_driver/share/vel_driver/package.zsh'
[13.721s] Level 1:colcon.colcon_core.environment:create_file_with_runtime_dependencies(/home/an/ros2_ws/install/vel_driver/share/colcon-core/packages/vel_driver)
[33.064s] DEBUG:colcon.colcon_core.event_handler.log_command:Invoked command in '/home/an/ros2_ws/build/ld08_driver' returned '2': CMAKE_PREFIX_PATH=${CMAKE_PREFIX_PATH}:/home/an/ros2_ws/install/vel_driver:/home/an/ros2_ws/install/test_pkg:/home/an/ros2_ws/install/self_driving:/opt/ros/humble /usr/bin/cmake --build /home/an/ros2_ws/build/ld08_driver -- -j4 -l4
[33.263s] Level 1:colcon.colcon_core.environment:create_environment_scripts_only(ld08_driver)
[33.265s] Level 1:colcon.colcon_core.environment:checking '/home/an/ros2_ws/install/ld08_driver' for CMake module files
[33.267s] Level 1:colcon.colcon_core.environment:checking '/home/an/ros2_ws/install/ld08_driver' for CMake config files
[33.268s] Level 1:colcon.colcon_core.environment:checking '/home/an/ros2_ws/install/ld08_driver/bin'
[33.268s] Level 1:colcon.colcon_core.environment:checking '/home/an/ros2_ws/install/ld08_driver/lib/pkgconfig/ld08_driver.pc'
[33.269s] Level 1:colcon.colcon_core.environment:checking '/home/an/ros2_ws/install/ld08_driver/lib/python3.10/site-packages'
[33.270s] Level 1:colcon.colcon_core.environment:checking '/home/an/ros2_ws/install/ld08_driver/bin'
[33.272s] INFO:colcon.colcon_core.shell:Creating package script '/home/an/ros2_ws/install/ld08_driver/share/ld08_driver/package.ps1'
[33.275s] INFO:colcon.colcon_core.shell:Creating package descriptor '/home/an/ros2_ws/install/ld08_driver/share/ld08_driver/package.dsv'
[33.277s] INFO:colcon.colcon_core.shell:Creating package script '/home/an/ros2_ws/install/ld08_driver/share/ld08_driver/package.sh'
[33.279s] INFO:colcon.colcon_core.shell:Creating package script '/home/an/ros2_ws/install/ld08_driver/share/ld08_driver/package.bash'
[33.280s] INFO:colcon.colcon_core.shell:Creating package script '/home/an/ros2_ws/install/ld08_driver/share/ld08_driver/package.zsh'
[33.282s] Level 1:colcon.colcon_core.environment:create_file_with_runtime_dependencies(/home/an/ros2_ws/install/ld08_driver/share/colcon-core/packages/ld08_driver)
[33.283s] DEBUG:colcon.colcon_parallel_executor.executor.parallel:closing loop
[33.285s] DEBUG:colcon.colcon_parallel_executor.executor.parallel:loop closed
[33.285s] DEBUG:colcon.colcon_parallel_executor.executor.parallel:run_until_complete finished with '2'
[33.285s] DEBUG:colcon.colcon_core.event_reactor:joining thread
[33.307s] INFO:colcon.colcon_core.plugin_system:Skipping extension 'colcon_notification.desktop_notification.notify_send': Could not find 'notify-send'
[33.307s] INFO:colcon.colcon_core.plugin_system:Skipping extension 'colcon_notification.desktop_notification.terminal_notifier': Not used on non-Darwin systems
[33.308s] INFO:colcon.colcon_core.plugin_system:Skipping extension 'colcon_notification.desktop_notification.win32': Not used on non-Windows systems
[33.308s] INFO:colcon.colcon_notification.desktop_notification:Sending desktop notification using 'notify2'
[33.310s] DEBUG:colcon.colcon_notification.desktop_notification.notify2:Failed to initialize notify2: org.freedesktop.DBus.Error.ServiceUnknown: The name org.freedesktop.Notifications was not provided by any .service files
[33.311s] DEBUG:colcon.colcon_core.event_reactor:joined thread
[33.312s] INFO:colcon.colcon_core.shell:Creating prefix script '/home/an/ros2_ws/install/local_setup.ps1'
[33.315s] INFO:colcon.colcon_core.shell:Creating prefix util module '/home/an/ros2_ws/install/_local_setup_util_ps1.py'
[33.321s] INFO:colcon.colcon_core.shell:Creating prefix chain script '/home/an/ros2_ws/install/setup.ps1'
[33.327s] INFO:colcon.colcon_core.shell:Creating prefix script '/home/an/ros2_ws/install/local_setup.sh'
[33.329s] INFO:colcon.colcon_core.shell:Creating prefix util module '/home/an/ros2_ws/install/_local_setup_util_sh.py'
[33.332s] INFO:colcon.colcon_core.shell:Creating prefix chain script '/home/an/ros2_ws/install/setup.sh'
[33.337s] INFO:colcon.colcon_core.shell:Creating prefix script '/home/an/ros2_ws/install/local_setup.bash'
[33.340s] INFO:colcon.colcon_core.shell:Creating prefix chain script '/home/an/ros2_ws/install/setup.bash'
[33.346s] INFO:colcon.colcon_core.shell:Creating prefix script '/home/an/ros2_ws/install/local_setup.zsh'
[33.348s] INFO:colcon.colcon_core.shell:Creating prefix chain script '/home/an/ros2_ws/install/setup.zsh'
