[7.341s] Invoking command in '/home/an/ros2_ws/src/self_driving': PYTHONPATH=/home/an/ros2_ws/build/self_driving/prefix_override:/home/an/ros2_ws/install/self_driving/lib/python3.10/site-packages:${PYTHONPATH} /usr/bin/python3 -W ignore:setup.py install is deprecated setup.py egg_info --egg-base ../../build/self_driving build --build-base /home/an/ros2_ws/build/self_driving/build install --record /home/an/ros2_ws/build/self_driving/install.log --single-version-externally-managed install_data
[10.186s] running egg_info
[10.191s] writing ../../build/self_driving/self_driving.egg-info/PKG-INFO
[10.193s] writing dependency_links to ../../build/self_driving/self_driving.egg-info/dependency_links.txt
[10.195s] writing entry points to ../../build/self_driving/self_driving.egg-info/entry_points.txt
[10.196s] writing requirements to ../../build/self_driving/self_driving.egg-info/requires.txt
[10.199s] writing top-level names to ../../build/self_driving/self_driving.egg-info/top_level.txt
[10.221s] reading manifest file '../../build/self_driving/self_driving.egg-info/SOURCES.txt'
[10.222s] adding license file 'LICENSE'
[10.222s] writing manifest file '../../build/self_driving/self_driving.egg-info/SOURCES.txt'
[10.223s] running build
[10.223s] running build_py
[10.227s] copying self_driving/hand_control_node.py -> /home/an/ros2_ws/build/self_driving/build/lib/self_driving
[10.240s] running install
[10.241s] running install_lib
[10.249s] copying /home/an/ros2_ws/build/self_driving/build/lib/self_driving/hand_control_node.py -> /home/an/ros2_ws/install/self_driving/lib/python3.10/site-packages/self_driving
[10.256s] byte-compiling /home/an/ros2_ws/install/self_driving/lib/python3.10/site-packages/self_driving/hand_control_node.py to hand_control_node.cpython-310.pyc
[10.262s] running install_data
[10.263s] running install_egg_info
[10.272s] removing '/home/an/ros2_ws/install/self_driving/lib/python3.10/site-packages/self_driving-0.0.0-py3.10.egg-info' (and everything under it)
[10.275s] Copying ../../build/self_driving/self_driving.egg-info to /home/an/ros2_ws/install/self_driving/lib/python3.10/site-packages/self_driving-0.0.0-py3.10.egg-info
[10.283s] running install_scripts
[10.424s] Installing cam_node script to /home/an/ros2_ws/install/self_driving/lib/self_driving
[10.426s] Installing computer_vision_node script to /home/an/ros2_ws/install/self_driving/lib/self_driving
[10.428s] Installing driving_node script to /home/an/ros2_ws/install/self_driving/lib/self_driving
[10.429s] Installing hand_control_node script to /home/an/ros2_ws/install/self_driving/lib/self_driving
[10.430s] Installing recorder_node script to /home/an/ros2_ws/install/self_driving/lib/self_driving
[10.431s] Installing start_node script to /home/an/ros2_ws/install/self_driving/lib/self_driving
[10.431s] Installing traffic_signal_node script to /home/an/ros2_ws/install/self_driving/lib/self_driving
[10.434s] Installing vel_wheel_node script to /home/an/ros2_ws/install/self_driving/lib/self_driving
[10.436s] Installing yolo_node script to /home/an/ros2_ws/install/self_driving/lib/self_driving
[10.439s] writing list of installed files to '/home/an/ros2_ws/build/self_driving/install.log'
[10.688s] Invoked command in '/home/an/ros2_ws/src/self_driving' returned '0': PYTHONPATH=/home/an/ros2_ws/build/self_driving/prefix_override:/home/an/ros2_ws/install/self_driving/lib/python3.10/site-packages:${PYTHONPATH} /usr/bin/python3 -W ignore:setup.py install is deprecated setup.py egg_info --egg-base ../../build/self_driving build --build-base /home/an/ros2_ws/build/self_driving/build install --record /home/an/ros2_ws/build/self_driving/install.log --single-version-externally-managed install_data
