[3.495s] Invoking command in '/home/an/ros2_ws/src/self_driving': PYTHONPATH=/home/an/ros2_ws/build/self_driving/prefix_override:/home/an/ros2_ws/install/self_driving/lib/python3.10/site-packages:${PYTHONPATH} /usr/bin/python3 -W ignore:setup.py install is deprecated setup.py egg_info --egg-base ../../build/self_driving build --build-base /home/an/ros2_ws/build/self_driving/build install --record /home/an/ros2_ws/build/self_driving/install.log --single-version-externally-managed install_data
[4.638s] running egg_info
[4.641s] writing ../../build/self_driving/self_driving.egg-info/PKG-INFO
[4.642s] writing dependency_links to ../../build/self_driving/self_driving.egg-info/dependency_links.txt
[4.643s] writing entry points to ../../build/self_driving/self_driving.egg-info/entry_points.txt
[4.644s] writing requirements to ../../build/self_driving/self_driving.egg-info/requires.txt
[4.645s] writing top-level names to ../../build/self_driving/self_driving.egg-info/top_level.txt
[4.658s] reading manifest file '../../build/self_driving/self_driving.egg-info/SOURCES.txt'
[4.663s] adding license file 'LICENSE'
[4.667s] writing manifest file '../../build/self_driving/self_driving.egg-info/SOURCES.txt'
[4.668s] running build
[4.668s] running build_py
[4.669s] copying self_driving/wheel_left_right.py -> /home/an/ros2_ws/build/self_driving/build/lib/self_driving
[4.671s] copying self_driving/traffic_signal.py -> /home/an/ros2_ws/build/self_driving/build/lib/self_driving
[4.681s] running install
[4.683s] running install_lib
[4.687s] copying /home/an/ros2_ws/build/self_driving/build/lib/self_driving/wheel_left_right.py -> /home/an/ros2_ws/install/self_driving/lib/python3.10/site-packages/self_driving
[4.689s] copying /home/an/ros2_ws/build/self_driving/build/lib/self_driving/traffic_signal.py -> /home/an/ros2_ws/install/self_driving/lib/python3.10/site-packages/self_driving
[4.698s] byte-compiling /home/an/ros2_ws/install/self_driving/lib/python3.10/site-packages/self_driving/wheel_left_right.py to wheel_left_right.cpython-310.pyc
[4.702s] byte-compiling /home/an/ros2_ws/install/self_driving/lib/python3.10/site-packages/self_driving/traffic_signal.py to traffic_signal.cpython-310.pyc
[4.711s] running install_data
[4.712s] running install_egg_info
[4.721s] removing '/home/an/ros2_ws/install/self_driving/lib/python3.10/site-packages/self_driving-0.0.0-py3.10.egg-info' (and everything under it)
[4.723s] Copying ../../build/self_driving/self_driving.egg-info to /home/an/ros2_ws/install/self_driving/lib/python3.10/site-packages/self_driving-0.0.0-py3.10.egg-info
[4.732s] running install_scripts
[4.824s] Installing cam_node script to /home/an/ros2_ws/install/self_driving/lib/self_driving
[4.825s] Installing computer_vision_node script to /home/an/ros2_ws/install/self_driving/lib/self_driving
[4.826s] Installing driving_node script to /home/an/ros2_ws/install/self_driving/lib/self_driving
[4.829s] Installing recorder_node script to /home/an/ros2_ws/install/self_driving/lib/self_driving
[4.830s] Installing start_node script to /home/an/ros2_ws/install/self_driving/lib/self_driving
[4.830s] Installing traffic_signal_node script to /home/an/ros2_ws/install/self_driving/lib/self_driving
[4.831s] Installing vel_wheel_node script to /home/an/ros2_ws/install/self_driving/lib/self_driving
[4.836s] writing list of installed files to '/home/an/ros2_ws/build/self_driving/install.log'
[4.982s] Invoked command in '/home/an/ros2_ws/src/self_driving' returned '0': PYTHONPATH=/home/an/ros2_ws/build/self_driving/prefix_override:/home/an/ros2_ws/install/self_driving/lib/python3.10/site-packages:${PYTHONPATH} /usr/bin/python3 -W ignore:setup.py install is deprecated setup.py egg_info --egg-base ../../build/self_driving build --build-base /home/an/ros2_ws/build/self_driving/build install --record /home/an/ros2_ws/build/self_driving/install.log --single-version-externally-managed install_data
