-- Install configuration: ""
-- Installing: /home/an/ros2_ws/install/turtlebot3_description/share/turtlebot3_description/meshes
-- Installing: /home/an/ros2_ws/install/turtlebot3_description/share/turtlebot3_description/meshes/lidar_link.stl
-- Installing: /home/an/ros2_ws/install/turtlebot3_description/share/turtlebot3_description/meshes/base_link.stl
-- Installing: /home/an/ros2_ws/install/turtlebot3_description/share/turtlebot3_description/meshes/imu_link.stl
-- Installing: /home/an/ros2_ws/install/turtlebot3_description/share/turtlebot3_description/meshes/wheel_right_link.stl
-- Installing: /home/an/ros2_ws/install/turtlebot3_description/share/turtlebot3_description/meshes/caster_back_left_link.stl
-- Installing: /home/an/ros2_ws/install/turtlebot3_description/share/turtlebot3_description/meshes/r200_link.dae
-- Installing: /home/an/ros2_ws/install/turtlebot3_description/share/turtlebot3_description/meshes/caster_back_right_link.stl
-- Installing: /home/an/ros2_ws/install/turtlebot3_description/share/turtlebot3_description/meshes/TB3-RPi-camera-mount.stl
-- Installing: /home/an/ros2_ws/install/turtlebot3_description/share/turtlebot3_description/meshes/wheel_left_link.stl
-- Installing: /home/an/ros2_ws/install/turtlebot3_description/share/turtlebot3_description/meshes/pi_cam_v3_link.stl
-- Installing: /home/an/ros2_ws/install/turtlebot3_description/share/turtlebot3_description/urdf
-- Installing: /home/an/ros2_ws/install/turtlebot3_description/share/turtlebot3_description/urdf/turtlebot3_waffle.urdf.xacro
-- Installing: /home/an/ros2_ws/install/turtlebot3_description/share/turtlebot3_description/urdf/gazebo_control.xacro
-- Installing: /home/an/ros2_ws/install/turtlebot3_description/share/turtlebot3_description/urdf/turtlebot3_waffle_ros2_control.xacro
-- Installing: /home/an/ros2_ws/install/turtlebot3_description/share/turtlebot3_description/urdf/turtlebot3_waffle.gazebo.xacro
-- Installing: /home/an/ros2_ws/install/turtlebot3_description/share/turtlebot3_description/urdf/common_properties.xacro
-- Installing: /home/an/ros2_ws/install/turtlebot3_description/share/turtlebot3_description/launch
-- Installing: /home/an/ros2_ws/install/turtlebot3_description/share/turtlebot3_description/launch/gzserver.launch.py
-- Installing: /home/an/ros2_ws/install/turtlebot3_description/share/turtlebot3_description/launch/joystick_teleop.launch.py
-- Installing: /home/an/ros2_ws/install/turtlebot3_description/share/turtlebot3_description/launch/display.launch.py
-- Installing: /home/an/ros2_ws/install/turtlebot3_description/share/turtlebot3_description/launch/gazebo.launch.py
-- Installing: /home/an/ros2_ws/install/turtlebot3_description/share/turtlebot3_description/rviz
-- Installing: /home/an/ros2_ws/install/turtlebot3_description/share/turtlebot3_description/rviz/main.rviz
-- Installing: /home/an/ros2_ws/install/turtlebot3_description/share/turtlebot3_description/rviz/display.rviz
-- Installing: /home/an/ros2_ws/install/turtlebot3_description/share/turtlebot3_description/rviz/control.rviz
-- Installing: /home/an/ros2_ws/install/turtlebot3_description/share/turtlebot3_description/gazebo_world
-- Installing: /home/an/ros2_ws/install/turtlebot3_description/share/turtlebot3_description/gazebo_world/test_laser_world
-- Installing: /home/an/ros2_ws/install/turtlebot3_description/share/turtlebot3_description/gazebo_world/test_maze
-- Installing: /home/an/ros2_ws/install/turtlebot3_description/share/turtlebot3_description/gazebo_world/empty
-- Installing: /home/an/ros2_ws/install/turtlebot3_description/share/turtlebot3_description/gazebo_world/small_maze
-- Installing: /home/an/ros2_ws/install/turtlebot3_description/share/turtlebot3_description/gazebo_world/hanh_lang
-- Installing: /home/an/ros2_ws/install/turtlebot3_description/share/turtlebot3_description/gazebo_world/empty_world
-- Installing: /home/an/ros2_ws/install/turtlebot3_description/share/turtlebot3_description/models
-- Installing: /home/an/ros2_ws/install/turtlebot3_description/share/turtlebot3_description/models/sun
-- Installing: /home/an/ros2_ws/install/turtlebot3_description/share/turtlebot3_description/models/sun/model.sdf
-- Installing: /home/an/ros2_ws/install/turtlebot3_description/share/turtlebot3_description/models/sun/model.config
-- Installing: /home/an/ros2_ws/install/turtlebot3_description/share/turtlebot3_description/models/sun/model-1_4.sdf
-- Installing: /home/an/ros2_ws/install/turtlebot3_description/share/turtlebot3_description/models/sun/model-1_3.sdf
-- Installing: /home/an/ros2_ws/install/turtlebot3_description/share/turtlebot3_description/models/sun/model-1_2.sdf
-- Installing: /home/an/ros2_ws/install/turtlebot3_description/share/turtlebot3_description/models/ground_plane
-- Installing: /home/an/ros2_ws/install/turtlebot3_description/share/turtlebot3_description/models/ground_plane/model.sdf
-- Installing: /home/an/ros2_ws/install/turtlebot3_description/share/turtlebot3_description/models/ground_plane/model.config
-- Installing: /home/an/ros2_ws/install/turtlebot3_description/share/turtlebot3_description/models/ground_plane/model-1_4.sdf
-- Installing: /home/an/ros2_ws/install/turtlebot3_description/share/turtlebot3_description/models/ground_plane/model-1_3.sdf
-- Installing: /home/an/ros2_ws/install/turtlebot3_description/share/turtlebot3_description/models/ground_plane/model-1_2.sdf
-- Installing: /home/an/ros2_ws/install/turtlebot3_description/share/ament_index/resource_index/package_run_dependencies/turtlebot3_description
-- Installing: /home/an/ros2_ws/install/turtlebot3_description/share/ament_index/resource_index/parent_prefix_path/turtlebot3_description
-- Installing: /home/an/ros2_ws/install/turtlebot3_description/share/turtlebot3_description/environment/ament_prefix_path.sh
-- Installing: /home/an/ros2_ws/install/turtlebot3_description/share/turtlebot3_description/environment/ament_prefix_path.dsv
-- Installing: /home/an/ros2_ws/install/turtlebot3_description/share/turtlebot3_description/environment/path.sh
-- Installing: /home/an/ros2_ws/install/turtlebot3_description/share/turtlebot3_description/environment/path.dsv
-- Installing: /home/an/ros2_ws/install/turtlebot3_description/share/turtlebot3_description/local_setup.bash
-- Installing: /home/an/ros2_ws/install/turtlebot3_description/share/turtlebot3_description/local_setup.sh
-- Installing: /home/an/ros2_ws/install/turtlebot3_description/share/turtlebot3_description/local_setup.zsh
-- Installing: /home/an/ros2_ws/install/turtlebot3_description/share/turtlebot3_description/local_setup.dsv
-- Installing: /home/an/ros2_ws/install/turtlebot3_description/share/turtlebot3_description/package.dsv
-- Installing: /home/an/ros2_ws/install/turtlebot3_description/share/ament_index/resource_index/packages/turtlebot3_description
-- Installing: /home/an/ros2_ws/install/turtlebot3_description/share/turtlebot3_description/cmake/turtlebot3_descriptionConfig.cmake
-- Installing: /home/an/ros2_ws/install/turtlebot3_description/share/turtlebot3_description/cmake/turtlebot3_descriptionConfig-version.cmake
-- Installing: /home/an/ros2_ws/install/turtlebot3_description/share/turtlebot3_description/package.xml
