[2.529s] Invoking command in '/home/an/ros2_ws/src/self_driving': PYTHONPATH=/home/an/ros2_ws/build/self_driving/prefix_override:/home/an/ros2_ws/install/self_driving/lib/python3.10/site-packages:${PYTHONPATH} /usr/bin/python3 -W ignore:setup.py install is deprecated setup.py egg_info --egg-base ../../build/self_driving build --build-base /home/an/ros2_ws/build/self_driving/build install --record /home/an/ros2_ws/build/self_driving/install.log --single-version-externally-managed install_data
[3.475s] running egg_info
[3.478s] writing ../../build/self_driving/self_driving.egg-info/PKG-INFO
[3.479s] writing dependency_links to ../../build/self_driving/self_driving.egg-info/dependency_links.txt
[3.480s] writing entry points to ../../build/self_driving/self_driving.egg-info/entry_points.txt
[3.481s] writing requirements to ../../build/self_driving/self_driving.egg-info/requires.txt
[3.481s] writing top-level names to ../../build/self_driving/self_driving.egg-info/top_level.txt
[3.491s] reading manifest file '../../build/self_driving/self_driving.egg-info/SOURCES.txt'
[3.494s] adding license file 'LICENSE'
[3.498s] writing manifest file '../../build/self_driving/self_driving.egg-info/SOURCES.txt'
[3.498s] running build
[3.499s] running build_py
[3.499s] copying self_driving/wheel_left_right.py -> /home/an/ros2_ws/build/self_driving/build/lib/self_driving
[3.503s] copying self_driving/drive_BOT.py -> /home/an/ros2_ws/build/self_driving/build/lib/self_driving
[3.511s] running install
[3.512s] running install_lib
[3.517s] copying /home/an/ros2_ws/build/self_driving/build/lib/self_driving/wheel_left_right.py -> /home/an/ros2_ws/install/self_driving/lib/python3.10/site-packages/self_driving
[3.518s] copying /home/an/ros2_ws/build/self_driving/build/lib/self_driving/drive_BOT.py -> /home/an/ros2_ws/install/self_driving/lib/python3.10/site-packages/self_driving
[3.525s] byte-compiling /home/an/ros2_ws/install/self_driving/lib/python3.10/site-packages/self_driving/wheel_left_right.py to wheel_left_right.cpython-310.pyc
[3.529s] byte-compiling /home/an/ros2_ws/install/self_driving/lib/python3.10/site-packages/self_driving/drive_BOT.py to drive_BOT.cpython-310.pyc
[3.538s] running install_data
[3.539s] running install_egg_info
[3.548s] removing '/home/an/ros2_ws/install/self_driving/lib/python3.10/site-packages/self_driving-0.0.0-py3.10.egg-info' (and everything under it)
[3.554s] Copying ../../build/self_driving/self_driving.egg-info to /home/an/ros2_ws/install/self_driving/lib/python3.10/site-packages/self_driving-0.0.0-py3.10.egg-info
[3.559s] running install_scripts
[3.638s] Installing cam_node script to /home/an/ros2_ws/install/self_driving/lib/self_driving
[3.641s] Installing computer_vision_node script to /home/an/ros2_ws/install/self_driving/lib/self_driving
[3.641s] Installing driving_node script to /home/an/ros2_ws/install/self_driving/lib/self_driving
[3.642s] Installing recorder_node script to /home/an/ros2_ws/install/self_driving/lib/self_driving
[3.643s] Installing vel_wheel_node script to /home/an/ros2_ws/install/self_driving/lib/self_driving
[3.647s] writing list of installed files to '/home/an/ros2_ws/build/self_driving/install.log'
[3.760s] Invoked command in '/home/an/ros2_ws/src/self_driving' returned '0': PYTHONPATH=/home/an/ros2_ws/build/self_driving/prefix_override:/home/an/ros2_ws/install/self_driving/lib/python3.10/site-packages:${PYTHONPATH} /usr/bin/python3 -W ignore:setup.py install is deprecated setup.py egg_info --egg-base ../../build/self_driving build --build-base /home/an/ros2_ws/build/self_driving/build install --record /home/an/ros2_ws/build/self_driving/install.log --single-version-externally-managed install_data
