[2.473s] Invoking command in '/home/an/ros2_ws/src/vel_driver': PYTHONPATH=/home/an/ros2_ws/build/vel_driver/prefix_override:/home/an/ros2_ws/install/vel_driver/lib/python3.10/site-packages:${PYTHONPATH} /usr/bin/python3 -W ignore:setup.py install is deprecated setup.py egg_info --egg-base ../../build/vel_driver build --build-base /home/an/ros2_ws/build/vel_driver/build install --record /home/an/ros2_ws/build/vel_driver/install.log --single-version-externally-managed install_data
[3.404s] running egg_info
[3.406s] writing ../../build/vel_driver/vel_driver.egg-info/PKG-INFO
[3.407s] writing dependency_links to ../../build/vel_driver/vel_driver.egg-info/dependency_links.txt
[3.408s] writing entry points to ../../build/vel_driver/vel_driver.egg-info/entry_points.txt
[3.409s] writing requirements to ../../build/vel_driver/vel_driver.egg-info/requires.txt
[3.410s] writing top-level names to ../../build/vel_driver/vel_driver.egg-info/top_level.txt
[3.414s] reading manifest file '../../build/vel_driver/vel_driver.egg-info/SOURCES.txt'
[3.417s] writing manifest file '../../build/vel_driver/vel_driver.egg-info/SOURCES.txt'
[3.418s] running build
[3.418s] running install
[3.419s] running install_data
[3.420s] running install_egg_info
[3.428s] removing '/home/an/ros2_ws/install/vel_driver/lib/python3.10/site-packages/vel_driver-0.0.0-py3.10.egg-info' (and everything under it)
[3.430s] Copying ../../build/vel_driver/vel_driver.egg-info to /home/an/ros2_ws/install/vel_driver/lib/python3.10/site-packages/vel_driver-0.0.0-py3.10.egg-info
[3.436s] running install_scripts
[3.513s] Installing serial_motor_driver script to /home/an/ros2_ws/install/vel_driver/lib/vel_driver
[3.513s] Installing test_drive script to /home/an/ros2_ws/install/vel_driver/lib/vel_driver
[3.514s] writing list of installed files to '/home/an/ros2_ws/build/vel_driver/install.log'
[3.620s] Invoked command in '/home/an/ros2_ws/src/vel_driver' returned '0': PYTHONPATH=/home/an/ros2_ws/build/vel_driver/prefix_override:/home/an/ros2_ws/install/vel_driver/lib/python3.10/site-packages:${PYTHONPATH} /usr/bin/python3 -W ignore:setup.py install is deprecated setup.py egg_info --egg-base ../../build/vel_driver build --build-base /home/an/ros2_ws/build/vel_driver/build install --record /home/an/ros2_ws/build/vel_driver/install.log --single-version-externally-managed install_data
