[6.217s] Invoking command in '/home/an/ros2_ws/src/self_driving': PYTHONPATH=/home/an/ros2_ws/build/self_driving/prefix_override:/home/an/ros2_ws/install/self_driving/lib/python3.10/site-packages:${PYTHONPATH} /usr/bin/python3 -W ignore:setup.py install is deprecated setup.py egg_info --egg-base ../../build/self_driving build --build-base /home/an/ros2_ws/build/self_driving/build install --record /home/an/ros2_ws/build/self_driving/install.log --single-version-externally-managed install_data
[7.960s] running egg_info
[7.966s] writing ../../build/self_driving/self_driving.egg-info/PKG-INFO
[7.970s] writing dependency_links to ../../build/self_driving/self_driving.egg-info/dependency_links.txt
[7.973s] writing entry points to ../../build/self_driving/self_driving.egg-info/entry_points.txt
[7.975s] writing requirements to ../../build/self_driving/self_driving.egg-info/requires.txt
[7.977s] writing top-level names to ../../build/self_driving/self_driving.egg-info/top_level.txt
[8.088s] reading manifest file '../../build/self_driving/self_driving.egg-info/SOURCES.txt'
[8.092s] adding license file 'LICENSE'
[8.098s] writing manifest file '../../build/self_driving/self_driving.egg-info/SOURCES.txt'
[8.099s] running build
[8.100s] running build_py
[8.115s] copying self_driving/drive_BOT.py -> /home/an/ros2_ws/build/self_driving/build/lib/self_driving
[8.120s] copying self_driving/driving_node.py -> /home/an/ros2_ws/build/self_driving/build/lib/self_driving
[8.149s] copying self_driving/Detection/Lanes/a_colour_segmentation.py -> /home/an/ros2_ws/build/self_driving/build/lib/self_driving/Detection/Lanes
[8.171s] running install
[8.175s] running install_lib
[8.186s] copying /home/an/ros2_ws/build/self_driving/build/lib/self_driving/drive_BOT.py -> /home/an/ros2_ws/install/self_driving/lib/python3.10/site-packages/self_driving
[8.193s] copying /home/an/ros2_ws/build/self_driving/build/lib/self_driving/driving_node.py -> /home/an/ros2_ws/install/self_driving/lib/python3.10/site-packages/self_driving
[8.205s] copying /home/an/ros2_ws/build/self_driving/build/lib/self_driving/Detection/Lanes/a_colour_segmentation.py -> /home/an/ros2_ws/install/self_driving/lib/python3.10/site-packages/self_driving/Detection/Lanes
[8.218s] byte-compiling /home/an/ros2_ws/install/self_driving/lib/python3.10/site-packages/self_driving/drive_BOT.py to drive_BOT.cpython-310.pyc
[8.233s] byte-compiling /home/an/ros2_ws/install/self_driving/lib/python3.10/site-packages/self_driving/driving_node.py to driving_node.cpython-310.pyc
[8.242s] byte-compiling /home/an/ros2_ws/install/self_driving/lib/python3.10/site-packages/self_driving/Detection/Lanes/a_colour_segmentation.py to a_colour_segmentation.cpython-310.pyc
[8.248s] running install_data
[8.249s] running install_egg_info
[8.259s] removing '/home/an/ros2_ws/install/self_driving/lib/python3.10/site-packages/self_driving-0.0.0-py3.10.egg-info' (and everything under it)
[8.259s] Copying ../../build/self_driving/self_driving.egg-info to /home/an/ros2_ws/install/self_driving/lib/python3.10/site-packages/self_driving-0.0.0-py3.10.egg-info
[8.272s] running install_scripts
[8.437s] Installing cam_node script to /home/an/ros2_ws/install/self_driving/lib/self_driving
[8.439s] Installing computer_vision_node script to /home/an/ros2_ws/install/self_driving/lib/self_driving
[8.441s] Installing driving_node script to /home/an/ros2_ws/install/self_driving/lib/self_driving
[8.447s] Installing recorder_node script to /home/an/ros2_ws/install/self_driving/lib/self_driving
[8.448s] Installing vel_wheel_node script to /home/an/ros2_ws/install/self_driving/lib/self_driving
[8.461s] writing list of installed files to '/home/an/ros2_ws/build/self_driving/install.log'
[8.700s] Invoked command in '/home/an/ros2_ws/src/self_driving' returned '0': PYTHONPATH=/home/an/ros2_ws/build/self_driving/prefix_override:/home/an/ros2_ws/install/self_driving/lib/python3.10/site-packages:${PYTHONPATH} /usr/bin/python3 -W ignore:setup.py install is deprecated setup.py egg_info --egg-base ../../build/self_driving build --build-base /home/an/ros2_ws/build/self_driving/build install --record /home/an/ros2_ws/build/self_driving/install.log --single-version-externally-managed install_data
