[2.640s] Invoking command in '/home/an/ros2_ws/src/self_driving': PYTHONPATH=/home/an/ros2_ws/build/self_driving/prefix_override:/home/an/ros2_ws/install/self_driving/lib/python3.10/site-packages:${PYTHONPATH} /usr/bin/python3 -W ignore:setup.py install is deprecated setup.py egg_info --egg-base ../../build/self_driving build --build-base /home/an/ros2_ws/build/self_driving/build install --record /home/an/ros2_ws/build/self_driving/install.log --single-version-externally-managed install_data
[3.685s] running egg_info
[3.688s] writing ../../build/self_driving/self_driving.egg-info/PKG-INFO
[3.689s] writing dependency_links to ../../build/self_driving/self_driving.egg-info/dependency_links.txt
[3.690s] writing entry points to ../../build/self_driving/self_driving.egg-info/entry_points.txt
[3.691s] writing requirements to ../../build/self_driving/self_driving.egg-info/requires.txt
[3.691s] writing top-level names to ../../build/self_driving/self_driving.egg-info/top_level.txt
[3.702s] reading manifest file '../../build/self_driving/self_driving.egg-info/SOURCES.txt'
[3.704s] adding license file 'LICENSE'
[3.708s] writing manifest file '../../build/self_driving/self_driving.egg-info/SOURCES.txt'
[3.708s] running build
[3.709s] running build_py
[3.710s] copying self_driving/computer_vision_node.py -> /home/an/ros2_ws/build/self_driving/build/lib/self_driving
[3.718s] running install
[3.719s] running install_lib
[3.723s] copying /home/an/ros2_ws/build/self_driving/build/lib/self_driving/computer_vision_node.py -> /home/an/ros2_ws/install/self_driving/lib/python3.10/site-packages/self_driving
[3.731s] byte-compiling /home/an/ros2_ws/install/self_driving/lib/python3.10/site-packages/self_driving/computer_vision_node.py to computer_vision_node.cpython-310.pyc
[3.737s] running install_data
[3.737s] running install_egg_info
[3.744s] removing '/home/an/ros2_ws/install/self_driving/lib/python3.10/site-packages/self_driving-0.0.0-py3.10.egg-info' (and everything under it)
[3.746s] Copying ../../build/self_driving/self_driving.egg-info to /home/an/ros2_ws/install/self_driving/lib/python3.10/site-packages/self_driving-0.0.0-py3.10.egg-info
[3.751s] running install_scripts
[3.833s] Installing cam_node script to /home/an/ros2_ws/install/self_driving/lib/self_driving
[3.834s] Installing computer_vision_node script to /home/an/ros2_ws/install/self_driving/lib/self_driving
[3.835s] Installing driving_node script to /home/an/ros2_ws/install/self_driving/lib/self_driving
[3.835s] Installing recorder_node script to /home/an/ros2_ws/install/self_driving/lib/self_driving
[3.837s] Installing start_node script to /home/an/ros2_ws/install/self_driving/lib/self_driving
[3.838s] Installing traffic_signal_node script to /home/an/ros2_ws/install/self_driving/lib/self_driving
[3.839s] Installing vel_wheel_node script to /home/an/ros2_ws/install/self_driving/lib/self_driving
[3.843s] writing list of installed files to '/home/an/ros2_ws/build/self_driving/install.log'
[3.957s] Invoked command in '/home/an/ros2_ws/src/self_driving' returned '0': PYTHONPATH=/home/an/ros2_ws/build/self_driving/prefix_override:/home/an/ros2_ws/install/self_driving/lib/python3.10/site-packages:${PYTHONPATH} /usr/bin/python3 -W ignore:setup.py install is deprecated setup.py egg_info --egg-base ../../build/self_driving build --build-base /home/an/ros2_ws/build/self_driving/build install --record /home/an/ros2_ws/build/self_driving/install.log --single-version-externally-managed install_data
