[2.866s] Invoking command in '/home/an/ros2_ws/src/self_driving': PYTHONPATH=/home/an/ros2_ws/build/self_driving/prefix_override:/home/an/ros2_ws/install/self_driving/lib/python3.10/site-packages:${PYTHONPATH} /usr/bin/python3 -W ignore:setup.py install is deprecated setup.py egg_info --egg-base ../../build/self_driving build --build-base /home/an/ros2_ws/build/self_driving/build install --record /home/an/ros2_ws/build/self_driving/install.log --single-version-externally-managed install_data
[3.864s] running egg_info
[3.867s] writing ../../build/self_driving/self_driving.egg-info/PKG-INFO
[3.869s] writing dependency_links to ../../build/self_driving/self_driving.egg-info/dependency_links.txt
[3.871s] writing entry points to ../../build/self_driving/self_driving.egg-info/entry_points.txt
[3.872s] writing requirements to ../../build/self_driving/self_driving.egg-info/requires.txt
[3.873s] writing top-level names to ../../build/self_driving/self_driving.egg-info/top_level.txt
[3.882s] reading manifest file '../../build/self_driving/self_driving.egg-info/SOURCES.txt'
[3.884s] adding license file 'LICENSE'
[3.888s] writing manifest file '../../build/self_driving/self_driving.egg-info/SOURCES.txt'
[3.888s] running build
[3.888s] running build_py
[3.890s] copying self_driving/drive_BOT.py -> /home/an/ros2_ws/build/self_driving/build/lib/self_driving
[3.897s] running install
[3.898s] running install_lib
[3.904s] copying /home/an/ros2_ws/build/self_driving/build/lib/self_driving/drive_BOT.py -> /home/an/ros2_ws/install/self_driving/lib/python3.10/site-packages/self_driving
[3.911s] byte-compiling /home/an/ros2_ws/install/self_driving/lib/python3.10/site-packages/self_driving/drive_BOT.py to drive_BOT.cpython-310.pyc
[3.921s] running install_data
[3.922s] running install_egg_info
[3.928s] removing '/home/an/ros2_ws/install/self_driving/lib/python3.10/site-packages/self_driving-0.0.0-py3.10.egg-info' (and everything under it)
[3.931s] Copying ../../build/self_driving/self_driving.egg-info to /home/an/ros2_ws/install/self_driving/lib/python3.10/site-packages/self_driving-0.0.0-py3.10.egg-info
[3.939s] running install_scripts
[4.020s] Installing cam_node script to /home/an/ros2_ws/install/self_driving/lib/self_driving
[4.021s] Installing computer_vision_node script to /home/an/ros2_ws/install/self_driving/lib/self_driving
[4.022s] Installing driving_node script to /home/an/ros2_ws/install/self_driving/lib/self_driving
[4.022s] Installing recorder_node script to /home/an/ros2_ws/install/self_driving/lib/self_driving
[4.023s] Installing vel_wheel_node script to /home/an/ros2_ws/install/self_driving/lib/self_driving
[4.028s] writing list of installed files to '/home/an/ros2_ws/build/self_driving/install.log'
[4.154s] Invoked command in '/home/an/ros2_ws/src/self_driving' returned '0': PYTHONPATH=/home/an/ros2_ws/build/self_driving/prefix_override:/home/an/ros2_ws/install/self_driving/lib/python3.10/site-packages:${PYTHONPATH} /usr/bin/python3 -W ignore:setup.py install is deprecated setup.py egg_info --egg-base ../../build/self_driving build --build-base /home/an/ros2_ws/build/self_driving/build install --record /home/an/ros2_ws/build/self_driving/install.log --single-version-externally-managed install_data
