[2.828s] Invoking command in '/home/an/ros2_ws/src/self_driving': PYTHONPATH=/home/an/ros2_ws/build/self_driving/prefix_override:/home/an/ros2_ws/install/self_driving/lib/python3.10/site-packages:${PYTHONPATH} /usr/bin/python3 -W ignore:setup.py install is deprecated setup.py egg_info --egg-base ../../build/self_driving build --build-base /home/an/ros2_ws/build/self_driving/build install --record /home/an/ros2_ws/build/self_driving/install.log --single-version-externally-managed install_data
[3.886s] running egg_info
[3.889s] writing ../../build/self_driving/self_driving.egg-info/PKG-INFO
[3.890s] writing dependency_links to ../../build/self_driving/self_driving.egg-info/dependency_links.txt
[3.890s] writing entry points to ../../build/self_driving/self_driving.egg-info/entry_points.txt
[3.891s] writing requirements to ../../build/self_driving/self_driving.egg-info/requires.txt
[3.892s] writing top-level names to ../../build/self_driving/self_driving.egg-info/top_level.txt
[3.901s] reading manifest file '../../build/self_driving/self_driving.egg-info/SOURCES.txt'
[3.903s] adding license file 'LICENSE'
[3.906s] writing manifest file '../../build/self_driving/self_driving.egg-info/SOURCES.txt'
[3.907s] running build
[3.908s] running build_py
[3.910s] copying self_driving/config/config.py -> /home/an/ros2_ws/build/self_driving/build/lib/self_driving/config
[3.914s] copying self_driving/Detection/Lanes/a_colour_segmentation.py -> /home/an/ros2_ws/build/self_driving/build/lib/self_driving/Detection/Lanes
[3.920s] running install
[3.921s] running install_lib
[3.927s] copying /home/an/ros2_ws/build/self_driving/build/lib/self_driving/Detection/Lanes/a_colour_segmentation.py -> /home/an/ros2_ws/install/self_driving/lib/python3.10/site-packages/self_driving/Detection/Lanes
[3.929s] copying /home/an/ros2_ws/build/self_driving/build/lib/self_driving/config/config.py -> /home/an/ros2_ws/install/self_driving/lib/python3.10/site-packages/self_driving/config
[3.934s] byte-compiling /home/an/ros2_ws/install/self_driving/lib/python3.10/site-packages/self_driving/Detection/Lanes/a_colour_segmentation.py to a_colour_segmentation.cpython-310.pyc
[3.940s] byte-compiling /home/an/ros2_ws/install/self_driving/lib/python3.10/site-packages/self_driving/config/config.py to config.cpython-310.pyc
[3.943s] running install_data
[3.943s] running install_egg_info
[3.953s] removing '/home/an/ros2_ws/install/self_driving/lib/python3.10/site-packages/self_driving-0.0.0-py3.10.egg-info' (and everything under it)
[3.954s] Copying ../../build/self_driving/self_driving.egg-info to /home/an/ros2_ws/install/self_driving/lib/python3.10/site-packages/self_driving-0.0.0-py3.10.egg-info
[3.960s] running install_scripts
[4.046s] Installing cam_node script to /home/an/ros2_ws/install/self_driving/lib/self_driving
[4.046s] Installing computer_vision_node script to /home/an/ros2_ws/install/self_driving/lib/self_driving
[4.048s] Installing driving_node script to /home/an/ros2_ws/install/self_driving/lib/self_driving
[4.050s] Installing recorder_node script to /home/an/ros2_ws/install/self_driving/lib/self_driving
[4.051s] Installing vel_wheel_node script to /home/an/ros2_ws/install/self_driving/lib/self_driving
[4.055s] writing list of installed files to '/home/an/ros2_ws/build/self_driving/install.log'
[4.181s] Invoked command in '/home/an/ros2_ws/src/self_driving' returned '0': PYTHONPATH=/home/an/ros2_ws/build/self_driving/prefix_override:/home/an/ros2_ws/install/self_driving/lib/python3.10/site-packages:${PYTHONPATH} /usr/bin/python3 -W ignore:setup.py install is deprecated setup.py egg_info --egg-base ../../build/self_driving build --build-base /home/an/ros2_ws/build/self_driving/build install --record /home/an/ros2_ws/build/self_driving/install.log --single-version-externally-managed install_data
