[3.065s] Invoking command in '/home/an/ros2_ws/src/self_driving': PYTHONPATH=/home/an/ros2_ws/build/self_driving/prefix_override:/home/an/ros2_ws/install/self_driving/lib/python3.10/site-packages:${PYTHONPATH} /usr/bin/python3 -W ignore:setup.py install is deprecated setup.py egg_info --egg-base ../../build/self_driving build --build-base /home/an/ros2_ws/build/self_driving/build install --record /home/an/ros2_ws/build/self_driving/install.log --single-version-externally-managed install_data
[4.539s] running egg_info
[4.544s] writing ../../build/self_driving/self_driving.egg-info/PKG-INFO
[4.545s] writing dependency_links to ../../build/self_driving/self_driving.egg-info/dependency_links.txt
[4.547s] writing entry points to ../../build/self_driving/self_driving.egg-info/entry_points.txt
[4.549s] writing requirements to ../../build/self_driving/self_driving.egg-info/requires.txt
[4.550s] writing top-level names to ../../build/self_driving/self_driving.egg-info/top_level.txt
[4.563s] reading manifest file '../../build/self_driving/self_driving.egg-info/SOURCES.txt'
[4.565s] adding license file 'LICENSE'
[4.568s] writing manifest file '../../build/self_driving/self_driving.egg-info/SOURCES.txt'
[4.569s] running build
[4.570s] running build_py
[4.571s] copying self_driving/computer_vision_node.py -> /home/an/ros2_ws/build/self_driving/build/lib/self_driving
[4.579s] copying self_driving/Detection/Lanes/a_colour_segmentation.py -> /home/an/ros2_ws/build/self_driving/build/lib/self_driving/Detection/Lanes
[4.584s] running install
[4.585s] running install_lib
[4.589s] copying /home/an/ros2_ws/build/self_driving/build/lib/self_driving/computer_vision_node.py -> /home/an/ros2_ws/install/self_driving/lib/python3.10/site-packages/self_driving
[4.593s] copying /home/an/ros2_ws/build/self_driving/build/lib/self_driving/Detection/Lanes/a_colour_segmentation.py -> /home/an/ros2_ws/install/self_driving/lib/python3.10/site-packages/self_driving/Detection/Lanes
[4.599s] byte-compiling /home/an/ros2_ws/install/self_driving/lib/python3.10/site-packages/self_driving/computer_vision_node.py to computer_vision_node.cpython-310.pyc
[4.605s] byte-compiling /home/an/ros2_ws/install/self_driving/lib/python3.10/site-packages/self_driving/Detection/Lanes/a_colour_segmentation.py to a_colour_segmentation.cpython-310.pyc
[4.613s] running install_data
[4.616s] running install_egg_info
[4.623s] removing '/home/an/ros2_ws/install/self_driving/lib/python3.10/site-packages/self_driving-0.0.0-py3.10.egg-info' (and everything under it)
[4.626s] Copying ../../build/self_driving/self_driving.egg-info to /home/an/ros2_ws/install/self_driving/lib/python3.10/site-packages/self_driving-0.0.0-py3.10.egg-info
[4.633s] running install_scripts
[4.757s] Installing cam_node script to /home/an/ros2_ws/install/self_driving/lib/self_driving
[4.764s] Installing computer_vision_node script to /home/an/ros2_ws/install/self_driving/lib/self_driving
[4.765s] Installing driving_node script to /home/an/ros2_ws/install/self_driving/lib/self_driving
[4.766s] Installing recorder_node script to /home/an/ros2_ws/install/self_driving/lib/self_driving
[4.767s] Installing vel_wheel_node script to /home/an/ros2_ws/install/self_driving/lib/self_driving
[4.771s] writing list of installed files to '/home/an/ros2_ws/build/self_driving/install.log'
[4.985s] Invoked command in '/home/an/ros2_ws/src/self_driving' returned '0': PYTHONPATH=/home/an/ros2_ws/build/self_driving/prefix_override:/home/an/ros2_ws/install/self_driving/lib/python3.10/site-packages:${PYTHONPATH} /usr/bin/python3 -W ignore:setup.py install is deprecated setup.py egg_info --egg-base ../../build/self_driving build --build-base /home/an/ros2_ws/build/self_driving/build install --record /home/an/ros2_ws/build/self_driving/install.log --single-version-externally-managed install_data
