[3.318s] Invoking command in '/home/an/ros2_ws/src/self_driving': PYTHONPATH=/home/an/ros2_ws/build/self_driving/prefix_override:/home/an/ros2_ws/install/self_driving/lib/python3.10/site-packages:${PYTHONPATH} /usr/bin/python3 -W ignore:setup.py install is deprecated setup.py egg_info --egg-base ../../build/self_driving build --build-base /home/an/ros2_ws/build/self_driving/build install --record /home/an/ros2_ws/build/self_driving/install.log --single-version-externally-managed install_data
[4.713s] running egg_info
[4.716s] writing ../../build/self_driving/self_driving.egg-info/PKG-INFO
[4.717s] writing dependency_links to ../../build/self_driving/self_driving.egg-info/dependency_links.txt
[4.718s] writing entry points to ../../build/self_driving/self_driving.egg-info/entry_points.txt
[4.719s] writing requirements to ../../build/self_driving/self_driving.egg-info/requires.txt
[4.720s] writing top-level names to ../../build/self_driving/self_driving.egg-info/top_level.txt
[4.730s] reading manifest file '../../build/self_driving/self_driving.egg-info/SOURCES.txt'
[4.732s] adding license file 'LICENSE'
[4.736s] writing manifest file '../../build/self_driving/self_driving.egg-info/SOURCES.txt'
[4.737s] running build
[4.737s] running build_py
[4.745s] running install
[4.747s] running install_lib
[4.760s] running install_data
[4.760s] running install_egg_info
[4.767s] removing '/home/an/ros2_ws/install/self_driving/lib/python3.10/site-packages/self_driving-0.0.0-py3.10.egg-info' (and everything under it)
[4.769s] Copying ../../build/self_driving/self_driving.egg-info to /home/an/ros2_ws/install/self_driving/lib/python3.10/site-packages/self_driving-0.0.0-py3.10.egg-info
[4.776s] running install_scripts
[4.868s] Installing cam_node script to /home/an/ros2_ws/install/self_driving/lib/self_driving
[4.869s] Installing computer_vision_node script to /home/an/ros2_ws/install/self_driving/lib/self_driving
[4.870s] Installing driving_node script to /home/an/ros2_ws/install/self_driving/lib/self_driving
[4.871s] Installing recorder_node script to /home/an/ros2_ws/install/self_driving/lib/self_driving
[4.872s] Installing vel_wheel_node script to /home/an/ros2_ws/install/self_driving/lib/self_driving
[4.877s] writing list of installed files to '/home/an/ros2_ws/build/self_driving/install.log'
