running egg_info
creating ../../build/self_driving/self_driving.egg-info
writing ../../build/self_driving/self_driving.egg-info/PKG-INFO
writing dependency_links to ../../build/self_driving/self_driving.egg-info/dependency_links.txt
writing entry points to ../../build/self_driving/self_driving.egg-info/entry_points.txt
writing requirements to ../../build/self_driving/self_driving.egg-info/requires.txt
writing top-level names to ../../build/self_driving/self_driving.egg-info/top_level.txt
writing manifest file '../../build/self_driving/self_driving.egg-info/SOURCES.txt'
reading manifest file '../../build/self_driving/self_driving.egg-info/SOURCES.txt'
adding license file 'LICENSE'
writing manifest file '../../build/self_driving/self_driving.egg-info/SOURCES.txt'
running build
running build_py
creating /home/an/ros2_ws/build/self_driving/build
creating /home/an/ros2_ws/build/self_driving/build/lib
creating /home/an/ros2_ws/build/self_driving/build/lib/self_driving
copying self_driving/wheel_left_right.py -> /home/an/ros2_ws/build/self_driving/build/lib/self_driving
copying self_driving/__init__.py -> /home/an/ros2_ws/build/self_driving/build/lib/self_driving
copying self_driving/computer_vision_node.py -> /home/an/ros2_ws/build/self_driving/build/lib/self_driving
copying self_driving/drive_BOT.py -> /home/an/ros2_ws/build/self_driving/build/lib/self_driving
copying self_driving/driving_node.py -> /home/an/ros2_ws/build/self_driving/build/lib/self_driving
copying self_driving/ros2_camera.py -> /home/an/ros2_ws/build/self_driving/build/lib/self_driving
copying self_driving/video_recorder.py -> /home/an/ros2_ws/build/self_driving/build/lib/self_driving
creating /home/an/ros2_ws/build/self_driving/build/lib/self_driving/config
copying self_driving/config/__init__.py -> /home/an/ros2_ws/build/self_driving/build/lib/self_driving/config
copying self_driving/config/config.py -> /home/an/ros2_ws/build/self_driving/build/lib/self_driving/config
creating /home/an/ros2_ws/build/self_driving/build/lib/self_driving/Detection
copying self_driving/Detection/__init__.py -> /home/an/ros2_ws/build/self_driving/build/lib/self_driving/Detection
creating /home/an/ros2_ws/build/self_driving/build/lib/self_driving/Detection/Lanes
copying self_driving/Detection/Lanes/__init__.py -> /home/an/ros2_ws/build/self_driving/build/lib/self_driving/Detection/Lanes
copying self_driving/Detection/Lanes/utilities.py -> /home/an/ros2_ws/build/self_driving/build/lib/self_driving/Detection/Lanes
copying self_driving/Detection/Lanes/c_cleaning.py -> /home/an/ros2_ws/build/self_driving/build/lib/self_driving/Detection/Lanes
copying self_driving/Detection/Lanes/lane_detection.py -> /home/an/ros2_ws/build/self_driving/build/lib/self_driving/Detection/Lanes
copying self_driving/Detection/Lanes/d_data_extraction.py -> /home/an/ros2_ws/build/self_driving/build/lib/self_driving/Detection/Lanes
copying self_driving/Detection/Lanes/Morph_op.py -> /home/an/ros2_ws/build/self_driving/build/lib/self_driving/Detection/Lanes
copying self_driving/Detection/Lanes/a_colour_segmentation.py -> /home/an/ros2_ws/build/self_driving/build/lib/self_driving/Detection/Lanes
copying self_driving/Detection/Lanes/b_midlane_estimation.py -> /home/an/ros2_ws/build/self_driving/build/lib/self_driving/Detection/Lanes
running install
running install_lib
creating /home/an/ros2_ws/install/self_driving/lib/python3.10/site-packages/self_driving
copying /home/an/ros2_ws/build/self_driving/build/lib/self_driving/wheel_left_right.py -> /home/an/ros2_ws/install/self_driving/lib/python3.10/site-packages/self_driving
copying /home/an/ros2_ws/build/self_driving/build/lib/self_driving/__init__.py -> /home/an/ros2_ws/install/self_driving/lib/python3.10/site-packages/self_driving
copying /home/an/ros2_ws/build/self_driving/build/lib/self_driving/computer_vision_node.py -> /home/an/ros2_ws/install/self_driving/lib/python3.10/site-packages/self_driving
copying /home/an/ros2_ws/build/self_driving/build/lib/self_driving/drive_BOT.py -> /home/an/ros2_ws/install/self_driving/lib/python3.10/site-packages/self_driving
copying /home/an/ros2_ws/build/self_driving/build/lib/self_driving/driving_node.py -> /home/an/ros2_ws/install/self_driving/lib/python3.10/site-packages/self_driving
creating /home/an/ros2_ws/install/self_driving/lib/python3.10/site-packages/self_driving/Detection
copying /home/an/ros2_ws/build/self_driving/build/lib/self_driving/Detection/__init__.py -> /home/an/ros2_ws/install/self_driving/lib/python3.10/site-packages/self_driving/Detection
creating /home/an/ros2_ws/install/self_driving/lib/python3.10/site-packages/self_driving/Detection/Lanes
copying /home/an/ros2_ws/build/self_driving/build/lib/self_driving/Detection/Lanes/__init__.py -> /home/an/ros2_ws/install/self_driving/lib/python3.10/site-packages/self_driving/Detection/Lanes
copying /home/an/ros2_ws/build/self_driving/build/lib/self_driving/Detection/Lanes/utilities.py -> /home/an/ros2_ws/install/self_driving/lib/python3.10/site-packages/self_driving/Detection/Lanes
copying /home/an/ros2_ws/build/self_driving/build/lib/self_driving/Detection/Lanes/c_cleaning.py -> /home/an/ros2_ws/install/self_driving/lib/python3.10/site-packages/self_driving/Detection/Lanes
copying /home/an/ros2_ws/build/self_driving/build/lib/self_driving/Detection/Lanes/lane_detection.py -> /home/an/ros2_ws/install/self_driving/lib/python3.10/site-packages/self_driving/Detection/Lanes
copying /home/an/ros2_ws/build/self_driving/build/lib/self_driving/Detection/Lanes/d_data_extraction.py -> /home/an/ros2_ws/install/self_driving/lib/python3.10/site-packages/self_driving/Detection/Lanes
copying /home/an/ros2_ws/build/self_driving/build/lib/self_driving/Detection/Lanes/Morph_op.py -> /home/an/ros2_ws/install/self_driving/lib/python3.10/site-packages/self_driving/Detection/Lanes
copying /home/an/ros2_ws/build/self_driving/build/lib/self_driving/Detection/Lanes/a_colour_segmentation.py -> /home/an/ros2_ws/install/self_driving/lib/python3.10/site-packages/self_driving/Detection/Lanes
copying /home/an/ros2_ws/build/self_driving/build/lib/self_driving/Detection/Lanes/b_midlane_estimation.py -> /home/an/ros2_ws/install/self_driving/lib/python3.10/site-packages/self_driving/Detection/Lanes
copying /home/an/ros2_ws/build/self_driving/build/lib/self_driving/ros2_camera.py -> /home/an/ros2_ws/install/self_driving/lib/python3.10/site-packages/self_driving
copying /home/an/ros2_ws/build/self_driving/build/lib/self_driving/video_recorder.py -> /home/an/ros2_ws/install/self_driving/lib/python3.10/site-packages/self_driving
creating /home/an/ros2_ws/install/self_driving/lib/python3.10/site-packages/self_driving/config
copying /home/an/ros2_ws/build/self_driving/build/lib/self_driving/config/__init__.py -> /home/an/ros2_ws/install/self_driving/lib/python3.10/site-packages/self_driving/config
copying /home/an/ros2_ws/build/self_driving/build/lib/self_driving/config/config.py -> /home/an/ros2_ws/install/self_driving/lib/python3.10/site-packages/self_driving/config
byte-compiling /home/an/ros2_ws/install/self_driving/lib/python3.10/site-packages/self_driving/wheel_left_right.py to wheel_left_right.cpython-310.pyc
byte-compiling /home/an/ros2_ws/install/self_driving/lib/python3.10/site-packages/self_driving/__init__.py to __init__.cpython-310.pyc
byte-compiling /home/an/ros2_ws/install/self_driving/lib/python3.10/site-packages/self_driving/computer_vision_node.py to computer_vision_node.cpython-310.pyc
byte-compiling /home/an/ros2_ws/install/self_driving/lib/python3.10/site-packages/self_driving/drive_BOT.py to drive_BOT.cpython-310.pyc
byte-compiling /home/an/ros2_ws/install/self_driving/lib/python3.10/site-packages/self_driving/driving_node.py to driving_node.cpython-310.pyc
byte-compiling /home/an/ros2_ws/install/self_driving/lib/python3.10/site-packages/self_driving/Detection/__init__.py to __init__.cpython-310.pyc
byte-compiling /home/an/ros2_ws/install/self_driving/lib/python3.10/site-packages/self_driving/Detection/Lanes/__init__.py to __init__.cpython-310.pyc
byte-compiling /home/an/ros2_ws/install/self_driving/lib/python3.10/site-packages/self_driving/Detection/Lanes/utilities.py to utilities.cpython-310.pyc
byte-compiling /home/an/ros2_ws/install/self_driving/lib/python3.10/site-packages/self_driving/Detection/Lanes/c_cleaning.py to c_cleaning.cpython-310.pyc
byte-compiling /home/an/ros2_ws/install/self_driving/lib/python3.10/site-packages/self_driving/Detection/Lanes/lane_detection.py to lane_detection.cpython-310.pyc
byte-compiling /home/an/ros2_ws/install/self_driving/lib/python3.10/site-packages/self_driving/Detection/Lanes/d_data_extraction.py to d_data_extraction.cpython-310.pyc
byte-compiling /home/an/ros2_ws/install/self_driving/lib/python3.10/site-packages/self_driving/Detection/Lanes/Morph_op.py to Morph_op.cpython-310.pyc
byte-compiling /home/an/ros2_ws/install/self_driving/lib/python3.10/site-packages/self_driving/Detection/Lanes/a_colour_segmentation.py to a_colour_segmentation.cpython-310.pyc
byte-compiling /home/an/ros2_ws/install/self_driving/lib/python3.10/site-packages/self_driving/Detection/Lanes/b_midlane_estimation.py to b_midlane_estimation.cpython-310.pyc
byte-compiling /home/an/ros2_ws/install/self_driving/lib/python3.10/site-packages/self_driving/ros2_camera.py to ros2_camera.cpython-310.pyc
byte-compiling /home/an/ros2_ws/install/self_driving/lib/python3.10/site-packages/self_driving/video_recorder.py to video_recorder.cpython-310.pyc
byte-compiling /home/an/ros2_ws/install/self_driving/lib/python3.10/site-packages/self_driving/config/__init__.py to __init__.cpython-310.pyc
byte-compiling /home/an/ros2_ws/install/self_driving/lib/python3.10/site-packages/self_driving/config/config.py to config.cpython-310.pyc
running install_data
creating /home/an/ros2_ws/install/self_driving/share/ament_index
creating /home/an/ros2_ws/install/self_driving/share/ament_index/resource_index
creating /home/an/ros2_ws/install/self_driving/share/ament_index/resource_index/packages
copying resource/self_driving -> /home/an/ros2_ws/install/self_driving/share/ament_index/resource_index/packages
copying package.xml -> /home/an/ros2_ws/install/self_driving/share/self_driving
creating /home/an/ros2_ws/install/self_driving/share/self_driving/launch
running install_egg_info
Copying ../../build/self_driving/self_driving.egg-info to /home/an/ros2_ws/install/self_driving/lib/python3.10/site-packages/self_driving-0.0.0-py3.10.egg-info
running install_scripts
Installing cam_node script to /home/an/ros2_ws/install/self_driving/lib/self_driving
Installing computer_vision_node script to /home/an/ros2_ws/install/self_driving/lib/self_driving
Installing driving_node script to /home/an/ros2_ws/install/self_driving/lib/self_driving
Installing recorder_node script to /home/an/ros2_ws/install/self_driving/lib/self_driving
Installing vel_wheel_node script to /home/an/ros2_ws/install/self_driving/lib/self_driving
writing list of installed files to '/home/an/ros2_ws/build/self_driving/install.log'
