[4.496s] Invoking command in '/home/an/ros2_ws/src/self_driving': PYTHONPATH=/home/an/ros2_ws/build/self_driving/prefix_override:/home/an/ros2_ws/install/self_driving/lib/python3.10/site-packages:${PYTHONPATH} /usr/bin/python3 -W ignore:setup.py install is deprecated setup.py egg_info --egg-base ../../build/self_driving build --build-base /home/an/ros2_ws/build/self_driving/build install --record /home/an/ros2_ws/build/self_driving/install.log --single-version-externally-managed install_data
[6.061s] running egg_info
[6.064s] creating ../../build/self_driving/self_driving.egg-info
[6.065s] writing ../../build/self_driving/self_driving.egg-info/PKG-INFO
[6.066s] writing dependency_links to ../../build/self_driving/self_driving.egg-info/dependency_links.txt
[6.067s] writing entry points to ../../build/self_driving/self_driving.egg-info/entry_points.txt
[6.068s] writing requirements to ../../build/self_driving/self_driving.egg-info/requires.txt
[6.068s] writing top-level names to ../../build/self_driving/self_driving.egg-info/top_level.txt
[6.070s] writing manifest file '../../build/self_driving/self_driving.egg-info/SOURCES.txt'
[6.082s] reading manifest file '../../build/self_driving/self_driving.egg-info/SOURCES.txt'
[6.082s] adding license file 'LICENSE'
[6.085s] writing manifest file '../../build/self_driving/self_driving.egg-info/SOURCES.txt'
[6.086s] running build
[6.087s] running build_py
[6.089s] creating /home/an/ros2_ws/build/self_driving/build
[6.090s] creating /home/an/ros2_ws/build/self_driving/build/lib
[6.092s] creating /home/an/ros2_ws/build/self_driving/build/lib/self_driving
[6.094s] copying self_driving/wheel_left_right.py -> /home/an/ros2_ws/build/self_driving/build/lib/self_driving
[6.095s] copying self_driving/__init__.py -> /home/an/ros2_ws/build/self_driving/build/lib/self_driving
[6.096s] copying self_driving/computer_vision_node.py -> /home/an/ros2_ws/build/self_driving/build/lib/self_driving
[6.096s] copying self_driving/drive_BOT.py -> /home/an/ros2_ws/build/self_driving/build/lib/self_driving
[6.097s] copying self_driving/driving_node.py -> /home/an/ros2_ws/build/self_driving/build/lib/self_driving
[6.098s] copying self_driving/ros2_camera.py -> /home/an/ros2_ws/build/self_driving/build/lib/self_driving
[6.098s] copying self_driving/video_recorder.py -> /home/an/ros2_ws/build/self_driving/build/lib/self_driving
[6.099s] creating /home/an/ros2_ws/build/self_driving/build/lib/self_driving/config
[6.100s] copying self_driving/config/__init__.py -> /home/an/ros2_ws/build/self_driving/build/lib/self_driving/config
[6.100s] copying self_driving/config/config.py -> /home/an/ros2_ws/build/self_driving/build/lib/self_driving/config
[6.102s] creating /home/an/ros2_ws/build/self_driving/build/lib/self_driving/Detection
[6.102s] copying self_driving/Detection/__init__.py -> /home/an/ros2_ws/build/self_driving/build/lib/self_driving/Detection
[6.103s] creating /home/an/ros2_ws/build/self_driving/build/lib/self_driving/Detection/Lanes
[6.104s] copying self_driving/Detection/Lanes/__init__.py -> /home/an/ros2_ws/build/self_driving/build/lib/self_driving/Detection/Lanes
[6.105s] copying self_driving/Detection/Lanes/utilities.py -> /home/an/ros2_ws/build/self_driving/build/lib/self_driving/Detection/Lanes
[6.106s] copying self_driving/Detection/Lanes/c_cleaning.py -> /home/an/ros2_ws/build/self_driving/build/lib/self_driving/Detection/Lanes
[6.107s] copying self_driving/Detection/Lanes/lane_detection.py -> /home/an/ros2_ws/build/self_driving/build/lib/self_driving/Detection/Lanes
[6.108s] copying self_driving/Detection/Lanes/d_data_extraction.py -> /home/an/ros2_ws/build/self_driving/build/lib/self_driving/Detection/Lanes
[6.109s] copying self_driving/Detection/Lanes/Morph_op.py -> /home/an/ros2_ws/build/self_driving/build/lib/self_driving/Detection/Lanes
[6.110s] copying self_driving/Detection/Lanes/a_colour_segmentation.py -> /home/an/ros2_ws/build/self_driving/build/lib/self_driving/Detection/Lanes
[6.111s] copying self_driving/Detection/Lanes/b_midlane_estimation.py -> /home/an/ros2_ws/build/self_driving/build/lib/self_driving/Detection/Lanes
[6.114s] running install
[6.116s] running install_lib
[6.121s] creating /home/an/ros2_ws/install/self_driving/lib/python3.10/site-packages/self_driving
[6.122s] copying /home/an/ros2_ws/build/self_driving/build/lib/self_driving/wheel_left_right.py -> /home/an/ros2_ws/install/self_driving/lib/python3.10/site-packages/self_driving
[6.124s] copying /home/an/ros2_ws/build/self_driving/build/lib/self_driving/__init__.py -> /home/an/ros2_ws/install/self_driving/lib/python3.10/site-packages/self_driving
[6.126s] copying /home/an/ros2_ws/build/self_driving/build/lib/self_driving/computer_vision_node.py -> /home/an/ros2_ws/install/self_driving/lib/python3.10/site-packages/self_driving
[6.126s] copying /home/an/ros2_ws/build/self_driving/build/lib/self_driving/drive_BOT.py -> /home/an/ros2_ws/install/self_driving/lib/python3.10/site-packages/self_driving
[6.127s] copying /home/an/ros2_ws/build/self_driving/build/lib/self_driving/driving_node.py -> /home/an/ros2_ws/install/self_driving/lib/python3.10/site-packages/self_driving
[6.129s] creating /home/an/ros2_ws/install/self_driving/lib/python3.10/site-packages/self_driving/Detection
[6.129s] copying /home/an/ros2_ws/build/self_driving/build/lib/self_driving/Detection/__init__.py -> /home/an/ros2_ws/install/self_driving/lib/python3.10/site-packages/self_driving/Detection
[6.130s] creating /home/an/ros2_ws/install/self_driving/lib/python3.10/site-packages/self_driving/Detection/Lanes
[6.131s] copying /home/an/ros2_ws/build/self_driving/build/lib/self_driving/Detection/Lanes/__init__.py -> /home/an/ros2_ws/install/self_driving/lib/python3.10/site-packages/self_driving/Detection/Lanes
[6.132s] copying /home/an/ros2_ws/build/self_driving/build/lib/self_driving/Detection/Lanes/utilities.py -> /home/an/ros2_ws/install/self_driving/lib/python3.10/site-packages/self_driving/Detection/Lanes
[6.133s] copying /home/an/ros2_ws/build/self_driving/build/lib/self_driving/Detection/Lanes/c_cleaning.py -> /home/an/ros2_ws/install/self_driving/lib/python3.10/site-packages/self_driving/Detection/Lanes
[6.134s] copying /home/an/ros2_ws/build/self_driving/build/lib/self_driving/Detection/Lanes/lane_detection.py -> /home/an/ros2_ws/install/self_driving/lib/python3.10/site-packages/self_driving/Detection/Lanes
[6.135s] copying /home/an/ros2_ws/build/self_driving/build/lib/self_driving/Detection/Lanes/d_data_extraction.py -> /home/an/ros2_ws/install/self_driving/lib/python3.10/site-packages/self_driving/Detection/Lanes
[6.136s] copying /home/an/ros2_ws/build/self_driving/build/lib/self_driving/Detection/Lanes/Morph_op.py -> /home/an/ros2_ws/install/self_driving/lib/python3.10/site-packages/self_driving/Detection/Lanes
[6.137s] copying /home/an/ros2_ws/build/self_driving/build/lib/self_driving/Detection/Lanes/a_colour_segmentation.py -> /home/an/ros2_ws/install/self_driving/lib/python3.10/site-packages/self_driving/Detection/Lanes
[6.138s] copying /home/an/ros2_ws/build/self_driving/build/lib/self_driving/Detection/Lanes/b_midlane_estimation.py -> /home/an/ros2_ws/install/self_driving/lib/python3.10/site-packages/self_driving/Detection/Lanes
[6.139s] copying /home/an/ros2_ws/build/self_driving/build/lib/self_driving/ros2_camera.py -> /home/an/ros2_ws/install/self_driving/lib/python3.10/site-packages/self_driving
[6.140s] copying /home/an/ros2_ws/build/self_driving/build/lib/self_driving/video_recorder.py -> /home/an/ros2_ws/install/self_driving/lib/python3.10/site-packages/self_driving
[6.141s] creating /home/an/ros2_ws/install/self_driving/lib/python3.10/site-packages/self_driving/config
[6.142s] copying /home/an/ros2_ws/build/self_driving/build/lib/self_driving/config/__init__.py -> /home/an/ros2_ws/install/self_driving/lib/python3.10/site-packages/self_driving/config
[6.143s] copying /home/an/ros2_ws/build/self_driving/build/lib/self_driving/config/config.py -> /home/an/ros2_ws/install/self_driving/lib/python3.10/site-packages/self_driving/config
[6.145s] byte-compiling /home/an/ros2_ws/install/self_driving/lib/python3.10/site-packages/self_driving/wheel_left_right.py to wheel_left_right.cpython-310.pyc
[6.150s] byte-compiling /home/an/ros2_ws/install/self_driving/lib/python3.10/site-packages/self_driving/__init__.py to __init__.cpython-310.pyc
[6.151s] byte-compiling /home/an/ros2_ws/install/self_driving/lib/python3.10/site-packages/self_driving/computer_vision_node.py to computer_vision_node.cpython-310.pyc
[6.156s] byte-compiling /home/an/ros2_ws/install/self_driving/lib/python3.10/site-packages/self_driving/drive_BOT.py to drive_BOT.cpython-310.pyc
[6.164s] byte-compiling /home/an/ros2_ws/install/self_driving/lib/python3.10/site-packages/self_driving/driving_node.py to driving_node.cpython-310.pyc
[6.166s] byte-compiling /home/an/ros2_ws/install/self_driving/lib/python3.10/site-packages/self_driving/Detection/__init__.py to __init__.cpython-310.pyc
[6.167s] byte-compiling /home/an/ros2_ws/install/self_driving/lib/python3.10/site-packages/self_driving/Detection/Lanes/__init__.py to __init__.cpython-310.pyc
[6.169s] byte-compiling /home/an/ros2_ws/install/self_driving/lib/python3.10/site-packages/self_driving/Detection/Lanes/utilities.py to utilities.cpython-310.pyc
[6.172s] byte-compiling /home/an/ros2_ws/install/self_driving/lib/python3.10/site-packages/self_driving/Detection/Lanes/c_cleaning.py to c_cleaning.cpython-310.pyc
[6.177s] byte-compiling /home/an/ros2_ws/install/self_driving/lib/python3.10/site-packages/self_driving/Detection/Lanes/lane_detection.py to lane_detection.cpython-310.pyc
[6.179s] byte-compiling /home/an/ros2_ws/install/self_driving/lib/python3.10/site-packages/self_driving/Detection/Lanes/d_data_extraction.py to d_data_extraction.cpython-310.pyc
[6.184s] byte-compiling /home/an/ros2_ws/install/self_driving/lib/python3.10/site-packages/self_driving/Detection/Lanes/Morph_op.py to Morph_op.cpython-310.pyc
[6.193s] byte-compiling /home/an/ros2_ws/install/self_driving/lib/python3.10/site-packages/self_driving/Detection/Lanes/a_colour_segmentation.py to a_colour_segmentation.cpython-310.pyc
[6.196s] byte-compiling /home/an/ros2_ws/install/self_driving/lib/python3.10/site-packages/self_driving/Detection/Lanes/b_midlane_estimation.py to b_midlane_estimation.cpython-310.pyc
[6.200s] byte-compiling /home/an/ros2_ws/install/self_driving/lib/python3.10/site-packages/self_driving/ros2_camera.py to ros2_camera.cpython-310.pyc
[6.203s] byte-compiling /home/an/ros2_ws/install/self_driving/lib/python3.10/site-packages/self_driving/video_recorder.py to video_recorder.cpython-310.pyc
[6.206s] byte-compiling /home/an/ros2_ws/install/self_driving/lib/python3.10/site-packages/self_driving/config/__init__.py to __init__.cpython-310.pyc
[6.208s] byte-compiling /home/an/ros2_ws/install/self_driving/lib/python3.10/site-packages/self_driving/config/config.py to config.cpython-310.pyc
[6.210s] running install_data
[6.211s] creating /home/an/ros2_ws/install/self_driving/share/ament_index
[6.211s] creating /home/an/ros2_ws/install/self_driving/share/ament_index/resource_index
[6.212s] creating /home/an/ros2_ws/install/self_driving/share/ament_index/resource_index/packages
[6.212s] copying resource/self_driving -> /home/an/ros2_ws/install/self_driving/share/ament_index/resource_index/packages
[6.213s] copying package.xml -> /home/an/ros2_ws/install/self_driving/share/self_driving
[6.214s] creating /home/an/ros2_ws/install/self_driving/share/self_driving/launch
[6.214s] running install_egg_info
[6.226s] Copying ../../build/self_driving/self_driving.egg-info to /home/an/ros2_ws/install/self_driving/lib/python3.10/site-packages/self_driving-0.0.0-py3.10.egg-info
[6.232s] running install_scripts
[6.342s] Installing cam_node script to /home/an/ros2_ws/install/self_driving/lib/self_driving
[6.343s] Installing computer_vision_node script to /home/an/ros2_ws/install/self_driving/lib/self_driving
[6.344s] Installing driving_node script to /home/an/ros2_ws/install/self_driving/lib/self_driving
[6.344s] Installing recorder_node script to /home/an/ros2_ws/install/self_driving/lib/self_driving
[6.345s] Installing vel_wheel_node script to /home/an/ros2_ws/install/self_driving/lib/self_driving
[6.350s] writing list of installed files to '/home/an/ros2_ws/build/self_driving/install.log'
[6.497s] Invoked command in '/home/an/ros2_ws/src/self_driving' returned '0': PYTHONPATH=/home/an/ros2_ws/build/self_driving/prefix_override:/home/an/ros2_ws/install/self_driving/lib/python3.10/site-packages:${PYTHONPATH} /usr/bin/python3 -W ignore:setup.py install is deprecated setup.py egg_info --egg-base ../../build/self_driving build --build-base /home/an/ros2_ws/build/self_driving/build install --record /home/an/ros2_ws/build/self_driving/install.log --single-version-externally-managed install_data
