[3.307s] Invoking command in '/home/an/ros2_ws/src/self_driving': PYTHONPATH=/home/an/ros2_ws/build/self_driving/prefix_override:/home/an/ros2_ws/install/self_driving/lib/python3.10/site-packages:${PYTHONPATH} /usr/bin/python3 -W ignore:setup.py install is deprecated setup.py egg_info --egg-base ../../build/self_driving build --build-base /home/an/ros2_ws/build/self_driving/build install --record /home/an/ros2_ws/build/self_driving/install.log --single-version-externally-managed install_data
[4.701s] running egg_info
[4.704s] writing ../../build/self_driving/self_driving.egg-info/PKG-INFO
[4.705s] writing dependency_links to ../../build/self_driving/self_driving.egg-info/dependency_links.txt
[4.707s] writing entry points to ../../build/self_driving/self_driving.egg-info/entry_points.txt
[4.708s] writing requirements to ../../build/self_driving/self_driving.egg-info/requires.txt
[4.709s] writing top-level names to ../../build/self_driving/self_driving.egg-info/top_level.txt
[4.723s] reading manifest file '../../build/self_driving/self_driving.egg-info/SOURCES.txt'
[4.726s] adding license file 'LICENSE'
[4.729s] writing manifest file '../../build/self_driving/self_driving.egg-info/SOURCES.txt'
[4.730s] running build
[4.731s] running build_py
[4.731s] copying self_driving/wheel_left_right.py -> /home/an/ros2_ws/build/self_driving/build/lib/self_driving
[4.733s] copying self_driving/computer_vision_node.py -> /home/an/ros2_ws/build/self_driving/build/lib/self_driving
[4.742s] running install
[4.743s] running install_lib
[4.747s] copying /home/an/ros2_ws/build/self_driving/build/lib/self_driving/wheel_left_right.py -> /home/an/ros2_ws/install/self_driving/lib/python3.10/site-packages/self_driving
[4.749s] copying /home/an/ros2_ws/build/self_driving/build/lib/self_driving/computer_vision_node.py -> /home/an/ros2_ws/install/self_driving/lib/python3.10/site-packages/self_driving
[4.759s] byte-compiling /home/an/ros2_ws/install/self_driving/lib/python3.10/site-packages/self_driving/wheel_left_right.py to wheel_left_right.cpython-310.pyc
[4.764s] byte-compiling /home/an/ros2_ws/install/self_driving/lib/python3.10/site-packages/self_driving/computer_vision_node.py to computer_vision_node.cpython-310.pyc
[4.769s] running install_data
[4.770s] running install_egg_info
[4.778s] removing '/home/an/ros2_ws/install/self_driving/lib/python3.10/site-packages/self_driving-0.0.0-py3.10.egg-info' (and everything under it)
[4.780s] Copying ../../build/self_driving/self_driving.egg-info to /home/an/ros2_ws/install/self_driving/lib/python3.10/site-packages/self_driving-0.0.0-py3.10.egg-info
[4.789s] running install_scripts
[4.891s] Installing cam_node script to /home/an/ros2_ws/install/self_driving/lib/self_driving
[4.892s] Installing computer_vision_node script to /home/an/ros2_ws/install/self_driving/lib/self_driving
[4.892s] Installing driving_node script to /home/an/ros2_ws/install/self_driving/lib/self_driving
[4.893s] Installing recorder_node script to /home/an/ros2_ws/install/self_driving/lib/self_driving
[4.894s] Installing vel_wheel_node script to /home/an/ros2_ws/install/self_driving/lib/self_driving
[4.898s] writing list of installed files to '/home/an/ros2_ws/build/self_driving/install.log'
[5.035s] Invoked command in '/home/an/ros2_ws/src/self_driving' returned '0': PYTHONPATH=/home/an/ros2_ws/build/self_driving/prefix_override:/home/an/ros2_ws/install/self_driving/lib/python3.10/site-packages:${PYTHONPATH} /usr/bin/python3 -W ignore:setup.py install is deprecated setup.py egg_info --egg-base ../../build/self_driving build --build-base /home/an/ros2_ws/build/self_driving/build install --record /home/an/ros2_ws/build/self_driving/install.log --single-version-externally-managed install_data
