[6.277s] Invoking command in '/home/an/ros2_ws/src/self_driving': PYTHONPATH=/home/an/ros2_ws/build/self_driving/prefix_override:/home/an/ros2_ws/install/self_driving/lib/python3.10/site-packages:${PYTHONPATH} /usr/bin/python3 -W ignore:setup.py install is deprecated setup.py egg_info --egg-base ../../build/self_driving build --build-base /home/an/ros2_ws/build/self_driving/build install --record /home/an/ros2_ws/build/self_driving/install.log --single-version-externally-managed install_data
[7.840s] running egg_info
[7.845s] writing ../../build/self_driving/self_driving.egg-info/PKG-INFO
[7.847s] writing dependency_links to ../../build/self_driving/self_driving.egg-info/dependency_links.txt
[7.849s] writing entry points to ../../build/self_driving/self_driving.egg-info/entry_points.txt
[7.850s] writing requirements to ../../build/self_driving/self_driving.egg-info/requires.txt
[7.851s] writing top-level names to ../../build/self_driving/self_driving.egg-info/top_level.txt
[7.868s] reading manifest file '../../build/self_driving/self_driving.egg-info/SOURCES.txt'
[7.871s] adding license file 'LICENSE'
[7.875s] writing manifest file '../../build/self_driving/self_driving.egg-info/SOURCES.txt'
[7.876s] running build
[7.876s] running build_py
[7.880s] copying self_driving/traffic_signal.py -> /home/an/ros2_ws/build/self_driving/build/lib/self_driving
[7.894s] running install
[7.895s] running install_lib
[7.901s] copying /home/an/ros2_ws/build/self_driving/build/lib/self_driving/traffic_signal.py -> /home/an/ros2_ws/install/self_driving/lib/python3.10/site-packages/self_driving
[7.908s] byte-compiling /home/an/ros2_ws/install/self_driving/lib/python3.10/site-packages/self_driving/traffic_signal.py to traffic_signal.cpython-310.pyc
[7.918s] running install_data
[7.922s] running install_egg_info
[7.930s] removing '/home/an/ros2_ws/install/self_driving/lib/python3.10/site-packages/self_driving-0.0.0-py3.10.egg-info' (and everything under it)
[7.932s] Copying ../../build/self_driving/self_driving.egg-info to /home/an/ros2_ws/install/self_driving/lib/python3.10/site-packages/self_driving-0.0.0-py3.10.egg-info
[7.944s] running install_scripts
[8.046s] Installing cam_node script to /home/an/ros2_ws/install/self_driving/lib/self_driving
[8.048s] Installing computer_vision_node script to /home/an/ros2_ws/install/self_driving/lib/self_driving
[8.050s] Installing driving_node script to /home/an/ros2_ws/install/self_driving/lib/self_driving
[8.051s] Installing recorder_node script to /home/an/ros2_ws/install/self_driving/lib/self_driving
[8.052s] Installing start_node script to /home/an/ros2_ws/install/self_driving/lib/self_driving
[8.053s] Installing traffic_signal_node script to /home/an/ros2_ws/install/self_driving/lib/self_driving
[8.054s] Installing vel_wheel_node script to /home/an/ros2_ws/install/self_driving/lib/self_driving
[8.059s] writing list of installed files to '/home/an/ros2_ws/build/self_driving/install.log'
[8.205s] Invoked command in '/home/an/ros2_ws/src/self_driving' returned '0': PYTHONPATH=/home/an/ros2_ws/build/self_driving/prefix_override:/home/an/ros2_ws/install/self_driving/lib/python3.10/site-packages:${PYTHONPATH} /usr/bin/python3 -W ignore:setup.py install is deprecated setup.py egg_info --egg-base ../../build/self_driving build --build-base /home/an/ros2_ws/build/self_driving/build install --record /home/an/ros2_ws/build/self_driving/install.log --single-version-externally-managed install_data
