[2.884s] Invoking command in '/home/an/ros2_ws/src/self_driving': PYTHONPATH=/home/an/ros2_ws/build/self_driving/prefix_override:/home/an/ros2_ws/install/self_driving/lib/python3.10/site-packages:${PYTHONPATH} /usr/bin/python3 -W ignore:setup.py install is deprecated setup.py egg_info --egg-base ../../build/self_driving build --build-base /home/an/ros2_ws/build/self_driving/build install --record /home/an/ros2_ws/build/self_driving/install.log --single-version-externally-managed install_data
[3.966s] running egg_info
[3.969s] writing ../../build/self_driving/self_driving.egg-info/PKG-INFO
[3.970s] writing dependency_links to ../../build/self_driving/self_driving.egg-info/dependency_links.txt
[3.972s] writing entry points to ../../build/self_driving/self_driving.egg-info/entry_points.txt
[3.973s] writing requirements to ../../build/self_driving/self_driving.egg-info/requires.txt
[3.974s] writing top-level names to ../../build/self_driving/self_driving.egg-info/top_level.txt
[3.984s] reading manifest file '../../build/self_driving/self_driving.egg-info/SOURCES.txt'
[3.986s] adding license file 'LICENSE'
[3.991s] writing manifest file '../../build/self_driving/self_driving.egg-info/SOURCES.txt'
[3.992s] running build
[3.992s] running build_py
[3.993s] copying self_driving/drive_BOT.py -> /home/an/ros2_ws/build/self_driving/build/lib/self_driving
[4.001s] running install
[4.002s] running install_lib
[4.006s] copying /home/an/ros2_ws/build/self_driving/build/lib/self_driving/drive_BOT.py -> /home/an/ros2_ws/install/self_driving/lib/python3.10/site-packages/self_driving
[4.013s] byte-compiling /home/an/ros2_ws/install/self_driving/lib/python3.10/site-packages/self_driving/drive_BOT.py to drive_BOT.cpython-310.pyc
[4.025s] running install_data
[4.026s] running install_egg_info
[4.033s] removing '/home/an/ros2_ws/install/self_driving/lib/python3.10/site-packages/self_driving-0.0.0-py3.10.egg-info' (and everything under it)
[4.035s] Copying ../../build/self_driving/self_driving.egg-info to /home/an/ros2_ws/install/self_driving/lib/python3.10/site-packages/self_driving-0.0.0-py3.10.egg-info
[4.042s] running install_scripts
[4.129s] Installing cam_node script to /home/an/ros2_ws/install/self_driving/lib/self_driving
[4.130s] Installing computer_vision_node script to /home/an/ros2_ws/install/self_driving/lib/self_driving
[4.131s] Installing driving_node script to /home/an/ros2_ws/install/self_driving/lib/self_driving
[4.132s] Installing recorder_node script to /home/an/ros2_ws/install/self_driving/lib/self_driving
[4.132s] Installing vel_wheel_node script to /home/an/ros2_ws/install/self_driving/lib/self_driving
[4.137s] writing list of installed files to '/home/an/ros2_ws/build/self_driving/install.log'
[4.277s] Invoked command in '/home/an/ros2_ws/src/self_driving' returned '0': PYTHONPATH=/home/an/ros2_ws/build/self_driving/prefix_override:/home/an/ros2_ws/install/self_driving/lib/python3.10/site-packages:${PYTHONPATH} /usr/bin/python3 -W ignore:setup.py install is deprecated setup.py egg_info --egg-base ../../build/self_driving build --build-base /home/an/ros2_ws/build/self_driving/build install --record /home/an/ros2_ws/build/self_driving/install.log --single-version-externally-managed install_data
