[3.431s] Invoking command in '/home/an/ros2_ws/src/self_driving': PYTHONPATH=/home/an/ros2_ws/build/self_driving/prefix_override:/home/an/ros2_ws/install/self_driving/lib/python3.10/site-packages:${PYTHONPATH} /usr/bin/python3 -W ignore:setup.py install is deprecated setup.py egg_info --egg-base ../../build/self_driving build --build-base /home/an/ros2_ws/build/self_driving/build install --record /home/an/ros2_ws/build/self_driving/install.log --single-version-externally-managed install_data
[4.478s] running egg_info
[4.481s] writing ../../build/self_driving/self_driving.egg-info/PKG-INFO
[4.483s] writing dependency_links to ../../build/self_driving/self_driving.egg-info/dependency_links.txt
[4.485s] writing entry points to ../../build/self_driving/self_driving.egg-info/entry_points.txt
[4.486s] writing requirements to ../../build/self_driving/self_driving.egg-info/requires.txt
[4.487s] writing top-level names to ../../build/self_driving/self_driving.egg-info/top_level.txt
[4.497s] reading manifest file '../../build/self_driving/self_driving.egg-info/SOURCES.txt'
[4.499s] adding license file 'LICENSE'
[4.502s] writing manifest file '../../build/self_driving/self_driving.egg-info/SOURCES.txt'
[4.502s] running build
[4.503s] running build_py
[4.508s] copying self_driving/Detection/Lanes/a_colour_segmentation.py -> /home/an/ros2_ws/build/self_driving/build/lib/self_driving/Detection/Lanes
[4.512s] running install
[4.514s] running install_lib
[4.522s] copying /home/an/ros2_ws/build/self_driving/build/lib/self_driving/Detection/Lanes/a_colour_segmentation.py -> /home/an/ros2_ws/install/self_driving/lib/python3.10/site-packages/self_driving/Detection/Lanes
[4.528s] byte-compiling /home/an/ros2_ws/install/self_driving/lib/python3.10/site-packages/self_driving/Detection/Lanes/a_colour_segmentation.py to a_colour_segmentation.cpython-310.pyc
[4.532s] running install_data
[4.533s] running install_egg_info
[4.539s] removing '/home/an/ros2_ws/install/self_driving/lib/python3.10/site-packages/self_driving-0.0.0-py3.10.egg-info' (and everything under it)
[4.542s] Copying ../../build/self_driving/self_driving.egg-info to /home/an/ros2_ws/install/self_driving/lib/python3.10/site-packages/self_driving-0.0.0-py3.10.egg-info
[4.550s] running install_scripts
[4.638s] Installing cam_node script to /home/an/ros2_ws/install/self_driving/lib/self_driving
[4.638s] Installing computer_vision_node script to /home/an/ros2_ws/install/self_driving/lib/self_driving
[4.639s] Installing driving_node script to /home/an/ros2_ws/install/self_driving/lib/self_driving
[4.640s] Installing recorder_node script to /home/an/ros2_ws/install/self_driving/lib/self_driving
[4.641s] Installing vel_wheel_node script to /home/an/ros2_ws/install/self_driving/lib/self_driving
[4.646s] writing list of installed files to '/home/an/ros2_ws/build/self_driving/install.log'
[4.772s] Invoked command in '/home/an/ros2_ws/src/self_driving' returned '0': PYTHONPATH=/home/an/ros2_ws/build/self_driving/prefix_override:/home/an/ros2_ws/install/self_driving/lib/python3.10/site-packages:${PYTHONPATH} /usr/bin/python3 -W ignore:setup.py install is deprecated setup.py egg_info --egg-base ../../build/self_driving build --build-base /home/an/ros2_ws/build/self_driving/build install --record /home/an/ros2_ws/build/self_driving/install.log --single-version-externally-managed install_data
