[2.529s] Invoking command in '/home/an/ros2_ws/src/self_driving': PYTHONPATH=/home/an/ros2_ws/build/self_driving/prefix_override:/home/an/ros2_ws/install/self_driving/lib/python3.10/site-packages:${PYTHONPATH} /usr/bin/python3 -W ignore:setup.py install is deprecated setup.py egg_info --egg-base ../../build/self_driving build --build-base /home/an/ros2_ws/build/self_driving/build install --record /home/an/ros2_ws/build/self_driving/install.log --single-version-externally-managed install_data
[3.485s] running egg_info
[3.488s] writing ../../build/self_driving/self_driving.egg-info/PKG-INFO
[3.489s] writing dependency_links to ../../build/self_driving/self_driving.egg-info/dependency_links.txt
[3.489s] writing entry points to ../../build/self_driving/self_driving.egg-info/entry_points.txt
[3.490s] writing requirements to ../../build/self_driving/self_driving.egg-info/requires.txt
[3.491s] writing top-level names to ../../build/self_driving/self_driving.egg-info/top_level.txt
[3.500s] reading manifest file '../../build/self_driving/self_driving.egg-info/SOURCES.txt'
[3.502s] adding license file 'LICENSE'
[3.505s] writing manifest file '../../build/self_driving/self_driving.egg-info/SOURCES.txt'
[3.506s] running build
[3.506s] running build_py
[3.508s] copying self_driving/ros2_camera.py -> /home/an/ros2_ws/build/self_driving/build/lib/self_driving
[3.515s] running install
[3.516s] running install_lib
[3.522s] copying /home/an/ros2_ws/build/self_driving/build/lib/self_driving/ros2_camera.py -> /home/an/ros2_ws/install/self_driving/lib/python3.10/site-packages/self_driving
[3.528s] byte-compiling /home/an/ros2_ws/install/self_driving/lib/python3.10/site-packages/self_driving/ros2_camera.py to ros2_camera.cpython-310.pyc
[3.531s] running install_data
[3.532s] running install_egg_info
[3.538s] removing '/home/an/ros2_ws/install/self_driving/lib/python3.10/site-packages/self_driving-0.0.0-py3.10.egg-info' (and everything under it)
[3.540s] Copying ../../build/self_driving/self_driving.egg-info to /home/an/ros2_ws/install/self_driving/lib/python3.10/site-packages/self_driving-0.0.0-py3.10.egg-info
[3.546s] running install_scripts
[3.624s] Installing cam_node script to /home/an/ros2_ws/install/self_driving/lib/self_driving
[3.625s] Installing computer_vision_node script to /home/an/ros2_ws/install/self_driving/lib/self_driving
[3.626s] Installing driving_node script to /home/an/ros2_ws/install/self_driving/lib/self_driving
[3.626s] Installing recorder_node script to /home/an/ros2_ws/install/self_driving/lib/self_driving
[3.627s] Installing vel_wheel_node script to /home/an/ros2_ws/install/self_driving/lib/self_driving
[3.631s] writing list of installed files to '/home/an/ros2_ws/build/self_driving/install.log'
[3.739s] Invoked command in '/home/an/ros2_ws/src/self_driving' returned '0': PYTHONPATH=/home/an/ros2_ws/build/self_driving/prefix_override:/home/an/ros2_ws/install/self_driving/lib/python3.10/site-packages:${PYTHONPATH} /usr/bin/python3 -W ignore:setup.py install is deprecated setup.py egg_info --egg-base ../../build/self_driving build --build-base /home/an/ros2_ws/build/self_driving/build install --record /home/an/ros2_ws/build/self_driving/install.log --single-version-externally-managed install_data
