[2.699s] Invoking command in '/home/an/ros2_ws/src/self_driving': PYTHONPATH=/home/an/ros2_ws/build/self_driving/prefix_override:/home/an/ros2_ws/install/self_driving/lib/python3.10/site-packages:${PYTHONPATH} /usr/bin/python3 -W ignore:setup.py install is deprecated setup.py egg_info --egg-base ../../build/self_driving build --build-base /home/an/ros2_ws/build/self_driving/build install --record /home/an/ros2_ws/build/self_driving/install.log --single-version-externally-managed install_data
[3.702s] running egg_info
[3.704s] writing ../../build/self_driving/self_driving.egg-info/PKG-INFO
[3.705s] writing dependency_links to ../../build/self_driving/self_driving.egg-info/dependency_links.txt
[3.706s] writing entry points to ../../build/self_driving/self_driving.egg-info/entry_points.txt
[3.707s] writing requirements to ../../build/self_driving/self_driving.egg-info/requires.txt
[3.707s] writing top-level names to ../../build/self_driving/self_driving.egg-info/top_level.txt
[3.717s] reading manifest file '../../build/self_driving/self_driving.egg-info/SOURCES.txt'
[3.719s] adding license file 'LICENSE'
[3.723s] writing manifest file '../../build/self_driving/self_driving.egg-info/SOURCES.txt'
[3.723s] running build
[3.724s] running build_py
[3.725s] copying self_driving/computer_vision_node.py -> /home/an/ros2_ws/build/self_driving/build/lib/self_driving
[3.734s] running install
[3.735s] running install_lib
[3.739s] copying /home/an/ros2_ws/build/self_driving/build/lib/self_driving/computer_vision_node.py -> /home/an/ros2_ws/install/self_driving/lib/python3.10/site-packages/self_driving
[3.746s] byte-compiling /home/an/ros2_ws/install/self_driving/lib/python3.10/site-packages/self_driving/computer_vision_node.py to computer_vision_node.cpython-310.pyc
[3.751s] running install_data
[3.752s] running install_egg_info
[3.759s] removing '/home/an/ros2_ws/install/self_driving/lib/python3.10/site-packages/self_driving-0.0.0-py3.10.egg-info' (and everything under it)
[3.761s] Copying ../../build/self_driving/self_driving.egg-info to /home/an/ros2_ws/install/self_driving/lib/python3.10/site-packages/self_driving-0.0.0-py3.10.egg-info
[3.769s] running install_scripts
[3.852s] Installing cam_node script to /home/an/ros2_ws/install/self_driving/lib/self_driving
[3.853s] Installing computer_vision_node script to /home/an/ros2_ws/install/self_driving/lib/self_driving
[3.853s] Installing driving_node script to /home/an/ros2_ws/install/self_driving/lib/self_driving
[3.854s] Installing recorder_node script to /home/an/ros2_ws/install/self_driving/lib/self_driving
[3.856s] Installing vel_wheel_node script to /home/an/ros2_ws/install/self_driving/lib/self_driving
[3.860s] writing list of installed files to '/home/an/ros2_ws/build/self_driving/install.log'
[3.985s] Invoked command in '/home/an/ros2_ws/src/self_driving' returned '0': PYTHONPATH=/home/an/ros2_ws/build/self_driving/prefix_override:/home/an/ros2_ws/install/self_driving/lib/python3.10/site-packages:${PYTHONPATH} /usr/bin/python3 -W ignore:setup.py install is deprecated setup.py egg_info --egg-base ../../build/self_driving build --build-base /home/an/ros2_ws/build/self_driving/build install --record /home/an/ros2_ws/build/self_driving/install.log --single-version-externally-managed install_data
