[0.920s] DEBUG:colcon:Command line arguments: ['/usr/bin/colcon', 'build']
[0.921s] DEBUG:colcon:Parsed command line arguments: Namespace(log_base=None, log_level=None, verb_name='build', build_base='build', install_base='install', merge_install=False, symlink_install=False, test_result_base=None, continue_on_error=False, executor='parallel', parallel_workers=4, event_handlers=None, ignore_user_meta=False, metas=['./colcon.meta'], base_paths=['.'], packages_ignore=None, packages_ignore_regex=None, paths=None, packages_up_to=None, packages_up_to_regex=None, packages_above=None, packages_above_and_dependencies=None, packages_above_depth=None, packages_select_by_dep=None, packages_skip_by_dep=None, packages_skip_up_to=None, packages_select_build_failed=False, packages_skip_build_finished=False, packages_select_test_failures=False, packages_skip_test_passed=False, packages_select=None, packages_skip=None, packages_select_regex=None, packages_skip_regex=None, packages_start=None, packages_end=None, allow_overriding=[], cmake_args=None, cmake_target=None, cmake_target_skip_unavailable=False, cmake_clean_cache=False, cmake_clean_first=False, cmake_force_configure=False, ament_cmake_args=None, catkin_cmake_args=None, catkin_skip_building_tests=False, verb_parser=<colcon_defaults.argument_parser.defaults.DefaultArgumentsDecorator object at 0xffffa8dbb520>, verb_extension=<colcon_core.verb.build.BuildVerb object at 0xffffa8d00160>, main=<bound method BuildVerb.main of <colcon_core.verb.build.BuildVerb object at 0xffffa8d00160>>)
[2.243s] Level 1:colcon.colcon_core.package_discovery:discover_packages(colcon_meta) check parameters
[2.244s] Level 1:colcon.colcon_core.package_discovery:discover_packages(recursive) check parameters
[2.245s] Level 1:colcon.colcon_core.package_discovery:discover_packages(ignore) check parameters
[2.246s] Level 1:colcon.colcon_core.package_discovery:discover_packages(path) check parameters
[2.247s] Level 1:colcon.colcon_core.package_discovery:discover_packages(colcon_meta) discover
[2.248s] Level 1:colcon.colcon_core.package_discovery:discover_packages(recursive) discover
[2.249s] INFO:colcon.colcon_core.package_discovery:Crawling recursively for packages in '/home/an/ros2_ws'
[2.250s] Level 1:colcon.colcon_core.package_identification:_identify(.) by extensions ['ignore', 'ignore_ament_install']
[2.251s] Level 1:colcon.colcon_core.package_identification:_identify(.) by extension 'ignore'
[2.251s] Level 1:colcon.colcon_core.package_identification:_identify(.) by extension 'ignore_ament_install'
[2.252s] Level 1:colcon.colcon_core.package_identification:_identify(.) by extensions ['colcon_pkg']
[2.252s] Level 1:colcon.colcon_core.package_identification:_identify(.) by extension 'colcon_pkg'
[2.252s] Level 1:colcon.colcon_core.package_identification:_identify(.) by extensions ['colcon_meta']
[2.252s] Level 1:colcon.colcon_core.package_identification:_identify(.) by extension 'colcon_meta'
[2.253s] Level 1:colcon.colcon_core.package_identification:_identify(.) by extensions ['ros']
[2.253s] Level 1:colcon.colcon_core.package_identification:_identify(.) by extension 'ros'
[2.322s] Level 1:colcon.colcon_core.package_identification:_identify(.) by extensions ['cmake', 'python']
[2.322s] Level 1:colcon.colcon_core.package_identification:_identify(.) by extension 'cmake'
[2.322s] Level 1:colcon.colcon_core.package_identification:_identify(.) by extension 'python'
[2.323s] Level 1:colcon.colcon_core.package_identification:_identify(.) by extensions ['python_setup_py']
[2.323s] Level 1:colcon.colcon_core.package_identification:_identify(.) by extension 'python_setup_py'
[2.324s] Level 1:colcon.colcon_core.package_identification:_identify(build) by extensions ['ignore', 'ignore_ament_install']
[2.324s] Level 1:colcon.colcon_core.package_identification:_identify(build) by extension 'ignore'
[2.325s] Level 1:colcon.colcon_core.package_identification:_identify(build) ignored
[2.326s] Level 1:colcon.colcon_core.package_identification:_identify(install) by extensions ['ignore', 'ignore_ament_install']
[2.327s] Level 1:colcon.colcon_core.package_identification:_identify(install) by extension 'ignore'
[2.328s] Level 1:colcon.colcon_core.package_identification:_identify(install) ignored
[2.330s] Level 1:colcon.colcon_core.package_identification:_identify(log) by extensions ['ignore', 'ignore_ament_install']
[2.331s] Level 1:colcon.colcon_core.package_identification:_identify(log) by extension 'ignore'
[2.332s] Level 1:colcon.colcon_core.package_identification:_identify(log) ignored
[2.333s] Level 1:colcon.colcon_core.package_identification:_identify(src) by extensions ['ignore', 'ignore_ament_install']
[2.333s] Level 1:colcon.colcon_core.package_identification:_identify(src) by extension 'ignore'
[2.334s] Level 1:colcon.colcon_core.package_identification:_identify(src) by extension 'ignore_ament_install'
[2.334s] Level 1:colcon.colcon_core.package_identification:_identify(src) by extensions ['colcon_pkg']
[2.334s] Level 1:colcon.colcon_core.package_identification:_identify(src) by extension 'colcon_pkg'
[2.334s] Level 1:colcon.colcon_core.package_identification:_identify(src) by extensions ['colcon_meta']
[2.335s] Level 1:colcon.colcon_core.package_identification:_identify(src) by extension 'colcon_meta'
[2.336s] Level 1:colcon.colcon_core.package_identification:_identify(src) by extensions ['ros']
[2.337s] Level 1:colcon.colcon_core.package_identification:_identify(src) by extension 'ros'
[2.338s] Level 1:colcon.colcon_core.package_identification:_identify(src) by extensions ['cmake', 'python']
[2.338s] Level 1:colcon.colcon_core.package_identification:_identify(src) by extension 'cmake'
[2.338s] Level 1:colcon.colcon_core.package_identification:_identify(src) by extension 'python'
[2.339s] Level 1:colcon.colcon_core.package_identification:_identify(src) by extensions ['python_setup_py']
[2.339s] Level 1:colcon.colcon_core.package_identification:_identify(src) by extension 'python_setup_py'
[2.340s] Level 1:colcon.colcon_core.package_identification:_identify(src/image_resources) by extensions ['ignore', 'ignore_ament_install']
[2.341s] Level 1:colcon.colcon_core.package_identification:_identify(src/image_resources) by extension 'ignore'
[2.341s] Level 1:colcon.colcon_core.package_identification:_identify(src/image_resources) by extension 'ignore_ament_install'
[2.342s] Level 1:colcon.colcon_core.package_identification:_identify(src/image_resources) by extensions ['colcon_pkg']
[2.342s] Level 1:colcon.colcon_core.package_identification:_identify(src/image_resources) by extension 'colcon_pkg'
[2.343s] Level 1:colcon.colcon_core.package_identification:_identify(src/image_resources) by extensions ['colcon_meta']
[2.343s] Level 1:colcon.colcon_core.package_identification:_identify(src/image_resources) by extension 'colcon_meta'
[2.344s] Level 1:colcon.colcon_core.package_identification:_identify(src/image_resources) by extensions ['ros']
[2.344s] Level 1:colcon.colcon_core.package_identification:_identify(src/image_resources) by extension 'ros'
[2.346s] Level 1:colcon.colcon_core.package_identification:_identify(src/image_resources) by extensions ['cmake', 'python']
[2.347s] Level 1:colcon.colcon_core.package_identification:_identify(src/image_resources) by extension 'cmake'
[2.348s] Level 1:colcon.colcon_core.package_identification:_identify(src/image_resources) by extension 'python'
[2.349s] Level 1:colcon.colcon_core.package_identification:_identify(src/image_resources) by extensions ['python_setup_py']
[2.350s] Level 1:colcon.colcon_core.package_identification:_identify(src/image_resources) by extension 'python_setup_py'
[2.351s] Level 1:colcon.colcon_core.package_identification:_identify(src/self_driving) by extensions ['ignore', 'ignore_ament_install']
[2.352s] Level 1:colcon.colcon_core.package_identification:_identify(src/self_driving) by extension 'ignore'
[2.352s] Level 1:colcon.colcon_core.package_identification:_identify(src/self_driving) by extension 'ignore_ament_install'
[2.353s] Level 1:colcon.colcon_core.package_identification:_identify(src/self_driving) by extensions ['colcon_pkg']
[2.353s] Level 1:colcon.colcon_core.package_identification:_identify(src/self_driving) by extension 'colcon_pkg'
[2.354s] Level 1:colcon.colcon_core.package_identification:_identify(src/self_driving) by extensions ['colcon_meta']
[2.354s] Level 1:colcon.colcon_core.package_identification:_identify(src/self_driving) by extension 'colcon_meta'
[2.354s] Level 1:colcon.colcon_core.package_identification:_identify(src/self_driving) by extensions ['ros']
[2.354s] Level 1:colcon.colcon_core.package_identification:_identify(src/self_driving) by extension 'ros'
[2.365s] DEBUG:colcon.colcon_core.package_identification:Package 'src/self_driving' with type 'ros.ament_python' and name 'self_driving'
[2.366s] Level 1:colcon.colcon_core.package_discovery:discover_packages(recursive) using defaults
[2.366s] Level 1:colcon.colcon_core.package_discovery:discover_packages(ignore) discover
[2.366s] Level 1:colcon.colcon_core.package_discovery:discover_packages(ignore) using defaults
[2.366s] Level 1:colcon.colcon_core.package_discovery:discover_packages(path) discover
[2.366s] Level 1:colcon.colcon_core.package_discovery:discover_packages(path) using defaults
[2.501s] Level 1:colcon.colcon_core.package_discovery:discover_packages(prefix_path) check parameters
[2.501s] Level 1:colcon.colcon_core.package_discovery:discover_packages(prefix_path) discover
[2.528s] DEBUG:colcon.colcon_installed_package_information.package_discovery:Found 4 installed packages in /home/an/an_ws/install
[2.535s] DEBUG:colcon.colcon_installed_package_information.package_discovery:Found 6 installed packages in /home/an/autonomous_tb3_ws/install
[2.541s] DEBUG:colcon.colcon_installed_package_information.package_discovery:Found 1 installed packages in /home/an/ros2_ws/install
[2.550s] DEBUG:colcon.colcon_installed_package_information.package_discovery:Found 224 installed packages in /opt/ros/humble
[2.564s] Level 1:colcon.colcon_core.package_discovery:discover_packages(prefix_path) using defaults
[2.870s] Level 5:colcon.colcon_core.verb:set package 'self_driving' build argument 'cmake_args' from command line to 'None'
[2.870s] Level 5:colcon.colcon_core.verb:set package 'self_driving' build argument 'cmake_target' from command line to 'None'
[2.870s] Level 5:colcon.colcon_core.verb:set package 'self_driving' build argument 'cmake_target_skip_unavailable' from command line to 'False'
[2.870s] Level 5:colcon.colcon_core.verb:set package 'self_driving' build argument 'cmake_clean_cache' from command line to 'False'
[2.870s] Level 5:colcon.colcon_core.verb:set package 'self_driving' build argument 'cmake_clean_first' from command line to 'False'
[2.871s] Level 5:colcon.colcon_core.verb:set package 'self_driving' build argument 'cmake_force_configure' from command line to 'False'
[2.871s] Level 5:colcon.colcon_core.verb:set package 'self_driving' build argument 'ament_cmake_args' from command line to 'None'
[2.871s] Level 5:colcon.colcon_core.verb:set package 'self_driving' build argument 'catkin_cmake_args' from command line to 'None'
[2.871s] Level 5:colcon.colcon_core.verb:set package 'self_driving' build argument 'catkin_skip_building_tests' from command line to 'False'
[2.871s] DEBUG:colcon.colcon_core.verb:Building package 'self_driving' with the following arguments: {'ament_cmake_args': None, 'build_base': '/home/an/ros2_ws/build/self_driving', 'catkin_cmake_args': None, 'catkin_skip_building_tests': False, 'cmake_args': None, 'cmake_clean_cache': False, 'cmake_clean_first': False, 'cmake_force_configure': False, 'cmake_target': None, 'cmake_target_skip_unavailable': False, 'install_base': '/home/an/ros2_ws/install/self_driving', 'merge_install': False, 'path': '/home/an/ros2_ws/src/self_driving', 'symlink_install': False, 'test_result_base': None}
[2.872s] INFO:colcon.colcon_core.executor:Executing jobs using 'parallel' executor
[2.882s] DEBUG:colcon.colcon_parallel_executor.executor.parallel:run_until_complete
[2.883s] INFO:colcon.colcon_ros.task.ament_python.build:Building ROS package in '/home/an/ros2_ws/src/self_driving' with build type 'ament_python'
[2.883s] Level 1:colcon.colcon_core.shell:create_environment_hook('self_driving', 'ament_prefix_path')
[2.895s] INFO:colcon.colcon_core.plugin_system:Skipping extension 'colcon_core.shell.bat': Not used on non-Windows systems
[2.896s] INFO:colcon.colcon_core.shell:Creating environment hook '/home/an/ros2_ws/install/self_driving/share/self_driving/hook/ament_prefix_path.ps1'
[2.899s] INFO:colcon.colcon_core.shell:Creating environment descriptor '/home/an/ros2_ws/install/self_driving/share/self_driving/hook/ament_prefix_path.dsv'
[2.902s] INFO:colcon.colcon_core.shell:Creating environment hook '/home/an/ros2_ws/install/self_driving/share/self_driving/hook/ament_prefix_path.sh'
[2.906s] INFO:colcon.colcon_core.shell:Skip shell extension 'powershell' for command environment: Not usable outside of PowerShell
[2.907s] DEBUG:colcon.colcon_core.shell:Skip shell extension 'dsv' for command environment
[4.610s] INFO:colcon.colcon_core.task.python.build:Building Python package in '/home/an/ros2_ws/src/self_driving'
[4.612s] INFO:colcon.colcon_core.shell:Skip shell extension 'powershell' for command environment: Not usable outside of PowerShell
[4.612s] DEBUG:colcon.colcon_core.shell:Skip shell extension 'dsv' for command environment
[6.926s] DEBUG:colcon.colcon_core.event_handler.log_command:Invoking command in '/home/an/ros2_ws/src/self_driving': PYTHONPATH=/home/an/ros2_ws/build/self_driving/prefix_override:/home/an/ros2_ws/install/self_driving/lib/python3.10/site-packages:${PYTHONPATH} /usr/bin/python3 -W ignore:setup.py install is deprecated setup.py egg_info --egg-base ../../build/self_driving build --build-base /home/an/ros2_ws/build/self_driving/build install --record /home/an/ros2_ws/build/self_driving/install.log --single-version-externally-managed install_data
[8.992s] DEBUG:colcon.colcon_core.event_handler.log_command:Invoked command in '/home/an/ros2_ws/src/self_driving' returned '0': PYTHONPATH=/home/an/ros2_ws/build/self_driving/prefix_override:/home/an/ros2_ws/install/self_driving/lib/python3.10/site-packages:${PYTHONPATH} /usr/bin/python3 -W ignore:setup.py install is deprecated setup.py egg_info --egg-base ../../build/self_driving build --build-base /home/an/ros2_ws/build/self_driving/build install --record /home/an/ros2_ws/build/self_driving/install.log --single-version-externally-managed install_data
[9.009s] Level 1:colcon.colcon_core.environment:checking '/home/an/ros2_ws/install/self_driving' for CMake module files
[9.013s] Level 1:colcon.colcon_core.environment:checking '/home/an/ros2_ws/install/self_driving' for CMake config files
[9.022s] Level 1:colcon.colcon_core.environment:checking '/home/an/ros2_ws/install/self_driving/lib'
[9.023s] Level 1:colcon.colcon_core.environment:checking '/home/an/ros2_ws/install/self_driving/bin'
[9.023s] Level 1:colcon.colcon_core.environment:checking '/home/an/ros2_ws/install/self_driving/lib/pkgconfig/self_driving.pc'
[9.025s] Level 1:colcon.colcon_core.environment:checking '/home/an/ros2_ws/install/self_driving/lib/python3.10/site-packages'
[9.025s] Level 1:colcon.colcon_core.shell:create_environment_hook('self_driving', 'pythonpath')
[9.027s] INFO:colcon.colcon_core.shell:Creating environment hook '/home/an/ros2_ws/install/self_driving/share/self_driving/hook/pythonpath.ps1'
[9.029s] INFO:colcon.colcon_core.shell:Creating environment descriptor '/home/an/ros2_ws/install/self_driving/share/self_driving/hook/pythonpath.dsv'
[9.032s] INFO:colcon.colcon_core.shell:Creating environment hook '/home/an/ros2_ws/install/self_driving/share/self_driving/hook/pythonpath.sh'
[9.035s] Level 1:colcon.colcon_core.environment:checking '/home/an/ros2_ws/install/self_driving/bin'
[9.036s] Level 1:colcon.colcon_core.environment:create_environment_scripts_only(self_driving)
[9.038s] INFO:colcon.colcon_core.shell:Creating package script '/home/an/ros2_ws/install/self_driving/share/self_driving/package.ps1'
[9.044s] INFO:colcon.colcon_core.shell:Creating package descriptor '/home/an/ros2_ws/install/self_driving/share/self_driving/package.dsv'
[9.049s] INFO:colcon.colcon_core.shell:Creating package script '/home/an/ros2_ws/install/self_driving/share/self_driving/package.sh'
[9.055s] INFO:colcon.colcon_core.shell:Creating package script '/home/an/ros2_ws/install/self_driving/share/self_driving/package.bash'
[9.059s] INFO:colcon.colcon_core.shell:Creating package script '/home/an/ros2_ws/install/self_driving/share/self_driving/package.zsh'
[9.065s] Level 1:colcon.colcon_core.environment:create_file_with_runtime_dependencies(/home/an/ros2_ws/install/self_driving/share/colcon-core/packages/self_driving)
[9.070s] DEBUG:colcon.colcon_parallel_executor.executor.parallel:closing loop
[9.071s] DEBUG:colcon.colcon_parallel_executor.executor.parallel:loop closed
[9.072s] DEBUG:colcon.colcon_parallel_executor.executor.parallel:run_until_complete finished with '0'
[9.072s] DEBUG:colcon.colcon_core.event_reactor:joining thread
[9.105s] INFO:colcon.colcon_core.plugin_system:Skipping extension 'colcon_notification.desktop_notification.notify_send': Could not find 'notify-send'
[9.105s] INFO:colcon.colcon_core.plugin_system:Skipping extension 'colcon_notification.desktop_notification.terminal_notifier': Not used on non-Darwin systems
[9.106s] INFO:colcon.colcon_core.plugin_system:Skipping extension 'colcon_notification.desktop_notification.win32': Not used on non-Windows systems
[9.106s] INFO:colcon.colcon_notification.desktop_notification:Sending desktop notification using 'notify2'
[9.113s] DEBUG:colcon.colcon_notification.desktop_notification.notify2:Failed to initialize notify2: org.freedesktop.DBus.Error.ServiceUnknown: The name org.freedesktop.Notifications was not provided by any .service files
[9.114s] DEBUG:colcon.colcon_core.event_reactor:joined thread
[9.115s] INFO:colcon.colcon_core.shell:Creating prefix script '/home/an/ros2_ws/install/local_setup.ps1'
[9.122s] INFO:colcon.colcon_core.shell:Creating prefix util module '/home/an/ros2_ws/install/_local_setup_util_ps1.py'
[9.129s] INFO:colcon.colcon_core.shell:Creating prefix chain script '/home/an/ros2_ws/install/setup.ps1'
[9.141s] INFO:colcon.colcon_core.shell:Creating prefix script '/home/an/ros2_ws/install/local_setup.sh'
[9.144s] INFO:colcon.colcon_core.shell:Creating prefix util module '/home/an/ros2_ws/install/_local_setup_util_sh.py'
[9.148s] INFO:colcon.colcon_core.shell:Creating prefix chain script '/home/an/ros2_ws/install/setup.sh'
[9.158s] INFO:colcon.colcon_core.shell:Creating prefix script '/home/an/ros2_ws/install/local_setup.bash'
[9.163s] INFO:colcon.colcon_core.shell:Creating prefix chain script '/home/an/ros2_ws/install/setup.bash'
[9.176s] INFO:colcon.colcon_core.shell:Creating prefix script '/home/an/ros2_ws/install/local_setup.zsh'
[9.180s] INFO:colcon.colcon_core.shell:Creating prefix chain script '/home/an/ros2_ws/install/setup.zsh'
