[2.806s] Invoking command in '/home/an/ros2_ws/src/self_driving': PYTHONPATH=/home/an/ros2_ws/build/self_driving/prefix_override:/home/an/ros2_ws/install/self_driving/lib/python3.10/site-packages:${PYTHONPATH} /usr/bin/python3 -W ignore:setup.py install is deprecated setup.py egg_info --egg-base ../../build/self_driving build --build-base /home/an/ros2_ws/build/self_driving/build install --record /home/an/ros2_ws/build/self_driving/install.log --single-version-externally-managed install_data
[4.221s] running egg_info
[4.223s] writing ../../build/self_driving/self_driving.egg-info/PKG-INFO
[4.224s] writing dependency_links to ../../build/self_driving/self_driving.egg-info/dependency_links.txt
[4.225s] writing entry points to ../../build/self_driving/self_driving.egg-info/entry_points.txt
[4.226s] writing requirements to ../../build/self_driving/self_driving.egg-info/requires.txt
[4.227s] writing top-level names to ../../build/self_driving/self_driving.egg-info/top_level.txt
[4.237s] reading manifest file '../../build/self_driving/self_driving.egg-info/SOURCES.txt'
[4.239s] adding license file 'LICENSE'
[4.242s] writing manifest file '../../build/self_driving/self_driving.egg-info/SOURCES.txt'
[4.243s] running build
[4.243s] running build_py
[4.247s] copying self_driving/computer_vision_node.py -> /home/an/ros2_ws/build/self_driving/build/lib/self_driving
[4.252s] copying self_driving/Detection/Lanes/a_colour_segmentation.py -> /home/an/ros2_ws/build/self_driving/build/lib/self_driving/Detection/Lanes
[4.255s] running install
[4.256s] running install_lib
[4.259s] copying /home/an/ros2_ws/build/self_driving/build/lib/self_driving/computer_vision_node.py -> /home/an/ros2_ws/install/self_driving/lib/python3.10/site-packages/self_driving
[4.263s] copying /home/an/ros2_ws/build/self_driving/build/lib/self_driving/Detection/Lanes/a_colour_segmentation.py -> /home/an/ros2_ws/install/self_driving/lib/python3.10/site-packages/self_driving/Detection/Lanes
[4.267s] byte-compiling /home/an/ros2_ws/install/self_driving/lib/python3.10/site-packages/self_driving/computer_vision_node.py to computer_vision_node.cpython-310.pyc
[4.272s] byte-compiling /home/an/ros2_ws/install/self_driving/lib/python3.10/site-packages/self_driving/Detection/Lanes/a_colour_segmentation.py to a_colour_segmentation.cpython-310.pyc
[4.277s] running install_data
[4.278s] running install_egg_info
[4.287s] removing '/home/an/ros2_ws/install/self_driving/lib/python3.10/site-packages/self_driving-0.0.0-py3.10.egg-info' (and everything under it)
[4.289s] Copying ../../build/self_driving/self_driving.egg-info to /home/an/ros2_ws/install/self_driving/lib/python3.10/site-packages/self_driving-0.0.0-py3.10.egg-info
[4.295s] running install_scripts
[4.383s] Installing cam_node script to /home/an/ros2_ws/install/self_driving/lib/self_driving
[4.384s] Installing computer_vision_node script to /home/an/ros2_ws/install/self_driving/lib/self_driving
[4.385s] Installing driving_node script to /home/an/ros2_ws/install/self_driving/lib/self_driving
[4.385s] Installing recorder_node script to /home/an/ros2_ws/install/self_driving/lib/self_driving
[4.386s] Installing vel_wheel_node script to /home/an/ros2_ws/install/self_driving/lib/self_driving
[4.390s] writing list of installed files to '/home/an/ros2_ws/build/self_driving/install.log'
[4.522s] Invoked command in '/home/an/ros2_ws/src/self_driving' returned '0': PYTHONPATH=/home/an/ros2_ws/build/self_driving/prefix_override:/home/an/ros2_ws/install/self_driving/lib/python3.10/site-packages:${PYTHONPATH} /usr/bin/python3 -W ignore:setup.py install is deprecated setup.py egg_info --egg-base ../../build/self_driving build --build-base /home/an/ros2_ws/build/self_driving/build install --record /home/an/ros2_ws/build/self_driving/install.log --single-version-externally-managed install_data
