[3.764s] Invoking command in '/home/an/ros2_ws/src/self_driving': PYTHONPATH=/home/an/ros2_ws/build/self_driving/prefix_override:/home/an/ros2_ws/install/self_driving/lib/python3.10/site-packages:${PYTHONPATH} /usr/bin/python3 -W ignore:setup.py install is deprecated setup.py egg_info --egg-base ../../build/self_driving build --build-base /home/an/ros2_ws/build/self_driving/build install --record /home/an/ros2_ws/build/self_driving/install.log --single-version-externally-managed install_data
[5.193s] running egg_info
[5.196s] writing ../../build/self_driving/self_driving.egg-info/PKG-INFO
[5.197s] writing dependency_links to ../../build/self_driving/self_driving.egg-info/dependency_links.txt
[5.198s] writing entry points to ../../build/self_driving/self_driving.egg-info/entry_points.txt
[5.200s] writing requirements to ../../build/self_driving/self_driving.egg-info/requires.txt
[5.200s] writing top-level names to ../../build/self_driving/self_driving.egg-info/top_level.txt
[5.215s] reading manifest file '../../build/self_driving/self_driving.egg-info/SOURCES.txt'
[5.217s] adding license file 'LICENSE'
[5.222s] writing manifest file '../../build/self_driving/self_driving.egg-info/SOURCES.txt'
[5.225s] running build
[5.226s] running build_py
[5.227s] copying self_driving/drive_BOT.py -> /home/an/ros2_ws/build/self_driving/build/lib/self_driving
[5.235s] running install
[5.236s] running install_lib
[5.241s] copying /home/an/ros2_ws/build/self_driving/build/lib/self_driving/drive_BOT.py -> /home/an/ros2_ws/install/self_driving/lib/python3.10/site-packages/self_driving
[5.248s] byte-compiling /home/an/ros2_ws/install/self_driving/lib/python3.10/site-packages/self_driving/drive_BOT.py to drive_BOT.cpython-310.pyc
[5.264s] running install_data
[5.265s] running install_egg_info
[5.273s] removing '/home/an/ros2_ws/install/self_driving/lib/python3.10/site-packages/self_driving-0.0.0-py3.10.egg-info' (and everything under it)
[5.276s] Copying ../../build/self_driving/self_driving.egg-info to /home/an/ros2_ws/install/self_driving/lib/python3.10/site-packages/self_driving-0.0.0-py3.10.egg-info
[5.283s] running install_scripts
[5.391s] Installing cam_node script to /home/an/ros2_ws/install/self_driving/lib/self_driving
[5.392s] Installing computer_vision_node script to /home/an/ros2_ws/install/self_driving/lib/self_driving
[5.393s] Installing driving_node script to /home/an/ros2_ws/install/self_driving/lib/self_driving
[5.394s] Installing recorder_node script to /home/an/ros2_ws/install/self_driving/lib/self_driving
[5.395s] Installing vel_wheel_node script to /home/an/ros2_ws/install/self_driving/lib/self_driving
[5.399s] writing list of installed files to '/home/an/ros2_ws/build/self_driving/install.log'
[5.572s] Invoked command in '/home/an/ros2_ws/src/self_driving' returned '0': PYTHONPATH=/home/an/ros2_ws/build/self_driving/prefix_override:/home/an/ros2_ws/install/self_driving/lib/python3.10/site-packages:${PYTHONPATH} /usr/bin/python3 -W ignore:setup.py install is deprecated setup.py egg_info --egg-base ../../build/self_driving build --build-base /home/an/ros2_ws/build/self_driving/build install --record /home/an/ros2_ws/build/self_driving/install.log --single-version-externally-managed install_data
