[2.838s] Invoking command in '/home/an/ros2_ws/src/self_driving': PYTHONPATH=/home/an/ros2_ws/build/self_driving/prefix_override:/home/an/ros2_ws/install/self_driving/lib/python3.10/site-packages:${PYTHONPATH} /usr/bin/python3 -W ignore:setup.py install is deprecated setup.py egg_info --egg-base ../../build/self_driving build --build-base /home/an/ros2_ws/build/self_driving/build install --record /home/an/ros2_ws/build/self_driving/install.log --single-version-externally-managed install_data
[3.910s] running egg_info
[3.912s] writing ../../build/self_driving/self_driving.egg-info/PKG-INFO
[3.914s] writing dependency_links to ../../build/self_driving/self_driving.egg-info/dependency_links.txt
[3.914s] writing entry points to ../../build/self_driving/self_driving.egg-info/entry_points.txt
[3.915s] writing requirements to ../../build/self_driving/self_driving.egg-info/requires.txt
[3.916s] writing top-level names to ../../build/self_driving/self_driving.egg-info/top_level.txt
[3.926s] reading manifest file '../../build/self_driving/self_driving.egg-info/SOURCES.txt'
[3.927s] adding license file 'LICENSE'
[3.931s] writing manifest file '../../build/self_driving/self_driving.egg-info/SOURCES.txt'
[3.931s] running build
[3.932s] running build_py
[3.933s] copying self_driving/drive_BOT.py -> /home/an/ros2_ws/build/self_driving/build/lib/self_driving
[3.943s] running install
[3.944s] running install_lib
[3.948s] copying /home/an/ros2_ws/build/self_driving/build/lib/self_driving/drive_BOT.py -> /home/an/ros2_ws/install/self_driving/lib/python3.10/site-packages/self_driving
[3.955s] byte-compiling /home/an/ros2_ws/install/self_driving/lib/python3.10/site-packages/self_driving/drive_BOT.py to drive_BOT.cpython-310.pyc
[3.965s] running install_data
[3.966s] running install_egg_info
[3.973s] removing '/home/an/ros2_ws/install/self_driving/lib/python3.10/site-packages/self_driving-0.0.0-py3.10.egg-info' (and everything under it)
[3.977s] Copying ../../build/self_driving/self_driving.egg-info to /home/an/ros2_ws/install/self_driving/lib/python3.10/site-packages/self_driving-0.0.0-py3.10.egg-info
[3.983s] running install_scripts
[4.068s] Installing cam_node script to /home/an/ros2_ws/install/self_driving/lib/self_driving
[4.068s] Installing computer_vision_node script to /home/an/ros2_ws/install/self_driving/lib/self_driving
[4.069s] Installing driving_node script to /home/an/ros2_ws/install/self_driving/lib/self_driving
[4.070s] Installing recorder_node script to /home/an/ros2_ws/install/self_driving/lib/self_driving
[4.072s] Installing vel_wheel_node script to /home/an/ros2_ws/install/self_driving/lib/self_driving
[4.078s] writing list of installed files to '/home/an/ros2_ws/build/self_driving/install.log'
[4.212s] Invoked command in '/home/an/ros2_ws/src/self_driving' returned '0': PYTHONPATH=/home/an/ros2_ws/build/self_driving/prefix_override:/home/an/ros2_ws/install/self_driving/lib/python3.10/site-packages:${PYTHONPATH} /usr/bin/python3 -W ignore:setup.py install is deprecated setup.py egg_info --egg-base ../../build/self_driving build --build-base /home/an/ros2_ws/build/self_driving/build install --record /home/an/ros2_ws/build/self_driving/install.log --single-version-externally-managed install_data
