[2.651s] Invoking command in '/home/an/ros2_ws/src/self_driving': PYTHONPATH=/home/an/ros2_ws/build/self_driving/prefix_override:/home/an/ros2_ws/install/self_driving/lib/python3.10/site-packages:${PYTHONPATH} /usr/bin/python3 -W ignore:setup.py install is deprecated setup.py egg_info --egg-base ../../build/self_driving build --build-base /home/an/ros2_ws/build/self_driving/build install --record /home/an/ros2_ws/build/self_driving/install.log --single-version-externally-managed install_data
[3.652s] running egg_info
[3.654s] writing ../../build/self_driving/self_driving.egg-info/PKG-INFO
[3.655s] writing dependency_links to ../../build/self_driving/self_driving.egg-info/dependency_links.txt
[3.656s] writing entry points to ../../build/self_driving/self_driving.egg-info/entry_points.txt
[3.657s] writing requirements to ../../build/self_driving/self_driving.egg-info/requires.txt
[3.658s] writing top-level names to ../../build/self_driving/self_driving.egg-info/top_level.txt
[3.668s] reading manifest file '../../build/self_driving/self_driving.egg-info/SOURCES.txt'
[3.670s] adding license file 'LICENSE'
[3.673s] writing manifest file '../../build/self_driving/self_driving.egg-info/SOURCES.txt'
[3.674s] running build
[3.674s] running build_py
[3.682s] running install
[3.683s] running install_lib
[3.696s] running install_data
[3.697s] running install_egg_info
[3.706s] removing '/home/an/ros2_ws/install/self_driving/lib/python3.10/site-packages/self_driving-0.0.0-py3.10.egg-info' (and everything under it)
[3.707s] Copying ../../build/self_driving/self_driving.egg-info to /home/an/ros2_ws/install/self_driving/lib/python3.10/site-packages/self_driving-0.0.0-py3.10.egg-info
[3.713s] running install_scripts
[3.795s] Installing cam_node script to /home/an/ros2_ws/install/self_driving/lib/self_driving
[3.796s] Installing computer_vision_node script to /home/an/ros2_ws/install/self_driving/lib/self_driving
[3.797s] Installing driving_node script to /home/an/ros2_ws/install/self_driving/lib/self_driving
[3.797s] Installing recorder_node script to /home/an/ros2_ws/install/self_driving/lib/self_driving
[3.798s] Installing start_node script to /home/an/ros2_ws/install/self_driving/lib/self_driving
[3.799s] Installing traffic_signal_node script to /home/an/ros2_ws/install/self_driving/lib/self_driving
[3.800s] Installing vel_wheel_node script to /home/an/ros2_ws/install/self_driving/lib/self_driving
[3.804s] writing list of installed files to '/home/an/ros2_ws/build/self_driving/install.log'
[3.914s] Invoked command in '/home/an/ros2_ws/src/self_driving' returned '0': PYTHONPATH=/home/an/ros2_ws/build/self_driving/prefix_override:/home/an/ros2_ws/install/self_driving/lib/python3.10/site-packages:${PYTHONPATH} /usr/bin/python3 -W ignore:setup.py install is deprecated setup.py egg_info --egg-base ../../build/self_driving build --build-base /home/an/ros2_ws/build/self_driving/build install --record /home/an/ros2_ws/build/self_driving/install.log --single-version-externally-managed install_data
