[3.364s] Invoking command in '/home/an/ros2_ws/src/self_driving': PYTHONPATH=/home/an/ros2_ws/build/self_driving/prefix_override:/home/an/ros2_ws/install/self_driving/lib/python3.10/site-packages:${PYTHONPATH} /usr/bin/python3 -W ignore:setup.py install is deprecated setup.py egg_info --egg-base ../../build/self_driving build --build-base /home/an/ros2_ws/build/self_driving/build install --record /home/an/ros2_ws/build/self_driving/install.log --single-version-externally-managed install_data
[4.425s] running egg_info
[4.427s] writing ../../build/self_driving/self_driving.egg-info/PKG-INFO
[4.432s] writing dependency_links to ../../build/self_driving/self_driving.egg-info/dependency_links.txt
[4.433s] writing entry points to ../../build/self_driving/self_driving.egg-info/entry_points.txt
[4.434s] writing requirements to ../../build/self_driving/self_driving.egg-info/requires.txt
[4.434s] writing top-level names to ../../build/self_driving/self_driving.egg-info/top_level.txt
[4.446s] reading manifest file '../../build/self_driving/self_driving.egg-info/SOURCES.txt'
[4.451s] adding license file 'LICENSE'
[4.457s] writing manifest file '../../build/self_driving/self_driving.egg-info/SOURCES.txt'
[4.457s] running build
[4.458s] running build_py
[4.460s] copying self_driving/computer_vision_node.py -> /home/an/ros2_ws/build/self_driving/build/lib/self_driving
[4.462s] copying self_driving/ros2_camera.py -> /home/an/ros2_ws/build/self_driving/build/lib/self_driving
[4.468s] copying self_driving/Detection/Lanes/lane_detection.py -> /home/an/ros2_ws/build/self_driving/build/lib/self_driving/Detection/Lanes
[4.472s] running install
[4.473s] running install_lib
[4.477s] copying /home/an/ros2_ws/build/self_driving/build/lib/self_driving/computer_vision_node.py -> /home/an/ros2_ws/install/self_driving/lib/python3.10/site-packages/self_driving
[4.480s] copying /home/an/ros2_ws/build/self_driving/build/lib/self_driving/Detection/Lanes/lane_detection.py -> /home/an/ros2_ws/install/self_driving/lib/python3.10/site-packages/self_driving/Detection/Lanes
[4.482s] copying /home/an/ros2_ws/build/self_driving/build/lib/self_driving/ros2_camera.py -> /home/an/ros2_ws/install/self_driving/lib/python3.10/site-packages/self_driving
[4.488s] byte-compiling /home/an/ros2_ws/install/self_driving/lib/python3.10/site-packages/self_driving/computer_vision_node.py to computer_vision_node.cpython-310.pyc
[4.493s] byte-compiling /home/an/ros2_ws/install/self_driving/lib/python3.10/site-packages/self_driving/Detection/Lanes/lane_detection.py to lane_detection.cpython-310.pyc
[4.496s] byte-compiling /home/an/ros2_ws/install/self_driving/lib/python3.10/site-packages/self_driving/ros2_camera.py to ros2_camera.cpython-310.pyc
[4.498s] running install_data
[4.499s] running install_egg_info
[4.506s] removing '/home/an/ros2_ws/install/self_driving/lib/python3.10/site-packages/self_driving-0.0.0-py3.10.egg-info' (and everything under it)
[4.508s] Copying ../../build/self_driving/self_driving.egg-info to /home/an/ros2_ws/install/self_driving/lib/python3.10/site-packages/self_driving-0.0.0-py3.10.egg-info
[4.517s] running install_scripts
[4.607s] Installing cam_node script to /home/an/ros2_ws/install/self_driving/lib/self_driving
[4.608s] Installing computer_vision_node script to /home/an/ros2_ws/install/self_driving/lib/self_driving
[4.609s] Installing driving_node script to /home/an/ros2_ws/install/self_driving/lib/self_driving
[4.609s] Installing recorder_node script to /home/an/ros2_ws/install/self_driving/lib/self_driving
[4.610s] Installing vel_wheel_node script to /home/an/ros2_ws/install/self_driving/lib/self_driving
[4.613s] writing list of installed files to '/home/an/ros2_ws/build/self_driving/install.log'
[4.740s] Invoked command in '/home/an/ros2_ws/src/self_driving' returned '0': PYTHONPATH=/home/an/ros2_ws/build/self_driving/prefix_override:/home/an/ros2_ws/install/self_driving/lib/python3.10/site-packages:${PYTHONPATH} /usr/bin/python3 -W ignore:setup.py install is deprecated setup.py egg_info --egg-base ../../build/self_driving build --build-base /home/an/ros2_ws/build/self_driving/build install --record /home/an/ros2_ws/build/self_driving/install.log --single-version-externally-managed install_data
