[2.938s] Invoking command in '/home/an/ros2_ws/src/self_driving': PYTHONPATH=/home/an/ros2_ws/build/self_driving/prefix_override:/home/an/ros2_ws/install/self_driving/lib/python3.10/site-packages:${PYTHONPATH} /usr/bin/python3 -W ignore:setup.py install is deprecated setup.py egg_info --egg-base ../../build/self_driving build --build-base /home/an/ros2_ws/build/self_driving/build install --record /home/an/ros2_ws/build/self_driving/install.log --single-version-externally-managed install_data
[4.035s] running egg_info
[4.040s] writing ../../build/self_driving/self_driving.egg-info/PKG-INFO
[4.041s] writing dependency_links to ../../build/self_driving/self_driving.egg-info/dependency_links.txt
[4.042s] writing entry points to ../../build/self_driving/self_driving.egg-info/entry_points.txt
[4.042s] writing requirements to ../../build/self_driving/self_driving.egg-info/requires.txt
[4.043s] writing top-level names to ../../build/self_driving/self_driving.egg-info/top_level.txt
[4.053s] reading manifest file '../../build/self_driving/self_driving.egg-info/SOURCES.txt'
[4.055s] adding license file 'LICENSE'
[4.058s] writing manifest file '../../build/self_driving/self_driving.egg-info/SOURCES.txt'
[4.059s] running build
[4.059s] running build_py
[4.061s] copying self_driving/computer_vision_node.py -> /home/an/ros2_ws/build/self_driving/build/lib/self_driving
[4.062s] copying self_driving/traffic_signal.py -> /home/an/ros2_ws/build/self_driving/build/lib/self_driving
[4.071s] running install
[4.073s] running install_lib
[4.076s] copying /home/an/ros2_ws/build/self_driving/build/lib/self_driving/computer_vision_node.py -> /home/an/ros2_ws/install/self_driving/lib/python3.10/site-packages/self_driving
[4.078s] copying /home/an/ros2_ws/build/self_driving/build/lib/self_driving/traffic_signal.py -> /home/an/ros2_ws/install/self_driving/lib/python3.10/site-packages/self_driving
[4.085s] byte-compiling /home/an/ros2_ws/install/self_driving/lib/python3.10/site-packages/self_driving/computer_vision_node.py to computer_vision_node.cpython-310.pyc
[4.089s] byte-compiling /home/an/ros2_ws/install/self_driving/lib/python3.10/site-packages/self_driving/traffic_signal.py to traffic_signal.cpython-310.pyc
[4.097s] running install_data
[4.099s] running install_egg_info
[4.125s] removing '/home/an/ros2_ws/install/self_driving/lib/python3.10/site-packages/self_driving-0.0.0-py3.10.egg-info' (and everything under it)
[4.142s] Copying ../../build/self_driving/self_driving.egg-info to /home/an/ros2_ws/install/self_driving/lib/python3.10/site-packages/self_driving-0.0.0-py3.10.egg-info
[4.149s] running install_scripts
[4.240s] Installing cam_node script to /home/an/ros2_ws/install/self_driving/lib/self_driving
[4.241s] Installing computer_vision_node script to /home/an/ros2_ws/install/self_driving/lib/self_driving
[4.242s] Installing driving_node script to /home/an/ros2_ws/install/self_driving/lib/self_driving
[4.242s] Installing recorder_node script to /home/an/ros2_ws/install/self_driving/lib/self_driving
[4.243s] Installing start_node script to /home/an/ros2_ws/install/self_driving/lib/self_driving
[4.244s] Installing traffic_signal_node script to /home/an/ros2_ws/install/self_driving/lib/self_driving
[4.245s] Installing vel_wheel_node script to /home/an/ros2_ws/install/self_driving/lib/self_driving
[4.248s] writing list of installed files to '/home/an/ros2_ws/build/self_driving/install.log'
[4.378s] Invoked command in '/home/an/ros2_ws/src/self_driving' returned '0': PYTHONPATH=/home/an/ros2_ws/build/self_driving/prefix_override:/home/an/ros2_ws/install/self_driving/lib/python3.10/site-packages:${PYTHONPATH} /usr/bin/python3 -W ignore:setup.py install is deprecated setup.py egg_info --egg-base ../../build/self_driving build --build-base /home/an/ros2_ws/build/self_driving/build install --record /home/an/ros2_ws/build/self_driving/install.log --single-version-externally-managed install_data
