[3.348s] Invoking command in '/home/an/ros2_ws/src/self_driving': PYTHONPATH=/home/an/ros2_ws/build/self_driving/prefix_override:/home/an/ros2_ws/install/self_driving/lib/python3.10/site-packages:${PYTHONPATH} /usr/bin/python3 -W ignore:setup.py install is deprecated setup.py egg_info --egg-base ../../build/self_driving build --build-base /home/an/ros2_ws/build/self_driving/build install --record /home/an/ros2_ws/build/self_driving/install.log --single-version-externally-managed install_data
[4.490s] running egg_info
[4.493s] writing ../../build/self_driving/self_driving.egg-info/PKG-INFO
[4.494s] writing dependency_links to ../../build/self_driving/self_driving.egg-info/dependency_links.txt
[4.495s] writing entry points to ../../build/self_driving/self_driving.egg-info/entry_points.txt
[4.496s] writing requirements to ../../build/self_driving/self_driving.egg-info/requires.txt
[4.497s] writing top-level names to ../../build/self_driving/self_driving.egg-info/top_level.txt
[4.508s] reading manifest file '../../build/self_driving/self_driving.egg-info/SOURCES.txt'
[4.509s] adding license file 'LICENSE'
[4.513s] writing manifest file '../../build/self_driving/self_driving.egg-info/SOURCES.txt'
[4.514s] running build
[4.514s] running build_py
[4.523s] running install
[4.524s] running install_lib
[4.537s] running install_data
[4.538s] running install_egg_info
[4.545s] removing '/home/an/ros2_ws/install/self_driving/lib/python3.10/site-packages/self_driving-0.0.0-py3.10.egg-info' (and everything under it)
[4.547s] Copying ../../build/self_driving/self_driving.egg-info to /home/an/ros2_ws/install/self_driving/lib/python3.10/site-packages/self_driving-0.0.0-py3.10.egg-info
[4.553s] running install_scripts
[4.639s] Installing cam_node script to /home/an/ros2_ws/install/self_driving/lib/self_driving
[4.640s] Installing computer_vision_node script to /home/an/ros2_ws/install/self_driving/lib/self_driving
[4.641s] Installing driving_node script to /home/an/ros2_ws/install/self_driving/lib/self_driving
[4.642s] Installing recorder_node script to /home/an/ros2_ws/install/self_driving/lib/self_driving
[4.643s] Installing vel_wheel_node script to /home/an/ros2_ws/install/self_driving/lib/self_driving
[4.647s] writing list of installed files to '/home/an/ros2_ws/build/self_driving/install.log'
[4.765s] Invoked command in '/home/an/ros2_ws/src/self_driving' returned '0': PYTHONPATH=/home/an/ros2_ws/build/self_driving/prefix_override:/home/an/ros2_ws/install/self_driving/lib/python3.10/site-packages:${PYTHONPATH} /usr/bin/python3 -W ignore:setup.py install is deprecated setup.py egg_info --egg-base ../../build/self_driving build --build-base /home/an/ros2_ws/build/self_driving/build install --record /home/an/ros2_ws/build/self_driving/install.log --single-version-externally-managed install_data
