[3.353s] Invoking command in '/home/an/ros2_ws/src/self_driving': PYTHONPATH=/home/an/ros2_ws/build/self_driving/prefix_override:/home/an/ros2_ws/install/self_driving/lib/python3.10/site-packages:${PYTHONPATH} /usr/bin/python3 -W ignore:setup.py install is deprecated setup.py egg_info --egg-base ../../build/self_driving build --build-base /home/an/ros2_ws/build/self_driving/build install --record /home/an/ros2_ws/build/self_driving/install.log --single-version-externally-managed install_data
[4.412s] running egg_info
[4.415s] writing ../../build/self_driving/self_driving.egg-info/PKG-INFO
[4.418s] writing dependency_links to ../../build/self_driving/self_driving.egg-info/dependency_links.txt
[4.419s] writing entry points to ../../build/self_driving/self_driving.egg-info/entry_points.txt
[4.420s] writing requirements to ../../build/self_driving/self_driving.egg-info/requires.txt
[4.421s] writing top-level names to ../../build/self_driving/self_driving.egg-info/top_level.txt
[4.433s] reading manifest file '../../build/self_driving/self_driving.egg-info/SOURCES.txt'
[4.437s] adding license file 'LICENSE'
[4.440s] writing manifest file '../../build/self_driving/self_driving.egg-info/SOURCES.txt'
[4.441s] running build
[4.441s] running build_py
[4.447s] copying self_driving/computer_vision_node.py -> /home/an/ros2_ws/build/self_driving/build/lib/self_driving
[4.455s] copying self_driving/Detection/Lanes/a_colour_segmentation.py -> /home/an/ros2_ws/build/self_driving/build/lib/self_driving/Detection/Lanes
[4.459s] running install
[4.460s] running install_lib
[4.464s] copying /home/an/ros2_ws/build/self_driving/build/lib/self_driving/computer_vision_node.py -> /home/an/ros2_ws/install/self_driving/lib/python3.10/site-packages/self_driving
[4.470s] copying /home/an/ros2_ws/build/self_driving/build/lib/self_driving/Detection/Lanes/a_colour_segmentation.py -> /home/an/ros2_ws/install/self_driving/lib/python3.10/site-packages/self_driving/Detection/Lanes
[4.474s] byte-compiling /home/an/ros2_ws/install/self_driving/lib/python3.10/site-packages/self_driving/computer_vision_node.py to computer_vision_node.cpython-310.pyc
[4.479s] byte-compiling /home/an/ros2_ws/install/self_driving/lib/python3.10/site-packages/self_driving/Detection/Lanes/a_colour_segmentation.py to a_colour_segmentation.cpython-310.pyc
[4.485s] running install_data
[4.485s] copying launch/start.launch.py -> /home/an/ros2_ws/install/self_driving/share/self_driving/launch
[4.486s] running install_egg_info
[4.493s] removing '/home/an/ros2_ws/install/self_driving/lib/python3.10/site-packages/self_driving-0.0.0-py3.10.egg-info' (and everything under it)
[4.496s] Copying ../../build/self_driving/self_driving.egg-info to /home/an/ros2_ws/install/self_driving/lib/python3.10/site-packages/self_driving-0.0.0-py3.10.egg-info
[4.507s] running install_scripts
[4.593s] Installing cam_node script to /home/an/ros2_ws/install/self_driving/lib/self_driving
[4.594s] Installing computer_vision_node script to /home/an/ros2_ws/install/self_driving/lib/self_driving
[4.595s] Installing driving_node script to /home/an/ros2_ws/install/self_driving/lib/self_driving
[4.596s] Installing recorder_node script to /home/an/ros2_ws/install/self_driving/lib/self_driving
[4.597s] Installing vel_wheel_node script to /home/an/ros2_ws/install/self_driving/lib/self_driving
[4.603s] writing list of installed files to '/home/an/ros2_ws/build/self_driving/install.log'
[4.734s] Invoked command in '/home/an/ros2_ws/src/self_driving' returned '0': PYTHONPATH=/home/an/ros2_ws/build/self_driving/prefix_override:/home/an/ros2_ws/install/self_driving/lib/python3.10/site-packages:${PYTHONPATH} /usr/bin/python3 -W ignore:setup.py install is deprecated setup.py egg_info --egg-base ../../build/self_driving build --build-base /home/an/ros2_ws/build/self_driving/build install --record /home/an/ros2_ws/build/self_driving/install.log --single-version-externally-managed install_data
