[2.695s] Invoking command in '/home/an/ros2_ws/src/self_driving': PYTHONPATH=/home/an/ros2_ws/build/self_driving/prefix_override:/home/an/ros2_ws/install/self_driving/lib/python3.10/site-packages:${PYTHONPATH} /usr/bin/python3 -W ignore:setup.py install is deprecated setup.py egg_info --egg-base ../../build/self_driving build --build-base /home/an/ros2_ws/build/self_driving/build install --record /home/an/ros2_ws/build/self_driving/install.log --single-version-externally-managed install_data
[3.692s] running egg_info
[3.694s] writing ../../build/self_driving/self_driving.egg-info/PKG-INFO
[3.695s] writing dependency_links to ../../build/self_driving/self_driving.egg-info/dependency_links.txt
[3.696s] writing entry points to ../../build/self_driving/self_driving.egg-info/entry_points.txt
[3.697s] writing requirements to ../../build/self_driving/self_driving.egg-info/requires.txt
[3.697s] writing top-level names to ../../build/self_driving/self_driving.egg-info/top_level.txt
[3.707s] reading manifest file '../../build/self_driving/self_driving.egg-info/SOURCES.txt'
[3.708s] adding license file 'LICENSE'
[3.712s] writing manifest file '../../build/self_driving/self_driving.egg-info/SOURCES.txt'
[3.713s] running build
[3.713s] running build_py
[3.714s] copying self_driving/wheel_left_right.py -> /home/an/ros2_ws/build/self_driving/build/lib/self_driving
[3.715s] copying self_driving/computer_vision_node.py -> /home/an/ros2_ws/build/self_driving/build/lib/self_driving
[3.725s] running install
[3.726s] running install_lib
[3.729s] copying /home/an/ros2_ws/build/self_driving/build/lib/self_driving/wheel_left_right.py -> /home/an/ros2_ws/install/self_driving/lib/python3.10/site-packages/self_driving
[3.730s] copying /home/an/ros2_ws/build/self_driving/build/lib/self_driving/computer_vision_node.py -> /home/an/ros2_ws/install/self_driving/lib/python3.10/site-packages/self_driving
[3.737s] byte-compiling /home/an/ros2_ws/install/self_driving/lib/python3.10/site-packages/self_driving/wheel_left_right.py to wheel_left_right.cpython-310.pyc
[3.741s] byte-compiling /home/an/ros2_ws/install/self_driving/lib/python3.10/site-packages/self_driving/computer_vision_node.py to computer_vision_node.cpython-310.pyc
[3.746s] running install_data
[3.747s] running install_egg_info
[3.757s] removing '/home/an/ros2_ws/install/self_driving/lib/python3.10/site-packages/self_driving-0.0.0-py3.10.egg-info' (and everything under it)
[3.758s] Copying ../../build/self_driving/self_driving.egg-info to /home/an/ros2_ws/install/self_driving/lib/python3.10/site-packages/self_driving-0.0.0-py3.10.egg-info
[3.764s] running install_scripts
[3.846s] Installing cam_node script to /home/an/ros2_ws/install/self_driving/lib/self_driving
[3.847s] Installing computer_vision_node script to /home/an/ros2_ws/install/self_driving/lib/self_driving
[3.848s] Installing driving_node script to /home/an/ros2_ws/install/self_driving/lib/self_driving
[3.849s] Installing recorder_node script to /home/an/ros2_ws/install/self_driving/lib/self_driving
[3.850s] Installing vel_wheel_node script to /home/an/ros2_ws/install/self_driving/lib/self_driving
[3.856s] writing list of installed files to '/home/an/ros2_ws/build/self_driving/install.log'
[3.977s] Invoked command in '/home/an/ros2_ws/src/self_driving' returned '0': PYTHONPATH=/home/an/ros2_ws/build/self_driving/prefix_override:/home/an/ros2_ws/install/self_driving/lib/python3.10/site-packages:${PYTHONPATH} /usr/bin/python3 -W ignore:setup.py install is deprecated setup.py egg_info --egg-base ../../build/self_driving build --build-base /home/an/ros2_ws/build/self_driving/build install --record /home/an/ros2_ws/build/self_driving/install.log --single-version-externally-managed install_data
