[3.804s] Invoking command in '/home/an/ros2_ws/src/self_driving': PYTHONPATH=/home/an/ros2_ws/build/self_driving/prefix_override:/home/an/ros2_ws/install/self_driving/lib/python3.10/site-packages:${PYTHONPATH} /usr/bin/python3 -W ignore:setup.py install is deprecated setup.py egg_info --egg-base ../../build/self_driving build --build-base /home/an/ros2_ws/build/self_driving/build install --record /home/an/ros2_ws/build/self_driving/install.log --single-version-externally-managed install_data
[5.035s] running egg_info
[5.037s] writing ../../build/self_driving/self_driving.egg-info/PKG-INFO
[5.039s] writing dependency_links to ../../build/self_driving/self_driving.egg-info/dependency_links.txt
[5.040s] writing entry points to ../../build/self_driving/self_driving.egg-info/entry_points.txt
[5.041s] writing requirements to ../../build/self_driving/self_driving.egg-info/requires.txt
[5.041s] writing top-level names to ../../build/self_driving/self_driving.egg-info/top_level.txt
[5.052s] reading manifest file '../../build/self_driving/self_driving.egg-info/SOURCES.txt'
[5.054s] adding license file 'LICENSE'
[5.057s] writing manifest file '../../build/self_driving/self_driving.egg-info/SOURCES.txt'
[5.058s] running build
[5.059s] running build_py
[5.060s] copying self_driving/computer_vision_node.py -> /home/an/ros2_ws/build/self_driving/build/lib/self_driving
[5.068s] copying self_driving/Detection/Lanes/a_colour_segmentation.py -> /home/an/ros2_ws/build/self_driving/build/lib/self_driving/Detection/Lanes
[5.071s] running install
[5.073s] running install_lib
[5.077s] copying /home/an/ros2_ws/build/self_driving/build/lib/self_driving/computer_vision_node.py -> /home/an/ros2_ws/install/self_driving/lib/python3.10/site-packages/self_driving
[5.081s] copying /home/an/ros2_ws/build/self_driving/build/lib/self_driving/Detection/Lanes/a_colour_segmentation.py -> /home/an/ros2_ws/install/self_driving/lib/python3.10/site-packages/self_driving/Detection/Lanes
[5.086s] byte-compiling /home/an/ros2_ws/install/self_driving/lib/python3.10/site-packages/self_driving/computer_vision_node.py to computer_vision_node.cpython-310.pyc
[5.091s] byte-compiling /home/an/ros2_ws/install/self_driving/lib/python3.10/site-packages/self_driving/Detection/Lanes/a_colour_segmentation.py to a_colour_segmentation.cpython-310.pyc
[5.098s] running install_data
[5.102s] running install_egg_info
[5.107s] removing '/home/an/ros2_ws/install/self_driving/lib/python3.10/site-packages/self_driving-0.0.0-py3.10.egg-info' (and everything under it)
[5.110s] Copying ../../build/self_driving/self_driving.egg-info to /home/an/ros2_ws/install/self_driving/lib/python3.10/site-packages/self_driving-0.0.0-py3.10.egg-info
[5.117s] running install_scripts
[5.215s] Installing cam_node script to /home/an/ros2_ws/install/self_driving/lib/self_driving
[5.216s] Installing computer_vision_node script to /home/an/ros2_ws/install/self_driving/lib/self_driving
[5.217s] Installing driving_node script to /home/an/ros2_ws/install/self_driving/lib/self_driving
[5.219s] Installing recorder_node script to /home/an/ros2_ws/install/self_driving/lib/self_driving
[5.219s] Installing vel_wheel_node script to /home/an/ros2_ws/install/self_driving/lib/self_driving
[5.224s] writing list of installed files to '/home/an/ros2_ws/build/self_driving/install.log'
[5.378s] Invoked command in '/home/an/ros2_ws/src/self_driving' returned '0': PYTHONPATH=/home/an/ros2_ws/build/self_driving/prefix_override:/home/an/ros2_ws/install/self_driving/lib/python3.10/site-packages:${PYTHONPATH} /usr/bin/python3 -W ignore:setup.py install is deprecated setup.py egg_info --egg-base ../../build/self_driving build --build-base /home/an/ros2_ws/build/self_driving/build install --record /home/an/ros2_ws/build/self_driving/install.log --single-version-externally-managed install_data
