[2.590s] Invoking command in '/home/an/ros2_ws/src/self_driving': PYTHONPATH=/home/an/ros2_ws/build/self_driving/prefix_override:/home/an/ros2_ws/install/self_driving/lib/python3.10/site-packages:${PYTHONPATH} /usr/bin/python3 -W ignore:setup.py install is deprecated setup.py egg_info --egg-base ../../build/self_driving build --build-base /home/an/ros2_ws/build/self_driving/build install --record /home/an/ros2_ws/build/self_driving/install.log --single-version-externally-managed install_data
[3.591s] running egg_info
[3.594s] writing ../../build/self_driving/self_driving.egg-info/PKG-INFO
[3.595s] writing dependency_links to ../../build/self_driving/self_driving.egg-info/dependency_links.txt
[3.596s] writing entry points to ../../build/self_driving/self_driving.egg-info/entry_points.txt
[3.597s] writing requirements to ../../build/self_driving/self_driving.egg-info/requires.txt
[3.597s] writing top-level names to ../../build/self_driving/self_driving.egg-info/top_level.txt
[3.608s] reading manifest file '../../build/self_driving/self_driving.egg-info/SOURCES.txt'
[3.609s] adding license file 'LICENSE'
[3.613s] writing manifest file '../../build/self_driving/self_driving.egg-info/SOURCES.txt'
[3.613s] running build
[3.613s] running build_py
[3.616s] copying self_driving/Finger_counter_node.py -> /home/an/ros2_ws/build/self_driving/build/lib/self_driving
[3.623s] running install
[3.624s] running install_lib
[3.631s] copying /home/an/ros2_ws/build/self_driving/build/lib/self_driving/Finger_counter_node.py -> /home/an/ros2_ws/install/self_driving/lib/python3.10/site-packages/self_driving
[3.638s] byte-compiling /home/an/ros2_ws/install/self_driving/lib/python3.10/site-packages/self_driving/Finger_counter_node.py to Finger_counter_node.cpython-310.pyc
[3.644s] running install_data
[3.644s] running install_egg_info
[3.651s] removing '/home/an/ros2_ws/install/self_driving/lib/python3.10/site-packages/self_driving-0.0.0-py3.10.egg-info' (and everything under it)
[3.653s] Copying ../../build/self_driving/self_driving.egg-info to /home/an/ros2_ws/install/self_driving/lib/python3.10/site-packages/self_driving-0.0.0-py3.10.egg-info
[3.658s] running install_scripts
[3.738s] Installing Finger_counter_node script to /home/an/ros2_ws/install/self_driving/lib/self_driving
[3.739s] Installing cam_node script to /home/an/ros2_ws/install/self_driving/lib/self_driving
[3.740s] Installing computer_vision_node script to /home/an/ros2_ws/install/self_driving/lib/self_driving
[3.740s] Installing driving_node script to /home/an/ros2_ws/install/self_driving/lib/self_driving
[3.741s] Installing recorder_node script to /home/an/ros2_ws/install/self_driving/lib/self_driving
[3.742s] Installing start_node script to /home/an/ros2_ws/install/self_driving/lib/self_driving
[3.742s] Installing traffic_signal_node script to /home/an/ros2_ws/install/self_driving/lib/self_driving
[3.743s] Installing vel_wheel_node script to /home/an/ros2_ws/install/self_driving/lib/self_driving
[3.744s] Installing yolo_node script to /home/an/ros2_ws/install/self_driving/lib/self_driving
[3.748s] writing list of installed files to '/home/an/ros2_ws/build/self_driving/install.log'
[3.860s] Invoked command in '/home/an/ros2_ws/src/self_driving' returned '0': PYTHONPATH=/home/an/ros2_ws/build/self_driving/prefix_override:/home/an/ros2_ws/install/self_driving/lib/python3.10/site-packages:${PYTHONPATH} /usr/bin/python3 -W ignore:setup.py install is deprecated setup.py egg_info --egg-base ../../build/self_driving build --build-base /home/an/ros2_ws/build/self_driving/build install --record /home/an/ros2_ws/build/self_driving/install.log --single-version-externally-managed install_data
