[5.502s] Invoking command in '/home/an/ros2_ws/src/self_driving': PYTHONPATH=/home/an/ros2_ws/build/self_driving/prefix_override:/home/an/ros2_ws/install/self_driving/lib/python3.10/site-packages:${PYTHONPATH} /usr/bin/python3 -W ignore:setup.py install is deprecated setup.py egg_info --egg-base ../../build/self_driving build --build-base /home/an/ros2_ws/build/self_driving/build install --record /home/an/ros2_ws/build/self_driving/install.log --single-version-externally-managed install_data
[7.841s] running egg_info
[7.847s] writing ../../build/self_driving/self_driving.egg-info/PKG-INFO
[7.857s] writing dependency_links to ../../build/self_driving/self_driving.egg-info/dependency_links.txt
[7.861s] writing entry points to ../../build/self_driving/self_driving.egg-info/entry_points.txt
[7.863s] writing requirements to ../../build/self_driving/self_driving.egg-info/requires.txt
[7.864s] writing top-level names to ../../build/self_driving/self_driving.egg-info/top_level.txt
[7.896s] reading manifest file '../../build/self_driving/self_driving.egg-info/SOURCES.txt'
[7.901s] adding license file 'LICENSE'
[7.909s] writing manifest file '../../build/self_driving/self_driving.egg-info/SOURCES.txt'
[7.911s] running build
[7.915s] running build_py
[7.923s] copying self_driving/traffic_signal.py -> /home/an/ros2_ws/build/self_driving/build/lib/self_driving
[7.940s] copying self_driving/Detection/Lanes/a_colour_segmentation.py -> /home/an/ros2_ws/build/self_driving/build/lib/self_driving/Detection/Lanes
[7.952s] running install
[7.953s] running install_lib
[7.962s] copying /home/an/ros2_ws/build/self_driving/build/lib/self_driving/traffic_signal.py -> /home/an/ros2_ws/install/self_driving/lib/python3.10/site-packages/self_driving
[7.967s] copying /home/an/ros2_ws/build/self_driving/build/lib/self_driving/Detection/Lanes/a_colour_segmentation.py -> /home/an/ros2_ws/install/self_driving/lib/python3.10/site-packages/self_driving/Detection/Lanes
[7.976s] byte-compiling /home/an/ros2_ws/install/self_driving/lib/python3.10/site-packages/self_driving/traffic_signal.py to traffic_signal.cpython-310.pyc
[7.991s] byte-compiling /home/an/ros2_ws/install/self_driving/lib/python3.10/site-packages/self_driving/Detection/Lanes/a_colour_segmentation.py to a_colour_segmentation.cpython-310.pyc
[8.001s] running install_data
[8.003s] copying launch/start.launch.py -> /home/an/ros2_ws/install/self_driving/share/self_driving/launch
[8.008s] running install_egg_info
[8.025s] removing '/home/an/ros2_ws/install/self_driving/lib/python3.10/site-packages/self_driving-0.0.0-py3.10.egg-info' (and everything under it)
[8.028s] Copying ../../build/self_driving/self_driving.egg-info to /home/an/ros2_ws/install/self_driving/lib/python3.10/site-packages/self_driving-0.0.0-py3.10.egg-info
[8.041s] running install_scripts
[8.171s] Installing cam_node script to /home/an/ros2_ws/install/self_driving/lib/self_driving
[8.172s] Installing computer_vision_node script to /home/an/ros2_ws/install/self_driving/lib/self_driving
[8.174s] Installing driving_node script to /home/an/ros2_ws/install/self_driving/lib/self_driving
[8.176s] Installing recorder_node script to /home/an/ros2_ws/install/self_driving/lib/self_driving
[8.177s] Installing start_node script to /home/an/ros2_ws/install/self_driving/lib/self_driving
[8.179s] Installing traffic_signal_node script to /home/an/ros2_ws/install/self_driving/lib/self_driving
[8.180s] Installing vel_wheel_node script to /home/an/ros2_ws/install/self_driving/lib/self_driving
[8.189s] writing list of installed files to '/home/an/ros2_ws/build/self_driving/install.log'
[8.420s] Invoked command in '/home/an/ros2_ws/src/self_driving' returned '0': PYTHONPATH=/home/an/ros2_ws/build/self_driving/prefix_override:/home/an/ros2_ws/install/self_driving/lib/python3.10/site-packages:${PYTHONPATH} /usr/bin/python3 -W ignore:setup.py install is deprecated setup.py egg_info --egg-base ../../build/self_driving build --build-base /home/an/ros2_ws/build/self_driving/build install --record /home/an/ros2_ws/build/self_driving/install.log --single-version-externally-managed install_data
