[2.837s] Invoking command in '/home/an/ros2_ws/src/self_driving': PYTHONPATH=/home/an/ros2_ws/build/self_driving/prefix_override:/home/an/ros2_ws/install/self_driving/lib/python3.10/site-packages:${PYTHONPATH} /usr/bin/python3 -W ignore:setup.py install is deprecated setup.py egg_info --egg-base ../../build/self_driving build --build-base /home/an/ros2_ws/build/self_driving/build install --record /home/an/ros2_ws/build/self_driving/install.log --single-version-externally-managed install_data
[3.906s] running egg_info
[3.909s] writing ../../build/self_driving/self_driving.egg-info/PKG-INFO
[3.910s] writing dependency_links to ../../build/self_driving/self_driving.egg-info/dependency_links.txt
[3.911s] writing entry points to ../../build/self_driving/self_driving.egg-info/entry_points.txt
[3.912s] writing requirements to ../../build/self_driving/self_driving.egg-info/requires.txt
[3.912s] writing top-level names to ../../build/self_driving/self_driving.egg-info/top_level.txt
[3.925s] reading manifest file '../../build/self_driving/self_driving.egg-info/SOURCES.txt'
[3.927s] adding license file 'LICENSE'
[3.930s] writing manifest file '../../build/self_driving/self_driving.egg-info/SOURCES.txt'
[3.931s] running build
[3.931s] running build_py
[3.932s] copying self_driving/computer_vision_node.py -> /home/an/ros2_ws/build/self_driving/build/lib/self_driving
[3.939s] running install
[3.941s] running install_lib
[3.944s] copying /home/an/ros2_ws/build/self_driving/build/lib/self_driving/computer_vision_node.py -> /home/an/ros2_ws/install/self_driving/lib/python3.10/site-packages/self_driving
[3.953s] byte-compiling /home/an/ros2_ws/install/self_driving/lib/python3.10/site-packages/self_driving/computer_vision_node.py to computer_vision_node.cpython-310.pyc
[3.959s] running install_data
[3.959s] running install_egg_info
[3.966s] removing '/home/an/ros2_ws/install/self_driving/lib/python3.10/site-packages/self_driving-0.0.0-py3.10.egg-info' (and everything under it)
[3.968s] Copying ../../build/self_driving/self_driving.egg-info to /home/an/ros2_ws/install/self_driving/lib/python3.10/site-packages/self_driving-0.0.0-py3.10.egg-info
[3.974s] running install_scripts
[4.063s] Installing cam_node script to /home/an/ros2_ws/install/self_driving/lib/self_driving
[4.064s] Installing computer_vision_node script to /home/an/ros2_ws/install/self_driving/lib/self_driving
[4.065s] Installing driving_node script to /home/an/ros2_ws/install/self_driving/lib/self_driving
[4.065s] Installing recorder_node script to /home/an/ros2_ws/install/self_driving/lib/self_driving
[4.066s] Installing vel_wheel_node script to /home/an/ros2_ws/install/self_driving/lib/self_driving
[4.071s] writing list of installed files to '/home/an/ros2_ws/build/self_driving/install.log'
[4.203s] Invoked command in '/home/an/ros2_ws/src/self_driving' returned '0': PYTHONPATH=/home/an/ros2_ws/build/self_driving/prefix_override:/home/an/ros2_ws/install/self_driving/lib/python3.10/site-packages:${PYTHONPATH} /usr/bin/python3 -W ignore:setup.py install is deprecated setup.py egg_info --egg-base ../../build/self_driving build --build-base /home/an/ros2_ws/build/self_driving/build install --record /home/an/ros2_ws/build/self_driving/install.log --single-version-externally-managed install_data
