[2.907s] Invoking command in '/home/an/ros2_ws/src/self_driving': PYTHONPATH=/home/an/ros2_ws/build/self_driving/prefix_override:/home/an/ros2_ws/install/self_driving/lib/python3.10/site-packages:${PYTHONPATH} /usr/bin/python3 -W ignore:setup.py install is deprecated setup.py egg_info --egg-base ../../build/self_driving build --build-base /home/an/ros2_ws/build/self_driving/build install --record /home/an/ros2_ws/build/self_driving/install.log --single-version-externally-managed install_data
[3.995s] running egg_info
[3.998s] writing ../../build/self_driving/self_driving.egg-info/PKG-INFO
[3.999s] writing dependency_links to ../../build/self_driving/self_driving.egg-info/dependency_links.txt
[4.000s] writing entry points to ../../build/self_driving/self_driving.egg-info/entry_points.txt
[4.001s] writing requirements to ../../build/self_driving/self_driving.egg-info/requires.txt
[4.002s] writing top-level names to ../../build/self_driving/self_driving.egg-info/top_level.txt
[4.012s] reading manifest file '../../build/self_driving/self_driving.egg-info/SOURCES.txt'
[4.015s] adding license file 'LICENSE'
[4.020s] writing manifest file '../../build/self_driving/self_driving.egg-info/SOURCES.txt'
[4.020s] running build
[4.021s] running build_py
[4.022s] copying self_driving/drive_BOT.py -> /home/an/ros2_ws/build/self_driving/build/lib/self_driving
[4.029s] running install
[4.030s] running install_lib
[4.035s] copying /home/an/ros2_ws/build/self_driving/build/lib/self_driving/drive_BOT.py -> /home/an/ros2_ws/install/self_driving/lib/python3.10/site-packages/self_driving
[4.042s] byte-compiling /home/an/ros2_ws/install/self_driving/lib/python3.10/site-packages/self_driving/drive_BOT.py to drive_BOT.cpython-310.pyc
[4.054s] running install_data
[4.055s] running install_egg_info
[4.062s] removing '/home/an/ros2_ws/install/self_driving/lib/python3.10/site-packages/self_driving-0.0.0-py3.10.egg-info' (and everything under it)
[4.064s] Copying ../../build/self_driving/self_driving.egg-info to /home/an/ros2_ws/install/self_driving/lib/python3.10/site-packages/self_driving-0.0.0-py3.10.egg-info
[4.071s] running install_scripts
[4.160s] Installing cam_node script to /home/an/ros2_ws/install/self_driving/lib/self_driving
[4.161s] Installing computer_vision_node script to /home/an/ros2_ws/install/self_driving/lib/self_driving
[4.161s] Installing driving_node script to /home/an/ros2_ws/install/self_driving/lib/self_driving
[4.162s] Installing recorder_node script to /home/an/ros2_ws/install/self_driving/lib/self_driving
[4.163s] Installing vel_wheel_node script to /home/an/ros2_ws/install/self_driving/lib/self_driving
[4.167s] writing list of installed files to '/home/an/ros2_ws/build/self_driving/install.log'
[4.299s] Invoked command in '/home/an/ros2_ws/src/self_driving' returned '0': PYTHONPATH=/home/an/ros2_ws/build/self_driving/prefix_override:/home/an/ros2_ws/install/self_driving/lib/python3.10/site-packages:${PYTHONPATH} /usr/bin/python3 -W ignore:setup.py install is deprecated setup.py egg_info --egg-base ../../build/self_driving build --build-base /home/an/ros2_ws/build/self_driving/build install --record /home/an/ros2_ws/build/self_driving/install.log --single-version-externally-managed install_data
