[3.158s] Invoking command in '/home/an/ros2_ws/src/self_driving': PYTHONPATH=/home/an/ros2_ws/build/self_driving/prefix_override:/home/an/ros2_ws/install/self_driving/lib/python3.10/site-packages:${PYTHONPATH} /usr/bin/python3 -W ignore:setup.py install is deprecated setup.py egg_info --egg-base ../../build/self_driving build --build-base /home/an/ros2_ws/build/self_driving/build install --record /home/an/ros2_ws/build/self_driving/install.log --single-version-externally-managed install_data
[4.316s] running egg_info
[4.319s] writing ../../build/self_driving/self_driving.egg-info/PKG-INFO
[4.320s] writing dependency_links to ../../build/self_driving/self_driving.egg-info/dependency_links.txt
[4.321s] writing entry points to ../../build/self_driving/self_driving.egg-info/entry_points.txt
[4.322s] writing requirements to ../../build/self_driving/self_driving.egg-info/requires.txt
[4.322s] writing top-level names to ../../build/self_driving/self_driving.egg-info/top_level.txt
[4.336s] reading manifest file '../../build/self_driving/self_driving.egg-info/SOURCES.txt'
[4.339s] adding license file 'LICENSE'
[4.343s] writing manifest file '../../build/self_driving/self_driving.egg-info/SOURCES.txt'
[4.343s] running build
[4.344s] running build_py
[4.346s] copying self_driving/traffic_signal.py -> /home/an/ros2_ws/build/self_driving/build/lib/self_driving
[4.354s] running install
[4.355s] running install_lib
[4.361s] copying /home/an/ros2_ws/build/self_driving/build/lib/self_driving/traffic_signal.py -> /home/an/ros2_ws/install/self_driving/lib/python3.10/site-packages/self_driving
[4.372s] byte-compiling /home/an/ros2_ws/install/self_driving/lib/python3.10/site-packages/self_driving/traffic_signal.py to traffic_signal.cpython-310.pyc
[4.382s] running install_data
[4.383s] running install_egg_info
[4.391s] removing '/home/an/ros2_ws/install/self_driving/lib/python3.10/site-packages/self_driving-0.0.0-py3.10.egg-info' (and everything under it)
[4.393s] Copying ../../build/self_driving/self_driving.egg-info to /home/an/ros2_ws/install/self_driving/lib/python3.10/site-packages/self_driving-0.0.0-py3.10.egg-info
[4.400s] running install_scripts
[4.495s] Installing cam_node script to /home/an/ros2_ws/install/self_driving/lib/self_driving
[4.496s] Installing computer_vision_node script to /home/an/ros2_ws/install/self_driving/lib/self_driving
[4.498s] Installing driving_node script to /home/an/ros2_ws/install/self_driving/lib/self_driving
[4.499s] Installing recorder_node script to /home/an/ros2_ws/install/self_driving/lib/self_driving
[4.501s] Installing start_node script to /home/an/ros2_ws/install/self_driving/lib/self_driving
[4.504s] Installing traffic_signal_node script to /home/an/ros2_ws/install/self_driving/lib/self_driving
[4.505s] Installing vel_wheel_node script to /home/an/ros2_ws/install/self_driving/lib/self_driving
[4.509s] writing list of installed files to '/home/an/ros2_ws/build/self_driving/install.log'
[4.653s] Invoked command in '/home/an/ros2_ws/src/self_driving' returned '0': PYTHONPATH=/home/an/ros2_ws/build/self_driving/prefix_override:/home/an/ros2_ws/install/self_driving/lib/python3.10/site-packages:${PYTHONPATH} /usr/bin/python3 -W ignore:setup.py install is deprecated setup.py egg_info --egg-base ../../build/self_driving build --build-base /home/an/ros2_ws/build/self_driving/build install --record /home/an/ros2_ws/build/self_driving/install.log --single-version-externally-managed install_data
