[3.338s] Invoking command in '/home/an/ros2_ws/src/self_driving': PYTHONPATH=/home/an/ros2_ws/build/self_driving/prefix_override:/home/an/ros2_ws/install/self_driving/lib/python3.10/site-packages:${PYTHONPATH} /usr/bin/python3 -W ignore:setup.py install is deprecated setup.py egg_info --egg-base ../../build/self_driving build --build-base /home/an/ros2_ws/build/self_driving/build install --record /home/an/ros2_ws/build/self_driving/install.log --single-version-externally-managed install_data
[4.378s] running egg_info
[4.381s] writing ../../build/self_driving/self_driving.egg-info/PKG-INFO
[4.386s] writing dependency_links to ../../build/self_driving/self_driving.egg-info/dependency_links.txt
[4.387s] writing entry points to ../../build/self_driving/self_driving.egg-info/entry_points.txt
[4.388s] writing requirements to ../../build/self_driving/self_driving.egg-info/requires.txt
[4.388s] writing top-level names to ../../build/self_driving/self_driving.egg-info/top_level.txt
[4.400s] reading manifest file '../../build/self_driving/self_driving.egg-info/SOURCES.txt'
[4.406s] adding license file 'LICENSE'
[4.409s] writing manifest file '../../build/self_driving/self_driving.egg-info/SOURCES.txt'
[4.409s] running build
[4.410s] running build_py
[4.423s] copying self_driving/Detection/Lanes/a_colour_segmentation.py -> /home/an/ros2_ws/build/self_driving/build/lib/self_driving/Detection/Lanes
[4.427s] running install
[4.428s] running install_lib
[4.435s] copying /home/an/ros2_ws/build/self_driving/build/lib/self_driving/Detection/Lanes/a_colour_segmentation.py -> /home/an/ros2_ws/install/self_driving/lib/python3.10/site-packages/self_driving/Detection/Lanes
[4.441s] byte-compiling /home/an/ros2_ws/install/self_driving/lib/python3.10/site-packages/self_driving/Detection/Lanes/a_colour_segmentation.py to a_colour_segmentation.cpython-310.pyc
[4.448s] running install_data
[4.449s] running install_egg_info
[4.456s] removing '/home/an/ros2_ws/install/self_driving/lib/python3.10/site-packages/self_driving-0.0.0-py3.10.egg-info' (and everything under it)
[4.457s] Copying ../../build/self_driving/self_driving.egg-info to /home/an/ros2_ws/install/self_driving/lib/python3.10/site-packages/self_driving-0.0.0-py3.10.egg-info
[4.467s] running install_scripts
[4.556s] Installing cam_node script to /home/an/ros2_ws/install/self_driving/lib/self_driving
[4.557s] Installing computer_vision_node script to /home/an/ros2_ws/install/self_driving/lib/self_driving
[4.558s] Installing driving_node script to /home/an/ros2_ws/install/self_driving/lib/self_driving
[4.559s] Installing recorder_node script to /home/an/ros2_ws/install/self_driving/lib/self_driving
[4.560s] Installing vel_wheel_node script to /home/an/ros2_ws/install/self_driving/lib/self_driving
[4.564s] writing list of installed files to '/home/an/ros2_ws/build/self_driving/install.log'
[4.691s] Invoked command in '/home/an/ros2_ws/src/self_driving' returned '0': PYTHONPATH=/home/an/ros2_ws/build/self_driving/prefix_override:/home/an/ros2_ws/install/self_driving/lib/python3.10/site-packages:${PYTHONPATH} /usr/bin/python3 -W ignore:setup.py install is deprecated setup.py egg_info --egg-base ../../build/self_driving build --build-base /home/an/ros2_ws/build/self_driving/build install --record /home/an/ros2_ws/build/self_driving/install.log --single-version-externally-managed install_data
