[3.131s] Invoking command in '/home/an/ros2_ws/src/self_driving': PYTHONPATH=/home/an/ros2_ws/build/self_driving/prefix_override:/home/an/ros2_ws/install/self_driving/lib/python3.10/site-packages:${PYTHONPATH} /usr/bin/python3 -W ignore:setup.py install is deprecated setup.py egg_info --egg-base ../../build/self_driving build --build-base /home/an/ros2_ws/build/self_driving/build install --record /home/an/ros2_ws/build/self_driving/install.log --single-version-externally-managed install_data
[4.113s] running egg_info
[4.116s] writing ../../build/self_driving/self_driving.egg-info/PKG-INFO
[4.121s] writing dependency_links to ../../build/self_driving/self_driving.egg-info/dependency_links.txt
[4.122s] writing entry points to ../../build/self_driving/self_driving.egg-info/entry_points.txt
[4.123s] writing requirements to ../../build/self_driving/self_driving.egg-info/requires.txt
[4.124s] writing top-level names to ../../build/self_driving/self_driving.egg-info/top_level.txt
[4.136s] reading manifest file '../../build/self_driving/self_driving.egg-info/SOURCES.txt'
[4.141s] adding license file 'LICENSE'
[4.144s] writing manifest file '../../build/self_driving/self_driving.egg-info/SOURCES.txt'
[4.145s] running build
[4.145s] running build_py
[4.148s] copying self_driving/computer_vision_node.py -> /home/an/ros2_ws/build/self_driving/build/lib/self_driving
[4.159s] running install
[4.161s] running install_lib
[4.165s] copying /home/an/ros2_ws/build/self_driving/build/lib/self_driving/computer_vision_node.py -> /home/an/ros2_ws/install/self_driving/lib/python3.10/site-packages/self_driving
[4.172s] byte-compiling /home/an/ros2_ws/install/self_driving/lib/python3.10/site-packages/self_driving/computer_vision_node.py to computer_vision_node.cpython-310.pyc
[4.178s] running install_data
[4.179s] running install_egg_info
[4.186s] removing '/home/an/ros2_ws/install/self_driving/lib/python3.10/site-packages/self_driving-0.0.0-py3.10.egg-info' (and everything under it)
[4.188s] Copying ../../build/self_driving/self_driving.egg-info to /home/an/ros2_ws/install/self_driving/lib/python3.10/site-packages/self_driving-0.0.0-py3.10.egg-info
[4.198s] running install_scripts
[4.280s] Installing cam_node script to /home/an/ros2_ws/install/self_driving/lib/self_driving
[4.284s] Installing computer_vision_node script to /home/an/ros2_ws/install/self_driving/lib/self_driving
[4.285s] Installing driving_node script to /home/an/ros2_ws/install/self_driving/lib/self_driving
[4.285s] Installing recorder_node script to /home/an/ros2_ws/install/self_driving/lib/self_driving
[4.287s] Installing start_node script to /home/an/ros2_ws/install/self_driving/lib/self_driving
[4.288s] Installing traffic_signal_node script to /home/an/ros2_ws/install/self_driving/lib/self_driving
[4.289s] Installing vel_wheel_node script to /home/an/ros2_ws/install/self_driving/lib/self_driving
[4.294s] writing list of installed files to '/home/an/ros2_ws/build/self_driving/install.log'
[4.407s] Invoked command in '/home/an/ros2_ws/src/self_driving' returned '0': PYTHONPATH=/home/an/ros2_ws/build/self_driving/prefix_override:/home/an/ros2_ws/install/self_driving/lib/python3.10/site-packages:${PYTHONPATH} /usr/bin/python3 -W ignore:setup.py install is deprecated setup.py egg_info --egg-base ../../build/self_driving build --build-base /home/an/ros2_ws/build/self_driving/build install --record /home/an/ros2_ws/build/self_driving/install.log --single-version-externally-managed install_data
