[6.139s] Invoking command in '/home/an/ros2_ws/src/self_driving': PYTHONPATH=/home/an/ros2_ws/build/self_driving/prefix_override:/home/an/ros2_ws/install/self_driving/lib/python3.10/site-packages:${PYTHONPATH} /usr/bin/python3 -W ignore:setup.py install is deprecated setup.py egg_info --egg-base ../../build/self_driving build --build-base /home/an/ros2_ws/build/self_driving/build install --record /home/an/ros2_ws/build/self_driving/install.log --single-version-externally-managed install_data
[8.639s] running egg_info
[8.645s] writing ../../build/self_driving/self_driving.egg-info/PKG-INFO
[8.648s] writing dependency_links to ../../build/self_driving/self_driving.egg-info/dependency_links.txt
[8.652s] writing entry points to ../../build/self_driving/self_driving.egg-info/entry_points.txt
[8.657s] writing requirements to ../../build/self_driving/self_driving.egg-info/requires.txt
[8.662s] writing top-level names to ../../build/self_driving/self_driving.egg-info/top_level.txt
[8.695s] reading manifest file '../../build/self_driving/self_driving.egg-info/SOURCES.txt'
[8.703s] adding license file 'LICENSE'
[8.712s] writing manifest file '../../build/self_driving/self_driving.egg-info/SOURCES.txt'
[8.715s] running build
[8.722s] running build_py
[8.726s] copying self_driving/computer_vision_node.py -> /home/an/ros2_ws/build/self_driving/build/lib/self_driving
[8.738s] copying self_driving/traffic_signal.py -> /home/an/ros2_ws/build/self_driving/build/lib/self_driving
[8.749s] running install
[8.752s] running install_lib
[8.774s] copying /home/an/ros2_ws/build/self_driving/build/lib/self_driving/computer_vision_node.py -> /home/an/ros2_ws/install/self_driving/lib/python3.10/site-packages/self_driving
[8.782s] copying /home/an/ros2_ws/build/self_driving/build/lib/self_driving/traffic_signal.py -> /home/an/ros2_ws/install/self_driving/lib/python3.10/site-packages/self_driving
[8.787s] byte-compiling /home/an/ros2_ws/install/self_driving/lib/python3.10/site-packages/self_driving/computer_vision_node.py to computer_vision_node.cpython-310.pyc
[8.791s] byte-compiling /home/an/ros2_ws/install/self_driving/lib/python3.10/site-packages/self_driving/traffic_signal.py to traffic_signal.cpython-310.pyc
[8.812s] running install_data
[8.813s] running install_egg_info
[8.825s] removing '/home/an/ros2_ws/install/self_driving/lib/python3.10/site-packages/self_driving-0.0.0-py3.10.egg-info' (and everything under it)
[8.828s] Copying ../../build/self_driving/self_driving.egg-info to /home/an/ros2_ws/install/self_driving/lib/python3.10/site-packages/self_driving-0.0.0-py3.10.egg-info
[8.844s] running install_scripts
[9.083s] Installing cam_node script to /home/an/ros2_ws/install/self_driving/lib/self_driving
[9.085s] Installing computer_vision_node script to /home/an/ros2_ws/install/self_driving/lib/self_driving
[9.089s] Installing driving_node script to /home/an/ros2_ws/install/self_driving/lib/self_driving
[9.094s] Installing recorder_node script to /home/an/ros2_ws/install/self_driving/lib/self_driving
[9.100s] Installing start_node script to /home/an/ros2_ws/install/self_driving/lib/self_driving
[9.120s] Installing traffic_signal_node script to /home/an/ros2_ws/install/self_driving/lib/self_driving
[9.129s] Installing vel_wheel_node script to /home/an/ros2_ws/install/self_driving/lib/self_driving
[9.143s] writing list of installed files to '/home/an/ros2_ws/build/self_driving/install.log'
[9.327s] Invoked command in '/home/an/ros2_ws/src/self_driving' returned '0': PYTHONPATH=/home/an/ros2_ws/build/self_driving/prefix_override:/home/an/ros2_ws/install/self_driving/lib/python3.10/site-packages:${PYTHONPATH} /usr/bin/python3 -W ignore:setup.py install is deprecated setup.py egg_info --egg-base ../../build/self_driving build --build-base /home/an/ros2_ws/build/self_driving/build install --record /home/an/ros2_ws/build/self_driving/install.log --single-version-externally-managed install_data
