[3.443s] Invoking command in '/home/an/ros2_ws/src/self_driving': PYTHONPATH=/home/an/ros2_ws/build/self_driving/prefix_override:/home/an/ros2_ws/install/self_driving/lib/python3.10/site-packages:${PYTHONPATH} /usr/bin/python3 -W ignore:setup.py install is deprecated setup.py egg_info --egg-base ../../build/self_driving build --build-base /home/an/ros2_ws/build/self_driving/build install --record /home/an/ros2_ws/build/self_driving/install.log --single-version-externally-managed install_data
[4.732s] running egg_info
[4.735s] writing ../../build/self_driving/self_driving.egg-info/PKG-INFO
[4.737s] writing dependency_links to ../../build/self_driving/self_driving.egg-info/dependency_links.txt
[4.738s] writing entry points to ../../build/self_driving/self_driving.egg-info/entry_points.txt
[4.739s] writing requirements to ../../build/self_driving/self_driving.egg-info/requires.txt
[4.739s] writing top-level names to ../../build/self_driving/self_driving.egg-info/top_level.txt
[4.750s] reading manifest file '../../build/self_driving/self_driving.egg-info/SOURCES.txt'
[4.752s] adding license file 'LICENSE'
[4.758s] writing manifest file '../../build/self_driving/self_driving.egg-info/SOURCES.txt'
[4.759s] running build
[4.759s] running build_py
[4.767s] running install
[4.768s] running install_lib
[4.780s] running install_data
[4.781s] running install_egg_info
[4.791s] removing '/home/an/ros2_ws/install/self_driving/lib/python3.10/site-packages/self_driving-0.0.0-py3.10.egg-info' (and everything under it)
[4.795s] Copying ../../build/self_driving/self_driving.egg-info to /home/an/ros2_ws/install/self_driving/lib/python3.10/site-packages/self_driving-0.0.0-py3.10.egg-info
[4.804s] running install_scripts
[4.908s] Installing cam_node script to /home/an/ros2_ws/install/self_driving/lib/self_driving
[4.909s] Installing computer_vision_node script to /home/an/ros2_ws/install/self_driving/lib/self_driving
[4.910s] Installing driving_node script to /home/an/ros2_ws/install/self_driving/lib/self_driving
[4.913s] Installing recorder_node script to /home/an/ros2_ws/install/self_driving/lib/self_driving
[4.915s] Installing vel_wheel_node script to /home/an/ros2_ws/install/self_driving/lib/self_driving
[4.918s] writing list of installed files to '/home/an/ros2_ws/build/self_driving/install.log'
[5.073s] Invoked command in '/home/an/ros2_ws/src/self_driving' returned '0': PYTHONPATH=/home/an/ros2_ws/build/self_driving/prefix_override:/home/an/ros2_ws/install/self_driving/lib/python3.10/site-packages:${PYTHONPATH} /usr/bin/python3 -W ignore:setup.py install is deprecated setup.py egg_info --egg-base ../../build/self_driving build --build-base /home/an/ros2_ws/build/self_driving/build install --record /home/an/ros2_ws/build/self_driving/install.log --single-version-externally-managed install_data
