[2.946s] Invoking command in '/home/an/ros2_ws/src/self_driving': PYTHONPATH=/home/an/ros2_ws/build/self_driving/prefix_override:/home/an/ros2_ws/install/self_driving/lib/python3.10/site-packages:${PYTHONPATH} /usr/bin/python3 -W ignore:setup.py install is deprecated setup.py egg_info --egg-base ../../build/self_driving build --build-base /home/an/ros2_ws/build/self_driving/build install --record /home/an/ros2_ws/build/self_driving/install.log --single-version-externally-managed install_data
[4.024s] running egg_info
[4.026s] writing ../../build/self_driving/self_driving.egg-info/PKG-INFO
[4.028s] writing dependency_links to ../../build/self_driving/self_driving.egg-info/dependency_links.txt
[4.029s] writing entry points to ../../build/self_driving/self_driving.egg-info/entry_points.txt
[4.029s] writing requirements to ../../build/self_driving/self_driving.egg-info/requires.txt
[4.030s] writing top-level names to ../../build/self_driving/self_driving.egg-info/top_level.txt
[4.040s] reading manifest file '../../build/self_driving/self_driving.egg-info/SOURCES.txt'
[4.042s] adding license file 'LICENSE'
[4.045s] writing manifest file '../../build/self_driving/self_driving.egg-info/SOURCES.txt'
[4.046s] running build
[4.046s] running build_py
[4.047s] copying self_driving/computer_vision_node.py -> /home/an/ros2_ws/build/self_driving/build/lib/self_driving
[4.053s] copying self_driving/Detection/Lanes/a_colour_segmentation.py -> /home/an/ros2_ws/build/self_driving/build/lib/self_driving/Detection/Lanes
[4.059s] running install
[4.060s] running install_lib
[4.063s] copying /home/an/ros2_ws/build/self_driving/build/lib/self_driving/computer_vision_node.py -> /home/an/ros2_ws/install/self_driving/lib/python3.10/site-packages/self_driving
[4.067s] copying /home/an/ros2_ws/build/self_driving/build/lib/self_driving/Detection/Lanes/a_colour_segmentation.py -> /home/an/ros2_ws/install/self_driving/lib/python3.10/site-packages/self_driving/Detection/Lanes
[4.072s] byte-compiling /home/an/ros2_ws/install/self_driving/lib/python3.10/site-packages/self_driving/computer_vision_node.py to computer_vision_node.cpython-310.pyc
[4.077s] byte-compiling /home/an/ros2_ws/install/self_driving/lib/python3.10/site-packages/self_driving/Detection/Lanes/a_colour_segmentation.py to a_colour_segmentation.cpython-310.pyc
[4.083s] running install_data
[4.084s] running install_egg_info
[4.093s] removing '/home/an/ros2_ws/install/self_driving/lib/python3.10/site-packages/self_driving-0.0.0-py3.10.egg-info' (and everything under it)
[4.094s] Copying ../../build/self_driving/self_driving.egg-info to /home/an/ros2_ws/install/self_driving/lib/python3.10/site-packages/self_driving-0.0.0-py3.10.egg-info
[4.100s] running install_scripts
[4.186s] Installing cam_node script to /home/an/ros2_ws/install/self_driving/lib/self_driving
[4.187s] Installing computer_vision_node script to /home/an/ros2_ws/install/self_driving/lib/self_driving
[4.190s] Installing driving_node script to /home/an/ros2_ws/install/self_driving/lib/self_driving
[4.191s] Installing recorder_node script to /home/an/ros2_ws/install/self_driving/lib/self_driving
[4.192s] Installing start_node script to /home/an/ros2_ws/install/self_driving/lib/self_driving
[4.193s] Installing traffic_signal_node script to /home/an/ros2_ws/install/self_driving/lib/self_driving
[4.194s] Installing vel_wheel_node script to /home/an/ros2_ws/install/self_driving/lib/self_driving
[4.198s] writing list of installed files to '/home/an/ros2_ws/build/self_driving/install.log'
[4.325s] Invoked command in '/home/an/ros2_ws/src/self_driving' returned '0': PYTHONPATH=/home/an/ros2_ws/build/self_driving/prefix_override:/home/an/ros2_ws/install/self_driving/lib/python3.10/site-packages:${PYTHONPATH} /usr/bin/python3 -W ignore:setup.py install is deprecated setup.py egg_info --egg-base ../../build/self_driving build --build-base /home/an/ros2_ws/build/self_driving/build install --record /home/an/ros2_ws/build/self_driving/install.log --single-version-externally-managed install_data
