[2.881s] Invoking command in '/home/an/ros2_ws/src/self_driving': PYTHONPATH=/home/an/ros2_ws/build/self_driving/prefix_override:/home/an/ros2_ws/install/self_driving/lib/python3.10/site-packages:${PYTHONPATH} /usr/bin/python3 -W ignore:setup.py install is deprecated setup.py egg_info --egg-base ../../build/self_driving build --build-base /home/an/ros2_ws/build/self_driving/build install --record /home/an/ros2_ws/build/self_driving/install.log --single-version-externally-managed install_data
[3.963s] running egg_info
[3.966s] writing ../../build/self_driving/self_driving.egg-info/PKG-INFO
[3.967s] writing dependency_links to ../../build/self_driving/self_driving.egg-info/dependency_links.txt
[3.969s] writing entry points to ../../build/self_driving/self_driving.egg-info/entry_points.txt
[3.970s] writing requirements to ../../build/self_driving/self_driving.egg-info/requires.txt
[3.970s] writing top-level names to ../../build/self_driving/self_driving.egg-info/top_level.txt
[3.983s] reading manifest file '../../build/self_driving/self_driving.egg-info/SOURCES.txt'
[3.985s] adding license file 'LICENSE'
[3.988s] writing manifest file '../../build/self_driving/self_driving.egg-info/SOURCES.txt'
[3.989s] running build
[3.989s] running build_py
[3.990s] copying self_driving/drive_BOT.py -> /home/an/ros2_ws/build/self_driving/build/lib/self_driving
[3.998s] running install
[3.999s] running install_lib
[4.003s] copying /home/an/ros2_ws/build/self_driving/build/lib/self_driving/drive_BOT.py -> /home/an/ros2_ws/install/self_driving/lib/python3.10/site-packages/self_driving
[4.013s] byte-compiling /home/an/ros2_ws/install/self_driving/lib/python3.10/site-packages/self_driving/drive_BOT.py to drive_BOT.cpython-310.pyc
[4.022s] running install_data
[4.023s] running install_egg_info
[4.030s] removing '/home/an/ros2_ws/install/self_driving/lib/python3.10/site-packages/self_driving-0.0.0-py3.10.egg-info' (and everything under it)
[4.032s] Copying ../../build/self_driving/self_driving.egg-info to /home/an/ros2_ws/install/self_driving/lib/python3.10/site-packages/self_driving-0.0.0-py3.10.egg-info
[4.039s] running install_scripts
[4.126s] Installing cam_node script to /home/an/ros2_ws/install/self_driving/lib/self_driving
[4.127s] Installing computer_vision_node script to /home/an/ros2_ws/install/self_driving/lib/self_driving
[4.128s] Installing driving_node script to /home/an/ros2_ws/install/self_driving/lib/self_driving
[4.129s] Installing recorder_node script to /home/an/ros2_ws/install/self_driving/lib/self_driving
[4.129s] Installing vel_wheel_node script to /home/an/ros2_ws/install/self_driving/lib/self_driving
[4.134s] writing list of installed files to '/home/an/ros2_ws/build/self_driving/install.log'
[4.265s] Invoked command in '/home/an/ros2_ws/src/self_driving' returned '0': PYTHONPATH=/home/an/ros2_ws/build/self_driving/prefix_override:/home/an/ros2_ws/install/self_driving/lib/python3.10/site-packages:${PYTHONPATH} /usr/bin/python3 -W ignore:setup.py install is deprecated setup.py egg_info --egg-base ../../build/self_driving build --build-base /home/an/ros2_ws/build/self_driving/build install --record /home/an/ros2_ws/build/self_driving/install.log --single-version-externally-managed install_data
