[2.714s] Invoking command in '/home/an/ros2_ws/src/self_driving': PYTHONPATH=/home/an/ros2_ws/build/self_driving/prefix_override:/home/an/ros2_ws/install/self_driving/lib/python3.10/site-packages:${PYTHONPATH} /usr/bin/python3 -W ignore:setup.py install is deprecated setup.py egg_info --egg-base ../../build/self_driving build --build-base /home/an/ros2_ws/build/self_driving/build install --record /home/an/ros2_ws/build/self_driving/install.log --single-version-externally-managed install_data
[3.722s] running egg_info
[3.725s] writing ../../build/self_driving/self_driving.egg-info/PKG-INFO
[3.726s] writing dependency_links to ../../build/self_driving/self_driving.egg-info/dependency_links.txt
[3.729s] writing entry points to ../../build/self_driving/self_driving.egg-info/entry_points.txt
[3.730s] writing requirements to ../../build/self_driving/self_driving.egg-info/requires.txt
[3.731s] writing top-level names to ../../build/self_driving/self_driving.egg-info/top_level.txt
[3.740s] reading manifest file '../../build/self_driving/self_driving.egg-info/SOURCES.txt'
[3.741s] adding license file 'LICENSE'
[3.745s] writing manifest file '../../build/self_driving/self_driving.egg-info/SOURCES.txt'
[3.746s] running build
[3.746s] running build_py
[3.748s] copying self_driving/video_recorder.py -> /home/an/ros2_ws/build/self_driving/build/lib/self_driving
[3.755s] running install
[3.756s] running install_lib
[3.765s] copying /home/an/ros2_ws/build/self_driving/build/lib/self_driving/video_recorder.py -> /home/an/ros2_ws/install/self_driving/lib/python3.10/site-packages/self_driving
[3.771s] byte-compiling /home/an/ros2_ws/install/self_driving/lib/python3.10/site-packages/self_driving/video_recorder.py to video_recorder.cpython-310.pyc
[3.775s] running install_data
[3.775s] running install_egg_info
[3.782s] removing '/home/an/ros2_ws/install/self_driving/lib/python3.10/site-packages/self_driving-0.0.0-py3.10.egg-info' (and everything under it)
[3.783s] Copying ../../build/self_driving/self_driving.egg-info to /home/an/ros2_ws/install/self_driving/lib/python3.10/site-packages/self_driving-0.0.0-py3.10.egg-info
[3.788s] running install_scripts
[3.874s] Installing cam_node script to /home/an/ros2_ws/install/self_driving/lib/self_driving
[3.875s] Installing computer_vision_node script to /home/an/ros2_ws/install/self_driving/lib/self_driving
[3.875s] Installing driving_node script to /home/an/ros2_ws/install/self_driving/lib/self_driving
[3.876s] Installing recorder_node script to /home/an/ros2_ws/install/self_driving/lib/self_driving
[3.877s] Installing vel_wheel_node script to /home/an/ros2_ws/install/self_driving/lib/self_driving
[3.882s] writing list of installed files to '/home/an/ros2_ws/build/self_driving/install.log'
[4.012s] Invoked command in '/home/an/ros2_ws/src/self_driving' returned '0': PYTHONPATH=/home/an/ros2_ws/build/self_driving/prefix_override:/home/an/ros2_ws/install/self_driving/lib/python3.10/site-packages:${PYTHONPATH} /usr/bin/python3 -W ignore:setup.py install is deprecated setup.py egg_info --egg-base ../../build/self_driving build --build-base /home/an/ros2_ws/build/self_driving/build install --record /home/an/ros2_ws/build/self_driving/install.log --single-version-externally-managed install_data
