[2.985s] Invoking command in '/home/an/ros2_ws/src/self_driving': PYTHONPATH=/home/an/ros2_ws/build/self_driving/prefix_override:/home/an/ros2_ws/install/self_driving/lib/python3.10/site-packages:${PYTHONPATH} /usr/bin/python3 -W ignore:setup.py install is deprecated setup.py egg_info --egg-base ../../build/self_driving build --build-base /home/an/ros2_ws/build/self_driving/build install --record /home/an/ros2_ws/build/self_driving/install.log --single-version-externally-managed install_data
[4.116s] running egg_info
[4.118s] writing ../../build/self_driving/self_driving.egg-info/PKG-INFO
[4.120s] writing dependency_links to ../../build/self_driving/self_driving.egg-info/dependency_links.txt
[4.121s] writing entry points to ../../build/self_driving/self_driving.egg-info/entry_points.txt
[4.121s] writing requirements to ../../build/self_driving/self_driving.egg-info/requires.txt
[4.122s] writing top-level names to ../../build/self_driving/self_driving.egg-info/top_level.txt
[4.133s] reading manifest file '../../build/self_driving/self_driving.egg-info/SOURCES.txt'
[4.135s] adding license file 'LICENSE'
[4.140s] writing manifest file '../../build/self_driving/self_driving.egg-info/SOURCES.txt'
[4.142s] running build
[4.143s] running build_py
[4.143s] copying self_driving/computer_vision_node.py -> /home/an/ros2_ws/build/self_driving/build/lib/self_driving
[4.149s] copying self_driving/Detection/Lanes/a_colour_segmentation.py -> /home/an/ros2_ws/build/self_driving/build/lib/self_driving/Detection/Lanes
[4.152s] running install
[4.153s] running install_lib
[4.157s] copying /home/an/ros2_ws/build/self_driving/build/lib/self_driving/computer_vision_node.py -> /home/an/ros2_ws/install/self_driving/lib/python3.10/site-packages/self_driving
[4.161s] copying /home/an/ros2_ws/build/self_driving/build/lib/self_driving/Detection/Lanes/a_colour_segmentation.py -> /home/an/ros2_ws/install/self_driving/lib/python3.10/site-packages/self_driving/Detection/Lanes
[4.167s] byte-compiling /home/an/ros2_ws/install/self_driving/lib/python3.10/site-packages/self_driving/computer_vision_node.py to computer_vision_node.cpython-310.pyc
[4.173s] byte-compiling /home/an/ros2_ws/install/self_driving/lib/python3.10/site-packages/self_driving/Detection/Lanes/a_colour_segmentation.py to a_colour_segmentation.cpython-310.pyc
[4.180s] running install_data
[4.181s] running install_egg_info
[4.187s] removing '/home/an/ros2_ws/install/self_driving/lib/python3.10/site-packages/self_driving-0.0.0-py3.10.egg-info' (and everything under it)
[4.189s] Copying ../../build/self_driving/self_driving.egg-info to /home/an/ros2_ws/install/self_driving/lib/python3.10/site-packages/self_driving-0.0.0-py3.10.egg-info
[4.197s] running install_scripts
[4.287s] Installing cam_node script to /home/an/ros2_ws/install/self_driving/lib/self_driving
[4.288s] Installing computer_vision_node script to /home/an/ros2_ws/install/self_driving/lib/self_driving
[4.289s] Installing driving_node script to /home/an/ros2_ws/install/self_driving/lib/self_driving
[4.290s] Installing recorder_node script to /home/an/ros2_ws/install/self_driving/lib/self_driving
[4.291s] Installing start_node script to /home/an/ros2_ws/install/self_driving/lib/self_driving
[4.292s] Installing traffic_signal_node script to /home/an/ros2_ws/install/self_driving/lib/self_driving
[4.293s] Installing vel_wheel_node script to /home/an/ros2_ws/install/self_driving/lib/self_driving
[4.297s] writing list of installed files to '/home/an/ros2_ws/build/self_driving/install.log'
[4.431s] Invoked command in '/home/an/ros2_ws/src/self_driving' returned '0': PYTHONPATH=/home/an/ros2_ws/build/self_driving/prefix_override:/home/an/ros2_ws/install/self_driving/lib/python3.10/site-packages:${PYTHONPATH} /usr/bin/python3 -W ignore:setup.py install is deprecated setup.py egg_info --egg-base ../../build/self_driving build --build-base /home/an/ros2_ws/build/self_driving/build install --record /home/an/ros2_ws/build/self_driving/install.log --single-version-externally-managed install_data
