[2.794s] Invoking command in '/home/an/ros2_ws/src/self_driving': PYTHONPATH=/home/an/ros2_ws/build/self_driving/prefix_override:/home/an/ros2_ws/install/self_driving/lib/python3.10/site-packages:${PYTHONPATH} /usr/bin/python3 -W ignore:setup.py install is deprecated setup.py egg_info --egg-base ../../build/self_driving build --build-base /home/an/ros2_ws/build/self_driving/build install --record /home/an/ros2_ws/build/self_driving/install.log --single-version-externally-managed install_data
[4.016s] running egg_info
[4.018s] writing ../../build/self_driving/self_driving.egg-info/PKG-INFO
[4.019s] writing dependency_links to ../../build/self_driving/self_driving.egg-info/dependency_links.txt
[4.020s] writing entry points to ../../build/self_driving/self_driving.egg-info/entry_points.txt
[4.021s] writing requirements to ../../build/self_driving/self_driving.egg-info/requires.txt
[4.022s] writing top-level names to ../../build/self_driving/self_driving.egg-info/top_level.txt
[4.037s] reading manifest file '../../build/self_driving/self_driving.egg-info/SOURCES.txt'
[4.040s] adding license file 'LICENSE'
[4.043s] writing manifest file '../../build/self_driving/self_driving.egg-info/SOURCES.txt'
[4.044s] running build
[4.045s] running build_py
[4.046s] copying self_driving/drive_BOT.py -> /home/an/ros2_ws/build/self_driving/build/lib/self_driving
[4.054s] running install
[4.055s] running install_lib
[4.060s] copying /home/an/ros2_ws/build/self_driving/build/lib/self_driving/drive_BOT.py -> /home/an/ros2_ws/install/self_driving/lib/python3.10/site-packages/self_driving
[4.070s] byte-compiling /home/an/ros2_ws/install/self_driving/lib/python3.10/site-packages/self_driving/drive_BOT.py to drive_BOT.cpython-310.pyc
[4.080s] running install_data
[4.081s] running install_egg_info
[4.088s] removing '/home/an/ros2_ws/install/self_driving/lib/python3.10/site-packages/self_driving-0.0.0-py3.10.egg-info' (and everything under it)
[4.090s] Copying ../../build/self_driving/self_driving.egg-info to /home/an/ros2_ws/install/self_driving/lib/python3.10/site-packages/self_driving-0.0.0-py3.10.egg-info
[4.098s] running install_scripts
[4.195s] Installing cam_node script to /home/an/ros2_ws/install/self_driving/lib/self_driving
[4.196s] Installing computer_vision_node script to /home/an/ros2_ws/install/self_driving/lib/self_driving
[4.198s] Installing driving_node script to /home/an/ros2_ws/install/self_driving/lib/self_driving
[4.200s] Installing recorder_node script to /home/an/ros2_ws/install/self_driving/lib/self_driving
[4.202s] Installing vel_wheel_node script to /home/an/ros2_ws/install/self_driving/lib/self_driving
[4.206s] writing list of installed files to '/home/an/ros2_ws/build/self_driving/install.log'
[4.350s] Invoked command in '/home/an/ros2_ws/src/self_driving' returned '0': PYTHONPATH=/home/an/ros2_ws/build/self_driving/prefix_override:/home/an/ros2_ws/install/self_driving/lib/python3.10/site-packages:${PYTHONPATH} /usr/bin/python3 -W ignore:setup.py install is deprecated setup.py egg_info --egg-base ../../build/self_driving build --build-base /home/an/ros2_ws/build/self_driving/build install --record /home/an/ros2_ws/build/self_driving/install.log --single-version-externally-managed install_data
