[1.215s] DEBUG:colcon:Command line arguments: ['/usr/bin/colcon', 'build']
[1.217s] DEBUG:colcon:Parsed command line arguments: Namespace(log_base=None, log_level=None, verb_name='build', build_base='build', install_base='install', merge_install=False, symlink_install=False, test_result_base=None, continue_on_error=False, executor='parallel', parallel_workers=4, event_handlers=None, ignore_user_meta=False, metas=['./colcon.meta'], base_paths=['.'], packages_ignore=None, packages_ignore_regex=None, paths=None, packages_up_to=None, packages_up_to_regex=None, packages_above=None, packages_above_and_dependencies=None, packages_above_depth=None, packages_select_by_dep=None, packages_skip_by_dep=None, packages_skip_up_to=None, packages_select_build_failed=False, packages_skip_build_finished=False, packages_select_test_failures=False, packages_skip_test_passed=False, packages_select=None, packages_skip=None, packages_select_regex=None, packages_skip_regex=None, packages_start=None, packages_end=None, allow_overriding=[], cmake_args=None, cmake_target=None, cmake_target_skip_unavailable=False, cmake_clean_cache=False, cmake_clean_first=False, cmake_force_configure=False, ament_cmake_args=None, catkin_cmake_args=None, catkin_skip_building_tests=False, verb_parser=<colcon_defaults.argument_parser.defaults.DefaultArgumentsDecorator object at 0xffff8331b550>, verb_extension=<colcon_core.verb.build.BuildVerb object at 0xffff83260190>, main=<bound method BuildVerb.main of <colcon_core.verb.build.BuildVerb object at 0xffff83260190>>)
[3.693s] Level 1:colcon.colcon_core.package_discovery:discover_packages(colcon_meta) check parameters
[3.694s] Level 1:colcon.colcon_core.package_discovery:discover_packages(recursive) check parameters
[3.694s] Level 1:colcon.colcon_core.package_discovery:discover_packages(ignore) check parameters
[3.695s] Level 1:colcon.colcon_core.package_discovery:discover_packages(path) check parameters
[3.695s] Level 1:colcon.colcon_core.package_discovery:discover_packages(colcon_meta) discover
[3.695s] Level 1:colcon.colcon_core.package_discovery:discover_packages(recursive) discover
[3.695s] INFO:colcon.colcon_core.package_discovery:Crawling recursively for packages in '/home/an/ros2_ws'
[3.697s] Level 1:colcon.colcon_core.package_identification:_identify(.) by extensions ['ignore', 'ignore_ament_install']
[3.697s] Level 1:colcon.colcon_core.package_identification:_identify(.) by extension 'ignore'
[3.698s] Level 1:colcon.colcon_core.package_identification:_identify(.) by extension 'ignore_ament_install'
[3.698s] Level 1:colcon.colcon_core.package_identification:_identify(.) by extensions ['colcon_pkg']
[3.698s] Level 1:colcon.colcon_core.package_identification:_identify(.) by extension 'colcon_pkg'
[3.699s] Level 1:colcon.colcon_core.package_identification:_identify(.) by extensions ['colcon_meta']
[3.699s] Level 1:colcon.colcon_core.package_identification:_identify(.) by extension 'colcon_meta'
[3.699s] Level 1:colcon.colcon_core.package_identification:_identify(.) by extensions ['ros']
[3.699s] Level 1:colcon.colcon_core.package_identification:_identify(.) by extension 'ros'
[3.772s] Level 1:colcon.colcon_core.package_identification:_identify(.) by extensions ['cmake', 'python']
[3.772s] Level 1:colcon.colcon_core.package_identification:_identify(.) by extension 'cmake'
[3.773s] Level 1:colcon.colcon_core.package_identification:_identify(.) by extension 'python'
[3.774s] Level 1:colcon.colcon_core.package_identification:_identify(.) by extensions ['python_setup_py']
[3.775s] Level 1:colcon.colcon_core.package_identification:_identify(.) by extension 'python_setup_py'
[3.775s] Level 1:colcon.colcon_core.package_identification:_identify(build) by extensions ['ignore', 'ignore_ament_install']
[3.776s] Level 1:colcon.colcon_core.package_identification:_identify(build) by extension 'ignore'
[3.777s] Level 1:colcon.colcon_core.package_identification:_identify(build) ignored
[3.778s] Level 1:colcon.colcon_core.package_identification:_identify(install) by extensions ['ignore', 'ignore_ament_install']
[3.779s] Level 1:colcon.colcon_core.package_identification:_identify(install) by extension 'ignore'
[3.780s] Level 1:colcon.colcon_core.package_identification:_identify(install) ignored
[3.784s] Level 1:colcon.colcon_core.package_identification:_identify(log) by extensions ['ignore', 'ignore_ament_install']
[3.785s] Level 1:colcon.colcon_core.package_identification:_identify(log) by extension 'ignore'
[3.785s] Level 1:colcon.colcon_core.package_identification:_identify(log) ignored
[3.786s] Level 1:colcon.colcon_core.package_identification:_identify(src) by extensions ['ignore', 'ignore_ament_install']
[3.786s] Level 1:colcon.colcon_core.package_identification:_identify(src) by extension 'ignore'
[3.787s] Level 1:colcon.colcon_core.package_identification:_identify(src) by extension 'ignore_ament_install'
[3.787s] Level 1:colcon.colcon_core.package_identification:_identify(src) by extensions ['colcon_pkg']
[3.787s] Level 1:colcon.colcon_core.package_identification:_identify(src) by extension 'colcon_pkg'
[3.787s] Level 1:colcon.colcon_core.package_identification:_identify(src) by extensions ['colcon_meta']
[3.788s] Level 1:colcon.colcon_core.package_identification:_identify(src) by extension 'colcon_meta'
[3.788s] Level 1:colcon.colcon_core.package_identification:_identify(src) by extensions ['ros']
[3.788s] Level 1:colcon.colcon_core.package_identification:_identify(src) by extension 'ros'
[3.789s] Level 1:colcon.colcon_core.package_identification:_identify(src) by extensions ['cmake', 'python']
[3.789s] Level 1:colcon.colcon_core.package_identification:_identify(src) by extension 'cmake'
[3.789s] Level 1:colcon.colcon_core.package_identification:_identify(src) by extension 'python'
[3.789s] Level 1:colcon.colcon_core.package_identification:_identify(src) by extensions ['python_setup_py']
[3.789s] Level 1:colcon.colcon_core.package_identification:_identify(src) by extension 'python_setup_py'
[3.790s] Level 1:colcon.colcon_core.package_identification:_identify(src/image_resources) by extensions ['ignore', 'ignore_ament_install']
[3.791s] Level 1:colcon.colcon_core.package_identification:_identify(src/image_resources) by extension 'ignore'
[3.791s] Level 1:colcon.colcon_core.package_identification:_identify(src/image_resources) by extension 'ignore_ament_install'
[3.791s] Level 1:colcon.colcon_core.package_identification:_identify(src/image_resources) by extensions ['colcon_pkg']
[3.792s] Level 1:colcon.colcon_core.package_identification:_identify(src/image_resources) by extension 'colcon_pkg'
[3.792s] Level 1:colcon.colcon_core.package_identification:_identify(src/image_resources) by extensions ['colcon_meta']
[3.792s] Level 1:colcon.colcon_core.package_identification:_identify(src/image_resources) by extension 'colcon_meta'
[3.793s] Level 1:colcon.colcon_core.package_identification:_identify(src/image_resources) by extensions ['ros']
[3.793s] Level 1:colcon.colcon_core.package_identification:_identify(src/image_resources) by extension 'ros'
[3.794s] Level 1:colcon.colcon_core.package_identification:_identify(src/image_resources) by extensions ['cmake', 'python']
[3.794s] Level 1:colcon.colcon_core.package_identification:_identify(src/image_resources) by extension 'cmake'
[3.794s] Level 1:colcon.colcon_core.package_identification:_identify(src/image_resources) by extension 'python'
[3.794s] Level 1:colcon.colcon_core.package_identification:_identify(src/image_resources) by extensions ['python_setup_py']
[3.795s] Level 1:colcon.colcon_core.package_identification:_identify(src/image_resources) by extension 'python_setup_py'
[3.795s] Level 1:colcon.colcon_core.package_identification:_identify(src/self_driving) by extensions ['ignore', 'ignore_ament_install']
[3.796s] Level 1:colcon.colcon_core.package_identification:_identify(src/self_driving) by extension 'ignore'
[3.796s] Level 1:colcon.colcon_core.package_identification:_identify(src/self_driving) by extension 'ignore_ament_install'
[3.797s] Level 1:colcon.colcon_core.package_identification:_identify(src/self_driving) by extensions ['colcon_pkg']
[3.797s] Level 1:colcon.colcon_core.package_identification:_identify(src/self_driving) by extension 'colcon_pkg'
[3.797s] Level 1:colcon.colcon_core.package_identification:_identify(src/self_driving) by extensions ['colcon_meta']
[3.798s] Level 1:colcon.colcon_core.package_identification:_identify(src/self_driving) by extension 'colcon_meta'
[3.798s] Level 1:colcon.colcon_core.package_identification:_identify(src/self_driving) by extensions ['ros']
[3.798s] Level 1:colcon.colcon_core.package_identification:_identify(src/self_driving) by extension 'ros'
[3.816s] DEBUG:colcon.colcon_core.package_identification:Package 'src/self_driving' with type 'ros.ament_python' and name 'self_driving'
[3.817s] Level 1:colcon.colcon_core.package_discovery:discover_packages(recursive) using defaults
[3.817s] Level 1:colcon.colcon_core.package_discovery:discover_packages(ignore) discover
[3.817s] Level 1:colcon.colcon_core.package_discovery:discover_packages(ignore) using defaults
[3.817s] Level 1:colcon.colcon_core.package_discovery:discover_packages(path) discover
[3.817s] Level 1:colcon.colcon_core.package_discovery:discover_packages(path) using defaults
[3.953s] Level 1:colcon.colcon_core.package_discovery:discover_packages(prefix_path) check parameters
[3.953s] Level 1:colcon.colcon_core.package_discovery:discover_packages(prefix_path) discover
[3.971s] DEBUG:colcon.colcon_installed_package_information.package_discovery:Found 3 installed packages in /home/an/an_ws/install
[3.975s] DEBUG:colcon.colcon_installed_package_information.package_discovery:Found 6 installed packages in /home/an/autonomous_tb3_ws/install
[3.982s] DEBUG:colcon.colcon_installed_package_information.package_discovery:Found 1 installed packages in /home/an/ros2_ws/install
[3.990s] DEBUG:colcon.colcon_installed_package_information.package_discovery:Found 223 installed packages in /opt/ros/humble
[3.995s] Level 1:colcon.colcon_core.package_discovery:discover_packages(prefix_path) using defaults
[4.235s] Level 5:colcon.colcon_core.verb:set package 'self_driving' build argument 'cmake_args' from command line to 'None'
[4.235s] Level 5:colcon.colcon_core.verb:set package 'self_driving' build argument 'cmake_target' from command line to 'None'
[4.235s] Level 5:colcon.colcon_core.verb:set package 'self_driving' build argument 'cmake_target_skip_unavailable' from command line to 'False'
[4.235s] Level 5:colcon.colcon_core.verb:set package 'self_driving' build argument 'cmake_clean_cache' from command line to 'False'
[4.235s] Level 5:colcon.colcon_core.verb:set package 'self_driving' build argument 'cmake_clean_first' from command line to 'False'
[4.236s] Level 5:colcon.colcon_core.verb:set package 'self_driving' build argument 'cmake_force_configure' from command line to 'False'
[4.236s] Level 5:colcon.colcon_core.verb:set package 'self_driving' build argument 'ament_cmake_args' from command line to 'None'
[4.236s] Level 5:colcon.colcon_core.verb:set package 'self_driving' build argument 'catkin_cmake_args' from command line to 'None'
[4.236s] Level 5:colcon.colcon_core.verb:set package 'self_driving' build argument 'catkin_skip_building_tests' from command line to 'False'
[4.236s] DEBUG:colcon.colcon_core.verb:Building package 'self_driving' with the following arguments: {'ament_cmake_args': None, 'build_base': '/home/an/ros2_ws/build/self_driving', 'catkin_cmake_args': None, 'catkin_skip_building_tests': False, 'cmake_args': None, 'cmake_clean_cache': False, 'cmake_clean_first': False, 'cmake_force_configure': False, 'cmake_target': None, 'cmake_target_skip_unavailable': False, 'install_base': '/home/an/ros2_ws/install/self_driving', 'merge_install': False, 'path': '/home/an/ros2_ws/src/self_driving', 'symlink_install': False, 'test_result_base': None}
[4.237s] INFO:colcon.colcon_core.executor:Executing jobs using 'parallel' executor
[4.242s] DEBUG:colcon.colcon_parallel_executor.executor.parallel:run_until_complete
[4.243s] INFO:colcon.colcon_ros.task.ament_python.build:Building ROS package in '/home/an/ros2_ws/src/self_driving' with build type 'ament_python'
[4.244s] Level 1:colcon.colcon_core.shell:create_environment_hook('self_driving', 'ament_prefix_path')
[4.267s] INFO:colcon.colcon_core.plugin_system:Skipping extension 'colcon_core.shell.bat': Not used on non-Windows systems
[4.268s] INFO:colcon.colcon_core.shell:Creating environment hook '/home/an/ros2_ws/install/self_driving/share/self_driving/hook/ament_prefix_path.ps1'
[4.272s] INFO:colcon.colcon_core.shell:Creating environment descriptor '/home/an/ros2_ws/install/self_driving/share/self_driving/hook/ament_prefix_path.dsv'
[4.277s] INFO:colcon.colcon_core.shell:Creating environment hook '/home/an/ros2_ws/install/self_driving/share/self_driving/hook/ament_prefix_path.sh'
[4.283s] INFO:colcon.colcon_core.shell:Skip shell extension 'powershell' for command environment: Not usable outside of PowerShell
[4.284s] DEBUG:colcon.colcon_core.shell:Skip shell extension 'dsv' for command environment
[5.897s] INFO:colcon.colcon_core.task.python.build:Building Python package in '/home/an/ros2_ws/src/self_driving'
[5.898s] INFO:colcon.colcon_core.shell:Skip shell extension 'powershell' for command environment: Not usable outside of PowerShell
[5.899s] DEBUG:colcon.colcon_core.shell:Skip shell extension 'dsv' for command environment
[8.541s] DEBUG:colcon.colcon_core.event_handler.log_command:Invoking command in '/home/an/ros2_ws/src/self_driving': PYTHONPATH=/home/an/ros2_ws/build/self_driving/prefix_override:/home/an/ros2_ws/install/self_driving/lib/python3.10/site-packages:${PYTHONPATH} /usr/bin/python3 -W ignore:setup.py install is deprecated setup.py egg_info --egg-base ../../build/self_driving build --build-base /home/an/ros2_ws/build/self_driving/build install --record /home/an/ros2_ws/build/self_driving/install.log --single-version-externally-managed install_data
[10.646s] DEBUG:colcon.colcon_core.event_handler.log_command:Invoked command in '/home/an/ros2_ws/src/self_driving' returned '0': PYTHONPATH=/home/an/ros2_ws/build/self_driving/prefix_override:/home/an/ros2_ws/install/self_driving/lib/python3.10/site-packages:${PYTHONPATH} /usr/bin/python3 -W ignore:setup.py install is deprecated setup.py egg_info --egg-base ../../build/self_driving build --build-base /home/an/ros2_ws/build/self_driving/build install --record /home/an/ros2_ws/build/self_driving/install.log --single-version-externally-managed install_data
[10.695s] Level 1:colcon.colcon_core.environment:checking '/home/an/ros2_ws/install/self_driving' for CMake module files
[10.699s] Level 1:colcon.colcon_core.environment:checking '/home/an/ros2_ws/install/self_driving' for CMake config files
[10.707s] Level 1:colcon.colcon_core.environment:checking '/home/an/ros2_ws/install/self_driving/lib'
[10.708s] Level 1:colcon.colcon_core.environment:checking '/home/an/ros2_ws/install/self_driving/bin'
[10.709s] Level 1:colcon.colcon_core.environment:checking '/home/an/ros2_ws/install/self_driving/lib/pkgconfig/self_driving.pc'
[10.712s] Level 1:colcon.colcon_core.environment:checking '/home/an/ros2_ws/install/self_driving/lib/python3.10/site-packages'
[10.715s] Level 1:colcon.colcon_core.shell:create_environment_hook('self_driving', 'pythonpath')
[10.717s] INFO:colcon.colcon_core.shell:Creating environment hook '/home/an/ros2_ws/install/self_driving/share/self_driving/hook/pythonpath.ps1'
[10.720s] INFO:colcon.colcon_core.shell:Creating environment descriptor '/home/an/ros2_ws/install/self_driving/share/self_driving/hook/pythonpath.dsv'
[10.722s] INFO:colcon.colcon_core.shell:Creating environment hook '/home/an/ros2_ws/install/self_driving/share/self_driving/hook/pythonpath.sh'
[10.725s] Level 1:colcon.colcon_core.environment:checking '/home/an/ros2_ws/install/self_driving/bin'
[10.725s] Level 1:colcon.colcon_core.environment:create_environment_scripts_only(self_driving)
[10.727s] INFO:colcon.colcon_core.shell:Creating package script '/home/an/ros2_ws/install/self_driving/share/self_driving/package.ps1'
[10.734s] INFO:colcon.colcon_core.shell:Creating package descriptor '/home/an/ros2_ws/install/self_driving/share/self_driving/package.dsv'
[10.741s] INFO:colcon.colcon_core.shell:Creating package script '/home/an/ros2_ws/install/self_driving/share/self_driving/package.sh'
[10.756s] INFO:colcon.colcon_core.shell:Creating package script '/home/an/ros2_ws/install/self_driving/share/self_driving/package.bash'
[10.764s] INFO:colcon.colcon_core.shell:Creating package script '/home/an/ros2_ws/install/self_driving/share/self_driving/package.zsh'
[10.770s] Level 1:colcon.colcon_core.environment:create_file_with_runtime_dependencies(/home/an/ros2_ws/install/self_driving/share/colcon-core/packages/self_driving)
[10.773s] DEBUG:colcon.colcon_parallel_executor.executor.parallel:closing loop
[10.776s] DEBUG:colcon.colcon_parallel_executor.executor.parallel:loop closed
[10.777s] DEBUG:colcon.colcon_parallel_executor.executor.parallel:run_until_complete finished with '0'
[10.782s] DEBUG:colcon.colcon_core.event_reactor:joining thread
[10.830s] INFO:colcon.colcon_core.plugin_system:Skipping extension 'colcon_notification.desktop_notification.notify_send': Could not find 'notify-send'
[10.831s] INFO:colcon.colcon_core.plugin_system:Skipping extension 'colcon_notification.desktop_notification.terminal_notifier': Not used on non-Darwin systems
[10.831s] INFO:colcon.colcon_core.plugin_system:Skipping extension 'colcon_notification.desktop_notification.win32': Not used on non-Windows systems
[10.831s] INFO:colcon.colcon_notification.desktop_notification:Sending desktop notification using 'notify2'
[10.836s] DEBUG:colcon.colcon_notification.desktop_notification.notify2:Failed to initialize notify2: org.freedesktop.DBus.Error.ServiceUnknown: The name org.freedesktop.Notifications was not provided by any .service files
[10.837s] DEBUG:colcon.colcon_core.event_reactor:joined thread
[10.839s] INFO:colcon.colcon_core.shell:Creating prefix script '/home/an/ros2_ws/install/local_setup.ps1'
[10.861s] INFO:colcon.colcon_core.shell:Creating prefix util module '/home/an/ros2_ws/install/_local_setup_util_ps1.py'
[10.875s] INFO:colcon.colcon_core.shell:Creating prefix chain script '/home/an/ros2_ws/install/setup.ps1'
[10.893s] INFO:colcon.colcon_core.shell:Creating prefix script '/home/an/ros2_ws/install/local_setup.sh'
[10.899s] INFO:colcon.colcon_core.shell:Creating prefix util module '/home/an/ros2_ws/install/_local_setup_util_sh.py'
[10.910s] INFO:colcon.colcon_core.shell:Creating prefix chain script '/home/an/ros2_ws/install/setup.sh'
[10.933s] INFO:colcon.colcon_core.shell:Creating prefix script '/home/an/ros2_ws/install/local_setup.bash'
[10.940s] INFO:colcon.colcon_core.shell:Creating prefix chain script '/home/an/ros2_ws/install/setup.bash'
[10.958s] INFO:colcon.colcon_core.shell:Creating prefix script '/home/an/ros2_ws/install/local_setup.zsh'
[10.964s] INFO:colcon.colcon_core.shell:Creating prefix chain script '/home/an/ros2_ws/install/setup.zsh'
