[2.969s] Invoking command in '/home/an/ros2_ws/src/self_driving': PYTHONPATH=/home/an/ros2_ws/build/self_driving/prefix_override:/home/an/ros2_ws/install/self_driving/lib/python3.10/site-packages:${PYTHONPATH} /usr/bin/python3 -W ignore:setup.py install is deprecated setup.py egg_info --egg-base ../../build/self_driving build --build-base /home/an/ros2_ws/build/self_driving/build install --record /home/an/ros2_ws/build/self_driving/install.log --single-version-externally-managed install_data
[4.081s] running egg_info
[4.084s] writing ../../build/self_driving/self_driving.egg-info/PKG-INFO
[4.085s] writing dependency_links to ../../build/self_driving/self_driving.egg-info/dependency_links.txt
[4.086s] writing entry points to ../../build/self_driving/self_driving.egg-info/entry_points.txt
[4.088s] writing requirements to ../../build/self_driving/self_driving.egg-info/requires.txt
[4.088s] writing top-level names to ../../build/self_driving/self_driving.egg-info/top_level.txt
[4.102s] reading manifest file '../../build/self_driving/self_driving.egg-info/SOURCES.txt'
[4.103s] adding license file 'LICENSE'
[4.107s] writing manifest file '../../build/self_driving/self_driving.egg-info/SOURCES.txt'
[4.108s] running build
[4.108s] running build_py
[4.110s] copying self_driving/drive_BOT.py -> /home/an/ros2_ws/build/self_driving/build/lib/self_driving
[4.117s] running install
[4.118s] running install_lib
[4.123s] copying /home/an/ros2_ws/build/self_driving/build/lib/self_driving/drive_BOT.py -> /home/an/ros2_ws/install/self_driving/lib/python3.10/site-packages/self_driving
[4.132s] byte-compiling /home/an/ros2_ws/install/self_driving/lib/python3.10/site-packages/self_driving/drive_BOT.py to drive_BOT.cpython-310.pyc
[4.141s] running install_data
[4.142s] running install_egg_info
[4.149s] removing '/home/an/ros2_ws/install/self_driving/lib/python3.10/site-packages/self_driving-0.0.0-py3.10.egg-info' (and everything under it)
[4.151s] Copying ../../build/self_driving/self_driving.egg-info to /home/an/ros2_ws/install/self_driving/lib/python3.10/site-packages/self_driving-0.0.0-py3.10.egg-info
[4.160s] running install_scripts
[4.248s] Installing cam_node script to /home/an/ros2_ws/install/self_driving/lib/self_driving
[4.249s] Installing computer_vision_node script to /home/an/ros2_ws/install/self_driving/lib/self_driving
[4.250s] Installing driving_node script to /home/an/ros2_ws/install/self_driving/lib/self_driving
[4.251s] Installing recorder_node script to /home/an/ros2_ws/install/self_driving/lib/self_driving
[4.252s] Installing vel_wheel_node script to /home/an/ros2_ws/install/self_driving/lib/self_driving
[4.257s] writing list of installed files to '/home/an/ros2_ws/build/self_driving/install.log'
[4.389s] Invoked command in '/home/an/ros2_ws/src/self_driving' returned '0': PYTHONPATH=/home/an/ros2_ws/build/self_driving/prefix_override:/home/an/ros2_ws/install/self_driving/lib/python3.10/site-packages:${PYTHONPATH} /usr/bin/python3 -W ignore:setup.py install is deprecated setup.py egg_info --egg-base ../../build/self_driving build --build-base /home/an/ros2_ws/build/self_driving/build install --record /home/an/ros2_ws/build/self_driving/install.log --single-version-externally-managed install_data
