[4.161s] Invoking command in '/home/an/ros2_ws/src/self_driving': PYTHONPATH=/home/an/ros2_ws/build/self_driving/prefix_override:/home/an/ros2_ws/install/self_driving/lib/python3.10/site-packages:${PYTHONPATH} /usr/bin/python3 -W ignore:setup.py install is deprecated setup.py egg_info --egg-base ../../build/self_driving build --build-base /home/an/ros2_ws/build/self_driving/build install --record /home/an/ros2_ws/build/self_driving/install.log --single-version-externally-managed install_data
[5.720s] running egg_info
[5.725s] writing ../../build/self_driving/self_driving.egg-info/PKG-INFO
[5.727s] writing dependency_links to ../../build/self_driving/self_driving.egg-info/dependency_links.txt
[5.728s] writing entry points to ../../build/self_driving/self_driving.egg-info/entry_points.txt
[5.729s] writing requirements to ../../build/self_driving/self_driving.egg-info/requires.txt
[5.730s] writing top-level names to ../../build/self_driving/self_driving.egg-info/top_level.txt
[5.743s] reading manifest file '../../build/self_driving/self_driving.egg-info/SOURCES.txt'
[5.745s] adding license file 'LICENSE'
[5.751s] writing manifest file '../../build/self_driving/self_driving.egg-info/SOURCES.txt'
[5.751s] running build
[5.752s] running build_py
[5.753s] copying self_driving/wheel_left_right.py -> /home/an/ros2_ws/build/self_driving/build/lib/self_driving
[5.755s] copying self_driving/drive_BOT.py -> /home/an/ros2_ws/build/self_driving/build/lib/self_driving
[5.767s] running install
[5.768s] running install_lib
[5.773s] copying /home/an/ros2_ws/build/self_driving/build/lib/self_driving/wheel_left_right.py -> /home/an/ros2_ws/install/self_driving/lib/python3.10/site-packages/self_driving
[5.774s] copying /home/an/ros2_ws/build/self_driving/build/lib/self_driving/drive_BOT.py -> /home/an/ros2_ws/install/self_driving/lib/python3.10/site-packages/self_driving
[5.784s] byte-compiling /home/an/ros2_ws/install/self_driving/lib/python3.10/site-packages/self_driving/wheel_left_right.py to wheel_left_right.cpython-310.pyc
[5.791s] byte-compiling /home/an/ros2_ws/install/self_driving/lib/python3.10/site-packages/self_driving/drive_BOT.py to drive_BOT.cpython-310.pyc
[5.803s] running install_data
[5.804s] running install_egg_info
[5.812s] removing '/home/an/ros2_ws/install/self_driving/lib/python3.10/site-packages/self_driving-0.0.0-py3.10.egg-info' (and everything under it)
[5.817s] Copying ../../build/self_driving/self_driving.egg-info to /home/an/ros2_ws/install/self_driving/lib/python3.10/site-packages/self_driving-0.0.0-py3.10.egg-info
[5.830s] running install_scripts
[5.946s] Installing cam_node script to /home/an/ros2_ws/install/self_driving/lib/self_driving
[5.946s] Installing computer_vision_node script to /home/an/ros2_ws/install/self_driving/lib/self_driving
[5.947s] Installing driving_node script to /home/an/ros2_ws/install/self_driving/lib/self_driving
[5.948s] Installing recorder_node script to /home/an/ros2_ws/install/self_driving/lib/self_driving
[5.950s] Installing vel_wheel_node script to /home/an/ros2_ws/install/self_driving/lib/self_driving
[5.957s] writing list of installed files to '/home/an/ros2_ws/build/self_driving/install.log'
[6.145s] Invoked command in '/home/an/ros2_ws/src/self_driving' returned '0': PYTHONPATH=/home/an/ros2_ws/build/self_driving/prefix_override:/home/an/ros2_ws/install/self_driving/lib/python3.10/site-packages:${PYTHONPATH} /usr/bin/python3 -W ignore:setup.py install is deprecated setup.py egg_info --egg-base ../../build/self_driving build --build-base /home/an/ros2_ws/build/self_driving/build install --record /home/an/ros2_ws/build/self_driving/install.log --single-version-externally-managed install_data
