[2.809s] Invoking command in '/home/an/ros2_ws/src/self_driving': PYTHONPATH=/home/an/ros2_ws/build/self_driving/prefix_override:/home/an/ros2_ws/install/self_driving/lib/python3.10/site-packages:${PYTHONPATH} /usr/bin/python3 -W ignore:setup.py install is deprecated setup.py egg_info --egg-base ../../build/self_driving build --build-base /home/an/ros2_ws/build/self_driving/build install --record /home/an/ros2_ws/build/self_driving/install.log --single-version-externally-managed install_data
[3.877s] running egg_info
[3.882s] writing ../../build/self_driving/self_driving.egg-info/PKG-INFO
[3.883s] writing dependency_links to ../../build/self_driving/self_driving.egg-info/dependency_links.txt
[3.884s] writing entry points to ../../build/self_driving/self_driving.egg-info/entry_points.txt
[3.885s] writing requirements to ../../build/self_driving/self_driving.egg-info/requires.txt
[3.885s] writing top-level names to ../../build/self_driving/self_driving.egg-info/top_level.txt
[3.895s] reading manifest file '../../build/self_driving/self_driving.egg-info/SOURCES.txt'
[3.897s] adding license file 'LICENSE'
[3.900s] writing manifest file '../../build/self_driving/self_driving.egg-info/SOURCES.txt'
[3.901s] running build
[3.901s] running build_py
[3.906s] copying self_driving/Detection/Lanes/lane_detection.py -> /home/an/ros2_ws/build/self_driving/build/lib/self_driving/Detection/Lanes
[3.910s] running install
[3.911s] running install_lib
[3.919s] copying /home/an/ros2_ws/build/self_driving/build/lib/self_driving/Detection/Lanes/lane_detection.py -> /home/an/ros2_ws/install/self_driving/lib/python3.10/site-packages/self_driving/Detection/Lanes
[3.925s] byte-compiling /home/an/ros2_ws/install/self_driving/lib/python3.10/site-packages/self_driving/Detection/Lanes/lane_detection.py to lane_detection.cpython-310.pyc
[3.929s] running install_data
[3.929s] running install_egg_info
[3.936s] removing '/home/an/ros2_ws/install/self_driving/lib/python3.10/site-packages/self_driving-0.0.0-py3.10.egg-info' (and everything under it)
[3.938s] Copying ../../build/self_driving/self_driving.egg-info to /home/an/ros2_ws/install/self_driving/lib/python3.10/site-packages/self_driving-0.0.0-py3.10.egg-info
[3.945s] running install_scripts
[4.034s] Installing cam_node script to /home/an/ros2_ws/install/self_driving/lib/self_driving
[4.035s] Installing computer_vision_node script to /home/an/ros2_ws/install/self_driving/lib/self_driving
[4.035s] Installing driving_node script to /home/an/ros2_ws/install/self_driving/lib/self_driving
[4.036s] Installing recorder_node script to /home/an/ros2_ws/install/self_driving/lib/self_driving
[4.037s] Installing vel_wheel_node script to /home/an/ros2_ws/install/self_driving/lib/self_driving
[4.041s] writing list of installed files to '/home/an/ros2_ws/build/self_driving/install.log'
[4.165s] Invoked command in '/home/an/ros2_ws/src/self_driving' returned '0': PYTHONPATH=/home/an/ros2_ws/build/self_driving/prefix_override:/home/an/ros2_ws/install/self_driving/lib/python3.10/site-packages:${PYTHONPATH} /usr/bin/python3 -W ignore:setup.py install is deprecated setup.py egg_info --egg-base ../../build/self_driving build --build-base /home/an/ros2_ws/build/self_driving/build install --record /home/an/ros2_ws/build/self_driving/install.log --single-version-externally-managed install_data
