[4.040s] Invoking command in '/home/an/ros2_ws/src/self_driving': PYTHONPATH=/home/an/ros2_ws/build/self_driving/prefix_override:/home/an/ros2_ws/install/self_driving/lib/python3.10/site-packages:${PYTHONPATH} /usr/bin/python3 -W ignore:setup.py install is deprecated setup.py egg_info --egg-base ../../build/self_driving build --build-base /home/an/ros2_ws/build/self_driving/build install --record /home/an/ros2_ws/build/self_driving/install.log --single-version-externally-managed install_data
[5.710s] running egg_info
[5.716s] writing ../../build/self_driving/self_driving.egg-info/PKG-INFO
[5.719s] writing dependency_links to ../../build/self_driving/self_driving.egg-info/dependency_links.txt
[5.720s] writing entry points to ../../build/self_driving/self_driving.egg-info/entry_points.txt
[5.723s] writing requirements to ../../build/self_driving/self_driving.egg-info/requires.txt
[5.725s] writing top-level names to ../../build/self_driving/self_driving.egg-info/top_level.txt
[5.742s] reading manifest file '../../build/self_driving/self_driving.egg-info/SOURCES.txt'
[5.744s] adding license file 'LICENSE'
[5.748s] writing manifest file '../../build/self_driving/self_driving.egg-info/SOURCES.txt'
[5.748s] running build
[5.749s] running build_py
[5.761s] running install
[5.763s] running install_lib
[5.779s] running install_data
[5.779s] running install_egg_info
[5.793s] removing '/home/an/ros2_ws/install/self_driving/lib/python3.10/site-packages/self_driving-0.0.0-py3.10.egg-info' (and everything under it)
[5.795s] Copying ../../build/self_driving/self_driving.egg-info to /home/an/ros2_ws/install/self_driving/lib/python3.10/site-packages/self_driving-0.0.0-py3.10.egg-info
[5.807s] running install_scripts
[5.921s] Installing cam_node script to /home/an/ros2_ws/install/self_driving/lib/self_driving
[5.923s] Installing computer_vision_node script to /home/an/ros2_ws/install/self_driving/lib/self_driving
[5.925s] Installing driving_node script to /home/an/ros2_ws/install/self_driving/lib/self_driving
[5.927s] Installing recorder_node script to /home/an/ros2_ws/install/self_driving/lib/self_driving
[5.929s] Installing vel_wheel_node script to /home/an/ros2_ws/install/self_driving/lib/self_driving
[5.934s] writing list of installed files to '/home/an/ros2_ws/build/self_driving/install.log'
[6.107s] Invoked command in '/home/an/ros2_ws/src/self_driving' returned '0': PYTHONPATH=/home/an/ros2_ws/build/self_driving/prefix_override:/home/an/ros2_ws/install/self_driving/lib/python3.10/site-packages:${PYTHONPATH} /usr/bin/python3 -W ignore:setup.py install is deprecated setup.py egg_info --egg-base ../../build/self_driving build --build-base /home/an/ros2_ws/build/self_driving/build install --record /home/an/ros2_ws/build/self_driving/install.log --single-version-externally-managed install_data
