[1.763s] DEBUG:colcon:Command line arguments: ['/usr/bin/colcon', 'list', '-p', '--base-paths', '/home/an/ros2_ws']
[1.763s] DEBUG:colcon:Parsed command line arguments: Namespace(log_base=None, log_level=None, verb_name='list', build_base='build', ignore_user_meta=False, metas=['./colcon.meta'], base_paths=['/home/an/ros2_ws'], packages_ignore=None, packages_ignore_regex=None, paths=None, packages_up_to=None, packages_up_to_regex=None, packages_above=None, packages_above_and_dependencies=None, packages_above_depth=None, packages_select_by_dep=None, packages_skip_by_dep=None, packages_skip_up_to=None, packages_select_build_failed=False, packages_skip_build_finished=False, packages_select_test_failures=False, packages_skip_test_passed=False, packages_select=None, packages_skip=None, packages_select_regex=None, packages_skip_regex=None, packages_start=None, packages_end=None, allow_overriding=[], topological_order=False, names_only=False, paths_only=True, topological_graph=False, topological_graph_dot=False, topological_graph_density=False, topological_graph_legend=False, topological_graph_dot_cluster=False, topological_graph_dot_include_skipped=False, verb_parser=<colcon_defaults.argument_parser.defaults.DefaultArgumentsDecorator object at 0xffff8a2bbf70>, verb_extension=<colcon_package_information.verb.list.ListVerb object at 0xffff8a2685b0>, main=<bound method ListVerb.main of <colcon_package_information.verb.list.ListVerb object at 0xffff8a2685b0>>)
[3.311s] Level 1:colcon.colcon_core.package_discovery:discover_packages(colcon_meta) check parameters
[3.312s] Level 1:colcon.colcon_core.package_discovery:discover_packages(recursive) check parameters
[3.312s] Level 1:colcon.colcon_core.package_discovery:discover_packages(ignore) check parameters
[3.312s] Level 1:colcon.colcon_core.package_discovery:discover_packages(path) check parameters
[3.312s] Level 1:colcon.colcon_core.package_discovery:discover_packages(recursive) discover
[3.313s] INFO:colcon.colcon_core.package_discovery:Crawling recursively for packages in '/home/an/ros2_ws'
[3.314s] Level 1:colcon.colcon_core.package_identification:_identify(/home/an/ros2_ws) by extensions ['ignore', 'ignore_ament_install']
[3.314s] Level 1:colcon.colcon_core.package_identification:_identify(/home/an/ros2_ws) by extension 'ignore'
[3.315s] Level 1:colcon.colcon_core.package_identification:_identify(/home/an/ros2_ws) by extension 'ignore_ament_install'
[3.315s] Level 1:colcon.colcon_core.package_identification:_identify(/home/an/ros2_ws) by extensions ['colcon_pkg']
[3.316s] Level 1:colcon.colcon_core.package_identification:_identify(/home/an/ros2_ws) by extension 'colcon_pkg'
[3.316s] Level 1:colcon.colcon_core.package_identification:_identify(/home/an/ros2_ws) by extensions ['colcon_meta']
[3.316s] Level 1:colcon.colcon_core.package_identification:_identify(/home/an/ros2_ws) by extension 'colcon_meta'
[3.317s] Level 1:colcon.colcon_core.package_identification:_identify(/home/an/ros2_ws) by extensions ['ros']
[3.317s] Level 1:colcon.colcon_core.package_identification:_identify(/home/an/ros2_ws) by extension 'ros'
[3.536s] Level 1:colcon.colcon_core.package_identification:_identify(/home/an/ros2_ws) by extensions ['cmake', 'python']
[3.537s] Level 1:colcon.colcon_core.package_identification:_identify(/home/an/ros2_ws) by extension 'cmake'
[3.537s] Level 1:colcon.colcon_core.package_identification:_identify(/home/an/ros2_ws) by extension 'python'
[3.538s] Level 1:colcon.colcon_core.package_identification:_identify(/home/an/ros2_ws) by extensions ['python_setup_py']
[3.538s] Level 1:colcon.colcon_core.package_identification:_identify(/home/an/ros2_ws) by extension 'python_setup_py'
[3.540s] Level 1:colcon.colcon_core.package_identification:_identify(/home/an/ros2_ws/build) by extensions ['ignore', 'ignore_ament_install']
[3.541s] Level 1:colcon.colcon_core.package_identification:_identify(/home/an/ros2_ws/build) by extension 'ignore'
[3.541s] Level 1:colcon.colcon_core.package_identification:_identify(/home/an/ros2_ws/build) ignored
[3.542s] Level 1:colcon.colcon_core.package_identification:_identify(/home/an/ros2_ws/install) by extensions ['ignore', 'ignore_ament_install']
[3.543s] Level 1:colcon.colcon_core.package_identification:_identify(/home/an/ros2_ws/install) by extension 'ignore'
[3.543s] Level 1:colcon.colcon_core.package_identification:_identify(/home/an/ros2_ws/install) ignored
[3.547s] Level 1:colcon.colcon_core.package_identification:_identify(/home/an/ros2_ws/log) by extensions ['ignore', 'ignore_ament_install']
[3.548s] Level 1:colcon.colcon_core.package_identification:_identify(/home/an/ros2_ws/log) by extension 'ignore'
[3.549s] Level 1:colcon.colcon_core.package_identification:_identify(/home/an/ros2_ws/log) ignored
[3.550s] Level 1:colcon.colcon_core.package_identification:_identify(/home/an/ros2_ws/src) by extensions ['ignore', 'ignore_ament_install']
[3.556s] Level 1:colcon.colcon_core.package_identification:_identify(/home/an/ros2_ws/src) by extension 'ignore'
[3.557s] Level 1:colcon.colcon_core.package_identification:_identify(/home/an/ros2_ws/src) by extension 'ignore_ament_install'
[3.557s] Level 1:colcon.colcon_core.package_identification:_identify(/home/an/ros2_ws/src) by extensions ['colcon_pkg']
[3.558s] Level 1:colcon.colcon_core.package_identification:_identify(/home/an/ros2_ws/src) by extension 'colcon_pkg'
[3.558s] Level 1:colcon.colcon_core.package_identification:_identify(/home/an/ros2_ws/src) by extensions ['colcon_meta']
[3.558s] Level 1:colcon.colcon_core.package_identification:_identify(/home/an/ros2_ws/src) by extension 'colcon_meta'
[3.559s] Level 1:colcon.colcon_core.package_identification:_identify(/home/an/ros2_ws/src) by extensions ['ros']
[3.559s] Level 1:colcon.colcon_core.package_identification:_identify(/home/an/ros2_ws/src) by extension 'ros'
[3.560s] Level 1:colcon.colcon_core.package_identification:_identify(/home/an/ros2_ws/src) by extensions ['cmake', 'python']
[3.560s] Level 1:colcon.colcon_core.package_identification:_identify(/home/an/ros2_ws/src) by extension 'cmake'
[3.560s] Level 1:colcon.colcon_core.package_identification:_identify(/home/an/ros2_ws/src) by extension 'python'
[3.561s] Level 1:colcon.colcon_core.package_identification:_identify(/home/an/ros2_ws/src) by extensions ['python_setup_py']
[3.561s] Level 1:colcon.colcon_core.package_identification:_identify(/home/an/ros2_ws/src) by extension 'python_setup_py'
[3.562s] Level 1:colcon.colcon_core.package_identification:_identify(/home/an/ros2_ws/src/self_driving) by extensions ['ignore', 'ignore_ament_install']
[3.562s] Level 1:colcon.colcon_core.package_identification:_identify(/home/an/ros2_ws/src/self_driving) by extension 'ignore'
[3.563s] Level 1:colcon.colcon_core.package_identification:_identify(/home/an/ros2_ws/src/self_driving) by extension 'ignore_ament_install'
[3.564s] Level 1:colcon.colcon_core.package_identification:_identify(/home/an/ros2_ws/src/self_driving) by extensions ['colcon_pkg']
[3.564s] Level 1:colcon.colcon_core.package_identification:_identify(/home/an/ros2_ws/src/self_driving) by extension 'colcon_pkg'
[3.564s] Level 1:colcon.colcon_core.package_identification:_identify(/home/an/ros2_ws/src/self_driving) by extensions ['colcon_meta']
[3.565s] Level 1:colcon.colcon_core.package_identification:_identify(/home/an/ros2_ws/src/self_driving) by extension 'colcon_meta'
[3.565s] Level 1:colcon.colcon_core.package_identification:_identify(/home/an/ros2_ws/src/self_driving) by extensions ['ros']
[3.566s] Level 1:colcon.colcon_core.package_identification:_identify(/home/an/ros2_ws/src/self_driving) by extension 'ros'
[3.590s] DEBUG:colcon.colcon_core.package_identification:Package '/home/an/ros2_ws/src/self_driving' with type 'ros.ament_python' and name 'self_driving'
[3.591s] Level 1:colcon.colcon_core.package_discovery:discover_packages(recursive) using defaults
