[2.808s] Invoking command in '/home/an/ros2_ws/src/self_driving': PYTHONPATH=/home/an/ros2_ws/build/self_driving/prefix_override:/home/an/ros2_ws/install/self_driving/lib/python3.10/site-packages:${PYTHONPATH} /usr/bin/python3 -W ignore:setup.py install is deprecated setup.py egg_info --egg-base ../../build/self_driving build --build-base /home/an/ros2_ws/build/self_driving/build install --record /home/an/ros2_ws/build/self_driving/install.log --single-version-externally-managed install_data
[3.867s] running egg_info
[3.870s] writing ../../build/self_driving/self_driving.egg-info/PKG-INFO
[3.871s] writing dependency_links to ../../build/self_driving/self_driving.egg-info/dependency_links.txt
[3.872s] writing entry points to ../../build/self_driving/self_driving.egg-info/entry_points.txt
[3.873s] writing requirements to ../../build/self_driving/self_driving.egg-info/requires.txt
[3.874s] writing top-level names to ../../build/self_driving/self_driving.egg-info/top_level.txt
[3.886s] reading manifest file '../../build/self_driving/self_driving.egg-info/SOURCES.txt'
[3.888s] adding license file 'LICENSE'
[3.891s] writing manifest file '../../build/self_driving/self_driving.egg-info/SOURCES.txt'
[3.892s] running build
[3.892s] running build_py
[3.897s] copying self_driving/Detection/Lanes/lane_detection.py -> /home/an/ros2_ws/build/self_driving/build/lib/self_driving/Detection/Lanes
[3.900s] running install
[3.901s] running install_lib
[3.907s] copying /home/an/ros2_ws/build/self_driving/build/lib/self_driving/Detection/Lanes/lane_detection.py -> /home/an/ros2_ws/install/self_driving/lib/python3.10/site-packages/self_driving/Detection/Lanes
[3.915s] byte-compiling /home/an/ros2_ws/install/self_driving/lib/python3.10/site-packages/self_driving/Detection/Lanes/lane_detection.py to lane_detection.cpython-310.pyc
[3.919s] running install_data
[3.919s] running install_egg_info
[3.926s] removing '/home/an/ros2_ws/install/self_driving/lib/python3.10/site-packages/self_driving-0.0.0-py3.10.egg-info' (and everything under it)
[3.928s] Copying ../../build/self_driving/self_driving.egg-info to /home/an/ros2_ws/install/self_driving/lib/python3.10/site-packages/self_driving-0.0.0-py3.10.egg-info
[3.934s] running install_scripts
[4.022s] Installing cam_node script to /home/an/ros2_ws/install/self_driving/lib/self_driving
[4.023s] Installing computer_vision_node script to /home/an/ros2_ws/install/self_driving/lib/self_driving
[4.023s] Installing driving_node script to /home/an/ros2_ws/install/self_driving/lib/self_driving
[4.024s] Installing recorder_node script to /home/an/ros2_ws/install/self_driving/lib/self_driving
[4.025s] Installing vel_wheel_node script to /home/an/ros2_ws/install/self_driving/lib/self_driving
[4.029s] writing list of installed files to '/home/an/ros2_ws/build/self_driving/install.log'
[4.157s] Invoked command in '/home/an/ros2_ws/src/self_driving' returned '0': PYTHONPATH=/home/an/ros2_ws/build/self_driving/prefix_override:/home/an/ros2_ws/install/self_driving/lib/python3.10/site-packages:${PYTHONPATH} /usr/bin/python3 -W ignore:setup.py install is deprecated setup.py egg_info --egg-base ../../build/self_driving build --build-base /home/an/ros2_ws/build/self_driving/build install --record /home/an/ros2_ws/build/self_driving/install.log --single-version-externally-managed install_data
