[6.400s] Invoking command in '/home/an/ros2_ws/src/self_driving': PYTHONPATH=/home/an/ros2_ws/build/self_driving/prefix_override:/home/an/ros2_ws/install/self_driving/lib/python3.10/site-packages:${PYTHONPATH} /usr/bin/python3 -W ignore:setup.py install is deprecated setup.py egg_info --egg-base ../../build/self_driving build --build-base /home/an/ros2_ws/build/self_driving/build install --record /home/an/ros2_ws/build/self_driving/install.log --single-version-externally-managed install_data
[8.281s] running egg_info
[8.284s] writing ../../build/self_driving/self_driving.egg-info/PKG-INFO
[8.287s] writing dependency_links to ../../build/self_driving/self_driving.egg-info/dependency_links.txt
[8.288s] writing entry points to ../../build/self_driving/self_driving.egg-info/entry_points.txt
[8.289s] writing requirements to ../../build/self_driving/self_driving.egg-info/requires.txt
[8.290s] writing top-level names to ../../build/self_driving/self_driving.egg-info/top_level.txt
[8.304s] reading manifest file '../../build/self_driving/self_driving.egg-info/SOURCES.txt'
[8.310s] adding license file 'LICENSE'
[8.315s] writing manifest file '../../build/self_driving/self_driving.egg-info/SOURCES.txt'
[8.315s] running build
[8.316s] running build_py
[8.321s] copying self_driving/computer_vision_node.py -> /home/an/ros2_ws/build/self_driving/build/lib/self_driving
[8.334s] running install
[8.336s] running install_lib
[8.341s] copying /home/an/ros2_ws/build/self_driving/build/lib/self_driving/computer_vision_node.py -> /home/an/ros2_ws/install/self_driving/lib/python3.10/site-packages/self_driving
[8.353s] byte-compiling /home/an/ros2_ws/install/self_driving/lib/python3.10/site-packages/self_driving/computer_vision_node.py to computer_vision_node.cpython-310.pyc
[8.363s] running install_data
[8.366s] running install_egg_info
[8.378s] removing '/home/an/ros2_ws/install/self_driving/lib/python3.10/site-packages/self_driving-0.0.0-py3.10.egg-info' (and everything under it)
[8.386s] Copying ../../build/self_driving/self_driving.egg-info to /home/an/ros2_ws/install/self_driving/lib/python3.10/site-packages/self_driving-0.0.0-py3.10.egg-info
[8.420s] running install_scripts
[8.541s] Installing cam_node script to /home/an/ros2_ws/install/self_driving/lib/self_driving
[8.552s] Installing computer_vision_node script to /home/an/ros2_ws/install/self_driving/lib/self_driving
[8.559s] Installing driving_node script to /home/an/ros2_ws/install/self_driving/lib/self_driving
[8.567s] Installing recorder_node script to /home/an/ros2_ws/install/self_driving/lib/self_driving
[8.568s] Installing vel_wheel_node script to /home/an/ros2_ws/install/self_driving/lib/self_driving
[8.587s] writing list of installed files to '/home/an/ros2_ws/build/self_driving/install.log'
[8.837s] Invoked command in '/home/an/ros2_ws/src/self_driving' returned '0': PYTHONPATH=/home/an/ros2_ws/build/self_driving/prefix_override:/home/an/ros2_ws/install/self_driving/lib/python3.10/site-packages:${PYTHONPATH} /usr/bin/python3 -W ignore:setup.py install is deprecated setup.py egg_info --egg-base ../../build/self_driving build --build-base /home/an/ros2_ws/build/self_driving/build install --record /home/an/ros2_ws/build/self_driving/install.log --single-version-externally-managed install_data
