[2.802s] Invoking command in '/home/an/ros2_ws/src/self_driving': PYTHONPATH=/home/an/ros2_ws/build/self_driving/prefix_override:/home/an/ros2_ws/install/self_driving/lib/python3.10/site-packages:${PYTHONPATH} /usr/bin/python3 -W ignore:setup.py install is deprecated setup.py egg_info --egg-base ../../build/self_driving build --build-base /home/an/ros2_ws/build/self_driving/build install --record /home/an/ros2_ws/build/self_driving/install.log --single-version-externally-managed install_data
[3.816s] running egg_info
[3.819s] writing ../../build/self_driving/self_driving.egg-info/PKG-INFO
[3.820s] writing dependency_links to ../../build/self_driving/self_driving.egg-info/dependency_links.txt
[3.821s] writing entry points to ../../build/self_driving/self_driving.egg-info/entry_points.txt
[3.822s] writing requirements to ../../build/self_driving/self_driving.egg-info/requires.txt
[3.822s] writing top-level names to ../../build/self_driving/self_driving.egg-info/top_level.txt
[3.833s] reading manifest file '../../build/self_driving/self_driving.egg-info/SOURCES.txt'
[3.835s] adding license file 'LICENSE'
[3.838s] writing manifest file '../../build/self_driving/self_driving.egg-info/SOURCES.txt'
[3.839s] running build
[3.839s] running build_py
[3.840s] copying self_driving/wheel_left_right.py -> /home/an/ros2_ws/build/self_driving/build/lib/self_driving
[3.841s] copying self_driving/drive_BOT.py -> /home/an/ros2_ws/build/self_driving/build/lib/self_driving
[3.847s] copying self_driving/Detection/Lanes/a_colour_segmentation.py -> /home/an/ros2_ws/build/self_driving/build/lib/self_driving/Detection/Lanes
[3.850s] running install
[3.851s] running install_lib
[3.855s] copying /home/an/ros2_ws/build/self_driving/build/lib/self_driving/wheel_left_right.py -> /home/an/ros2_ws/install/self_driving/lib/python3.10/site-packages/self_driving
[3.856s] copying /home/an/ros2_ws/build/self_driving/build/lib/self_driving/drive_BOT.py -> /home/an/ros2_ws/install/self_driving/lib/python3.10/site-packages/self_driving
[3.860s] copying /home/an/ros2_ws/build/self_driving/build/lib/self_driving/Detection/Lanes/a_colour_segmentation.py -> /home/an/ros2_ws/install/self_driving/lib/python3.10/site-packages/self_driving/Detection/Lanes
[3.864s] byte-compiling /home/an/ros2_ws/install/self_driving/lib/python3.10/site-packages/self_driving/wheel_left_right.py to wheel_left_right.cpython-310.pyc
[3.868s] byte-compiling /home/an/ros2_ws/install/self_driving/lib/python3.10/site-packages/self_driving/drive_BOT.py to drive_BOT.cpython-310.pyc
[3.874s] byte-compiling /home/an/ros2_ws/install/self_driving/lib/python3.10/site-packages/self_driving/Detection/Lanes/a_colour_segmentation.py to a_colour_segmentation.cpython-310.pyc
[3.880s] running install_data
[3.880s] running install_egg_info
[3.887s] removing '/home/an/ros2_ws/install/self_driving/lib/python3.10/site-packages/self_driving-0.0.0-py3.10.egg-info' (and everything under it)
[3.889s] Copying ../../build/self_driving/self_driving.egg-info to /home/an/ros2_ws/install/self_driving/lib/python3.10/site-packages/self_driving-0.0.0-py3.10.egg-info
[3.895s] running install_scripts
[3.977s] Installing cam_node script to /home/an/ros2_ws/install/self_driving/lib/self_driving
[3.978s] Installing computer_vision_node script to /home/an/ros2_ws/install/self_driving/lib/self_driving
[3.978s] Installing driving_node script to /home/an/ros2_ws/install/self_driving/lib/self_driving
[3.979s] Installing recorder_node script to /home/an/ros2_ws/install/self_driving/lib/self_driving
[3.980s] Installing start_node script to /home/an/ros2_ws/install/self_driving/lib/self_driving
[3.981s] Installing traffic_signal_node script to /home/an/ros2_ws/install/self_driving/lib/self_driving
[3.982s] Installing vel_wheel_node script to /home/an/ros2_ws/install/self_driving/lib/self_driving
[3.986s] writing list of installed files to '/home/an/ros2_ws/build/self_driving/install.log'
[4.099s] Invoked command in '/home/an/ros2_ws/src/self_driving' returned '0': PYTHONPATH=/home/an/ros2_ws/build/self_driving/prefix_override:/home/an/ros2_ws/install/self_driving/lib/python3.10/site-packages:${PYTHONPATH} /usr/bin/python3 -W ignore:setup.py install is deprecated setup.py egg_info --egg-base ../../build/self_driving build --build-base /home/an/ros2_ws/build/self_driving/build install --record /home/an/ros2_ws/build/self_driving/install.log --single-version-externally-managed install_data
