[3.441s] Invoking command in '/home/an/ros2_ws/src/self_driving': PYTHONPATH=/home/an/ros2_ws/build/self_driving/prefix_override:/home/an/ros2_ws/install/self_driving/lib/python3.10/site-packages:${PYTHONPATH} /usr/bin/python3 -W ignore:setup.py install is deprecated setup.py egg_info --egg-base ../../build/self_driving build --build-base /home/an/ros2_ws/build/self_driving/build install --record /home/an/ros2_ws/build/self_driving/install.log --single-version-externally-managed install_data
[5.034s] running egg_info
[5.037s] writing ../../build/self_driving/self_driving.egg-info/PKG-INFO
[5.038s] writing dependency_links to ../../build/self_driving/self_driving.egg-info/dependency_links.txt
[5.039s] writing entry points to ../../build/self_driving/self_driving.egg-info/entry_points.txt
[5.040s] writing requirements to ../../build/self_driving/self_driving.egg-info/requires.txt
[5.040s] writing top-level names to ../../build/self_driving/self_driving.egg-info/top_level.txt
[5.050s] reading manifest file '../../build/self_driving/self_driving.egg-info/SOURCES.txt'
[5.052s] adding license file 'LICENSE'
[5.055s] writing manifest file '../../build/self_driving/self_driving.egg-info/SOURCES.txt'
[5.056s] running build
[5.056s] running build_py
[5.057s] copying self_driving/wheel_left_right.py -> /home/an/ros2_ws/build/self_driving/build/lib/self_driving
[5.059s] copying self_driving/computer_vision_node.py -> /home/an/ros2_ws/build/self_driving/build/lib/self_driving
[5.068s] running install
[5.069s] running install_lib
[5.072s] copying /home/an/ros2_ws/build/self_driving/build/lib/self_driving/wheel_left_right.py -> /home/an/ros2_ws/install/self_driving/lib/python3.10/site-packages/self_driving
[5.074s] copying /home/an/ros2_ws/build/self_driving/build/lib/self_driving/computer_vision_node.py -> /home/an/ros2_ws/install/self_driving/lib/python3.10/site-packages/self_driving
[5.081s] byte-compiling /home/an/ros2_ws/install/self_driving/lib/python3.10/site-packages/self_driving/wheel_left_right.py to wheel_left_right.cpython-310.pyc
[5.084s] byte-compiling /home/an/ros2_ws/install/self_driving/lib/python3.10/site-packages/self_driving/computer_vision_node.py to computer_vision_node.cpython-310.pyc
[5.090s] running install_data
[5.091s] running install_egg_info
[5.100s] removing '/home/an/ros2_ws/install/self_driving/lib/python3.10/site-packages/self_driving-0.0.0-py3.10.egg-info' (and everything under it)
[5.102s] Copying ../../build/self_driving/self_driving.egg-info to /home/an/ros2_ws/install/self_driving/lib/python3.10/site-packages/self_driving-0.0.0-py3.10.egg-info
[5.108s] running install_scripts
[5.196s] Installing cam_node script to /home/an/ros2_ws/install/self_driving/lib/self_driving
[5.197s] Installing computer_vision_node script to /home/an/ros2_ws/install/self_driving/lib/self_driving
[5.198s] Installing driving_node script to /home/an/ros2_ws/install/self_driving/lib/self_driving
[5.199s] Installing recorder_node script to /home/an/ros2_ws/install/self_driving/lib/self_driving
[5.199s] Installing vel_wheel_node script to /home/an/ros2_ws/install/self_driving/lib/self_driving
[5.204s] writing list of installed files to '/home/an/ros2_ws/build/self_driving/install.log'
[5.336s] Invoked command in '/home/an/ros2_ws/src/self_driving' returned '0': PYTHONPATH=/home/an/ros2_ws/build/self_driving/prefix_override:/home/an/ros2_ws/install/self_driving/lib/python3.10/site-packages:${PYTHONPATH} /usr/bin/python3 -W ignore:setup.py install is deprecated setup.py egg_info --egg-base ../../build/self_driving build --build-base /home/an/ros2_ws/build/self_driving/build install --record /home/an/ros2_ws/build/self_driving/install.log --single-version-externally-managed install_data
