[2.598s] Invoking command in '/home/an/ros2_ws/src/self_driving': PYTHONPATH=/home/an/ros2_ws/build/self_driving/prefix_override:/home/an/ros2_ws/install/self_driving/lib/python3.10/site-packages:${PYTHONPATH} /usr/bin/python3 -W ignore:setup.py install is deprecated setup.py egg_info --egg-base ../../build/self_driving build --build-base /home/an/ros2_ws/build/self_driving/build install --record /home/an/ros2_ws/build/self_driving/install.log --single-version-externally-managed install_data
[3.579s] running egg_info
[3.582s] writing ../../build/self_driving/self_driving.egg-info/PKG-INFO
[3.583s] writing dependency_links to ../../build/self_driving/self_driving.egg-info/dependency_links.txt
[3.584s] writing entry points to ../../build/self_driving/self_driving.egg-info/entry_points.txt
[3.585s] writing requirements to ../../build/self_driving/self_driving.egg-info/requires.txt
[3.585s] writing top-level names to ../../build/self_driving/self_driving.egg-info/top_level.txt
[3.595s] reading manifest file '../../build/self_driving/self_driving.egg-info/SOURCES.txt'
[3.597s] adding license file 'LICENSE'
[3.603s] writing manifest file '../../build/self_driving/self_driving.egg-info/SOURCES.txt'
[3.603s] running build
[3.603s] running build_py
[3.605s] copying self_driving/drive_BOT.py -> /home/an/ros2_ws/build/self_driving/build/lib/self_driving
[3.613s] running install
[3.614s] running install_lib
[3.618s] copying /home/an/ros2_ws/build/self_driving/build/lib/self_driving/drive_BOT.py -> /home/an/ros2_ws/install/self_driving/lib/python3.10/site-packages/self_driving
[3.626s] byte-compiling /home/an/ros2_ws/install/self_driving/lib/python3.10/site-packages/self_driving/drive_BOT.py to drive_BOT.cpython-310.pyc
[3.632s] running install_data
[3.633s] running install_egg_info
[3.640s] removing '/home/an/ros2_ws/install/self_driving/lib/python3.10/site-packages/self_driving-0.0.0-py3.10.egg-info' (and everything under it)
[3.641s] Copying ../../build/self_driving/self_driving.egg-info to /home/an/ros2_ws/install/self_driving/lib/python3.10/site-packages/self_driving-0.0.0-py3.10.egg-info
[3.646s] running install_scripts
[3.724s] Installing cam_node script to /home/an/ros2_ws/install/self_driving/lib/self_driving
[3.725s] Installing computer_vision_node script to /home/an/ros2_ws/install/self_driving/lib/self_driving
[3.726s] Installing driving_node script to /home/an/ros2_ws/install/self_driving/lib/self_driving
[3.726s] Installing recorder_node script to /home/an/ros2_ws/install/self_driving/lib/self_driving
[3.727s] Installing start_node script to /home/an/ros2_ws/install/self_driving/lib/self_driving
[3.728s] Installing traffic_signal_node script to /home/an/ros2_ws/install/self_driving/lib/self_driving
[3.729s] Installing vel_wheel_node script to /home/an/ros2_ws/install/self_driving/lib/self_driving
[3.732s] writing list of installed files to '/home/an/ros2_ws/build/self_driving/install.log'
[3.840s] Invoked command in '/home/an/ros2_ws/src/self_driving' returned '0': PYTHONPATH=/home/an/ros2_ws/build/self_driving/prefix_override:/home/an/ros2_ws/install/self_driving/lib/python3.10/site-packages:${PYTHONPATH} /usr/bin/python3 -W ignore:setup.py install is deprecated setup.py egg_info --egg-base ../../build/self_driving build --build-base /home/an/ros2_ws/build/self_driving/build install --record /home/an/ros2_ws/build/self_driving/install.log --single-version-externally-managed install_data
