[2.621s] Invoking command in '/home/an/ros2_ws/src/self_driving': PYTHONPATH=/home/an/ros2_ws/build/self_driving/prefix_override:/home/an/ros2_ws/install/self_driving/lib/python3.10/site-packages:${PYTHONPATH} /usr/bin/python3 -W ignore:setup.py install is deprecated setup.py egg_info --egg-base ../../build/self_driving build --build-base /home/an/ros2_ws/build/self_driving/build install --record /home/an/ros2_ws/build/self_driving/install.log --single-version-externally-managed install_data
[3.605s] running egg_info
[3.608s] writing ../../build/self_driving/self_driving.egg-info/PKG-INFO
[3.609s] writing dependency_links to ../../build/self_driving/self_driving.egg-info/dependency_links.txt
[3.610s] writing entry points to ../../build/self_driving/self_driving.egg-info/entry_points.txt
[3.610s] writing requirements to ../../build/self_driving/self_driving.egg-info/requires.txt
[3.611s] writing top-level names to ../../build/self_driving/self_driving.egg-info/top_level.txt
[3.621s] reading manifest file '../../build/self_driving/self_driving.egg-info/SOURCES.txt'
[3.623s] adding license file 'LICENSE'
[3.626s] writing manifest file '../../build/self_driving/self_driving.egg-info/SOURCES.txt'
[3.627s] running build
[3.627s] running build_py
[3.628s] copying self_driving/computer_vision_node.py -> /home/an/ros2_ws/build/self_driving/build/lib/self_driving
[3.630s] copying self_driving/traffic_signal.py -> /home/an/ros2_ws/build/self_driving/build/lib/self_driving
[3.634s] copying self_driving/Detection/Lanes/a_colour_segmentation.py -> /home/an/ros2_ws/build/self_driving/build/lib/self_driving/Detection/Lanes
[3.637s] running install
[3.639s] running install_lib
[3.642s] copying /home/an/ros2_ws/build/self_driving/build/lib/self_driving/computer_vision_node.py -> /home/an/ros2_ws/install/self_driving/lib/python3.10/site-packages/self_driving
[3.644s] copying /home/an/ros2_ws/build/self_driving/build/lib/self_driving/traffic_signal.py -> /home/an/ros2_ws/install/self_driving/lib/python3.10/site-packages/self_driving
[3.647s] copying /home/an/ros2_ws/build/self_driving/build/lib/self_driving/Detection/Lanes/a_colour_segmentation.py -> /home/an/ros2_ws/install/self_driving/lib/python3.10/site-packages/self_driving/Detection/Lanes
[3.652s] byte-compiling /home/an/ros2_ws/install/self_driving/lib/python3.10/site-packages/self_driving/computer_vision_node.py to computer_vision_node.cpython-310.pyc
[3.655s] byte-compiling /home/an/ros2_ws/install/self_driving/lib/python3.10/site-packages/self_driving/traffic_signal.py to traffic_signal.cpython-310.pyc
[3.663s] byte-compiling /home/an/ros2_ws/install/self_driving/lib/python3.10/site-packages/self_driving/Detection/Lanes/a_colour_segmentation.py to a_colour_segmentation.cpython-310.pyc
[3.668s] running install_data
[3.668s] running install_egg_info
[3.675s] removing '/home/an/ros2_ws/install/self_driving/lib/python3.10/site-packages/self_driving-0.0.0-py3.10.egg-info' (and everything under it)
[3.677s] Copying ../../build/self_driving/self_driving.egg-info to /home/an/ros2_ws/install/self_driving/lib/python3.10/site-packages/self_driving-0.0.0-py3.10.egg-info
[3.682s] running install_scripts
[3.762s] Installing cam_node script to /home/an/ros2_ws/install/self_driving/lib/self_driving
[3.763s] Installing computer_vision_node script to /home/an/ros2_ws/install/self_driving/lib/self_driving
[3.764s] Installing driving_node script to /home/an/ros2_ws/install/self_driving/lib/self_driving
[3.765s] Installing recorder_node script to /home/an/ros2_ws/install/self_driving/lib/self_driving
[3.765s] Installing start_node script to /home/an/ros2_ws/install/self_driving/lib/self_driving
[3.766s] Installing traffic_signal_node script to /home/an/ros2_ws/install/self_driving/lib/self_driving
[3.767s] Installing vel_wheel_node script to /home/an/ros2_ws/install/self_driving/lib/self_driving
[3.771s] writing list of installed files to '/home/an/ros2_ws/build/self_driving/install.log'
[3.882s] Invoked command in '/home/an/ros2_ws/src/self_driving' returned '0': PYTHONPATH=/home/an/ros2_ws/build/self_driving/prefix_override:/home/an/ros2_ws/install/self_driving/lib/python3.10/site-packages:${PYTHONPATH} /usr/bin/python3 -W ignore:setup.py install is deprecated setup.py egg_info --egg-base ../../build/self_driving build --build-base /home/an/ros2_ws/build/self_driving/build install --record /home/an/ros2_ws/build/self_driving/install.log --single-version-externally-managed install_data
