[2.841s] Invoking command in '/home/an/ros2_ws/src/self_driving': PYTHONPATH=/home/an/ros2_ws/build/self_driving/prefix_override:/home/an/ros2_ws/install/self_driving/lib/python3.10/site-packages:${PYTHONPATH} /usr/bin/python3 -W ignore:setup.py install is deprecated setup.py egg_info --egg-base ../../build/self_driving build --build-base /home/an/ros2_ws/build/self_driving/build install --record /home/an/ros2_ws/build/self_driving/install.log --single-version-externally-managed install_data
[3.907s] running egg_info
[3.910s] writing ../../build/self_driving/self_driving.egg-info/PKG-INFO
[3.911s] writing dependency_links to ../../build/self_driving/self_driving.egg-info/dependency_links.txt
[3.913s] writing entry points to ../../build/self_driving/self_driving.egg-info/entry_points.txt
[3.915s] writing requirements to ../../build/self_driving/self_driving.egg-info/requires.txt
[3.916s] writing top-level names to ../../build/self_driving/self_driving.egg-info/top_level.txt
[3.926s] reading manifest file '../../build/self_driving/self_driving.egg-info/SOURCES.txt'
[3.927s] adding license file 'LICENSE'
[3.931s] writing manifest file '../../build/self_driving/self_driving.egg-info/SOURCES.txt'
[3.931s] running build
[3.932s] running build_py
[3.933s] copying self_driving/computer_vision_node.py -> /home/an/ros2_ws/build/self_driving/build/lib/self_driving
[3.938s] copying self_driving/Detection/Lanes/a_colour_segmentation.py -> /home/an/ros2_ws/build/self_driving/build/lib/self_driving/Detection/Lanes
[3.941s] running install
[3.942s] running install_lib
[3.949s] copying /home/an/ros2_ws/build/self_driving/build/lib/self_driving/computer_vision_node.py -> /home/an/ros2_ws/install/self_driving/lib/python3.10/site-packages/self_driving
[3.954s] copying /home/an/ros2_ws/build/self_driving/build/lib/self_driving/Detection/Lanes/a_colour_segmentation.py -> /home/an/ros2_ws/install/self_driving/lib/python3.10/site-packages/self_driving/Detection/Lanes
[3.957s] byte-compiling /home/an/ros2_ws/install/self_driving/lib/python3.10/site-packages/self_driving/computer_vision_node.py to computer_vision_node.cpython-310.pyc
[3.962s] byte-compiling /home/an/ros2_ws/install/self_driving/lib/python3.10/site-packages/self_driving/Detection/Lanes/a_colour_segmentation.py to a_colour_segmentation.cpython-310.pyc
[3.968s] running install_data
[3.969s] running install_egg_info
[3.975s] removing '/home/an/ros2_ws/install/self_driving/lib/python3.10/site-packages/self_driving-0.0.0-py3.10.egg-info' (and everything under it)
[3.983s] Copying ../../build/self_driving/self_driving.egg-info to /home/an/ros2_ws/install/self_driving/lib/python3.10/site-packages/self_driving-0.0.0-py3.10.egg-info
[3.989s] running install_scripts
[4.078s] Installing cam_node script to /home/an/ros2_ws/install/self_driving/lib/self_driving
[4.080s] Installing computer_vision_node script to /home/an/ros2_ws/install/self_driving/lib/self_driving
[4.082s] Installing driving_node script to /home/an/ros2_ws/install/self_driving/lib/self_driving
[4.083s] Installing recorder_node script to /home/an/ros2_ws/install/self_driving/lib/self_driving
[4.084s] Installing vel_wheel_node script to /home/an/ros2_ws/install/self_driving/lib/self_driving
[4.088s] writing list of installed files to '/home/an/ros2_ws/build/self_driving/install.log'
[4.218s] Invoked command in '/home/an/ros2_ws/src/self_driving' returned '0': PYTHONPATH=/home/an/ros2_ws/build/self_driving/prefix_override:/home/an/ros2_ws/install/self_driving/lib/python3.10/site-packages:${PYTHONPATH} /usr/bin/python3 -W ignore:setup.py install is deprecated setup.py egg_info --egg-base ../../build/self_driving build --build-base /home/an/ros2_ws/build/self_driving/build install --record /home/an/ros2_ws/build/self_driving/install.log --single-version-externally-managed install_data
