[3.308s] Invoking command in '/home/an/ros2_ws/src/self_driving': PYTHONPATH=/home/an/ros2_ws/build/self_driving/prefix_override:/home/an/ros2_ws/install/self_driving/lib/python3.10/site-packages:${PYTHONPATH} /usr/bin/python3 -W ignore:setup.py install is deprecated setup.py egg_info --egg-base ../../build/self_driving build --build-base /home/an/ros2_ws/build/self_driving/build install --record /home/an/ros2_ws/build/self_driving/install.log --single-version-externally-managed install_data
[4.444s] running egg_info
[4.447s] writing ../../build/self_driving/self_driving.egg-info/PKG-INFO
[4.448s] writing dependency_links to ../../build/self_driving/self_driving.egg-info/dependency_links.txt
[4.449s] writing entry points to ../../build/self_driving/self_driving.egg-info/entry_points.txt
[4.450s] writing requirements to ../../build/self_driving/self_driving.egg-info/requires.txt
[4.450s] writing top-level names to ../../build/self_driving/self_driving.egg-info/top_level.txt
[4.461s] reading manifest file '../../build/self_driving/self_driving.egg-info/SOURCES.txt'
[4.463s] adding license file 'LICENSE'
[4.467s] writing manifest file '../../build/self_driving/self_driving.egg-info/SOURCES.txt'
[4.468s] running build
[4.468s] running build_py
[4.476s] running install
[4.478s] running install_lib
[4.490s] running install_data
[4.491s] running install_egg_info
[4.498s] removing '/home/an/ros2_ws/install/self_driving/lib/python3.10/site-packages/self_driving-0.0.0-py3.10.egg-info' (and everything under it)
[4.500s] Copying ../../build/self_driving/self_driving.egg-info to /home/an/ros2_ws/install/self_driving/lib/python3.10/site-packages/self_driving-0.0.0-py3.10.egg-info
[4.507s] running install_scripts
[4.592s] Installing cam_node script to /home/an/ros2_ws/install/self_driving/lib/self_driving
[4.593s] Installing computer_vision_node script to /home/an/ros2_ws/install/self_driving/lib/self_driving
[4.594s] Installing driving_node script to /home/an/ros2_ws/install/self_driving/lib/self_driving
[4.595s] Installing recorder_node script to /home/an/ros2_ws/install/self_driving/lib/self_driving
[4.595s] Installing vel_wheel_node script to /home/an/ros2_ws/install/self_driving/lib/self_driving
[4.600s] writing list of installed files to '/home/an/ros2_ws/build/self_driving/install.log'
[4.726s] Invoked command in '/home/an/ros2_ws/src/self_driving' returned '0': PYTHONPATH=/home/an/ros2_ws/build/self_driving/prefix_override:/home/an/ros2_ws/install/self_driving/lib/python3.10/site-packages:${PYTHONPATH} /usr/bin/python3 -W ignore:setup.py install is deprecated setup.py egg_info --egg-base ../../build/self_driving build --build-base /home/an/ros2_ws/build/self_driving/build install --record /home/an/ros2_ws/build/self_driving/install.log --single-version-externally-managed install_data
