[4.959s] Invoking command in '/home/an/ros2_ws/src/self_driving': PYTHONPATH=/home/an/ros2_ws/build/self_driving/prefix_override:/home/an/ros2_ws/install/self_driving/lib/python3.10/site-packages:${PYTHONPATH} /usr/bin/python3 -W ignore:setup.py install is deprecated setup.py egg_info --egg-base ../../build/self_driving build --build-base /home/an/ros2_ws/build/self_driving/build install --record /home/an/ros2_ws/build/self_driving/install.log --single-version-externally-managed install_data
[6.857s] running egg_info
[6.860s] writing ../../build/self_driving/self_driving.egg-info/PKG-INFO
[6.861s] writing dependency_links to ../../build/self_driving/self_driving.egg-info/dependency_links.txt
[6.862s] writing entry points to ../../build/self_driving/self_driving.egg-info/entry_points.txt
[6.863s] writing requirements to ../../build/self_driving/self_driving.egg-info/requires.txt
[6.863s] writing top-level names to ../../build/self_driving/self_driving.egg-info/top_level.txt
[6.880s] reading manifest file '../../build/self_driving/self_driving.egg-info/SOURCES.txt'
[6.882s] adding license file 'LICENSE'
[6.886s] writing manifest file '../../build/self_driving/self_driving.egg-info/SOURCES.txt'
[6.887s] running build
[6.888s] running build_py
[6.898s] running install
[6.900s] running install_lib
[6.926s] running install_data
[6.928s] copying launch/start.launch.py -> /home/an/ros2_ws/install/self_driving/share/self_driving/launch
[6.929s] running install_egg_info
[6.939s] removing '/home/an/ros2_ws/install/self_driving/lib/python3.10/site-packages/self_driving-0.0.0-py3.10.egg-info' (and everything under it)
[6.942s] Copying ../../build/self_driving/self_driving.egg-info to /home/an/ros2_ws/install/self_driving/lib/python3.10/site-packages/self_driving-0.0.0-py3.10.egg-info
[6.950s] running install_scripts
[7.080s] Installing cam_node script to /home/an/ros2_ws/install/self_driving/lib/self_driving
[7.086s] Installing computer_vision_node script to /home/an/ros2_ws/install/self_driving/lib/self_driving
[7.089s] Installing driving_node script to /home/an/ros2_ws/install/self_driving/lib/self_driving
[7.095s] Installing recorder_node script to /home/an/ros2_ws/install/self_driving/lib/self_driving
[7.101s] Installing start_node script to /home/an/ros2_ws/install/self_driving/lib/self_driving
[7.102s] Installing traffic_signal_node script to /home/an/ros2_ws/install/self_driving/lib/self_driving
[7.114s] Installing vel_wheel_node script to /home/an/ros2_ws/install/self_driving/lib/self_driving
[7.121s] writing list of installed files to '/home/an/ros2_ws/build/self_driving/install.log'
[7.317s] Invoked command in '/home/an/ros2_ws/src/self_driving' returned '0': PYTHONPATH=/home/an/ros2_ws/build/self_driving/prefix_override:/home/an/ros2_ws/install/self_driving/lib/python3.10/site-packages:${PYTHONPATH} /usr/bin/python3 -W ignore:setup.py install is deprecated setup.py egg_info --egg-base ../../build/self_driving build --build-base /home/an/ros2_ws/build/self_driving/build install --record /home/an/ros2_ws/build/self_driving/install.log --single-version-externally-managed install_data
