running egg_info
writing ../../build/self_driving/self_driving.egg-info/PKG-INFO
writing dependency_links to ../../build/self_driving/self_driving.egg-info/dependency_links.txt
writing entry points to ../../build/self_driving/self_driving.egg-info/entry_points.txt
writing requirements to ../../build/self_driving/self_driving.egg-info/requires.txt
writing top-level names to ../../build/self_driving/self_driving.egg-info/top_level.txt
reading manifest file '../../build/self_driving/self_driving.egg-info/SOURCES.txt'
adding license file 'LICENSE'
writing manifest file '../../build/self_driving/self_driving.egg-info/SOURCES.txt'
running build
running build_py
copying self_driving/wheel_left_right.py -> /home/an/ros2_ws/build/self_driving/build/lib/self_driving
copying self_driving/traffic_signal.py -> /home/an/ros2_ws/build/self_driving/build/lib/self_driving
running install
running install_lib
copying /home/an/ros2_ws/build/self_driving/build/lib/self_driving/wheel_left_right.py -> /home/an/ros2_ws/install/self_driving/lib/python3.10/site-packages/self_driving
copying /home/an/ros2_ws/build/self_driving/build/lib/self_driving/traffic_signal.py -> /home/an/ros2_ws/install/self_driving/lib/python3.10/site-packages/self_driving
byte-compiling /home/an/ros2_ws/install/self_driving/lib/python3.10/site-packages/self_driving/wheel_left_right.py to wheel_left_right.cpython-310.pyc
byte-compiling /home/an/ros2_ws/install/self_driving/lib/python3.10/site-packages/self_driving/traffic_signal.py to traffic_signal.cpython-310.pyc
running install_data
running install_egg_info
removing '/home/an/ros2_ws/install/self_driving/lib/python3.10/site-packages/self_driving-0.0.0-py3.10.egg-info' (and everything under it)
Copying ../../build/self_driving/self_driving.egg-info to /home/an/ros2_ws/install/self_driving/lib/python3.10/site-packages/self_driving-0.0.0-py3.10.egg-info
running install_scripts
Installing cam_node script to /home/an/ros2_ws/install/self_driving/lib/self_driving
Installing computer_vision_node script to /home/an/ros2_ws/install/self_driving/lib/self_driving
Installing driving_node script to /home/an/ros2_ws/install/self_driving/lib/self_driving
Installing recorder_node script to /home/an/ros2_ws/install/self_driving/lib/self_driving
Installing start_node script to /home/an/ros2_ws/install/self_driving/lib/self_driving
Installing traffic_signal_node script to /home/an/ros2_ws/install/self_driving/lib/self_driving
Installing vel_wheel_node script to /home/an/ros2_ws/install/self_driving/lib/self_driving
writing list of installed files to '/home/an/ros2_ws/build/self_driving/install.log'
