[3.784s] Invoking command in '/home/an/ros2_ws/src/self_driving': PYTHONPATH=/home/an/ros2_ws/build/self_driving/prefix_override:/home/an/ros2_ws/install/self_driving/lib/python3.10/site-packages:${PYTHONPATH} /usr/bin/python3 -W ignore:setup.py install is deprecated setup.py egg_info --egg-base ../../build/self_driving build --build-base /home/an/ros2_ws/build/self_driving/build install --record /home/an/ros2_ws/build/self_driving/install.log --single-version-externally-managed install_data
[5.251s] running egg_info
[5.254s] writing ../../build/self_driving/self_driving.egg-info/PKG-INFO
[5.255s] writing dependency_links to ../../build/self_driving/self_driving.egg-info/dependency_links.txt
[5.257s] writing entry points to ../../build/self_driving/self_driving.egg-info/entry_points.txt
[5.259s] writing requirements to ../../build/self_driving/self_driving.egg-info/requires.txt
[5.260s] writing top-level names to ../../build/self_driving/self_driving.egg-info/top_level.txt
[5.276s] reading manifest file '../../build/self_driving/self_driving.egg-info/SOURCES.txt'
[5.278s] adding license file 'LICENSE'
[5.282s] writing manifest file '../../build/self_driving/self_driving.egg-info/SOURCES.txt'
[5.283s] running build
[5.283s] running build_py
[5.284s] copying self_driving/wheel_left_right.py -> /home/an/ros2_ws/build/self_driving/build/lib/self_driving
[5.287s] copying self_driving/traffic_signal.py -> /home/an/ros2_ws/build/self_driving/build/lib/self_driving
[5.298s] running install
[5.300s] running install_lib
[5.303s] copying /home/an/ros2_ws/build/self_driving/build/lib/self_driving/wheel_left_right.py -> /home/an/ros2_ws/install/self_driving/lib/python3.10/site-packages/self_driving
[5.306s] copying /home/an/ros2_ws/build/self_driving/build/lib/self_driving/traffic_signal.py -> /home/an/ros2_ws/install/self_driving/lib/python3.10/site-packages/self_driving
[5.314s] byte-compiling /home/an/ros2_ws/install/self_driving/lib/python3.10/site-packages/self_driving/wheel_left_right.py to wheel_left_right.cpython-310.pyc
[5.320s] byte-compiling /home/an/ros2_ws/install/self_driving/lib/python3.10/site-packages/self_driving/traffic_signal.py to traffic_signal.cpython-310.pyc
[5.335s] running install_data
[5.335s] running install_egg_info
[5.346s] removing '/home/an/ros2_ws/install/self_driving/lib/python3.10/site-packages/self_driving-0.0.0-py3.10.egg-info' (and everything under it)
[5.348s] Copying ../../build/self_driving/self_driving.egg-info to /home/an/ros2_ws/install/self_driving/lib/python3.10/site-packages/self_driving-0.0.0-py3.10.egg-info
[5.358s] running install_scripts
[5.460s] Installing cam_node script to /home/an/ros2_ws/install/self_driving/lib/self_driving
[5.462s] Installing computer_vision_node script to /home/an/ros2_ws/install/self_driving/lib/self_driving
[5.466s] Installing driving_node script to /home/an/ros2_ws/install/self_driving/lib/self_driving
[5.466s] Installing recorder_node script to /home/an/ros2_ws/install/self_driving/lib/self_driving
[5.467s] Installing start_node script to /home/an/ros2_ws/install/self_driving/lib/self_driving
[5.469s] Installing traffic_signal_node script to /home/an/ros2_ws/install/self_driving/lib/self_driving
[5.471s] Installing vel_wheel_node script to /home/an/ros2_ws/install/self_driving/lib/self_driving
[5.477s] writing list of installed files to '/home/an/ros2_ws/build/self_driving/install.log'
[5.674s] Invoked command in '/home/an/ros2_ws/src/self_driving' returned '0': PYTHONPATH=/home/an/ros2_ws/build/self_driving/prefix_override:/home/an/ros2_ws/install/self_driving/lib/python3.10/site-packages:${PYTHONPATH} /usr/bin/python3 -W ignore:setup.py install is deprecated setup.py egg_info --egg-base ../../build/self_driving build --build-base /home/an/ros2_ws/build/self_driving/build install --record /home/an/ros2_ws/build/self_driving/install.log --single-version-externally-managed install_data
