[4.096s] Invoking command in '/home/an/ros2_ws/src/vel_driver': PYTHONPATH=/home/an/ros2_ws/build/vel_driver/prefix_override:/home/an/ros2_ws/install/vel_driver/lib/python3.10/site-packages:${PYTHONPATH} /usr/bin/python3 -W ignore:setup.py install is deprecated setup.py egg_info --egg-base ../../build/vel_driver build --build-base /home/an/ros2_ws/build/vel_driver/build install --record /home/an/ros2_ws/build/vel_driver/install.log --single-version-externally-managed install_data
[5.591s] running egg_info
[5.594s] writing ../../build/vel_driver/vel_driver.egg-info/PKG-INFO
[5.596s] writing dependency_links to ../../build/vel_driver/vel_driver.egg-info/dependency_links.txt
[5.597s] writing entry points to ../../build/vel_driver/vel_driver.egg-info/entry_points.txt
[5.598s] writing requirements to ../../build/vel_driver/vel_driver.egg-info/requires.txt
[5.599s] writing top-level names to ../../build/vel_driver/vel_driver.egg-info/top_level.txt
[5.604s] reading manifest file '../../build/vel_driver/vel_driver.egg-info/SOURCES.txt'
[5.609s] writing manifest file '../../build/vel_driver/vel_driver.egg-info/SOURCES.txt'
[5.609s] running build
[5.611s] running install
[5.611s] running install_data
[5.612s] running install_egg_info
[5.622s] removing '/home/an/ros2_ws/install/vel_driver/lib/python3.10/site-packages/vel_driver-0.0.0-py3.10.egg-info' (and everything under it)
[5.625s] Copying ../../build/vel_driver/vel_driver.egg-info to /home/an/ros2_ws/install/vel_driver/lib/python3.10/site-packages/vel_driver-0.0.0-py3.10.egg-info
[5.633s] running install_scripts
[5.742s] Installing serial_motor_driver script to /home/an/ros2_ws/install/vel_driver/lib/vel_driver
[5.744s] Installing test_drive script to /home/an/ros2_ws/install/vel_driver/lib/vel_driver
[5.745s] writing list of installed files to '/home/an/ros2_ws/build/vel_driver/install.log'
[5.921s] Invoked command in '/home/an/ros2_ws/src/vel_driver' returned '0': PYTHONPATH=/home/an/ros2_ws/build/vel_driver/prefix_override:/home/an/ros2_ws/install/vel_driver/lib/python3.10/site-packages:${PYTHONPATH} /usr/bin/python3 -W ignore:setup.py install is deprecated setup.py egg_info --egg-base ../../build/vel_driver build --build-base /home/an/ros2_ws/build/vel_driver/build install --record /home/an/ros2_ws/build/vel_driver/install.log --single-version-externally-managed install_data
