[2.860s] Invoking command in '/home/an/ros2_ws/src/self_driving': PYTHONPATH=/home/an/ros2_ws/build/self_driving/prefix_override:/home/an/ros2_ws/install/self_driving/lib/python3.10/site-packages:${PYTHONPATH} /usr/bin/python3 -W ignore:setup.py install is deprecated setup.py egg_info --egg-base ../../build/self_driving build --build-base /home/an/ros2_ws/build/self_driving/build install --record /home/an/ros2_ws/build/self_driving/install.log --single-version-externally-managed install_data
[3.927s] running egg_info
[3.930s] writing ../../build/self_driving/self_driving.egg-info/PKG-INFO
[3.931s] writing dependency_links to ../../build/self_driving/self_driving.egg-info/dependency_links.txt
[3.932s] writing entry points to ../../build/self_driving/self_driving.egg-info/entry_points.txt
[3.932s] writing requirements to ../../build/self_driving/self_driving.egg-info/requires.txt
[3.933s] writing top-level names to ../../build/self_driving/self_driving.egg-info/top_level.txt
[3.946s] reading manifest file '../../build/self_driving/self_driving.egg-info/SOURCES.txt'
[3.948s] adding license file 'LICENSE'
[3.951s] writing manifest file '../../build/self_driving/self_driving.egg-info/SOURCES.txt'
[3.952s] running build
[3.952s] running build_py
[3.953s] copying self_driving/drive_BOT.py -> /home/an/ros2_ws/build/self_driving/build/lib/self_driving
[3.961s] running install
[3.962s] running install_lib
[3.966s] copying /home/an/ros2_ws/build/self_driving/build/lib/self_driving/drive_BOT.py -> /home/an/ros2_ws/install/self_driving/lib/python3.10/site-packages/self_driving
[3.973s] byte-compiling /home/an/ros2_ws/install/self_driving/lib/python3.10/site-packages/self_driving/drive_BOT.py to drive_BOT.cpython-310.pyc
[3.985s] running install_data
[3.986s] running install_egg_info
[3.992s] removing '/home/an/ros2_ws/install/self_driving/lib/python3.10/site-packages/self_driving-0.0.0-py3.10.egg-info' (and everything under it)
[3.994s] Copying ../../build/self_driving/self_driving.egg-info to /home/an/ros2_ws/install/self_driving/lib/python3.10/site-packages/self_driving-0.0.0-py3.10.egg-info
[4.000s] running install_scripts
[4.089s] Installing cam_node script to /home/an/ros2_ws/install/self_driving/lib/self_driving
[4.090s] Installing computer_vision_node script to /home/an/ros2_ws/install/self_driving/lib/self_driving
[4.091s] Installing driving_node script to /home/an/ros2_ws/install/self_driving/lib/self_driving
[4.091s] Installing recorder_node script to /home/an/ros2_ws/install/self_driving/lib/self_driving
[4.092s] Installing vel_wheel_node script to /home/an/ros2_ws/install/self_driving/lib/self_driving
[4.096s] writing list of installed files to '/home/an/ros2_ws/build/self_driving/install.log'
[4.229s] Invoked command in '/home/an/ros2_ws/src/self_driving' returned '0': PYTHONPATH=/home/an/ros2_ws/build/self_driving/prefix_override:/home/an/ros2_ws/install/self_driving/lib/python3.10/site-packages:${PYTHONPATH} /usr/bin/python3 -W ignore:setup.py install is deprecated setup.py egg_info --egg-base ../../build/self_driving build --build-base /home/an/ros2_ws/build/self_driving/build install --record /home/an/ros2_ws/build/self_driving/install.log --single-version-externally-managed install_data
