[3.508s] Invoking command in '/home/an/ros2_ws/src/self_driving': PYTHONPATH=/home/an/ros2_ws/build/self_driving/prefix_override:/home/an/ros2_ws/install/self_driving/lib/python3.10/site-packages:${PYTHONPATH} /usr/bin/python3 -W ignore:setup.py install is deprecated setup.py egg_info --egg-base ../../build/self_driving build --build-base /home/an/ros2_ws/build/self_driving/build install --record /home/an/ros2_ws/build/self_driving/install.log --single-version-externally-managed install_data
[4.591s] running egg_info
[4.594s] writing ../../build/self_driving/self_driving.egg-info/PKG-INFO
[4.595s] writing dependency_links to ../../build/self_driving/self_driving.egg-info/dependency_links.txt
[4.596s] writing entry points to ../../build/self_driving/self_driving.egg-info/entry_points.txt
[4.596s] writing requirements to ../../build/self_driving/self_driving.egg-info/requires.txt
[4.597s] writing top-level names to ../../build/self_driving/self_driving.egg-info/top_level.txt
[4.608s] reading manifest file '../../build/self_driving/self_driving.egg-info/SOURCES.txt'
[4.609s] adding license file 'LICENSE'
[4.614s] writing manifest file '../../build/self_driving/self_driving.egg-info/SOURCES.txt'
[4.615s] running build
[4.616s] running build_py
[4.617s] copying self_driving/computer_vision_node.py -> /home/an/ros2_ws/build/self_driving/build/lib/self_driving
[4.624s] running install
[4.625s] running install_lib
[4.629s] copying /home/an/ros2_ws/build/self_driving/build/lib/self_driving/computer_vision_node.py -> /home/an/ros2_ws/install/self_driving/lib/python3.10/site-packages/self_driving
[4.636s] byte-compiling /home/an/ros2_ws/install/self_driving/lib/python3.10/site-packages/self_driving/computer_vision_node.py to computer_vision_node.cpython-310.pyc
[4.642s] running install_data
[4.646s] running install_egg_info
[4.655s] removing '/home/an/ros2_ws/install/self_driving/lib/python3.10/site-packages/self_driving-0.0.0-py3.10.egg-info' (and everything under it)
[4.659s] Copying ../../build/self_driving/self_driving.egg-info to /home/an/ros2_ws/install/self_driving/lib/python3.10/site-packages/self_driving-0.0.0-py3.10.egg-info
[4.666s] running install_scripts
[4.757s] Installing cam_node script to /home/an/ros2_ws/install/self_driving/lib/self_driving
[4.757s] Installing computer_vision_node script to /home/an/ros2_ws/install/self_driving/lib/self_driving
[4.758s] Installing driving_node script to /home/an/ros2_ws/install/self_driving/lib/self_driving
[4.759s] Installing recorder_node script to /home/an/ros2_ws/install/self_driving/lib/self_driving
[4.760s] Installing vel_wheel_node script to /home/an/ros2_ws/install/self_driving/lib/self_driving
[4.764s] writing list of installed files to '/home/an/ros2_ws/build/self_driving/install.log'
[4.896s] Invoked command in '/home/an/ros2_ws/src/self_driving' returned '0': PYTHONPATH=/home/an/ros2_ws/build/self_driving/prefix_override:/home/an/ros2_ws/install/self_driving/lib/python3.10/site-packages:${PYTHONPATH} /usr/bin/python3 -W ignore:setup.py install is deprecated setup.py egg_info --egg-base ../../build/self_driving build --build-base /home/an/ros2_ws/build/self_driving/build install --record /home/an/ros2_ws/build/self_driving/install.log --single-version-externally-managed install_data
