[5.218s] Invoking command in '/home/an/ros2_ws/src/self_driving': PYTHONPATH=/home/an/ros2_ws/build/self_driving/prefix_override:/home/an/ros2_ws/install/self_driving/lib/python3.10/site-packages:${PYTHONPATH} /usr/bin/python3 -W ignore:setup.py install is deprecated setup.py egg_info --egg-base ../../build/self_driving build --build-base /home/an/ros2_ws/build/self_driving/build install --record /home/an/ros2_ws/build/self_driving/install.log --single-version-externally-managed install_data
[7.204s] running egg_info
[7.208s] writing ../../build/self_driving/self_driving.egg-info/PKG-INFO
[7.209s] writing dependency_links to ../../build/self_driving/self_driving.egg-info/dependency_links.txt
[7.211s] writing entry points to ../../build/self_driving/self_driving.egg-info/entry_points.txt
[7.213s] writing requirements to ../../build/self_driving/self_driving.egg-info/requires.txt
[7.215s] writing top-level names to ../../build/self_driving/self_driving.egg-info/top_level.txt
[7.232s] reading manifest file '../../build/self_driving/self_driving.egg-info/SOURCES.txt'
[7.235s] adding license file 'LICENSE'
[7.239s] writing manifest file '../../build/self_driving/self_driving.egg-info/SOURCES.txt'
[7.240s] running build
[7.240s] running build_py
[7.242s] copying self_driving/traffic_signal.py -> /home/an/ros2_ws/build/self_driving/build/lib/self_driving
[7.260s] running install
[7.261s] running install_lib
[7.267s] copying /home/an/ros2_ws/build/self_driving/build/lib/self_driving/traffic_signal.py -> /home/an/ros2_ws/install/self_driving/lib/python3.10/site-packages/self_driving
[7.281s] byte-compiling /home/an/ros2_ws/install/self_driving/lib/python3.10/site-packages/self_driving/traffic_signal.py to traffic_signal.cpython-310.pyc
[7.296s] running install_data
[7.297s] running install_egg_info
[7.309s] removing '/home/an/ros2_ws/install/self_driving/lib/python3.10/site-packages/self_driving-0.0.0-py3.10.egg-info' (and everything under it)
[7.312s] Copying ../../build/self_driving/self_driving.egg-info to /home/an/ros2_ws/install/self_driving/lib/python3.10/site-packages/self_driving-0.0.0-py3.10.egg-info
[7.326s] running install_scripts
[7.464s] Installing cam_node script to /home/an/ros2_ws/install/self_driving/lib/self_driving
[7.466s] Installing computer_vision_node script to /home/an/ros2_ws/install/self_driving/lib/self_driving
[7.467s] Installing driving_node script to /home/an/ros2_ws/install/self_driving/lib/self_driving
[7.468s] Installing recorder_node script to /home/an/ros2_ws/install/self_driving/lib/self_driving
[7.469s] Installing start_node script to /home/an/ros2_ws/install/self_driving/lib/self_driving
[7.470s] Installing traffic_signal_node script to /home/an/ros2_ws/install/self_driving/lib/self_driving
[7.471s] Installing vel_wheel_node script to /home/an/ros2_ws/install/self_driving/lib/self_driving
[7.479s] writing list of installed files to '/home/an/ros2_ws/build/self_driving/install.log'
[7.685s] Invoked command in '/home/an/ros2_ws/src/self_driving' returned '0': PYTHONPATH=/home/an/ros2_ws/build/self_driving/prefix_override:/home/an/ros2_ws/install/self_driving/lib/python3.10/site-packages:${PYTHONPATH} /usr/bin/python3 -W ignore:setup.py install is deprecated setup.py egg_info --egg-base ../../build/self_driving build --build-base /home/an/ros2_ws/build/self_driving/build install --record /home/an/ros2_ws/build/self_driving/install.log --single-version-externally-managed install_data
