[2.895s] Invoking command in '/home/an/ros2_ws/src/self_driving': PYTHONPATH=/home/an/ros2_ws/build/self_driving/prefix_override:/home/an/ros2_ws/install/self_driving/lib/python3.10/site-packages:${PYTHONPATH} /usr/bin/python3 -W ignore:setup.py install is deprecated setup.py egg_info --egg-base ../../build/self_driving build --build-base /home/an/ros2_ws/build/self_driving/build install --record /home/an/ros2_ws/build/self_driving/install.log --single-version-externally-managed install_data
[3.990s] running egg_info
[3.992s] writing ../../build/self_driving/self_driving.egg-info/PKG-INFO
[3.993s] writing dependency_links to ../../build/self_driving/self_driving.egg-info/dependency_links.txt
[3.994s] writing entry points to ../../build/self_driving/self_driving.egg-info/entry_points.txt
[3.995s] writing requirements to ../../build/self_driving/self_driving.egg-info/requires.txt
[3.996s] writing top-level names to ../../build/self_driving/self_driving.egg-info/top_level.txt
[4.006s] reading manifest file '../../build/self_driving/self_driving.egg-info/SOURCES.txt'
[4.008s] adding license file 'LICENSE'
[4.011s] writing manifest file '../../build/self_driving/self_driving.egg-info/SOURCES.txt'
[4.011s] running build
[4.012s] running build_py
[4.014s] copying self_driving/traffic_signal.py -> /home/an/ros2_ws/build/self_driving/build/lib/self_driving
[4.022s] running install
[4.024s] running install_lib
[4.028s] copying /home/an/ros2_ws/build/self_driving/build/lib/self_driving/traffic_signal.py -> /home/an/ros2_ws/install/self_driving/lib/python3.10/site-packages/self_driving
[4.036s] byte-compiling /home/an/ros2_ws/install/self_driving/lib/python3.10/site-packages/self_driving/traffic_signal.py to traffic_signal.cpython-310.pyc
[4.045s] running install_data
[4.046s] running install_egg_info
[4.053s] removing '/home/an/ros2_ws/install/self_driving/lib/python3.10/site-packages/self_driving-0.0.0-py3.10.egg-info' (and everything under it)
[4.055s] Copying ../../build/self_driving/self_driving.egg-info to /home/an/ros2_ws/install/self_driving/lib/python3.10/site-packages/self_driving-0.0.0-py3.10.egg-info
[4.064s] running install_scripts
[4.152s] Installing cam_node script to /home/an/ros2_ws/install/self_driving/lib/self_driving
[4.153s] Installing computer_vision_node script to /home/an/ros2_ws/install/self_driving/lib/self_driving
[4.157s] Installing driving_node script to /home/an/ros2_ws/install/self_driving/lib/self_driving
[4.158s] Installing recorder_node script to /home/an/ros2_ws/install/self_driving/lib/self_driving
[4.159s] Installing start_node script to /home/an/ros2_ws/install/self_driving/lib/self_driving
[4.159s] Installing traffic_signal_node script to /home/an/ros2_ws/install/self_driving/lib/self_driving
[4.160s] Installing vel_wheel_node script to /home/an/ros2_ws/install/self_driving/lib/self_driving
[4.164s] writing list of installed files to '/home/an/ros2_ws/build/self_driving/install.log'
[4.294s] Invoked command in '/home/an/ros2_ws/src/self_driving' returned '0': PYTHONPATH=/home/an/ros2_ws/build/self_driving/prefix_override:/home/an/ros2_ws/install/self_driving/lib/python3.10/site-packages:${PYTHONPATH} /usr/bin/python3 -W ignore:setup.py install is deprecated setup.py egg_info --egg-base ../../build/self_driving build --build-base /home/an/ros2_ws/build/self_driving/build install --record /home/an/ros2_ws/build/self_driving/install.log --single-version-externally-managed install_data
