[2.555s] Invoking command in '/home/an/ros2_ws/src/self_driving': PYTHONPATH=/home/an/ros2_ws/build/self_driving/prefix_override:/home/an/ros2_ws/install/self_driving/lib/python3.10/site-packages:${PYTHONPATH} /usr/bin/python3 -W ignore:setup.py install is deprecated setup.py egg_info --egg-base ../../build/self_driving build --build-base /home/an/ros2_ws/build/self_driving/build install --record /home/an/ros2_ws/build/self_driving/install.log --single-version-externally-managed install_data
[3.515s] running egg_info
[3.518s] writing ../../build/self_driving/self_driving.egg-info/PKG-INFO
[3.519s] writing dependency_links to ../../build/self_driving/self_driving.egg-info/dependency_links.txt
[3.520s] writing entry points to ../../build/self_driving/self_driving.egg-info/entry_points.txt
[3.520s] writing requirements to ../../build/self_driving/self_driving.egg-info/requires.txt
[3.521s] writing top-level names to ../../build/self_driving/self_driving.egg-info/top_level.txt
[3.531s] reading manifest file '../../build/self_driving/self_driving.egg-info/SOURCES.txt'
[3.533s] adding license file 'LICENSE'
[3.536s] writing manifest file '../../build/self_driving/self_driving.egg-info/SOURCES.txt'
[3.536s] running build
[3.537s] running build_py
[3.538s] copying self_driving/computer_vision_node.py -> /home/an/ros2_ws/build/self_driving/build/lib/self_driving
[3.545s] running install
[3.546s] running install_lib
[3.551s] copying /home/an/ros2_ws/build/self_driving/build/lib/self_driving/computer_vision_node.py -> /home/an/ros2_ws/install/self_driving/lib/python3.10/site-packages/self_driving
[3.557s] byte-compiling /home/an/ros2_ws/install/self_driving/lib/python3.10/site-packages/self_driving/computer_vision_node.py to computer_vision_node.cpython-310.pyc
[3.563s] running install_data
[3.563s] running install_egg_info
[3.570s] removing '/home/an/ros2_ws/install/self_driving/lib/python3.10/site-packages/self_driving-0.0.0-py3.10.egg-info' (and everything under it)
[3.577s] Copying ../../build/self_driving/self_driving.egg-info to /home/an/ros2_ws/install/self_driving/lib/python3.10/site-packages/self_driving-0.0.0-py3.10.egg-info
[3.581s] running install_scripts
[3.659s] Installing cam_node script to /home/an/ros2_ws/install/self_driving/lib/self_driving
[3.659s] Installing computer_vision_node script to /home/an/ros2_ws/install/self_driving/lib/self_driving
[3.660s] Installing driving_node script to /home/an/ros2_ws/install/self_driving/lib/self_driving
[3.661s] Installing recorder_node script to /home/an/ros2_ws/install/self_driving/lib/self_driving
[3.661s] Installing vel_wheel_node script to /home/an/ros2_ws/install/self_driving/lib/self_driving
[3.666s] writing list of installed files to '/home/an/ros2_ws/build/self_driving/install.log'
[3.775s] Invoked command in '/home/an/ros2_ws/src/self_driving' returned '0': PYTHONPATH=/home/an/ros2_ws/build/self_driving/prefix_override:/home/an/ros2_ws/install/self_driving/lib/python3.10/site-packages:${PYTHONPATH} /usr/bin/python3 -W ignore:setup.py install is deprecated setup.py egg_info --egg-base ../../build/self_driving build --build-base /home/an/ros2_ws/build/self_driving/build install --record /home/an/ros2_ws/build/self_driving/install.log --single-version-externally-managed install_data
