[2.824s] Invoking command in '/home/an/ros2_ws/src/self_driving': PYTHONPATH=/home/an/ros2_ws/build/self_driving/prefix_override:/home/an/ros2_ws/install/self_driving/lib/python3.10/site-packages:${PYTHONPATH} /usr/bin/python3 -W ignore:setup.py install is deprecated setup.py egg_info --egg-base ../../build/self_driving build --build-base /home/an/ros2_ws/build/self_driving/build install --record /home/an/ros2_ws/build/self_driving/install.log --single-version-externally-managed install_data
[3.917s] running egg_info
[3.919s] writing ../../build/self_driving/self_driving.egg-info/PKG-INFO
[3.921s] writing dependency_links to ../../build/self_driving/self_driving.egg-info/dependency_links.txt
[3.922s] writing entry points to ../../build/self_driving/self_driving.egg-info/entry_points.txt
[3.922s] writing requirements to ../../build/self_driving/self_driving.egg-info/requires.txt
[3.923s] writing top-level names to ../../build/self_driving/self_driving.egg-info/top_level.txt
[3.936s] reading manifest file '../../build/self_driving/self_driving.egg-info/SOURCES.txt'
[3.938s] adding license file 'LICENSE'
[3.941s] writing manifest file '../../build/self_driving/self_driving.egg-info/SOURCES.txt'
[3.942s] running build
[3.942s] running build_py
[3.948s] copying self_driving/Detection/Lanes/a_colour_segmentation.py -> /home/an/ros2_ws/build/self_driving/build/lib/self_driving/Detection/Lanes
[3.951s] running install
[3.952s] running install_lib
[3.960s] copying /home/an/ros2_ws/build/self_driving/build/lib/self_driving/Detection/Lanes/a_colour_segmentation.py -> /home/an/ros2_ws/install/self_driving/lib/python3.10/site-packages/self_driving/Detection/Lanes
[3.967s] byte-compiling /home/an/ros2_ws/install/self_driving/lib/python3.10/site-packages/self_driving/Detection/Lanes/a_colour_segmentation.py to a_colour_segmentation.cpython-310.pyc
[3.973s] running install_data
[3.974s] running install_egg_info
[3.980s] removing '/home/an/ros2_ws/install/self_driving/lib/python3.10/site-packages/self_driving-0.0.0-py3.10.egg-info' (and everything under it)
[3.982s] Copying ../../build/self_driving/self_driving.egg-info to /home/an/ros2_ws/install/self_driving/lib/python3.10/site-packages/self_driving-0.0.0-py3.10.egg-info
[3.988s] running install_scripts
[4.077s] Installing cam_node script to /home/an/ros2_ws/install/self_driving/lib/self_driving
[4.078s] Installing computer_vision_node script to /home/an/ros2_ws/install/self_driving/lib/self_driving
[4.079s] Installing driving_node script to /home/an/ros2_ws/install/self_driving/lib/self_driving
[4.080s] Installing recorder_node script to /home/an/ros2_ws/install/self_driving/lib/self_driving
[4.080s] Installing vel_wheel_node script to /home/an/ros2_ws/install/self_driving/lib/self_driving
[4.084s] writing list of installed files to '/home/an/ros2_ws/build/self_driving/install.log'
[4.214s] Invoked command in '/home/an/ros2_ws/src/self_driving' returned '0': PYTHONPATH=/home/an/ros2_ws/build/self_driving/prefix_override:/home/an/ros2_ws/install/self_driving/lib/python3.10/site-packages:${PYTHONPATH} /usr/bin/python3 -W ignore:setup.py install is deprecated setup.py egg_info --egg-base ../../build/self_driving build --build-base /home/an/ros2_ws/build/self_driving/build install --record /home/an/ros2_ws/build/self_driving/install.log --single-version-externally-managed install_data
