[4.620s] Invoking command in '/home/an/ros2_ws/src/self_driving': PYTHONPATH=/home/an/ros2_ws/build/self_driving/prefix_override:/home/an/ros2_ws/install/self_driving/lib/python3.10/site-packages:${PYTHONPATH} /usr/bin/python3 -W ignore:setup.py install is deprecated setup.py egg_info --egg-base ../../build/self_driving build --build-base /home/an/ros2_ws/build/self_driving/build install --record /home/an/ros2_ws/build/self_driving/install.log --single-version-externally-managed install_data
[5.850s] running egg_info
[5.855s] writing ../../build/self_driving/self_driving.egg-info/PKG-INFO
[5.859s] writing dependency_links to ../../build/self_driving/self_driving.egg-info/dependency_links.txt
[5.862s] writing entry points to ../../build/self_driving/self_driving.egg-info/entry_points.txt
[5.863s] writing requirements to ../../build/self_driving/self_driving.egg-info/requires.txt
[5.864s] writing top-level names to ../../build/self_driving/self_driving.egg-info/top_level.txt
[5.877s] reading manifest file '../../build/self_driving/self_driving.egg-info/SOURCES.txt'
[5.883s] adding license file 'LICENSE'
[5.889s] writing manifest file '../../build/self_driving/self_driving.egg-info/SOURCES.txt'
[5.891s] running build
[5.892s] running build_py
[5.899s] copying self_driving/wheel_left_right.py -> /home/an/ros2_ws/build/self_driving/build/lib/self_driving
[5.900s] copying self_driving/traffic_signal.py -> /home/an/ros2_ws/build/self_driving/build/lib/self_driving
[5.909s] running install
[5.911s] running install_lib
[5.915s] copying /home/an/ros2_ws/build/self_driving/build/lib/self_driving/wheel_left_right.py -> /home/an/ros2_ws/install/self_driving/lib/python3.10/site-packages/self_driving
[5.923s] copying /home/an/ros2_ws/build/self_driving/build/lib/self_driving/traffic_signal.py -> /home/an/ros2_ws/install/self_driving/lib/python3.10/site-packages/self_driving
[5.927s] byte-compiling /home/an/ros2_ws/install/self_driving/lib/python3.10/site-packages/self_driving/wheel_left_right.py to wheel_left_right.cpython-310.pyc
[5.931s] byte-compiling /home/an/ros2_ws/install/self_driving/lib/python3.10/site-packages/self_driving/traffic_signal.py to traffic_signal.cpython-310.pyc
[5.940s] running install_data
[5.942s] running install_egg_info
[5.956s] removing '/home/an/ros2_ws/install/self_driving/lib/python3.10/site-packages/self_driving-0.0.0-py3.10.egg-info' (and everything under it)
[5.957s] Copying ../../build/self_driving/self_driving.egg-info to /home/an/ros2_ws/install/self_driving/lib/python3.10/site-packages/self_driving-0.0.0-py3.10.egg-info
[5.967s] running install_scripts
[6.060s] Installing cam_node script to /home/an/ros2_ws/install/self_driving/lib/self_driving
[6.061s] Installing computer_vision_node script to /home/an/ros2_ws/install/self_driving/lib/self_driving
[6.062s] Installing driving_node script to /home/an/ros2_ws/install/self_driving/lib/self_driving
[6.062s] Installing recorder_node script to /home/an/ros2_ws/install/self_driving/lib/self_driving
[6.063s] Installing start_node script to /home/an/ros2_ws/install/self_driving/lib/self_driving
[6.064s] Installing traffic_signal_node script to /home/an/ros2_ws/install/self_driving/lib/self_driving
[6.065s] Installing vel_wheel_node script to /home/an/ros2_ws/install/self_driving/lib/self_driving
[6.069s] writing list of installed files to '/home/an/ros2_ws/build/self_driving/install.log'
[6.208s] Invoked command in '/home/an/ros2_ws/src/self_driving' returned '0': PYTHONPATH=/home/an/ros2_ws/build/self_driving/prefix_override:/home/an/ros2_ws/install/self_driving/lib/python3.10/site-packages:${PYTHONPATH} /usr/bin/python3 -W ignore:setup.py install is deprecated setup.py egg_info --egg-base ../../build/self_driving build --build-base /home/an/ros2_ws/build/self_driving/build install --record /home/an/ros2_ws/build/self_driving/install.log --single-version-externally-managed install_data
