[2.887s] Invoking command in '/home/an/ros2_ws/src/self_driving': PYTHONPATH=/home/an/ros2_ws/build/self_driving/prefix_override:/home/an/ros2_ws/install/self_driving/lib/python3.10/site-packages:${PYTHONPATH} /usr/bin/python3 -W ignore:setup.py install is deprecated setup.py egg_info --egg-base ../../build/self_driving build --build-base /home/an/ros2_ws/build/self_driving/build install --record /home/an/ros2_ws/build/self_driving/install.log --single-version-externally-managed install_data
[3.975s] running egg_info
[3.979s] writing ../../build/self_driving/self_driving.egg-info/PKG-INFO
[3.980s] writing dependency_links to ../../build/self_driving/self_driving.egg-info/dependency_links.txt
[3.981s] writing entry points to ../../build/self_driving/self_driving.egg-info/entry_points.txt
[3.982s] writing requirements to ../../build/self_driving/self_driving.egg-info/requires.txt
[3.983s] writing top-level names to ../../build/self_driving/self_driving.egg-info/top_level.txt
[3.993s] reading manifest file '../../build/self_driving/self_driving.egg-info/SOURCES.txt'
[3.995s] adding license file 'LICENSE'
[3.998s] writing manifest file '../../build/self_driving/self_driving.egg-info/SOURCES.txt'
[3.999s] running build
[4.000s] running build_py
[4.002s] copying self_driving/traffic_signal.py -> /home/an/ros2_ws/build/self_driving/build/lib/self_driving
[4.011s] running install
[4.012s] running install_lib
[4.017s] copying /home/an/ros2_ws/build/self_driving/build/lib/self_driving/traffic_signal.py -> /home/an/ros2_ws/install/self_driving/lib/python3.10/site-packages/self_driving
[4.024s] byte-compiling /home/an/ros2_ws/install/self_driving/lib/python3.10/site-packages/self_driving/traffic_signal.py to traffic_signal.cpython-310.pyc
[4.032s] running install_data
[4.033s] running install_egg_info
[4.042s] removing '/home/an/ros2_ws/install/self_driving/lib/python3.10/site-packages/self_driving-0.0.0-py3.10.egg-info' (and everything under it)
[4.045s] Copying ../../build/self_driving/self_driving.egg-info to /home/an/ros2_ws/install/self_driving/lib/python3.10/site-packages/self_driving-0.0.0-py3.10.egg-info
[4.050s] running install_scripts
[4.135s] Installing cam_node script to /home/an/ros2_ws/install/self_driving/lib/self_driving
[4.136s] Installing computer_vision_node script to /home/an/ros2_ws/install/self_driving/lib/self_driving
[4.137s] Installing driving_node script to /home/an/ros2_ws/install/self_driving/lib/self_driving
[4.138s] Installing recorder_node script to /home/an/ros2_ws/install/self_driving/lib/self_driving
[4.139s] Installing start_node script to /home/an/ros2_ws/install/self_driving/lib/self_driving
[4.139s] Installing traffic_signal_node script to /home/an/ros2_ws/install/self_driving/lib/self_driving
[4.140s] Installing vel_wheel_node script to /home/an/ros2_ws/install/self_driving/lib/self_driving
[4.147s] writing list of installed files to '/home/an/ros2_ws/build/self_driving/install.log'
[4.278s] Invoked command in '/home/an/ros2_ws/src/self_driving' returned '0': PYTHONPATH=/home/an/ros2_ws/build/self_driving/prefix_override:/home/an/ros2_ws/install/self_driving/lib/python3.10/site-packages:${PYTHONPATH} /usr/bin/python3 -W ignore:setup.py install is deprecated setup.py egg_info --egg-base ../../build/self_driving build --build-base /home/an/ros2_ws/build/self_driving/build install --record /home/an/ros2_ws/build/self_driving/install.log --single-version-externally-managed install_data
