[2.933s] Invoking command in '/home/an/ros2_ws/src/self_driving': PYTHONPATH=/home/an/ros2_ws/build/self_driving/prefix_override:/home/an/ros2_ws/install/self_driving/lib/python3.10/site-packages:${PYTHONPATH} /usr/bin/python3 -W ignore:setup.py install is deprecated setup.py egg_info --egg-base ../../build/self_driving build --build-base /home/an/ros2_ws/build/self_driving/build install --record /home/an/ros2_ws/build/self_driving/install.log --single-version-externally-managed install_data
[3.937s] running egg_info
[3.939s] writing ../../build/self_driving/self_driving.egg-info/PKG-INFO
[3.944s] writing dependency_links to ../../build/self_driving/self_driving.egg-info/dependency_links.txt
[3.945s] writing entry points to ../../build/self_driving/self_driving.egg-info/entry_points.txt
[3.946s] writing requirements to ../../build/self_driving/self_driving.egg-info/requires.txt
[3.947s] writing top-level names to ../../build/self_driving/self_driving.egg-info/top_level.txt
[3.959s] reading manifest file '../../build/self_driving/self_driving.egg-info/SOURCES.txt'
[3.964s] adding license file 'LICENSE'
[3.967s] writing manifest file '../../build/self_driving/self_driving.egg-info/SOURCES.txt'
[3.968s] running build
[3.968s] running build_py
[3.972s] copying self_driving/computer_vision_node.py -> /home/an/ros2_ws/build/self_driving/build/lib/self_driving
[3.974s] copying self_driving/Finger_counter_node.py -> /home/an/ros2_ws/build/self_driving/build/lib/self_driving
[3.976s] copying self_driving/yolo_node.py -> /home/an/ros2_ws/build/self_driving/build/lib/self_driving
[3.985s] running install
[3.987s] running install_lib
[3.991s] copying /home/an/ros2_ws/build/self_driving/build/lib/self_driving/computer_vision_node.py -> /home/an/ros2_ws/install/self_driving/lib/python3.10/site-packages/self_driving
[3.995s] copying /home/an/ros2_ws/build/self_driving/build/lib/self_driving/Finger_counter_node.py -> /home/an/ros2_ws/install/self_driving/lib/python3.10/site-packages/self_driving
[3.997s] copying /home/an/ros2_ws/build/self_driving/build/lib/self_driving/yolo_node.py -> /home/an/ros2_ws/install/self_driving/lib/python3.10/site-packages/self_driving
[4.000s] byte-compiling /home/an/ros2_ws/install/self_driving/lib/python3.10/site-packages/self_driving/computer_vision_node.py to computer_vision_node.cpython-310.pyc
[4.011s] byte-compiling /home/an/ros2_ws/install/self_driving/lib/python3.10/site-packages/self_driving/Finger_counter_node.py to Finger_counter_node.cpython-310.pyc
[4.016s] byte-compiling /home/an/ros2_ws/install/self_driving/lib/python3.10/site-packages/self_driving/yolo_node.py to yolo_node.cpython-310.pyc
[4.020s] running install_data
[4.022s] running install_egg_info
[4.029s] removing '/home/an/ros2_ws/install/self_driving/lib/python3.10/site-packages/self_driving-0.0.0-py3.10.egg-info' (and everything under it)
[4.031s] Copying ../../build/self_driving/self_driving.egg-info to /home/an/ros2_ws/install/self_driving/lib/python3.10/site-packages/self_driving-0.0.0-py3.10.egg-info
[4.040s] running install_scripts
[4.122s] Installing Finger_counter_node script to /home/an/ros2_ws/install/self_driving/lib/self_driving
[4.123s] Installing cam_node script to /home/an/ros2_ws/install/self_driving/lib/self_driving
[4.124s] Installing computer_vision_node script to /home/an/ros2_ws/install/self_driving/lib/self_driving
[4.124s] Installing driving_node script to /home/an/ros2_ws/install/self_driving/lib/self_driving
[4.125s] Installing recorder_node script to /home/an/ros2_ws/install/self_driving/lib/self_driving
[4.126s] Installing start_node script to /home/an/ros2_ws/install/self_driving/lib/self_driving
[4.126s] Installing traffic_signal_node script to /home/an/ros2_ws/install/self_driving/lib/self_driving
[4.127s] Installing vel_wheel_node script to /home/an/ros2_ws/install/self_driving/lib/self_driving
[4.128s] Installing yolo_node script to /home/an/ros2_ws/install/self_driving/lib/self_driving
[4.132s] writing list of installed files to '/home/an/ros2_ws/build/self_driving/install.log'
[4.246s] Invoked command in '/home/an/ros2_ws/src/self_driving' returned '0': PYTHONPATH=/home/an/ros2_ws/build/self_driving/prefix_override:/home/an/ros2_ws/install/self_driving/lib/python3.10/site-packages:${PYTHONPATH} /usr/bin/python3 -W ignore:setup.py install is deprecated setup.py egg_info --egg-base ../../build/self_driving build --build-base /home/an/ros2_ws/build/self_driving/build install --record /home/an/ros2_ws/build/self_driving/install.log --single-version-externally-managed install_data
