[3.038s] Invoking command in '/home/an/ros2_ws/src/self_driving': PYTHONPATH=/home/an/ros2_ws/build/self_driving/prefix_override:/home/an/ros2_ws/install/self_driving/lib/python3.10/site-packages:${PYTHONPATH} /usr/bin/python3 -W ignore:setup.py install is deprecated setup.py egg_info --egg-base ../../build/self_driving build --build-base /home/an/ros2_ws/build/self_driving/build install --record /home/an/ros2_ws/build/self_driving/install.log --single-version-externally-managed install_data
[4.274s] running egg_info
[4.276s] writing ../../build/self_driving/self_driving.egg-info/PKG-INFO
[4.277s] writing dependency_links to ../../build/self_driving/self_driving.egg-info/dependency_links.txt
[4.278s] writing entry points to ../../build/self_driving/self_driving.egg-info/entry_points.txt
[4.279s] writing requirements to ../../build/self_driving/self_driving.egg-info/requires.txt
[4.280s] writing top-level names to ../../build/self_driving/self_driving.egg-info/top_level.txt
[4.293s] reading manifest file '../../build/self_driving/self_driving.egg-info/SOURCES.txt'
[4.295s] adding license file 'LICENSE'
[4.298s] writing manifest file '../../build/self_driving/self_driving.egg-info/SOURCES.txt'
[4.298s] running build
[4.299s] running build_py
[4.304s] copying self_driving/Detection/Lanes/a_colour_segmentation.py -> /home/an/ros2_ws/build/self_driving/build/lib/self_driving/Detection/Lanes
[4.307s] running install
[4.308s] running install_lib
[4.315s] copying /home/an/ros2_ws/build/self_driving/build/lib/self_driving/Detection/Lanes/a_colour_segmentation.py -> /home/an/ros2_ws/install/self_driving/lib/python3.10/site-packages/self_driving/Detection/Lanes
[4.323s] byte-compiling /home/an/ros2_ws/install/self_driving/lib/python3.10/site-packages/self_driving/Detection/Lanes/a_colour_segmentation.py to a_colour_segmentation.cpython-310.pyc
[4.328s] running install_data
[4.328s] running install_egg_info
[4.335s] removing '/home/an/ros2_ws/install/self_driving/lib/python3.10/site-packages/self_driving-0.0.0-py3.10.egg-info' (and everything under it)
[4.345s] Copying ../../build/self_driving/self_driving.egg-info to /home/an/ros2_ws/install/self_driving/lib/python3.10/site-packages/self_driving-0.0.0-py3.10.egg-info
[4.345s] running install_scripts
[4.433s] Installing cam_node script to /home/an/ros2_ws/install/self_driving/lib/self_driving
[4.434s] Installing computer_vision_node script to /home/an/ros2_ws/install/self_driving/lib/self_driving
[4.435s] Installing driving_node script to /home/an/ros2_ws/install/self_driving/lib/self_driving
[4.436s] Installing recorder_node script to /home/an/ros2_ws/install/self_driving/lib/self_driving
[4.436s] Installing vel_wheel_node script to /home/an/ros2_ws/install/self_driving/lib/self_driving
[4.441s] writing list of installed files to '/home/an/ros2_ws/build/self_driving/install.log'
[4.573s] Invoked command in '/home/an/ros2_ws/src/self_driving' returned '0': PYTHONPATH=/home/an/ros2_ws/build/self_driving/prefix_override:/home/an/ros2_ws/install/self_driving/lib/python3.10/site-packages:${PYTHONPATH} /usr/bin/python3 -W ignore:setup.py install is deprecated setup.py egg_info --egg-base ../../build/self_driving build --build-base /home/an/ros2_ws/build/self_driving/build install --record /home/an/ros2_ws/build/self_driving/install.log --single-version-externally-managed install_data
