[3.127s] Invoking command in '/home/an/ros2_ws/src/self_driving': PYTHONPATH=/home/an/ros2_ws/build/self_driving/prefix_override:/home/an/ros2_ws/install/self_driving/lib/python3.10/site-packages:${PYTHONPATH} /usr/bin/python3 -W ignore:setup.py install is deprecated setup.py egg_info --egg-base ../../build/self_driving build --build-base /home/an/ros2_ws/build/self_driving/build install --record /home/an/ros2_ws/build/self_driving/install.log --single-version-externally-managed install_data
[4.252s] running egg_info
[4.254s] writing ../../build/self_driving/self_driving.egg-info/PKG-INFO
[4.259s] writing dependency_links to ../../build/self_driving/self_driving.egg-info/dependency_links.txt
[4.260s] writing entry points to ../../build/self_driving/self_driving.egg-info/entry_points.txt
[4.261s] writing requirements to ../../build/self_driving/self_driving.egg-info/requires.txt
[4.261s] writing top-level names to ../../build/self_driving/self_driving.egg-info/top_level.txt
[4.273s] reading manifest file '../../build/self_driving/self_driving.egg-info/SOURCES.txt'
[4.278s] adding license file 'LICENSE'
[4.281s] writing manifest file '../../build/self_driving/self_driving.egg-info/SOURCES.txt'
[4.282s] running build
[4.282s] running build_py
[4.285s] copying self_driving/computer_vision_node.py -> /home/an/ros2_ws/build/self_driving/build/lib/self_driving
[4.294s] copying self_driving/Detection/Lanes/a_colour_segmentation.py -> /home/an/ros2_ws/build/self_driving/build/lib/self_driving/Detection/Lanes
[4.297s] running install
[4.298s] running install_lib
[4.302s] copying /home/an/ros2_ws/build/self_driving/build/lib/self_driving/computer_vision_node.py -> /home/an/ros2_ws/install/self_driving/lib/python3.10/site-packages/self_driving
[4.307s] copying /home/an/ros2_ws/build/self_driving/build/lib/self_driving/Detection/Lanes/a_colour_segmentation.py -> /home/an/ros2_ws/install/self_driving/lib/python3.10/site-packages/self_driving/Detection/Lanes
[4.311s] byte-compiling /home/an/ros2_ws/install/self_driving/lib/python3.10/site-packages/self_driving/computer_vision_node.py to computer_vision_node.cpython-310.pyc
[4.316s] byte-compiling /home/an/ros2_ws/install/self_driving/lib/python3.10/site-packages/self_driving/Detection/Lanes/a_colour_segmentation.py to a_colour_segmentation.cpython-310.pyc
[4.322s] running install_data
[4.323s] copying launch/start.launch.py -> /home/an/ros2_ws/install/self_driving/share/self_driving/launch
[4.323s] running install_egg_info
[4.330s] removing '/home/an/ros2_ws/install/self_driving/lib/python3.10/site-packages/self_driving-0.0.0-py3.10.egg-info' (and everything under it)
[4.332s] Copying ../../build/self_driving/self_driving.egg-info to /home/an/ros2_ws/install/self_driving/lib/python3.10/site-packages/self_driving-0.0.0-py3.10.egg-info
[4.341s] running install_scripts
[4.421s] Installing cam_node script to /home/an/ros2_ws/install/self_driving/lib/self_driving
[4.422s] Installing computer_vision_node script to /home/an/ros2_ws/install/self_driving/lib/self_driving
[4.423s] Installing driving_node script to /home/an/ros2_ws/install/self_driving/lib/self_driving
[4.424s] Installing recorder_node script to /home/an/ros2_ws/install/self_driving/lib/self_driving
[4.424s] Installing start_node script to /home/an/ros2_ws/install/self_driving/lib/self_driving
[4.425s] Installing traffic_signal_node script to /home/an/ros2_ws/install/self_driving/lib/self_driving
[4.426s] Installing vel_wheel_node script to /home/an/ros2_ws/install/self_driving/lib/self_driving
[4.430s] writing list of installed files to '/home/an/ros2_ws/build/self_driving/install.log'
[4.542s] Invoked command in '/home/an/ros2_ws/src/self_driving' returned '0': PYTHONPATH=/home/an/ros2_ws/build/self_driving/prefix_override:/home/an/ros2_ws/install/self_driving/lib/python3.10/site-packages:${PYTHONPATH} /usr/bin/python3 -W ignore:setup.py install is deprecated setup.py egg_info --egg-base ../../build/self_driving build --build-base /home/an/ros2_ws/build/self_driving/build install --record /home/an/ros2_ws/build/self_driving/install.log --single-version-externally-managed install_data
