[4.296s] Invoking command in '/home/an/ros2_ws/src/self_driving': PYTHONPATH=/home/an/ros2_ws/build/self_driving/prefix_override:/home/an/ros2_ws/install/self_driving/lib/python3.10/site-packages:${PYTHONPATH} /usr/bin/python3 -W ignore:setup.py install is deprecated setup.py egg_info --egg-base ../../build/self_driving build --build-base /home/an/ros2_ws/build/self_driving/build install --record /home/an/ros2_ws/build/self_driving/install.log --single-version-externally-managed install_data
[5.937s] running egg_info
[5.940s] writing ../../build/self_driving/self_driving.egg-info/PKG-INFO
[5.950s] writing dependency_links to ../../build/self_driving/self_driving.egg-info/dependency_links.txt
[5.951s] writing entry points to ../../build/self_driving/self_driving.egg-info/entry_points.txt
[5.952s] writing requirements to ../../build/self_driving/self_driving.egg-info/requires.txt
[5.953s] writing top-level names to ../../build/self_driving/self_driving.egg-info/top_level.txt
[5.962s] reading manifest file '../../build/self_driving/self_driving.egg-info/SOURCES.txt'
[5.971s] adding license file 'LICENSE'
[5.983s] writing manifest file '../../build/self_driving/self_driving.egg-info/SOURCES.txt'
[5.989s] running build
[5.991s] running build_py
[5.995s] copying self_driving/drive_BOT.py -> /home/an/ros2_ws/build/self_driving/build/lib/self_driving
[6.009s] running install
[6.011s] running install_lib
[6.016s] copying /home/an/ros2_ws/build/self_driving/build/lib/self_driving/drive_BOT.py -> /home/an/ros2_ws/install/self_driving/lib/python3.10/site-packages/self_driving
[6.029s] byte-compiling /home/an/ros2_ws/install/self_driving/lib/python3.10/site-packages/self_driving/drive_BOT.py to drive_BOT.cpython-310.pyc
[6.045s] running install_data
[6.047s] running install_egg_info
[6.056s] removing '/home/an/ros2_ws/install/self_driving/lib/python3.10/site-packages/self_driving-0.0.0-py3.10.egg-info' (and everything under it)
[6.059s] Copying ../../build/self_driving/self_driving.egg-info to /home/an/ros2_ws/install/self_driving/lib/python3.10/site-packages/self_driving-0.0.0-py3.10.egg-info
[6.076s] running install_scripts
[6.214s] Installing cam_node script to /home/an/ros2_ws/install/self_driving/lib/self_driving
[6.215s] Installing computer_vision_node script to /home/an/ros2_ws/install/self_driving/lib/self_driving
[6.217s] Installing driving_node script to /home/an/ros2_ws/install/self_driving/lib/self_driving
[6.218s] Installing recorder_node script to /home/an/ros2_ws/install/self_driving/lib/self_driving
[6.219s] Installing vel_wheel_node script to /home/an/ros2_ws/install/self_driving/lib/self_driving
[6.225s] writing list of installed files to '/home/an/ros2_ws/build/self_driving/install.log'
[6.401s] Invoked command in '/home/an/ros2_ws/src/self_driving' returned '0': PYTHONPATH=/home/an/ros2_ws/build/self_driving/prefix_override:/home/an/ros2_ws/install/self_driving/lib/python3.10/site-packages:${PYTHONPATH} /usr/bin/python3 -W ignore:setup.py install is deprecated setup.py egg_info --egg-base ../../build/self_driving build --build-base /home/an/ros2_ws/build/self_driving/build install --record /home/an/ros2_ws/build/self_driving/install.log --single-version-externally-managed install_data
