[2.873s] Invoking command in '/home/an/ros2_ws/src/self_driving': PYTHONPATH=/home/an/ros2_ws/build/self_driving/prefix_override:/home/an/ros2_ws/install/self_driving/lib/python3.10/site-packages:${PYTHONPATH} /usr/bin/python3 -W ignore:setup.py install is deprecated setup.py egg_info --egg-base ../../build/self_driving build --build-base /home/an/ros2_ws/build/self_driving/build install --record /home/an/ros2_ws/build/self_driving/install.log --single-version-externally-managed install_data
[3.960s] running egg_info
[3.963s] writing ../../build/self_driving/self_driving.egg-info/PKG-INFO
[3.964s] writing dependency_links to ../../build/self_driving/self_driving.egg-info/dependency_links.txt
[3.965s] writing entry points to ../../build/self_driving/self_driving.egg-info/entry_points.txt
[3.966s] writing requirements to ../../build/self_driving/self_driving.egg-info/requires.txt
[3.967s] writing top-level names to ../../build/self_driving/self_driving.egg-info/top_level.txt
[3.978s] reading manifest file '../../build/self_driving/self_driving.egg-info/SOURCES.txt'
[3.980s] adding license file 'LICENSE'
[3.985s] writing manifest file '../../build/self_driving/self_driving.egg-info/SOURCES.txt'
[3.985s] running build
[3.986s] running build_py
[3.987s] copying self_driving/drive_BOT.py -> /home/an/ros2_ws/build/self_driving/build/lib/self_driving
[3.995s] running install
[3.996s] running install_lib
[4.000s] copying /home/an/ros2_ws/build/self_driving/build/lib/self_driving/drive_BOT.py -> /home/an/ros2_ws/install/self_driving/lib/python3.10/site-packages/self_driving
[4.008s] byte-compiling /home/an/ros2_ws/install/self_driving/lib/python3.10/site-packages/self_driving/drive_BOT.py to drive_BOT.cpython-310.pyc
[4.017s] running install_data
[4.018s] running install_egg_info
[4.024s] removing '/home/an/ros2_ws/install/self_driving/lib/python3.10/site-packages/self_driving-0.0.0-py3.10.egg-info' (and everything under it)
[4.027s] Copying ../../build/self_driving/self_driving.egg-info to /home/an/ros2_ws/install/self_driving/lib/python3.10/site-packages/self_driving-0.0.0-py3.10.egg-info
[4.033s] running install_scripts
[4.121s] Installing cam_node script to /home/an/ros2_ws/install/self_driving/lib/self_driving
[4.122s] Installing computer_vision_node script to /home/an/ros2_ws/install/self_driving/lib/self_driving
[4.124s] Installing driving_node script to /home/an/ros2_ws/install/self_driving/lib/self_driving
[4.124s] Installing recorder_node script to /home/an/ros2_ws/install/self_driving/lib/self_driving
[4.125s] Installing start_node script to /home/an/ros2_ws/install/self_driving/lib/self_driving
[4.127s] Installing traffic_signal_node script to /home/an/ros2_ws/install/self_driving/lib/self_driving
[4.128s] Installing vel_wheel_node script to /home/an/ros2_ws/install/self_driving/lib/self_driving
[4.132s] writing list of installed files to '/home/an/ros2_ws/build/self_driving/install.log'
[4.262s] Invoked command in '/home/an/ros2_ws/src/self_driving' returned '0': PYTHONPATH=/home/an/ros2_ws/build/self_driving/prefix_override:/home/an/ros2_ws/install/self_driving/lib/python3.10/site-packages:${PYTHONPATH} /usr/bin/python3 -W ignore:setup.py install is deprecated setup.py egg_info --egg-base ../../build/self_driving build --build-base /home/an/ros2_ws/build/self_driving/build install --record /home/an/ros2_ws/build/self_driving/install.log --single-version-externally-managed install_data
