[1.171s] Invoking command in '/home/an/ros2_ws/build/turtlebot3_description': CMAKE_PREFIX_PATH=${CMAKE_PREFIX_PATH}:/home/an/ros2_ws/install/self_driving:/opt/ros/humble /usr/bin/cmake --build /home/an/ros2_ws/build/turtlebot3_description -- -j4 -l4
[1.417s] Invoked command in '/home/an/ros2_ws/build/turtlebot3_description' returned '0': CMAKE_PREFIX_PATH=${CMAKE_PREFIX_PATH}:/home/an/ros2_ws/install/self_driving:/opt/ros/humble /usr/bin/cmake --build /home/an/ros2_ws/build/turtlebot3_description -- -j4 -l4
[1.669s] Invoking command in '/home/an/ros2_ws/build/turtlebot3_description': CMAKE_PREFIX_PATH=${CMAKE_PREFIX_PATH}:/home/an/ros2_ws/install/self_driving:/opt/ros/humble /usr/bin/cmake --install /home/an/ros2_ws/build/turtlebot3_description
[1.715s] -- Install configuration: ""
[1.716s] -- Up-to-date: /home/an/ros2_ws/install/turtlebot3_description/share/turtlebot3_description/meshes
[1.717s] -- Up-to-date: /home/an/ros2_ws/install/turtlebot3_description/share/turtlebot3_description/meshes/lidar_link.stl
[1.717s] -- Up-to-date: /home/an/ros2_ws/install/turtlebot3_description/share/turtlebot3_description/meshes/base_link.stl
[1.718s] -- Up-to-date: /home/an/ros2_ws/install/turtlebot3_description/share/turtlebot3_description/meshes/imu_link.stl
[1.720s] -- Up-to-date: /home/an/ros2_ws/install/turtlebot3_description/share/turtlebot3_description/meshes/wheel_right_link.stl
[1.721s] -- Up-to-date: /home/an/ros2_ws/install/turtlebot3_description/share/turtlebot3_description/meshes/caster_back_left_link.stl
[1.722s] -- Up-to-date: /home/an/ros2_ws/install/turtlebot3_description/share/turtlebot3_description/meshes/r200_link.dae
[1.725s] -- Up-to-date: /home/an/ros2_ws/install/turtlebot3_description/share/turtlebot3_description/meshes/caster_back_right_link.stl
[1.728s] -- Up-to-date: /home/an/ros2_ws/install/turtlebot3_description/share/turtlebot3_description/meshes/TB3-RPi-camera-mount.stl
[1.730s] -- Up-to-date: /home/an/ros2_ws/install/turtlebot3_description/share/turtlebot3_description/meshes/wheel_left_link.stl
[1.731s] -- Up-to-date: /home/an/ros2_ws/install/turtlebot3_description/share/turtlebot3_description/meshes/pi_cam_v3_link.stl
[1.733s] -- Up-to-date: /home/an/ros2_ws/install/turtlebot3_description/share/turtlebot3_description/urdf
[1.734s] -- Up-to-date: /home/an/ros2_ws/install/turtlebot3_description/share/turtlebot3_description/urdf/turtlebot3_waffle.urdf.xacro
[1.735s] -- Up-to-date: /home/an/ros2_ws/install/turtlebot3_description/share/turtlebot3_description/urdf/gazebo_control.xacro
[1.736s] -- Up-to-date: /home/an/ros2_ws/install/turtlebot3_description/share/turtlebot3_description/urdf/turtlebot3_waffle_ros2_control.xacro
[1.738s] -- Up-to-date: /home/an/ros2_ws/install/turtlebot3_description/share/turtlebot3_description/urdf/turtlebot3_waffle.gazebo.xacro
[1.741s] -- Up-to-date: /home/an/ros2_ws/install/turtlebot3_description/share/turtlebot3_description/urdf/common_properties.xacro
[1.745s] -- Up-to-date: /home/an/ros2_ws/install/turtlebot3_description/share/turtlebot3_description/launch
[1.748s] -- Up-to-date: /home/an/ros2_ws/install/turtlebot3_description/share/turtlebot3_description/launch/gzserver.launch.py
[1.750s] -- Up-to-date: /home/an/ros2_ws/install/turtlebot3_description/share/turtlebot3_description/launch/joystick_teleop.launch.py
[1.751s] -- Up-to-date: /home/an/ros2_ws/install/turtlebot3_description/share/turtlebot3_description/launch/display.launch.py
[1.752s] -- Up-to-date: /home/an/ros2_ws/install/turtlebot3_description/share/turtlebot3_description/launch/gazebo.launch.py
[1.753s] -- Up-to-date: /home/an/ros2_ws/install/turtlebot3_description/share/turtlebot3_description/rviz
[1.753s] -- Up-to-date: /home/an/ros2_ws/install/turtlebot3_description/share/turtlebot3_description/rviz/main.rviz
[1.754s] -- Up-to-date: /home/an/ros2_ws/install/turtlebot3_description/share/turtlebot3_description/rviz/display.rviz
[1.755s] -- Up-to-date: /home/an/ros2_ws/install/turtlebot3_description/share/turtlebot3_description/rviz/control.rviz
[1.756s] -- Up-to-date: /home/an/ros2_ws/install/turtlebot3_description/share/turtlebot3_description/gazebo_world
[1.765s] -- Up-to-date: /home/an/ros2_ws/install/turtlebot3_description/share/turtlebot3_description/gazebo_world/test_laser_world
[1.766s] -- Up-to-date: /home/an/ros2_ws/install/turtlebot3_description/share/turtlebot3_description/gazebo_world/test_maze
[1.767s] -- Up-to-date: /home/an/ros2_ws/install/turtlebot3_description/share/turtlebot3_description/gazebo_world/empty
[1.769s] -- Up-to-date: /home/an/ros2_ws/install/turtlebot3_description/share/turtlebot3_description/gazebo_world/small_maze
[1.770s] -- Up-to-date: /home/an/ros2_ws/install/turtlebot3_description/share/turtlebot3_description/gazebo_world/hanh_lang
[1.771s] -- Up-to-date: /home/an/ros2_ws/install/turtlebot3_description/share/turtlebot3_description/gazebo_world/empty_world
[1.773s] -- Up-to-date: /home/an/ros2_ws/install/turtlebot3_description/share/turtlebot3_description/models
[1.774s] -- Up-to-date: /home/an/ros2_ws/install/turtlebot3_description/share/turtlebot3_description/models/sun
[1.775s] -- Up-to-date: /home/an/ros2_ws/install/turtlebot3_description/share/turtlebot3_description/models/sun/model.sdf
[1.786s] -- Up-to-date: /home/an/ros2_ws/install/turtlebot3_description/share/turtlebot3_description/models/sun/model.config
[1.790s] -- Up-to-date: /home/an/ros2_ws/install/turtlebot3_description/share/turtlebot3_description/models/sun/model-1_4.sdf
[1.791s] -- Up-to-date: /home/an/ros2_ws/install/turtlebot3_description/share/turtlebot3_description/models/sun/model-1_3.sdf
[1.792s] -- Up-to-date: /home/an/ros2_ws/install/turtlebot3_description/share/turtlebot3_description/models/sun/model-1_2.sdf
[1.792s] -- Up-to-date: /home/an/ros2_ws/install/turtlebot3_description/share/turtlebot3_description/models/ground_plane
[1.799s] -- Up-to-date: /home/an/ros2_ws/install/turtlebot3_description/share/turtlebot3_description/models/ground_plane/model.sdf
[1.799s] -- Up-to-date: /home/an/ros2_ws/install/turtlebot3_description/share/turtlebot3_description/models/ground_plane/model.config
[1.800s] -- Up-to-date: /home/an/ros2_ws/install/turtlebot3_description/share/turtlebot3_description/models/ground_plane/model-1_4.sdf
[1.801s] -- Up-to-date: /home/an/ros2_ws/install/turtlebot3_description/share/turtlebot3_description/models/ground_plane/model-1_3.sdf
[1.804s] -- Up-to-date: /home/an/ros2_ws/install/turtlebot3_description/share/turtlebot3_description/models/ground_plane/model-1_2.sdf
[1.805s] -- Up-to-date: /home/an/ros2_ws/install/turtlebot3_description/share/ament_index/resource_index/package_run_dependencies/turtlebot3_description
[1.805s] -- Up-to-date: /home/an/ros2_ws/install/turtlebot3_description/share/ament_index/resource_index/parent_prefix_path/turtlebot3_description
[1.806s] -- Up-to-date: /home/an/ros2_ws/install/turtlebot3_description/share/turtlebot3_description/environment/ament_prefix_path.sh
[1.807s] -- Up-to-date: /home/an/ros2_ws/install/turtlebot3_description/share/turtlebot3_description/environment/ament_prefix_path.dsv
[1.808s] -- Up-to-date: /home/an/ros2_ws/install/turtlebot3_description/share/turtlebot3_description/environment/path.sh
[1.812s] -- Up-to-date: /home/an/ros2_ws/install/turtlebot3_description/share/turtlebot3_description/environment/path.dsv
[1.813s] -- Up-to-date: /home/an/ros2_ws/install/turtlebot3_description/share/turtlebot3_description/local_setup.bash
[1.819s] -- Up-to-date: /home/an/ros2_ws/install/turtlebot3_description/share/turtlebot3_description/local_setup.sh
[1.820s] -- Up-to-date: /home/an/ros2_ws/install/turtlebot3_description/share/turtlebot3_description/local_setup.zsh
[1.821s] -- Up-to-date: /home/an/ros2_ws/install/turtlebot3_description/share/turtlebot3_description/local_setup.dsv
[1.822s] -- Installing: /home/an/ros2_ws/install/turtlebot3_description/share/turtlebot3_description/package.dsv
[1.826s] -- Up-to-date: /home/an/ros2_ws/install/turtlebot3_description/share/ament_index/resource_index/packages/turtlebot3_description
[1.826s] -- Up-to-date: /home/an/ros2_ws/install/turtlebot3_description/share/turtlebot3_description/cmake/turtlebot3_descriptionConfig.cmake
[1.827s] -- Up-to-date: /home/an/ros2_ws/install/turtlebot3_description/share/turtlebot3_description/cmake/turtlebot3_descriptionConfig-version.cmake
[1.830s] -- Up-to-date: /home/an/ros2_ws/install/turtlebot3_description/share/turtlebot3_description/package.xml
[1.831s] Invoked command in '/home/an/ros2_ws/build/turtlebot3_description' returned '0': CMAKE_PREFIX_PATH=${CMAKE_PREFIX_PATH}:/home/an/ros2_ws/install/self_driving:/opt/ros/humble /usr/bin/cmake --install /home/an/ros2_ws/build/turtlebot3_description
