[2.631s] Invoking command in '/home/an/ros2_ws/src/self_driving': PYTHONPATH=/home/an/ros2_ws/build/self_driving/prefix_override:/home/an/ros2_ws/install/self_driving/lib/python3.10/site-packages:${PYTHONPATH} /usr/bin/python3 -W ignore:setup.py install is deprecated setup.py egg_info --egg-base ../../build/self_driving build --build-base /home/an/ros2_ws/build/self_driving/build install --record /home/an/ros2_ws/build/self_driving/install.log --single-version-externally-managed install_data
[3.946s] running egg_info
[3.949s] writing ../../build/self_driving/self_driving.egg-info/PKG-INFO
[3.951s] writing dependency_links to ../../build/self_driving/self_driving.egg-info/dependency_links.txt
[3.952s] writing entry points to ../../build/self_driving/self_driving.egg-info/entry_points.txt
[3.953s] writing requirements to ../../build/self_driving/self_driving.egg-info/requires.txt
[3.954s] writing top-level names to ../../build/self_driving/self_driving.egg-info/top_level.txt
[3.966s] reading manifest file '../../build/self_driving/self_driving.egg-info/SOURCES.txt'
[3.968s] adding license file 'LICENSE'
[3.972s] writing manifest file '../../build/self_driving/self_driving.egg-info/SOURCES.txt'
[3.973s] running build
[3.973s] running build_py
[3.974s] copying self_driving/computer_vision_node.py -> /home/an/ros2_ws/build/self_driving/build/lib/self_driving
[3.976s] copying self_driving/ros2_camera.py -> /home/an/ros2_ws/build/self_driving/build/lib/self_driving
[3.984s] running install
[3.985s] running install_lib
[3.991s] copying /home/an/ros2_ws/build/self_driving/build/lib/self_driving/computer_vision_node.py -> /home/an/ros2_ws/install/self_driving/lib/python3.10/site-packages/self_driving
[3.995s] copying /home/an/ros2_ws/build/self_driving/build/lib/self_driving/ros2_camera.py -> /home/an/ros2_ws/install/self_driving/lib/python3.10/site-packages/self_driving
[3.999s] byte-compiling /home/an/ros2_ws/install/self_driving/lib/python3.10/site-packages/self_driving/computer_vision_node.py to computer_vision_node.cpython-310.pyc
[4.005s] byte-compiling /home/an/ros2_ws/install/self_driving/lib/python3.10/site-packages/self_driving/ros2_camera.py to ros2_camera.cpython-310.pyc
[4.008s] running install_data
[4.009s] running install_egg_info
[4.020s] removing '/home/an/ros2_ws/install/self_driving/lib/python3.10/site-packages/self_driving-0.0.0-py3.10.egg-info' (and everything under it)
[4.024s] Copying ../../build/self_driving/self_driving.egg-info to /home/an/ros2_ws/install/self_driving/lib/python3.10/site-packages/self_driving-0.0.0-py3.10.egg-info
[4.030s] running install_scripts
[4.119s] Installing cam_node script to /home/an/ros2_ws/install/self_driving/lib/self_driving
[4.120s] Installing computer_vision_node script to /home/an/ros2_ws/install/self_driving/lib/self_driving
[4.121s] Installing driving_node script to /home/an/ros2_ws/install/self_driving/lib/self_driving
[4.122s] Installing recorder_node script to /home/an/ros2_ws/install/self_driving/lib/self_driving
[4.123s] Installing vel_wheel_node script to /home/an/ros2_ws/install/self_driving/lib/self_driving
[4.127s] writing list of installed files to '/home/an/ros2_ws/build/self_driving/install.log'
[4.255s] Invoked command in '/home/an/ros2_ws/src/self_driving' returned '0': PYTHONPATH=/home/an/ros2_ws/build/self_driving/prefix_override:/home/an/ros2_ws/install/self_driving/lib/python3.10/site-packages:${PYTHONPATH} /usr/bin/python3 -W ignore:setup.py install is deprecated setup.py egg_info --egg-base ../../build/self_driving build --build-base /home/an/ros2_ws/build/self_driving/build install --record /home/an/ros2_ws/build/self_driving/install.log --single-version-externally-managed install_data
