[1.123s] Invoking command in '/home/an/ros2_ws/build/turtlebot3_controller': CMAKE_PREFIX_PATH=/home/an/ros2_ws/install/self_driving:/opt/ros/humble /usr/bin/cmake --build /home/an/ros2_ws/build/turtlebot3_controller -- -j4 -l4
[1.450s] [ 33%] Built target odom_publisher
[1.474s] [ 33%] Built target ament_cmake_python_copy_turtlebot3_controller
[1.491s] [ 66%] Built target simple_controller
[1.535s] [100%] Built target noisy_controller
[2.782s] running egg_info
[2.788s] writing turtlebot3_controller.egg-info/PKG-INFO
[2.790s] writing dependency_links to turtlebot3_controller.egg-info/dependency_links.txt
[2.793s] writing top-level names to turtlebot3_controller.egg-info/top_level.txt
[2.804s] reading manifest file 'turtlebot3_controller.egg-info/SOURCES.txt'
[2.808s] writing manifest file 'turtlebot3_controller.egg-info/SOURCES.txt'
[2.984s] [100%] Built target ament_cmake_python_build_turtlebot3_controller_egg
[3.406s] Invoked command in '/home/an/ros2_ws/build/turtlebot3_controller' returned '0': CMAKE_PREFIX_PATH=/home/an/ros2_ws/install/self_driving:/opt/ros/humble /usr/bin/cmake --build /home/an/ros2_ws/build/turtlebot3_controller -- -j4 -l4
[3.616s] Invoking command in '/home/an/ros2_ws/build/turtlebot3_controller': CMAKE_PREFIX_PATH=/home/an/ros2_ws/install/self_driving:/opt/ros/humble /usr/bin/cmake --install /home/an/ros2_ws/build/turtlebot3_controller
[3.645s] -- Install configuration: ""
[3.646s] -- Up-to-date: /home/an/ros2_ws/install/turtlebot3_controller/share/turtlebot3_controller/environment/pythonpath.sh
[3.647s] -- Up-to-date: /home/an/ros2_ws/install/turtlebot3_controller/share/turtlebot3_controller/environment/pythonpath.dsv
[3.647s] -- Up-to-date: /home/an/ros2_ws/install/turtlebot3_controller/local/lib/python3.10/dist-packages/turtlebot3_controller-0.0.0-py3.10.egg-info
[3.648s] -- Installing: /home/an/ros2_ws/install/turtlebot3_controller/local/lib/python3.10/dist-packages/turtlebot3_controller-0.0.0-py3.10.egg-info/SOURCES.txt
[3.649s] -- Installing: /home/an/ros2_ws/install/turtlebot3_controller/local/lib/python3.10/dist-packages/turtlebot3_controller-0.0.0-py3.10.egg-info/dependency_links.txt
[3.650s] -- Installing: /home/an/ros2_ws/install/turtlebot3_controller/local/lib/python3.10/dist-packages/turtlebot3_controller-0.0.0-py3.10.egg-info/PKG-INFO
[3.652s] -- Installing: /home/an/ros2_ws/install/turtlebot3_controller/local/lib/python3.10/dist-packages/turtlebot3_controller-0.0.0-py3.10.egg-info/top_level.txt
[3.654s] -- Up-to-date: /home/an/ros2_ws/install/turtlebot3_controller/local/lib/python3.10/dist-packages/turtlebot3_controller
[3.654s] -- Up-to-date: /home/an/ros2_ws/install/turtlebot3_controller/local/lib/python3.10/dist-packages/turtlebot3_controller/__init__.py
[3.655s] -- Up-to-date: /home/an/ros2_ws/install/turtlebot3_controller/local/lib/python3.10/dist-packages/turtlebot3_controller/simple_controller.py
[3.823s] Listing '/home/an/ros2_ws/install/turtlebot3_controller/local/lib/python3.10/dist-packages/turtlebot3_controller'...
[3.862s] -- Up-to-date: /home/an/ros2_ws/install/turtlebot3_controller/include/include
[3.866s] -- Up-to-date: /home/an/ros2_ws/install/turtlebot3_controller/include/include/turtlebot3_controller
[3.866s] -- Up-to-date: /home/an/ros2_ws/install/turtlebot3_controller/include/include/turtlebot3_controller/noisy_controller.hpp
[3.867s] -- Up-to-date: /home/an/ros2_ws/install/turtlebot3_controller/include/include/turtlebot3_controller/simple_controller.hpp
[3.867s] -- Up-to-date: /home/an/ros2_ws/install/turtlebot3_controller/include/include/turtlebot3_controller/odom_publisher.hpp
[3.867s] -- Up-to-date: /home/an/ros2_ws/install/turtlebot3_controller/lib/turtlebot3_controller/odom_publisher
[3.871s] -- Up-to-date: /home/an/ros2_ws/install/turtlebot3_controller/lib/turtlebot3_controller/simple_controller
[3.875s] -- Up-to-date: /home/an/ros2_ws/install/turtlebot3_controller/lib/turtlebot3_controller/noisy_controller
[3.877s] -- Up-to-date: /home/an/ros2_ws/install/turtlebot3_controller/share/turtlebot3_controller/config
[3.879s] -- Up-to-date: /home/an/ros2_ws/install/turtlebot3_controller/share/turtlebot3_controller/config/turtlebot3_controllers.yaml
[3.880s] -- Up-to-date: /home/an/ros2_ws/install/turtlebot3_controller/share/turtlebot3_controller/config/diff_drive_controllers.yaml
[3.882s] -- Up-to-date: /home/an/ros2_ws/install/turtlebot3_controller/share/turtlebot3_controller/launch
[3.884s] -- Up-to-date: /home/an/ros2_ws/install/turtlebot3_controller/share/turtlebot3_controller/launch/controller.launch.py
[3.885s] -- Up-to-date: /home/an/ros2_ws/install/turtlebot3_controller/share/turtlebot3_controller/launch/diff_drive_controller.launch.py
[3.886s] -- Up-to-date: /home/an/ros2_ws/install/turtlebot3_controller/share/turtlebot3_controller/launch/launch_robot_controller.launch.py
[3.888s] -- Up-to-date: /home/an/ros2_ws/install/turtlebot3_controller/lib/turtlebot3_controller/simple_controller.py
[3.890s] -- Up-to-date: /home/an/ros2_ws/install/turtlebot3_controller/share/ament_index/resource_index/package_run_dependencies/turtlebot3_controller
[3.895s] -- Up-to-date: /home/an/ros2_ws/install/turtlebot3_controller/share/ament_index/resource_index/parent_prefix_path/turtlebot3_controller
[3.896s] -- Up-to-date: /home/an/ros2_ws/install/turtlebot3_controller/share/turtlebot3_controller/environment/ament_prefix_path.sh
[3.898s] -- Up-to-date: /home/an/ros2_ws/install/turtlebot3_controller/share/turtlebot3_controller/environment/ament_prefix_path.dsv
[3.900s] -- Up-to-date: /home/an/ros2_ws/install/turtlebot3_controller/share/turtlebot3_controller/environment/path.sh
[3.901s] -- Up-to-date: /home/an/ros2_ws/install/turtlebot3_controller/share/turtlebot3_controller/environment/path.dsv
[3.903s] -- Up-to-date: /home/an/ros2_ws/install/turtlebot3_controller/share/turtlebot3_controller/local_setup.bash
[3.904s] -- Up-to-date: /home/an/ros2_ws/install/turtlebot3_controller/share/turtlebot3_controller/local_setup.sh
[3.906s] -- Up-to-date: /home/an/ros2_ws/install/turtlebot3_controller/share/turtlebot3_controller/local_setup.zsh
[3.907s] -- Up-to-date: /home/an/ros2_ws/install/turtlebot3_controller/share/turtlebot3_controller/local_setup.dsv
[3.909s] -- Installing: /home/an/ros2_ws/install/turtlebot3_controller/share/turtlebot3_controller/package.dsv
[3.913s] -- Up-to-date: /home/an/ros2_ws/install/turtlebot3_controller/share/ament_index/resource_index/packages/turtlebot3_controller
[3.915s] -- Up-to-date: /home/an/ros2_ws/install/turtlebot3_controller/share/turtlebot3_controller/cmake/turtlebot3_controllerConfig.cmake
[3.916s] -- Up-to-date: /home/an/ros2_ws/install/turtlebot3_controller/share/turtlebot3_controller/cmake/turtlebot3_controllerConfig-version.cmake
[3.918s] -- Up-to-date: /home/an/ros2_ws/install/turtlebot3_controller/share/turtlebot3_controller/package.xml
[3.934s] Invoked command in '/home/an/ros2_ws/build/turtlebot3_controller' returned '0': CMAKE_PREFIX_PATH=/home/an/ros2_ws/install/self_driving:/opt/ros/humble /usr/bin/cmake --install /home/an/ros2_ws/build/turtlebot3_controller
