[0.426s] DEBUG:colcon:Command line arguments: ['/usr/bin/colcon', 'build', '--packages-select', 'test-pkg']
[0.426s] DEBUG:colcon:Parsed command line arguments: Namespace(log_base=None, log_level=None, verb_name='build', build_base='build', install_base='install', merge_install=False, symlink_install=False, test_result_base=None, continue_on_error=False, executor='parallel', parallel_workers=4, event_handlers=None, ignore_user_meta=False, metas=['./colcon.meta'], base_paths=['.'], packages_ignore=None, packages_ignore_regex=None, paths=None, packages_up_to=None, packages_up_to_regex=None, packages_above=None, packages_above_and_dependencies=None, packages_above_depth=None, packages_select_by_dep=None, packages_skip_by_dep=None, packages_skip_up_to=None, packages_select_build_failed=False, packages_skip_build_finished=False, packages_select_test_failures=False, packages_skip_test_passed=False, packages_select=['test-pkg'], packages_skip=None, packages_select_regex=None, packages_skip_regex=None, packages_start=None, packages_end=None, allow_overriding=[], cmake_args=None, cmake_target=None, cmake_target_skip_unavailable=False, cmake_clean_cache=False, cmake_clean_first=False, cmake_force_configure=False, ament_cmake_args=None, catkin_cmake_args=None, catkin_skip_building_tests=False, verb_parser=<colcon_defaults.argument_parser.defaults.DefaultArgumentsDecorator object at 0xffff8b543130>, verb_extension=<colcon_core.verb.build.BuildVerb object at 0xffff8b6cfca0>, main=<bound method BuildVerb.main of <colcon_core.verb.build.BuildVerb object at 0xffff8b6cfca0>>)
[1.091s] Level 1:colcon.colcon_core.package_discovery:discover_packages(colcon_meta) check parameters
[1.091s] Level 1:colcon.colcon_core.package_discovery:discover_packages(recursive) check parameters
[1.091s] Level 1:colcon.colcon_core.package_discovery:discover_packages(ignore) check parameters
[1.092s] Level 1:colcon.colcon_core.package_discovery:discover_packages(path) check parameters
[1.092s] Level 1:colcon.colcon_core.package_discovery:discover_packages(colcon_meta) discover
[1.092s] Level 1:colcon.colcon_core.package_discovery:discover_packages(recursive) discover
[1.092s] INFO:colcon.colcon_core.package_discovery:Crawling recursively for packages in '/home/an/ros2_ws'
[1.092s] Level 1:colcon.colcon_core.package_identification:_identify(.) by extensions ['ignore', 'ignore_ament_install']
[1.093s] Level 1:colcon.colcon_core.package_identification:_identify(.) by extension 'ignore'
[1.093s] Level 1:colcon.colcon_core.package_identification:_identify(.) by extension 'ignore_ament_install'
[1.093s] Level 1:colcon.colcon_core.package_identification:_identify(.) by extensions ['colcon_pkg']
[1.093s] Level 1:colcon.colcon_core.package_identification:_identify(.) by extension 'colcon_pkg'
[1.093s] Level 1:colcon.colcon_core.package_identification:_identify(.) by extensions ['colcon_meta']
[1.094s] Level 1:colcon.colcon_core.package_identification:_identify(.) by extension 'colcon_meta'
[1.094s] Level 1:colcon.colcon_core.package_identification:_identify(.) by extensions ['ros']
[1.094s] Level 1:colcon.colcon_core.package_identification:_identify(.) by extension 'ros'
[1.137s] Level 1:colcon.colcon_core.package_identification:_identify(.) by extensions ['cmake', 'python']
[1.138s] Level 1:colcon.colcon_core.package_identification:_identify(.) by extension 'cmake'
[1.138s] Level 1:colcon.colcon_core.package_identification:_identify(.) by extension 'python'
[1.138s] Level 1:colcon.colcon_core.package_identification:_identify(.) by extensions ['python_setup_py']
[1.138s] Level 1:colcon.colcon_core.package_identification:_identify(.) by extension 'python_setup_py'
[1.139s] Level 1:colcon.colcon_core.package_identification:_identify(build) by extensions ['ignore', 'ignore_ament_install']
[1.139s] Level 1:colcon.colcon_core.package_identification:_identify(build) by extension 'ignore'
[1.139s] Level 1:colcon.colcon_core.package_identification:_identify(build) ignored
[1.140s] Level 1:colcon.colcon_core.package_identification:_identify(install) by extensions ['ignore', 'ignore_ament_install']
[1.140s] Level 1:colcon.colcon_core.package_identification:_identify(install) by extension 'ignore'
[1.141s] Level 1:colcon.colcon_core.package_identification:_identify(install) ignored
[1.142s] Level 1:colcon.colcon_core.package_identification:_identify(log) by extensions ['ignore', 'ignore_ament_install']
[1.142s] Level 1:colcon.colcon_core.package_identification:_identify(log) by extension 'ignore'
[1.142s] Level 1:colcon.colcon_core.package_identification:_identify(log) ignored
[1.142s] Level 1:colcon.colcon_core.package_identification:_identify(src) by extensions ['ignore', 'ignore_ament_install']
[1.143s] Level 1:colcon.colcon_core.package_identification:_identify(src) by extension 'ignore'
[1.143s] Level 1:colcon.colcon_core.package_identification:_identify(src) by extension 'ignore_ament_install'
[1.143s] Level 1:colcon.colcon_core.package_identification:_identify(src) by extensions ['colcon_pkg']
[1.143s] Level 1:colcon.colcon_core.package_identification:_identify(src) by extension 'colcon_pkg'
[1.144s] Level 1:colcon.colcon_core.package_identification:_identify(src) by extensions ['colcon_meta']
[1.144s] Level 1:colcon.colcon_core.package_identification:_identify(src) by extension 'colcon_meta'
[1.144s] Level 1:colcon.colcon_core.package_identification:_identify(src) by extensions ['ros']
[1.144s] Level 1:colcon.colcon_core.package_identification:_identify(src) by extension 'ros'
[1.144s] Level 1:colcon.colcon_core.package_identification:_identify(src) by extensions ['cmake', 'python']
[1.144s] Level 1:colcon.colcon_core.package_identification:_identify(src) by extension 'cmake'
[1.145s] Level 1:colcon.colcon_core.package_identification:_identify(src) by extension 'python'
[1.145s] Level 1:colcon.colcon_core.package_identification:_identify(src) by extensions ['python_setup_py']
[1.145s] Level 1:colcon.colcon_core.package_identification:_identify(src) by extension 'python_setup_py'
[1.145s] Level 1:colcon.colcon_core.package_identification:_identify(src/autonomous_tb3) by extensions ['ignore', 'ignore_ament_install']
[1.146s] Level 1:colcon.colcon_core.package_identification:_identify(src/autonomous_tb3) by extension 'ignore'
[1.146s] Level 1:colcon.colcon_core.package_identification:_identify(src/autonomous_tb3) by extension 'ignore_ament_install'
[1.146s] Level 1:colcon.colcon_core.package_identification:_identify(src/autonomous_tb3) by extensions ['colcon_pkg']
[1.146s] Level 1:colcon.colcon_core.package_identification:_identify(src/autonomous_tb3) by extension 'colcon_pkg'
[1.146s] Level 1:colcon.colcon_core.package_identification:_identify(src/autonomous_tb3) by extensions ['colcon_meta']
[1.146s] Level 1:colcon.colcon_core.package_identification:_identify(src/autonomous_tb3) by extension 'colcon_meta'
[1.147s] Level 1:colcon.colcon_core.package_identification:_identify(src/autonomous_tb3) by extensions ['ros']
[1.147s] Level 1:colcon.colcon_core.package_identification:_identify(src/autonomous_tb3) by extension 'ros'
[1.154s] DEBUG:colcon.colcon_core.package_identification:Package 'src/autonomous_tb3' with type 'ros.ament_python' and name 'autonomous_tb3'
[1.155s] Level 1:colcon.colcon_core.package_identification:_identify(src/diffdrive_esp32) by extensions ['ignore', 'ignore_ament_install']
[1.155s] Level 1:colcon.colcon_core.package_identification:_identify(src/diffdrive_esp32) by extension 'ignore'
[1.156s] Level 1:colcon.colcon_core.package_identification:_identify(src/diffdrive_esp32) by extension 'ignore_ament_install'
[1.156s] Level 1:colcon.colcon_core.package_identification:_identify(src/diffdrive_esp32) by extensions ['colcon_pkg']
[1.156s] Level 1:colcon.colcon_core.package_identification:_identify(src/diffdrive_esp32) by extension 'colcon_pkg'
[1.156s] Level 1:colcon.colcon_core.package_identification:_identify(src/diffdrive_esp32) by extensions ['colcon_meta']
[1.156s] Level 1:colcon.colcon_core.package_identification:_identify(src/diffdrive_esp32) by extension 'colcon_meta'
[1.156s] Level 1:colcon.colcon_core.package_identification:_identify(src/diffdrive_esp32) by extensions ['ros']
[1.157s] Level 1:colcon.colcon_core.package_identification:_identify(src/diffdrive_esp32) by extension 'ros'
[1.166s] DEBUG:colcon.colcon_core.package_identification:Package 'src/diffdrive_esp32' with type 'ros.ament_cmake' and name 'diffdrive_esp32'
[1.167s] Level 1:colcon.colcon_core.package_identification:_identify(src/image_resources) by extensions ['ignore', 'ignore_ament_install']
[1.167s] Level 1:colcon.colcon_core.package_identification:_identify(src/image_resources) by extension 'ignore'
[1.167s] Level 1:colcon.colcon_core.package_identification:_identify(src/image_resources) by extension 'ignore_ament_install'
[1.167s] Level 1:colcon.colcon_core.package_identification:_identify(src/image_resources) by extensions ['colcon_pkg']
[1.167s] Level 1:colcon.colcon_core.package_identification:_identify(src/image_resources) by extension 'colcon_pkg'
[1.168s] Level 1:colcon.colcon_core.package_identification:_identify(src/image_resources) by extensions ['colcon_meta']
[1.168s] Level 1:colcon.colcon_core.package_identification:_identify(src/image_resources) by extension 'colcon_meta'
[1.168s] Level 1:colcon.colcon_core.package_identification:_identify(src/image_resources) by extensions ['ros']
[1.168s] Level 1:colcon.colcon_core.package_identification:_identify(src/image_resources) by extension 'ros'
[1.168s] Level 1:colcon.colcon_core.package_identification:_identify(src/image_resources) by extensions ['cmake', 'python']
[1.169s] Level 1:colcon.colcon_core.package_identification:_identify(src/image_resources) by extension 'cmake'
[1.169s] Level 1:colcon.colcon_core.package_identification:_identify(src/image_resources) by extension 'python'
[1.169s] Level 1:colcon.colcon_core.package_identification:_identify(src/image_resources) by extensions ['python_setup_py']
[1.169s] Level 1:colcon.colcon_core.package_identification:_identify(src/image_resources) by extension 'python_setup_py'
[1.169s] Level 1:colcon.colcon_core.package_identification:_identify(src/ldlidar_ros2) by extensions ['ignore', 'ignore_ament_install']
[1.170s] Level 1:colcon.colcon_core.package_identification:_identify(src/ldlidar_ros2) by extension 'ignore'
[1.170s] Level 1:colcon.colcon_core.package_identification:_identify(src/ldlidar_ros2) by extension 'ignore_ament_install'
[1.170s] Level 1:colcon.colcon_core.package_identification:_identify(src/ldlidar_ros2) by extensions ['colcon_pkg']
[1.170s] Level 1:colcon.colcon_core.package_identification:_identify(src/ldlidar_ros2) by extension 'colcon_pkg'
[1.170s] Level 1:colcon.colcon_core.package_identification:_identify(src/ldlidar_ros2) by extensions ['colcon_meta']
[1.170s] Level 1:colcon.colcon_core.package_identification:_identify(src/ldlidar_ros2) by extension 'colcon_meta'
[1.171s] Level 1:colcon.colcon_core.package_identification:_identify(src/ldlidar_ros2) by extensions ['ros']
[1.171s] Level 1:colcon.colcon_core.package_identification:_identify(src/ldlidar_ros2) by extension 'ros'
[1.171s] Level 1:colcon.colcon_core.package_identification:_identify(src/ldlidar_ros2) by extensions ['cmake', 'python']
[1.171s] Level 1:colcon.colcon_core.package_identification:_identify(src/ldlidar_ros2) by extension 'cmake'
[1.171s] Level 1:colcon.colcon_core.package_identification:_identify(src/ldlidar_ros2) by extension 'python'
[1.172s] Level 1:colcon.colcon_core.package_identification:_identify(src/ldlidar_ros2) by extensions ['python_setup_py']
[1.172s] Level 1:colcon.colcon_core.package_identification:_identify(src/ldlidar_ros2) by extension 'python_setup_py'
[1.172s] Level 1:colcon.colcon_core.package_identification:_identify(src/ldlidar_ros2/src) by extensions ['ignore', 'ignore_ament_install']
[1.172s] Level 1:colcon.colcon_core.package_identification:_identify(src/ldlidar_ros2/src) by extension 'ignore'
[1.173s] Level 1:colcon.colcon_core.package_identification:_identify(src/ldlidar_ros2/src) by extension 'ignore_ament_install'
[1.173s] Level 1:colcon.colcon_core.package_identification:_identify(src/ldlidar_ros2/src) by extensions ['colcon_pkg']
[1.173s] Level 1:colcon.colcon_core.package_identification:_identify(src/ldlidar_ros2/src) by extension 'colcon_pkg'
[1.173s] Level 1:colcon.colcon_core.package_identification:_identify(src/ldlidar_ros2/src) by extensions ['colcon_meta']
[1.173s] Level 1:colcon.colcon_core.package_identification:_identify(src/ldlidar_ros2/src) by extension 'colcon_meta'
[1.173s] Level 1:colcon.colcon_core.package_identification:_identify(src/ldlidar_ros2/src) by extensions ['ros']
[1.174s] Level 1:colcon.colcon_core.package_identification:_identify(src/ldlidar_ros2/src) by extension 'ros'
[1.174s] Level 1:colcon.colcon_core.package_identification:_identify(src/ldlidar_ros2/src) by extensions ['cmake', 'python']
[1.174s] Level 1:colcon.colcon_core.package_identification:_identify(src/ldlidar_ros2/src) by extension 'cmake'
[1.174s] Level 1:colcon.colcon_core.package_identification:_identify(src/ldlidar_ros2/src) by extension 'python'
[1.174s] Level 1:colcon.colcon_core.package_identification:_identify(src/ldlidar_ros2/src) by extensions ['python_setup_py']
[1.174s] Level 1:colcon.colcon_core.package_identification:_identify(src/ldlidar_ros2/src) by extension 'python_setup_py'
[1.175s] Level 1:colcon.colcon_core.package_identification:_identify(src/ldlidar_ros2/src/ld08_driver) by extensions ['ignore', 'ignore_ament_install']
[1.175s] Level 1:colcon.colcon_core.package_identification:_identify(src/ldlidar_ros2/src/ld08_driver) by extension 'ignore'
[1.175s] Level 1:colcon.colcon_core.package_identification:_identify(src/ldlidar_ros2/src/ld08_driver) by extension 'ignore_ament_install'
[1.176s] Level 1:colcon.colcon_core.package_identification:_identify(src/ldlidar_ros2/src/ld08_driver) by extensions ['colcon_pkg']
[1.176s] Level 1:colcon.colcon_core.package_identification:_identify(src/ldlidar_ros2/src/ld08_driver) by extension 'colcon_pkg'
[1.176s] Level 1:colcon.colcon_core.package_identification:_identify(src/ldlidar_ros2/src/ld08_driver) by extensions ['colcon_meta']
[1.176s] Level 1:colcon.colcon_core.package_identification:_identify(src/ldlidar_ros2/src/ld08_driver) by extension 'colcon_meta'
[1.176s] Level 1:colcon.colcon_core.package_identification:_identify(src/ldlidar_ros2/src/ld08_driver) by extensions ['ros']
[1.176s] Level 1:colcon.colcon_core.package_identification:_identify(src/ldlidar_ros2/src/ld08_driver) by extension 'ros'
[1.179s] DEBUG:colcon.colcon_core.package_identification:Package 'src/ldlidar_ros2/src/ld08_driver' with type 'ros.ament_cmake' and name 'ld08_driver'
[1.180s] Level 1:colcon.colcon_core.package_identification:_identify(src/self_driving) by extensions ['ignore', 'ignore_ament_install']
[1.180s] Level 1:colcon.colcon_core.package_identification:_identify(src/self_driving) by extension 'ignore'
[1.180s] Level 1:colcon.colcon_core.package_identification:_identify(src/self_driving) by extension 'ignore_ament_install'
[1.180s] Level 1:colcon.colcon_core.package_identification:_identify(src/self_driving) by extensions ['colcon_pkg']
[1.181s] Level 1:colcon.colcon_core.package_identification:_identify(src/self_driving) by extension 'colcon_pkg'
[1.181s] Level 1:colcon.colcon_core.package_identification:_identify(src/self_driving) by extensions ['colcon_meta']
[1.181s] Level 1:colcon.colcon_core.package_identification:_identify(src/self_driving) by extension 'colcon_meta'
[1.181s] Level 1:colcon.colcon_core.package_identification:_identify(src/self_driving) by extensions ['ros']
[1.181s] Level 1:colcon.colcon_core.package_identification:_identify(src/self_driving) by extension 'ros'
[1.183s] DEBUG:colcon.colcon_core.package_identification:Package 'src/self_driving' with type 'ros.ament_python' and name 'self_driving'
[1.184s] Level 1:colcon.colcon_core.package_identification:_identify(src/test_pkg) by extensions ['ignore', 'ignore_ament_install']
[1.184s] Level 1:colcon.colcon_core.package_identification:_identify(src/test_pkg) by extension 'ignore'
[1.184s] Level 1:colcon.colcon_core.package_identification:_identify(src/test_pkg) by extension 'ignore_ament_install'
[1.184s] Level 1:colcon.colcon_core.package_identification:_identify(src/test_pkg) by extensions ['colcon_pkg']
[1.184s] Level 1:colcon.colcon_core.package_identification:_identify(src/test_pkg) by extension 'colcon_pkg'
[1.185s] Level 1:colcon.colcon_core.package_identification:_identify(src/test_pkg) by extensions ['colcon_meta']
[1.185s] Level 1:colcon.colcon_core.package_identification:_identify(src/test_pkg) by extension 'colcon_meta'
[1.185s] Level 1:colcon.colcon_core.package_identification:_identify(src/test_pkg) by extensions ['ros']
[1.185s] Level 1:colcon.colcon_core.package_identification:_identify(src/test_pkg) by extension 'ros'
[1.187s] DEBUG:colcon.colcon_core.package_identification:Package 'src/test_pkg' with type 'ros.ament_python' and name 'test_pkg'
[1.187s] Level 1:colcon.colcon_core.package_identification:_identify(src/turtlebot3_controller) by extensions ['ignore', 'ignore_ament_install']
[1.188s] Level 1:colcon.colcon_core.package_identification:_identify(src/turtlebot3_controller) by extension 'ignore'
[1.188s] Level 1:colcon.colcon_core.package_identification:_identify(src/turtlebot3_controller) by extension 'ignore_ament_install'
[1.188s] Level 1:colcon.colcon_core.package_identification:_identify(src/turtlebot3_controller) by extensions ['colcon_pkg']
[1.188s] Level 1:colcon.colcon_core.package_identification:_identify(src/turtlebot3_controller) by extension 'colcon_pkg'
[1.188s] Level 1:colcon.colcon_core.package_identification:_identify(src/turtlebot3_controller) by extensions ['colcon_meta']
[1.189s] Level 1:colcon.colcon_core.package_identification:_identify(src/turtlebot3_controller) by extension 'colcon_meta'
[1.189s] Level 1:colcon.colcon_core.package_identification:_identify(src/turtlebot3_controller) by extensions ['ros']
[1.189s] Level 1:colcon.colcon_core.package_identification:_identify(src/turtlebot3_controller) by extension 'ros'
[1.194s] DEBUG:colcon.colcon_core.package_identification:Package 'src/turtlebot3_controller' with type 'ros.ament_cmake' and name 'turtlebot3_controller'
[1.195s] Level 1:colcon.colcon_core.package_identification:_identify(src/turtlebot3_description) by extensions ['ignore', 'ignore_ament_install']
[1.195s] Level 1:colcon.colcon_core.package_identification:_identify(src/turtlebot3_description) by extension 'ignore'
[1.195s] Level 1:colcon.colcon_core.package_identification:_identify(src/turtlebot3_description) by extension 'ignore_ament_install'
[1.195s] Level 1:colcon.colcon_core.package_identification:_identify(src/turtlebot3_description) by extensions ['colcon_pkg']
[1.195s] Level 1:colcon.colcon_core.package_identification:_identify(src/turtlebot3_description) by extension 'colcon_pkg'
[1.196s] Level 1:colcon.colcon_core.package_identification:_identify(src/turtlebot3_description) by extensions ['colcon_meta']
[1.196s] Level 1:colcon.colcon_core.package_identification:_identify(src/turtlebot3_description) by extension 'colcon_meta'
[1.196s] Level 1:colcon.colcon_core.package_identification:_identify(src/turtlebot3_description) by extensions ['ros']
[1.196s] Level 1:colcon.colcon_core.package_identification:_identify(src/turtlebot3_description) by extension 'ros'
[1.198s] DEBUG:colcon.colcon_core.package_identification:Package 'src/turtlebot3_description' with type 'ros.ament_cmake' and name 'turtlebot3_description'
[1.199s] Level 1:colcon.colcon_core.package_identification:_identify(src/vel_driver) by extensions ['ignore', 'ignore_ament_install']
[1.199s] Level 1:colcon.colcon_core.package_identification:_identify(src/vel_driver) by extension 'ignore'
[1.199s] Level 1:colcon.colcon_core.package_identification:_identify(src/vel_driver) by extension 'ignore_ament_install'
[1.199s] Level 1:colcon.colcon_core.package_identification:_identify(src/vel_driver) by extensions ['colcon_pkg']
[1.199s] Level 1:colcon.colcon_core.package_identification:_identify(src/vel_driver) by extension 'colcon_pkg'
[1.200s] Level 1:colcon.colcon_core.package_identification:_identify(src/vel_driver) by extensions ['colcon_meta']
[1.200s] Level 1:colcon.colcon_core.package_identification:_identify(src/vel_driver) by extension 'colcon_meta'
[1.200s] Level 1:colcon.colcon_core.package_identification:_identify(src/vel_driver) by extensions ['ros']
[1.200s] Level 1:colcon.colcon_core.package_identification:_identify(src/vel_driver) by extension 'ros'
[1.202s] DEBUG:colcon.colcon_core.package_identification:Package 'src/vel_driver' with type 'ros.ament_python' and name 'vel_driver'
[1.202s] Level 1:colcon.colcon_core.package_discovery:discover_packages(recursive) using defaults
[1.203s] Level 1:colcon.colcon_core.package_discovery:discover_packages(ignore) discover
[1.203s] Level 1:colcon.colcon_core.package_discovery:discover_packages(ignore) using defaults
[1.203s] Level 1:colcon.colcon_core.package_discovery:discover_packages(path) discover
[1.203s] Level 1:colcon.colcon_core.package_discovery:discover_packages(path) using defaults
[1.204s] WARNING:colcon.colcon_core.package_selection:ignoring unknown package 'test-pkg' in --packages-select
[1.282s] INFO:colcon.colcon_core.package_selection:Skipping not selected package 'autonomous_tb3' in 'src/autonomous_tb3'
[1.282s] INFO:colcon.colcon_core.package_selection:Skipping not selected package 'diffdrive_esp32' in 'src/diffdrive_esp32'
[1.282s] INFO:colcon.colcon_core.package_selection:Skipping not selected package 'ld08_driver' in 'src/ldlidar_ros2/src/ld08_driver'
[1.282s] INFO:colcon.colcon_core.package_selection:Skipping not selected package 'self_driving' in 'src/self_driving'
[1.282s] INFO:colcon.colcon_core.package_selection:Skipping not selected package 'test_pkg' in 'src/test_pkg'
[1.282s] INFO:colcon.colcon_core.package_selection:Skipping not selected package 'turtlebot3_controller' in 'src/turtlebot3_controller'
[1.282s] INFO:colcon.colcon_core.package_selection:Skipping not selected package 'turtlebot3_description' in 'src/turtlebot3_description'
[1.282s] INFO:colcon.colcon_core.package_selection:Skipping not selected package 'vel_driver' in 'src/vel_driver'
[1.284s] Level 1:colcon.colcon_core.package_discovery:discover_packages(prefix_path) check parameters
[1.284s] Level 1:colcon.colcon_core.package_discovery:discover_packages(prefix_path) discover
[1.294s] DEBUG:colcon.colcon_installed_package_information.package_discovery:Found 8 installed packages in /home/an/ros2_ws/install
[1.302s] DEBUG:colcon.colcon_installed_package_information.package_discovery:Found 222 installed packages in /opt/ros/humble
[1.307s] Level 1:colcon.colcon_core.package_discovery:discover_packages(prefix_path) using defaults
[1.469s] INFO:colcon.colcon_core.executor:Executing jobs using 'parallel' executor
[1.473s] DEBUG:colcon.colcon_parallel_executor.executor.parallel:run_until_complete
[1.473s] DEBUG:colcon.colcon_parallel_executor.executor.parallel:closing loop
[1.474s] DEBUG:colcon.colcon_parallel_executor.executor.parallel:loop closed
[1.475s] DEBUG:colcon.colcon_parallel_executor.executor.parallel:run_until_complete finished with '0'
[1.475s] DEBUG:colcon.colcon_core.event_reactor:joining thread
[1.495s] INFO:colcon.colcon_core.plugin_system:Skipping extension 'colcon_notification.desktop_notification.notify_send': Could not find 'notify-send'
[1.495s] INFO:colcon.colcon_core.plugin_system:Skipping extension 'colcon_notification.desktop_notification.terminal_notifier': Not used on non-Darwin systems
[1.495s] INFO:colcon.colcon_core.plugin_system:Skipping extension 'colcon_notification.desktop_notification.win32': Not used on non-Windows systems
[1.495s] INFO:colcon.colcon_notification.desktop_notification:Sending desktop notification using 'notify2'
[1.498s] DEBUG:colcon.colcon_notification.desktop_notification.notify2:Failed to initialize notify2: org.freedesktop.DBus.Error.ServiceUnknown: The name org.freedesktop.Notifications was not provided by any .service files
[1.498s] DEBUG:colcon.colcon_core.event_reactor:joined thread
[1.506s] INFO:colcon.colcon_core.plugin_system:Skipping extension 'colcon_core.shell.bat': Not used on non-Windows systems
[1.507s] INFO:colcon.colcon_core.shell:Creating prefix script '/home/an/ros2_ws/install/local_setup.ps1'
[1.511s] INFO:colcon.colcon_core.shell:Creating prefix util module '/home/an/ros2_ws/install/_local_setup_util_ps1.py'
[1.516s] INFO:colcon.colcon_core.shell:Creating prefix chain script '/home/an/ros2_ws/install/setup.ps1'
[1.522s] INFO:colcon.colcon_core.shell:Creating prefix script '/home/an/ros2_ws/install/local_setup.sh'
[1.524s] INFO:colcon.colcon_core.shell:Creating prefix util module '/home/an/ros2_ws/install/_local_setup_util_sh.py'
[1.526s] INFO:colcon.colcon_core.shell:Creating prefix chain script '/home/an/ros2_ws/install/setup.sh'
[1.533s] INFO:colcon.colcon_core.shell:Creating prefix script '/home/an/ros2_ws/install/local_setup.bash'
[1.535s] INFO:colcon.colcon_core.shell:Creating prefix chain script '/home/an/ros2_ws/install/setup.bash'
[1.540s] INFO:colcon.colcon_core.shell:Creating prefix script '/home/an/ros2_ws/install/local_setup.zsh'
[1.542s] INFO:colcon.colcon_core.shell:Creating prefix chain script '/home/an/ros2_ws/install/setup.zsh'
