[2.723s] Invoking command in '/home/an/ros2_ws/src/self_driving': PYTHONPATH=/home/an/ros2_ws/build/self_driving/prefix_override:/home/an/ros2_ws/install/self_driving/lib/python3.10/site-packages:${PYTHONPATH} /usr/bin/python3 -W ignore:setup.py install is deprecated setup.py egg_info --egg-base ../../build/self_driving build --build-base /home/an/ros2_ws/build/self_driving/build install --record /home/an/ros2_ws/build/self_driving/install.log --single-version-externally-managed install_data
[3.747s] running egg_info
[3.750s] writing ../../build/self_driving/self_driving.egg-info/PKG-INFO
[3.751s] writing dependency_links to ../../build/self_driving/self_driving.egg-info/dependency_links.txt
[3.752s] writing entry points to ../../build/self_driving/self_driving.egg-info/entry_points.txt
[3.753s] writing requirements to ../../build/self_driving/self_driving.egg-info/requires.txt
[3.753s] writing top-level names to ../../build/self_driving/self_driving.egg-info/top_level.txt
[3.764s] reading manifest file '../../build/self_driving/self_driving.egg-info/SOURCES.txt'
[3.767s] adding license file 'LICENSE'
[3.771s] writing manifest file '../../build/self_driving/self_driving.egg-info/SOURCES.txt'
[3.772s] running build
[3.772s] running build_py
[3.773s] copying self_driving/computer_vision_node.py -> /home/an/ros2_ws/build/self_driving/build/lib/self_driving
[3.781s] running install
[3.782s] running install_lib
[3.785s] copying /home/an/ros2_ws/build/self_driving/build/lib/self_driving/computer_vision_node.py -> /home/an/ros2_ws/install/self_driving/lib/python3.10/site-packages/self_driving
[3.793s] byte-compiling /home/an/ros2_ws/install/self_driving/lib/python3.10/site-packages/self_driving/computer_vision_node.py to computer_vision_node.cpython-310.pyc
[3.800s] running install_data
[3.801s] running install_egg_info
[3.807s] removing '/home/an/ros2_ws/install/self_driving/lib/python3.10/site-packages/self_driving-0.0.0-py3.10.egg-info' (and everything under it)
[3.809s] Copying ../../build/self_driving/self_driving.egg-info to /home/an/ros2_ws/install/self_driving/lib/python3.10/site-packages/self_driving-0.0.0-py3.10.egg-info
[3.815s] running install_scripts
[3.899s] Installing cam_node script to /home/an/ros2_ws/install/self_driving/lib/self_driving
[3.901s] Installing computer_vision_node script to /home/an/ros2_ws/install/self_driving/lib/self_driving
[3.903s] Installing driving_node script to /home/an/ros2_ws/install/self_driving/lib/self_driving
[3.904s] Installing recorder_node script to /home/an/ros2_ws/install/self_driving/lib/self_driving
[3.905s] Installing vel_wheel_node script to /home/an/ros2_ws/install/self_driving/lib/self_driving
[3.909s] writing list of installed files to '/home/an/ros2_ws/build/self_driving/install.log'
[4.039s] Invoked command in '/home/an/ros2_ws/src/self_driving' returned '0': PYTHONPATH=/home/an/ros2_ws/build/self_driving/prefix_override:/home/an/ros2_ws/install/self_driving/lib/python3.10/site-packages:${PYTHONPATH} /usr/bin/python3 -W ignore:setup.py install is deprecated setup.py egg_info --egg-base ../../build/self_driving build --build-base /home/an/ros2_ws/build/self_driving/build install --record /home/an/ros2_ws/build/self_driving/install.log --single-version-externally-managed install_data
