[2.968s] Invoking command in '/home/an/ros2_ws/src/self_driving': PYTHONPATH=/home/an/ros2_ws/build/self_driving/prefix_override:/home/an/ros2_ws/install/self_driving/lib/python3.10/site-packages:${PYTHONPATH} /usr/bin/python3 -W ignore:setup.py install is deprecated setup.py egg_info --egg-base ../../build/self_driving build --build-base /home/an/ros2_ws/build/self_driving/build install --record /home/an/ros2_ws/build/self_driving/install.log --single-version-externally-managed install_data
[4.482s] running egg_info
[4.485s] writing ../../build/self_driving/self_driving.egg-info/PKG-INFO
[4.487s] writing dependency_links to ../../build/self_driving/self_driving.egg-info/dependency_links.txt
[4.488s] writing entry points to ../../build/self_driving/self_driving.egg-info/entry_points.txt
[4.491s] writing requirements to ../../build/self_driving/self_driving.egg-info/requires.txt
[4.494s] writing top-level names to ../../build/self_driving/self_driving.egg-info/top_level.txt
[4.505s] reading manifest file '../../build/self_driving/self_driving.egg-info/SOURCES.txt'
[4.507s] adding license file 'LICENSE'
[4.511s] writing manifest file '../../build/self_driving/self_driving.egg-info/SOURCES.txt'
[4.512s] running build
[4.512s] running build_py
[4.520s] copying self_driving/Detection/Lanes/a_colour_segmentation.py -> /home/an/ros2_ws/build/self_driving/build/lib/self_driving/Detection/Lanes
[4.526s] running install
[4.528s] running install_lib
[4.536s] copying /home/an/ros2_ws/build/self_driving/build/lib/self_driving/Detection/Lanes/a_colour_segmentation.py -> /home/an/ros2_ws/install/self_driving/lib/python3.10/site-packages/self_driving/Detection/Lanes
[4.543s] byte-compiling /home/an/ros2_ws/install/self_driving/lib/python3.10/site-packages/self_driving/Detection/Lanes/a_colour_segmentation.py to a_colour_segmentation.cpython-310.pyc
[4.550s] running install_data
[4.552s] running install_egg_info
[4.564s] removing '/home/an/ros2_ws/install/self_driving/lib/python3.10/site-packages/self_driving-0.0.0-py3.10.egg-info' (and everything under it)
[4.567s] Copying ../../build/self_driving/self_driving.egg-info to /home/an/ros2_ws/install/self_driving/lib/python3.10/site-packages/self_driving-0.0.0-py3.10.egg-info
[4.574s] running install_scripts
[4.676s] Installing cam_node script to /home/an/ros2_ws/install/self_driving/lib/self_driving
[4.676s] Installing computer_vision_node script to /home/an/ros2_ws/install/self_driving/lib/self_driving
[4.677s] Installing driving_node script to /home/an/ros2_ws/install/self_driving/lib/self_driving
[4.678s] Installing recorder_node script to /home/an/ros2_ws/install/self_driving/lib/self_driving
[4.679s] Installing vel_wheel_node script to /home/an/ros2_ws/install/self_driving/lib/self_driving
[4.684s] writing list of installed files to '/home/an/ros2_ws/build/self_driving/install.log'
[4.839s] Invoked command in '/home/an/ros2_ws/src/self_driving' returned '0': PYTHONPATH=/home/an/ros2_ws/build/self_driving/prefix_override:/home/an/ros2_ws/install/self_driving/lib/python3.10/site-packages:${PYTHONPATH} /usr/bin/python3 -W ignore:setup.py install is deprecated setup.py egg_info --egg-base ../../build/self_driving build --build-base /home/an/ros2_ws/build/self_driving/build install --record /home/an/ros2_ws/build/self_driving/install.log --single-version-externally-managed install_data
