[2.849s] Invoking command in '/home/an/ros2_ws/src/self_driving': PYTHONPATH=/home/an/ros2_ws/build/self_driving/prefix_override:/home/an/ros2_ws/install/self_driving/lib/python3.10/site-packages:${PYTHONPATH} /usr/bin/python3 -W ignore:setup.py install is deprecated setup.py egg_info --egg-base ../../build/self_driving build --build-base /home/an/ros2_ws/build/self_driving/build install --record /home/an/ros2_ws/build/self_driving/install.log --single-version-externally-managed install_data
[3.911s] running egg_info
[3.914s] writing ../../build/self_driving/self_driving.egg-info/PKG-INFO
[3.915s] writing dependency_links to ../../build/self_driving/self_driving.egg-info/dependency_links.txt
[3.916s] writing entry points to ../../build/self_driving/self_driving.egg-info/entry_points.txt
[3.916s] writing requirements to ../../build/self_driving/self_driving.egg-info/requires.txt
[3.917s] writing top-level names to ../../build/self_driving/self_driving.egg-info/top_level.txt
[3.930s] reading manifest file '../../build/self_driving/self_driving.egg-info/SOURCES.txt'
[3.931s] adding license file 'LICENSE'
[3.934s] writing manifest file '../../build/self_driving/self_driving.egg-info/SOURCES.txt'
[3.935s] running build
[3.935s] running build_py
[3.936s] copying self_driving/wheel_left_right.py -> /home/an/ros2_ws/build/self_driving/build/lib/self_driving
[3.937s] copying self_driving/computer_vision_node.py -> /home/an/ros2_ws/build/self_driving/build/lib/self_driving
[3.944s] running install
[3.946s] running install_lib
[3.949s] copying /home/an/ros2_ws/build/self_driving/build/lib/self_driving/wheel_left_right.py -> /home/an/ros2_ws/install/self_driving/lib/python3.10/site-packages/self_driving
[3.952s] copying /home/an/ros2_ws/build/self_driving/build/lib/self_driving/computer_vision_node.py -> /home/an/ros2_ws/install/self_driving/lib/python3.10/site-packages/self_driving
[3.958s] byte-compiling /home/an/ros2_ws/install/self_driving/lib/python3.10/site-packages/self_driving/wheel_left_right.py to wheel_left_right.cpython-310.pyc
[3.965s] byte-compiling /home/an/ros2_ws/install/self_driving/lib/python3.10/site-packages/self_driving/computer_vision_node.py to computer_vision_node.cpython-310.pyc
[3.969s] running install_data
[3.969s] running install_egg_info
[3.979s] removing '/home/an/ros2_ws/install/self_driving/lib/python3.10/site-packages/self_driving-0.0.0-py3.10.egg-info' (and everything under it)
[3.980s] Copying ../../build/self_driving/self_driving.egg-info to /home/an/ros2_ws/install/self_driving/lib/python3.10/site-packages/self_driving-0.0.0-py3.10.egg-info
[3.987s] running install_scripts
[4.077s] Installing cam_node script to /home/an/ros2_ws/install/self_driving/lib/self_driving
[4.078s] Installing computer_vision_node script to /home/an/ros2_ws/install/self_driving/lib/self_driving
[4.079s] Installing driving_node script to /home/an/ros2_ws/install/self_driving/lib/self_driving
[4.079s] Installing recorder_node script to /home/an/ros2_ws/install/self_driving/lib/self_driving
[4.080s] Installing vel_wheel_node script to /home/an/ros2_ws/install/self_driving/lib/self_driving
[4.084s] writing list of installed files to '/home/an/ros2_ws/build/self_driving/install.log'
[4.213s] Invoked command in '/home/an/ros2_ws/src/self_driving' returned '0': PYTHONPATH=/home/an/ros2_ws/build/self_driving/prefix_override:/home/an/ros2_ws/install/self_driving/lib/python3.10/site-packages:${PYTHONPATH} /usr/bin/python3 -W ignore:setup.py install is deprecated setup.py egg_info --egg-base ../../build/self_driving build --build-base /home/an/ros2_ws/build/self_driving/build install --record /home/an/ros2_ws/build/self_driving/install.log --single-version-externally-managed install_data
