[3.379s] Invoking command in '/home/an/ros2_ws/src/self_driving': PYTHONPATH=/home/an/ros2_ws/build/self_driving/prefix_override:/home/an/ros2_ws/install/self_driving/lib/python3.10/site-packages:${PYTHONPATH} /usr/bin/python3 -W ignore:setup.py install is deprecated setup.py egg_info --egg-base ../../build/self_driving build --build-base /home/an/ros2_ws/build/self_driving/build install --record /home/an/ros2_ws/build/self_driving/install.log --single-version-externally-managed install_data
[4.452s] running egg_info
[4.456s] writing ../../build/self_driving/self_driving.egg-info/PKG-INFO
[4.460s] writing dependency_links to ../../build/self_driving/self_driving.egg-info/dependency_links.txt
[4.461s] writing entry points to ../../build/self_driving/self_driving.egg-info/entry_points.txt
[4.462s] writing requirements to ../../build/self_driving/self_driving.egg-info/requires.txt
[4.462s] writing top-level names to ../../build/self_driving/self_driving.egg-info/top_level.txt
[4.474s] reading manifest file '../../build/self_driving/self_driving.egg-info/SOURCES.txt'
[4.479s] adding license file 'LICENSE'
[4.483s] writing manifest file '../../build/self_driving/self_driving.egg-info/SOURCES.txt'
[4.485s] running build
[4.487s] running build_py
[4.489s] copying self_driving/computer_vision_node.py -> /home/an/ros2_ws/build/self_driving/build/lib/self_driving
[4.492s] copying self_driving/config/config.py -> /home/an/ros2_ws/build/self_driving/build/lib/self_driving/config
[4.497s] copying self_driving/Detection/Lanes/lane_detection.py -> /home/an/ros2_ws/build/self_driving/build/lib/self_driving/Detection/Lanes
[4.498s] copying self_driving/Detection/Lanes/a_colour_segmentation.py -> /home/an/ros2_ws/build/self_driving/build/lib/self_driving/Detection/Lanes
[4.499s] copying self_driving/Detection/Lanes/b_midlane_estimation.py -> /home/an/ros2_ws/build/self_driving/build/lib/self_driving/Detection/Lanes
[4.502s] running install
[4.504s] running install_lib
[4.507s] copying /home/an/ros2_ws/build/self_driving/build/lib/self_driving/computer_vision_node.py -> /home/an/ros2_ws/install/self_driving/lib/python3.10/site-packages/self_driving
[4.511s] copying /home/an/ros2_ws/build/self_driving/build/lib/self_driving/Detection/Lanes/lane_detection.py -> /home/an/ros2_ws/install/self_driving/lib/python3.10/site-packages/self_driving/Detection/Lanes
[4.513s] copying /home/an/ros2_ws/build/self_driving/build/lib/self_driving/Detection/Lanes/a_colour_segmentation.py -> /home/an/ros2_ws/install/self_driving/lib/python3.10/site-packages/self_driving/Detection/Lanes
[4.514s] copying /home/an/ros2_ws/build/self_driving/build/lib/self_driving/Detection/Lanes/b_midlane_estimation.py -> /home/an/ros2_ws/install/self_driving/lib/python3.10/site-packages/self_driving/Detection/Lanes
[4.516s] copying /home/an/ros2_ws/build/self_driving/build/lib/self_driving/config/config.py -> /home/an/ros2_ws/install/self_driving/lib/python3.10/site-packages/self_driving/config
[4.519s] byte-compiling /home/an/ros2_ws/install/self_driving/lib/python3.10/site-packages/self_driving/computer_vision_node.py to computer_vision_node.cpython-310.pyc
[4.525s] byte-compiling /home/an/ros2_ws/install/self_driving/lib/python3.10/site-packages/self_driving/Detection/Lanes/lane_detection.py to lane_detection.cpython-310.pyc
[4.528s] byte-compiling /home/an/ros2_ws/install/self_driving/lib/python3.10/site-packages/self_driving/Detection/Lanes/a_colour_segmentation.py to a_colour_segmentation.cpython-310.pyc
[4.533s] byte-compiling /home/an/ros2_ws/install/self_driving/lib/python3.10/site-packages/self_driving/Detection/Lanes/b_midlane_estimation.py to b_midlane_estimation.cpython-310.pyc
[4.538s] byte-compiling /home/an/ros2_ws/install/self_driving/lib/python3.10/site-packages/self_driving/config/config.py to config.cpython-310.pyc
[4.540s] running install_data
[4.541s] running install_egg_info
[4.548s] removing '/home/an/ros2_ws/install/self_driving/lib/python3.10/site-packages/self_driving-0.0.0-py3.10.egg-info' (and everything under it)
[4.550s] Copying ../../build/self_driving/self_driving.egg-info to /home/an/ros2_ws/install/self_driving/lib/python3.10/site-packages/self_driving-0.0.0-py3.10.egg-info
[4.562s] running install_scripts
[4.650s] Installing cam_node script to /home/an/ros2_ws/install/self_driving/lib/self_driving
[4.653s] Installing computer_vision_node script to /home/an/ros2_ws/install/self_driving/lib/self_driving
[4.654s] Installing driving_node script to /home/an/ros2_ws/install/self_driving/lib/self_driving
[4.655s] Installing recorder_node script to /home/an/ros2_ws/install/self_driving/lib/self_driving
[4.656s] Installing vel_wheel_node script to /home/an/ros2_ws/install/self_driving/lib/self_driving
[4.659s] writing list of installed files to '/home/an/ros2_ws/build/self_driving/install.log'
[4.789s] Invoked command in '/home/an/ros2_ws/src/self_driving' returned '0': PYTHONPATH=/home/an/ros2_ws/build/self_driving/prefix_override:/home/an/ros2_ws/install/self_driving/lib/python3.10/site-packages:${PYTHONPATH} /usr/bin/python3 -W ignore:setup.py install is deprecated setup.py egg_info --egg-base ../../build/self_driving build --build-base /home/an/ros2_ws/build/self_driving/build install --record /home/an/ros2_ws/build/self_driving/install.log --single-version-externally-managed install_data
