[2.728s] Invoking command in '/home/an/ros2_ws/src/self_driving': PYTHONPATH=/home/an/ros2_ws/build/self_driving/prefix_override:/home/an/ros2_ws/install/self_driving/lib/python3.10/site-packages:${PYTHONPATH} /usr/bin/python3 -W ignore:setup.py install is deprecated setup.py egg_info --egg-base ../../build/self_driving build --build-base /home/an/ros2_ws/build/self_driving/build install --record /home/an/ros2_ws/build/self_driving/install.log --single-version-externally-managed install_data
[3.721s] running egg_info
[3.723s] writing ../../build/self_driving/self_driving.egg-info/PKG-INFO
[3.724s] writing dependency_links to ../../build/self_driving/self_driving.egg-info/dependency_links.txt
[3.725s] writing entry points to ../../build/self_driving/self_driving.egg-info/entry_points.txt
[3.726s] writing requirements to ../../build/self_driving/self_driving.egg-info/requires.txt
[3.727s] writing top-level names to ../../build/self_driving/self_driving.egg-info/top_level.txt
[3.736s] reading manifest file '../../build/self_driving/self_driving.egg-info/SOURCES.txt'
[3.738s] adding license file 'LICENSE'
[3.742s] writing manifest file '../../build/self_driving/self_driving.egg-info/SOURCES.txt'
[3.743s] running build
[3.744s] running build_py
[3.746s] copying self_driving/driving_node.py -> /home/an/ros2_ws/build/self_driving/build/lib/self_driving
[3.753s] running install
[3.754s] running install_lib
[3.758s] copying /home/an/ros2_ws/build/self_driving/build/lib/self_driving/driving_node.py -> /home/an/ros2_ws/install/self_driving/lib/python3.10/site-packages/self_driving
[3.766s] byte-compiling /home/an/ros2_ws/install/self_driving/lib/python3.10/site-packages/self_driving/driving_node.py to driving_node.cpython-310.pyc
[3.771s] running install_data
[3.772s] running install_egg_info
[3.781s] removing '/home/an/ros2_ws/install/self_driving/lib/python3.10/site-packages/self_driving-0.0.0-py3.10.egg-info' (and everything under it)
[3.783s] Copying ../../build/self_driving/self_driving.egg-info to /home/an/ros2_ws/install/self_driving/lib/python3.10/site-packages/self_driving-0.0.0-py3.10.egg-info
[3.788s] running install_scripts
[3.872s] Installing cam_node script to /home/an/ros2_ws/install/self_driving/lib/self_driving
[3.873s] Installing computer_vision_node script to /home/an/ros2_ws/install/self_driving/lib/self_driving
[3.874s] Installing driving_node script to /home/an/ros2_ws/install/self_driving/lib/self_driving
[3.877s] Installing recorder_node script to /home/an/ros2_ws/install/self_driving/lib/self_driving
[3.879s] Installing vel_wheel_node script to /home/an/ros2_ws/install/self_driving/lib/self_driving
[3.883s] writing list of installed files to '/home/an/ros2_ws/build/self_driving/install.log'
[4.012s] Invoked command in '/home/an/ros2_ws/src/self_driving' returned '0': PYTHONPATH=/home/an/ros2_ws/build/self_driving/prefix_override:/home/an/ros2_ws/install/self_driving/lib/python3.10/site-packages:${PYTHONPATH} /usr/bin/python3 -W ignore:setup.py install is deprecated setup.py egg_info --egg-base ../../build/self_driving build --build-base /home/an/ros2_ws/build/self_driving/build install --record /home/an/ros2_ws/build/self_driving/install.log --single-version-externally-managed install_data
