[2.746s] Invoking command in '/home/an/ros2_ws/src/self_driving': PYTHONPATH=/home/an/ros2_ws/build/self_driving/prefix_override:/home/an/ros2_ws/install/self_driving/lib/python3.10/site-packages:${PYTHONPATH} /usr/bin/python3 -W ignore:setup.py install is deprecated setup.py egg_info --egg-base ../../build/self_driving build --build-base /home/an/ros2_ws/build/self_driving/build install --record /home/an/ros2_ws/build/self_driving/install.log --single-version-externally-managed install_data
[3.648s] running egg_info
[3.650s] creating ../../build/self_driving/self_driving.egg-info
[3.651s] writing ../../build/self_driving/self_driving.egg-info/PKG-INFO
[3.652s] writing dependency_links to ../../build/self_driving/self_driving.egg-info/dependency_links.txt
[3.653s] writing entry points to ../../build/self_driving/self_driving.egg-info/entry_points.txt
[3.653s] writing requirements to ../../build/self_driving/self_driving.egg-info/requires.txt
[3.654s] writing top-level names to ../../build/self_driving/self_driving.egg-info/top_level.txt
[3.655s] writing manifest file '../../build/self_driving/self_driving.egg-info/SOURCES.txt'
[3.663s] reading manifest file '../../build/self_driving/self_driving.egg-info/SOURCES.txt'
[3.664s] adding license file 'LICENSE'
[3.667s] writing manifest file '../../build/self_driving/self_driving.egg-info/SOURCES.txt'
[3.706s] running build
[3.706s] running build_py
[3.706s] creating /home/an/ros2_ws/build/self_driving/build
[3.707s] creating /home/an/ros2_ws/build/self_driving/build/lib
[3.707s] creating /home/an/ros2_ws/build/self_driving/build/lib/self_driving
[3.707s] copying self_driving/wheel_left_right.py -> /home/an/ros2_ws/build/self_driving/build/lib/self_driving
[3.708s] copying self_driving/__init__.py -> /home/an/ros2_ws/build/self_driving/build/lib/self_driving
[3.708s] copying self_driving/computer_vision_node.py -> /home/an/ros2_ws/build/self_driving/build/lib/self_driving
[3.708s] copying self_driving/drive_BOT.py -> /home/an/ros2_ws/build/self_driving/build/lib/self_driving
[3.709s] copying self_driving/driving_node.py -> /home/an/ros2_ws/build/self_driving/build/lib/self_driving
[3.709s] copying self_driving/ros2_camera.py -> /home/an/ros2_ws/build/self_driving/build/lib/self_driving
[3.709s] copying self_driving/video_recorder.py -> /home/an/ros2_ws/build/self_driving/build/lib/self_driving
[3.710s] creating /home/an/ros2_ws/build/self_driving/build/lib/self_driving/config
[3.710s] copying self_driving/config/__init__.py -> /home/an/ros2_ws/build/self_driving/build/lib/self_driving/config
[3.711s] copying self_driving/config/config.py -> /home/an/ros2_ws/build/self_driving/build/lib/self_driving/config
[3.711s] creating /home/an/ros2_ws/build/self_driving/build/lib/self_driving/Detection
[3.711s] copying self_driving/Detection/__init__.py -> /home/an/ros2_ws/build/self_driving/build/lib/self_driving/Detection
[3.712s] creating /home/an/ros2_ws/build/self_driving/build/lib/self_driving/Detection/Lanes
[3.712s] copying self_driving/Detection/Lanes/__init__.py -> /home/an/ros2_ws/build/self_driving/build/lib/self_driving/Detection/Lanes
[3.713s] copying self_driving/Detection/Lanes/utilities.py -> /home/an/ros2_ws/build/self_driving/build/lib/self_driving/Detection/Lanes
[3.713s] copying self_driving/Detection/Lanes/c_cleaning.py -> /home/an/ros2_ws/build/self_driving/build/lib/self_driving/Detection/Lanes
[3.713s] copying self_driving/Detection/Lanes/lane_detection.py -> /home/an/ros2_ws/build/self_driving/build/lib/self_driving/Detection/Lanes
[3.714s] copying self_driving/Detection/Lanes/d_data_extraction.py -> /home/an/ros2_ws/build/self_driving/build/lib/self_driving/Detection/Lanes
[3.714s] copying self_driving/Detection/Lanes/Morph_op.py -> /home/an/ros2_ws/build/self_driving/build/lib/self_driving/Detection/Lanes
[3.714s] copying self_driving/Detection/Lanes/a_colour_segmentation.py -> /home/an/ros2_ws/build/self_driving/build/lib/self_driving/Detection/Lanes
[3.715s] copying self_driving/Detection/Lanes/b_midlane_estimation.py -> /home/an/ros2_ws/build/self_driving/build/lib/self_driving/Detection/Lanes
[3.715s] running install
[3.715s] running install_lib
[3.716s] creating /home/an/ros2_ws/install/self_driving/lib/python3.10/site-packages/self_driving
[3.716s] copying /home/an/ros2_ws/build/self_driving/build/lib/self_driving/wheel_left_right.py -> /home/an/ros2_ws/install/self_driving/lib/python3.10/site-packages/self_driving
[3.717s] copying /home/an/ros2_ws/build/self_driving/build/lib/self_driving/__init__.py -> /home/an/ros2_ws/install/self_driving/lib/python3.10/site-packages/self_driving
[3.717s] copying /home/an/ros2_ws/build/self_driving/build/lib/self_driving/computer_vision_node.py -> /home/an/ros2_ws/install/self_driving/lib/python3.10/site-packages/self_driving
[3.717s] copying /home/an/ros2_ws/build/self_driving/build/lib/self_driving/drive_BOT.py -> /home/an/ros2_ws/install/self_driving/lib/python3.10/site-packages/self_driving
[3.718s] copying /home/an/ros2_ws/build/self_driving/build/lib/self_driving/driving_node.py -> /home/an/ros2_ws/install/self_driving/lib/python3.10/site-packages/self_driving
[3.718s] creating /home/an/ros2_ws/install/self_driving/lib/python3.10/site-packages/self_driving/Detection
[3.719s] copying /home/an/ros2_ws/build/self_driving/build/lib/self_driving/Detection/__init__.py -> /home/an/ros2_ws/install/self_driving/lib/python3.10/site-packages/self_driving/Detection
[3.719s] creating /home/an/ros2_ws/install/self_driving/lib/python3.10/site-packages/self_driving/Detection/Lanes
[3.719s] copying /home/an/ros2_ws/build/self_driving/build/lib/self_driving/Detection/Lanes/__init__.py -> /home/an/ros2_ws/install/self_driving/lib/python3.10/site-packages/self_driving/Detection/Lanes
[3.720s] copying /home/an/ros2_ws/build/self_driving/build/lib/self_driving/Detection/Lanes/utilities.py -> /home/an/ros2_ws/install/self_driving/lib/python3.10/site-packages/self_driving/Detection/Lanes
[3.720s] copying /home/an/ros2_ws/build/self_driving/build/lib/self_driving/Detection/Lanes/c_cleaning.py -> /home/an/ros2_ws/install/self_driving/lib/python3.10/site-packages/self_driving/Detection/Lanes
[3.721s] copying /home/an/ros2_ws/build/self_driving/build/lib/self_driving/Detection/Lanes/lane_detection.py -> /home/an/ros2_ws/install/self_driving/lib/python3.10/site-packages/self_driving/Detection/Lanes
[3.721s] copying /home/an/ros2_ws/build/self_driving/build/lib/self_driving/Detection/Lanes/d_data_extraction.py -> /home/an/ros2_ws/install/self_driving/lib/python3.10/site-packages/self_driving/Detection/Lanes
[3.722s] copying /home/an/ros2_ws/build/self_driving/build/lib/self_driving/Detection/Lanes/Morph_op.py -> /home/an/ros2_ws/install/self_driving/lib/python3.10/site-packages/self_driving/Detection/Lanes
[3.722s] copying /home/an/ros2_ws/build/self_driving/build/lib/self_driving/Detection/Lanes/a_colour_segmentation.py -> /home/an/ros2_ws/install/self_driving/lib/python3.10/site-packages/self_driving/Detection/Lanes
[3.722s] copying /home/an/ros2_ws/build/self_driving/build/lib/self_driving/Detection/Lanes/b_midlane_estimation.py -> /home/an/ros2_ws/install/self_driving/lib/python3.10/site-packages/self_driving/Detection/Lanes
[3.723s] copying /home/an/ros2_ws/build/self_driving/build/lib/self_driving/ros2_camera.py -> /home/an/ros2_ws/install/self_driving/lib/python3.10/site-packages/self_driving
[3.724s] copying /home/an/ros2_ws/build/self_driving/build/lib/self_driving/video_recorder.py -> /home/an/ros2_ws/install/self_driving/lib/python3.10/site-packages/self_driving
[3.725s] creating /home/an/ros2_ws/install/self_driving/lib/python3.10/site-packages/self_driving/config
[3.725s] copying /home/an/ros2_ws/build/self_driving/build/lib/self_driving/config/__init__.py -> /home/an/ros2_ws/install/self_driving/lib/python3.10/site-packages/self_driving/config
[3.726s] copying /home/an/ros2_ws/build/self_driving/build/lib/self_driving/config/config.py -> /home/an/ros2_ws/install/self_driving/lib/python3.10/site-packages/self_driving/config
[3.728s] byte-compiling /home/an/ros2_ws/install/self_driving/lib/python3.10/site-packages/self_driving/wheel_left_right.py to wheel_left_right.cpython-310.pyc
[3.732s] byte-compiling /home/an/ros2_ws/install/self_driving/lib/python3.10/site-packages/self_driving/__init__.py to __init__.cpython-310.pyc
[3.733s] byte-compiling /home/an/ros2_ws/install/self_driving/lib/python3.10/site-packages/self_driving/computer_vision_node.py to computer_vision_node.cpython-310.pyc
[3.735s] byte-compiling /home/an/ros2_ws/install/self_driving/lib/python3.10/site-packages/self_driving/drive_BOT.py to drive_BOT.cpython-310.pyc
[3.742s] byte-compiling /home/an/ros2_ws/install/self_driving/lib/python3.10/site-packages/self_driving/driving_node.py to driving_node.cpython-310.pyc
[3.743s] byte-compiling /home/an/ros2_ws/install/self_driving/lib/python3.10/site-packages/self_driving/Detection/__init__.py to __init__.cpython-310.pyc
[3.745s] byte-compiling /home/an/ros2_ws/install/self_driving/lib/python3.10/site-packages/self_driving/Detection/Lanes/__init__.py to __init__.cpython-310.pyc
[3.746s] byte-compiling /home/an/ros2_ws/install/self_driving/lib/python3.10/site-packages/self_driving/Detection/Lanes/utilities.py to utilities.cpython-310.pyc
[3.749s] byte-compiling /home/an/ros2_ws/install/self_driving/lib/python3.10/site-packages/self_driving/Detection/Lanes/c_cleaning.py to c_cleaning.cpython-310.pyc
[3.753s] byte-compiling /home/an/ros2_ws/install/self_driving/lib/python3.10/site-packages/self_driving/Detection/Lanes/lane_detection.py to lane_detection.cpython-310.pyc
[3.755s] byte-compiling /home/an/ros2_ws/install/self_driving/lib/python3.10/site-packages/self_driving/Detection/Lanes/d_data_extraction.py to d_data_extraction.cpython-310.pyc
[3.758s] byte-compiling /home/an/ros2_ws/install/self_driving/lib/python3.10/site-packages/self_driving/Detection/Lanes/Morph_op.py to Morph_op.cpython-310.pyc
[3.764s] byte-compiling /home/an/ros2_ws/install/self_driving/lib/python3.10/site-packages/self_driving/Detection/Lanes/a_colour_segmentation.py to a_colour_segmentation.cpython-310.pyc
[3.768s] byte-compiling /home/an/ros2_ws/install/self_driving/lib/python3.10/site-packages/self_driving/Detection/Lanes/b_midlane_estimation.py to b_midlane_estimation.cpython-310.pyc
[3.772s] byte-compiling /home/an/ros2_ws/install/self_driving/lib/python3.10/site-packages/self_driving/ros2_camera.py to ros2_camera.cpython-310.pyc
[3.774s] byte-compiling /home/an/ros2_ws/install/self_driving/lib/python3.10/site-packages/self_driving/video_recorder.py to video_recorder.cpython-310.pyc
[3.777s] byte-compiling /home/an/ros2_ws/install/self_driving/lib/python3.10/site-packages/self_driving/config/__init__.py to __init__.cpython-310.pyc
[3.778s] byte-compiling /home/an/ros2_ws/install/self_driving/lib/python3.10/site-packages/self_driving/config/config.py to config.cpython-310.pyc
[3.780s] running install_data
[3.780s] creating /home/an/ros2_ws/install/self_driving/share/ament_index
[3.781s] creating /home/an/ros2_ws/install/self_driving/share/ament_index/resource_index
[3.781s] creating /home/an/ros2_ws/install/self_driving/share/ament_index/resource_index/packages
[3.781s] copying resource/self_driving -> /home/an/ros2_ws/install/self_driving/share/ament_index/resource_index/packages
[3.782s] copying package.xml -> /home/an/ros2_ws/install/self_driving/share/self_driving
[3.782s] creating /home/an/ros2_ws/install/self_driving/share/self_driving/launch
[3.783s] running install_egg_info
[3.789s] Copying ../../build/self_driving/self_driving.egg-info to /home/an/ros2_ws/install/self_driving/lib/python3.10/site-packages/self_driving-0.0.0-py3.10.egg-info
[3.794s] running install_scripts
[3.869s] Installing cam_node script to /home/an/ros2_ws/install/self_driving/lib/self_driving
[3.869s] Installing computer_vision_node script to /home/an/ros2_ws/install/self_driving/lib/self_driving
[3.870s] Installing driving_node script to /home/an/ros2_ws/install/self_driving/lib/self_driving
[3.870s] Installing recorder_node script to /home/an/ros2_ws/install/self_driving/lib/self_driving
[3.871s] Installing vel_wheel_node script to /home/an/ros2_ws/install/self_driving/lib/self_driving
[3.875s] writing list of installed files to '/home/an/ros2_ws/build/self_driving/install.log'
[3.986s] Invoked command in '/home/an/ros2_ws/src/self_driving' returned '0': PYTHONPATH=/home/an/ros2_ws/build/self_driving/prefix_override:/home/an/ros2_ws/install/self_driving/lib/python3.10/site-packages:${PYTHONPATH} /usr/bin/python3 -W ignore:setup.py install is deprecated setup.py egg_info --egg-base ../../build/self_driving build --build-base /home/an/ros2_ws/build/self_driving/build install --record /home/an/ros2_ws/build/self_driving/install.log --single-version-externally-managed install_data
