[5.257s] Invoking command in '/home/an/ros2_ws/src/self_driving': PYTHONPATH=/home/an/ros2_ws/build/self_driving/prefix_override:/home/an/ros2_ws/install/self_driving/lib/python3.10/site-packages:${PYTHONPATH} /usr/bin/python3 -W ignore:setup.py install is deprecated setup.py egg_info --egg-base ../../build/self_driving build --build-base /home/an/ros2_ws/build/self_driving/build install --record /home/an/ros2_ws/build/self_driving/install.log --single-version-externally-managed install_data
[7.188s] running egg_info
[7.191s] writing ../../build/self_driving/self_driving.egg-info/PKG-INFO
[7.192s] writing dependency_links to ../../build/self_driving/self_driving.egg-info/dependency_links.txt
[7.199s] writing entry points to ../../build/self_driving/self_driving.egg-info/entry_points.txt
[7.201s] writing requirements to ../../build/self_driving/self_driving.egg-info/requires.txt
[7.203s] writing top-level names to ../../build/self_driving/self_driving.egg-info/top_level.txt
[7.221s] reading manifest file '../../build/self_driving/self_driving.egg-info/SOURCES.txt'
[7.224s] adding license file 'LICENSE'
[7.228s] writing manifest file '../../build/self_driving/self_driving.egg-info/SOURCES.txt'
[7.229s] running build
[7.229s] running build_py
[7.231s] copying self_driving/computer_vision_node.py -> /home/an/ros2_ws/build/self_driving/build/lib/self_driving
[7.245s] running install
[7.247s] running install_lib
[7.252s] copying /home/an/ros2_ws/build/self_driving/build/lib/self_driving/computer_vision_node.py -> /home/an/ros2_ws/install/self_driving/lib/python3.10/site-packages/self_driving
[7.263s] byte-compiling /home/an/ros2_ws/install/self_driving/lib/python3.10/site-packages/self_driving/computer_vision_node.py to computer_vision_node.cpython-310.pyc
[7.276s] running install_data
[7.278s] running install_egg_info
[7.287s] removing '/home/an/ros2_ws/install/self_driving/lib/python3.10/site-packages/self_driving-0.0.0-py3.10.egg-info' (and everything under it)
[7.293s] Copying ../../build/self_driving/self_driving.egg-info to /home/an/ros2_ws/install/self_driving/lib/python3.10/site-packages/self_driving-0.0.0-py3.10.egg-info
[7.322s] running install_scripts
[7.455s] Installing cam_node script to /home/an/ros2_ws/install/self_driving/lib/self_driving
[7.458s] Installing computer_vision_node script to /home/an/ros2_ws/install/self_driving/lib/self_driving
[7.462s] Installing driving_node script to /home/an/ros2_ws/install/self_driving/lib/self_driving
[7.464s] Installing recorder_node script to /home/an/ros2_ws/install/self_driving/lib/self_driving
[7.468s] Installing start_node script to /home/an/ros2_ws/install/self_driving/lib/self_driving
[7.470s] Installing traffic_signal_node script to /home/an/ros2_ws/install/self_driving/lib/self_driving
[7.471s] Installing vel_wheel_node script to /home/an/ros2_ws/install/self_driving/lib/self_driving
[7.476s] writing list of installed files to '/home/an/ros2_ws/build/self_driving/install.log'
[7.674s] Invoked command in '/home/an/ros2_ws/src/self_driving' returned '0': PYTHONPATH=/home/an/ros2_ws/build/self_driving/prefix_override:/home/an/ros2_ws/install/self_driving/lib/python3.10/site-packages:${PYTHONPATH} /usr/bin/python3 -W ignore:setup.py install is deprecated setup.py egg_info --egg-base ../../build/self_driving build --build-base /home/an/ros2_ws/build/self_driving/build install --record /home/an/ros2_ws/build/self_driving/install.log --single-version-externally-managed install_data
