[3.640s] Invoking command in '/home/an/ros2_ws/src/self_driving': PYTHONPATH=/home/an/ros2_ws/build/self_driving/prefix_override:/home/an/ros2_ws/install/self_driving/lib/python3.10/site-packages:${PYTHONPATH} /usr/bin/python3 -W ignore:setup.py install is deprecated setup.py egg_info --egg-base ../../build/self_driving build --build-base /home/an/ros2_ws/build/self_driving/build install --record /home/an/ros2_ws/build/self_driving/install.log --single-version-externally-managed install_data
[4.941s] running egg_info
[4.944s] writing ../../build/self_driving/self_driving.egg-info/PKG-INFO
[4.945s] writing dependency_links to ../../build/self_driving/self_driving.egg-info/dependency_links.txt
[4.947s] writing entry points to ../../build/self_driving/self_driving.egg-info/entry_points.txt
[4.947s] writing requirements to ../../build/self_driving/self_driving.egg-info/requires.txt
[4.948s] writing top-level names to ../../build/self_driving/self_driving.egg-info/top_level.txt
[4.960s] reading manifest file '../../build/self_driving/self_driving.egg-info/SOURCES.txt'
[4.984s] adding license file 'LICENSE'
[4.988s] writing manifest file '../../build/self_driving/self_driving.egg-info/SOURCES.txt'
[4.989s] running build
[4.989s] running build_py
[4.990s] copying self_driving/computer_vision_node.py -> /home/an/ros2_ws/build/self_driving/build/lib/self_driving
[4.999s] running install
[5.001s] running install_lib
[5.011s] copying /home/an/ros2_ws/build/self_driving/build/lib/self_driving/computer_vision_node.py -> /home/an/ros2_ws/install/self_driving/lib/python3.10/site-packages/self_driving
[5.018s] byte-compiling /home/an/ros2_ws/install/self_driving/lib/python3.10/site-packages/self_driving/computer_vision_node.py to computer_vision_node.cpython-310.pyc
[5.025s] running install_data
[5.026s] running install_egg_info
[5.048s] removing '/home/an/ros2_ws/install/self_driving/lib/python3.10/site-packages/self_driving-0.0.0-py3.10.egg-info' (and everything under it)
[5.050s] Copying ../../build/self_driving/self_driving.egg-info to /home/an/ros2_ws/install/self_driving/lib/python3.10/site-packages/self_driving-0.0.0-py3.10.egg-info
[5.051s] running install_scripts
[5.149s] Installing cam_node script to /home/an/ros2_ws/install/self_driving/lib/self_driving
[5.151s] Installing computer_vision_node script to /home/an/ros2_ws/install/self_driving/lib/self_driving
[5.152s] Installing driving_node script to /home/an/ros2_ws/install/self_driving/lib/self_driving
[5.152s] Installing recorder_node script to /home/an/ros2_ws/install/self_driving/lib/self_driving
[5.153s] Installing vel_wheel_node script to /home/an/ros2_ws/install/self_driving/lib/self_driving
[5.159s] writing list of installed files to '/home/an/ros2_ws/build/self_driving/install.log'
[5.289s] Invoked command in '/home/an/ros2_ws/src/self_driving' returned '0': PYTHONPATH=/home/an/ros2_ws/build/self_driving/prefix_override:/home/an/ros2_ws/install/self_driving/lib/python3.10/site-packages:${PYTHONPATH} /usr/bin/python3 -W ignore:setup.py install is deprecated setup.py egg_info --egg-base ../../build/self_driving build --build-base /home/an/ros2_ws/build/self_driving/build install --record /home/an/ros2_ws/build/self_driving/install.log --single-version-externally-managed install_data
