[5.166s] Invoking command in '/home/an/ros2_ws/src/self_driving': PYTHONPATH=/home/an/ros2_ws/build/self_driving/prefix_override:/home/an/ros2_ws/install/self_driving/lib/python3.10/site-packages:${PYTHONPATH} /usr/bin/python3 -W ignore:setup.py install is deprecated setup.py egg_info --egg-base ../../build/self_driving build --build-base /home/an/ros2_ws/build/self_driving/build install --record /home/an/ros2_ws/build/self_driving/install.log --single-version-externally-managed install_data
[7.171s] running egg_info
[7.177s] writing ../../build/self_driving/self_driving.egg-info/PKG-INFO
[7.178s] writing dependency_links to ../../build/self_driving/self_driving.egg-info/dependency_links.txt
[7.180s] writing entry points to ../../build/self_driving/self_driving.egg-info/entry_points.txt
[7.181s] writing requirements to ../../build/self_driving/self_driving.egg-info/requires.txt
[7.182s] writing top-level names to ../../build/self_driving/self_driving.egg-info/top_level.txt
[7.217s] reading manifest file '../../build/self_driving/self_driving.egg-info/SOURCES.txt'
[7.222s] adding license file 'LICENSE'
[7.229s] writing manifest file '../../build/self_driving/self_driving.egg-info/SOURCES.txt'
[7.231s] running build
[7.231s] running build_py
[7.234s] copying self_driving/traffic_signal.py -> /home/an/ros2_ws/build/self_driving/build/lib/self_driving
[7.253s] running install
[7.256s] running install_lib
[7.261s] copying /home/an/ros2_ws/build/self_driving/build/lib/self_driving/traffic_signal.py -> /home/an/ros2_ws/install/self_driving/lib/python3.10/site-packages/self_driving
[7.277s] byte-compiling /home/an/ros2_ws/install/self_driving/lib/python3.10/site-packages/self_driving/traffic_signal.py to traffic_signal.cpython-310.pyc
[7.290s] running install_data
[7.291s] running install_egg_info
[7.308s] removing '/home/an/ros2_ws/install/self_driving/lib/python3.10/site-packages/self_driving-0.0.0-py3.10.egg-info' (and everything under it)
[7.321s] Copying ../../build/self_driving/self_driving.egg-info to /home/an/ros2_ws/install/self_driving/lib/python3.10/site-packages/self_driving-0.0.0-py3.10.egg-info
[7.331s] running install_scripts
[7.478s] Installing cam_node script to /home/an/ros2_ws/install/self_driving/lib/self_driving
[7.482s] Installing computer_vision_node script to /home/an/ros2_ws/install/self_driving/lib/self_driving
[7.483s] Installing driving_node script to /home/an/ros2_ws/install/self_driving/lib/self_driving
[7.488s] Installing recorder_node script to /home/an/ros2_ws/install/self_driving/lib/self_driving
[7.490s] Installing start_node script to /home/an/ros2_ws/install/self_driving/lib/self_driving
[7.491s] Installing traffic_signal_node script to /home/an/ros2_ws/install/self_driving/lib/self_driving
[7.491s] Installing vel_wheel_node script to /home/an/ros2_ws/install/self_driving/lib/self_driving
[7.494s] writing list of installed files to '/home/an/ros2_ws/build/self_driving/install.log'
[7.710s] Invoked command in '/home/an/ros2_ws/src/self_driving' returned '0': PYTHONPATH=/home/an/ros2_ws/build/self_driving/prefix_override:/home/an/ros2_ws/install/self_driving/lib/python3.10/site-packages:${PYTHONPATH} /usr/bin/python3 -W ignore:setup.py install is deprecated setup.py egg_info --egg-base ../../build/self_driving build --build-base /home/an/ros2_ws/build/self_driving/build install --record /home/an/ros2_ws/build/self_driving/install.log --single-version-externally-managed install_data
