[0.092s] Invoking command in '/home/an/ros2_ws/build/diffdrive_esp32': CMAKE_PREFIX_PATH=/home/an/ros2_ws/install/self_driving:/opt/ros/humble /usr/bin/cmake /home/an/ros2_ws/src/diffdrive_esp32 -DCMAKE_INSTALL_PREFIX=/home/an/ros2_ws/install/diffdrive_esp32
[1.211s] -- The CXX compiler identification is GNU 11.4.0
[1.309s] -- Detecting CXX compiler ABI info
[1.744s] -- Detecting CXX compiler ABI info - done
[1.772s] -- Check for working CXX compiler: /usr/bin/c++ - skipped
[1.778s] -- Detecting CXX compile features
[1.785s] -- Detecting CXX compile features - done
[1.832s] -- Found ament_cmake: 1.3.8 (/opt/ros/humble/share/ament_cmake/cmake)
[2.854s] -- Found Python3: /usr/bin/python3 (found version "3.10.12") found components: Interpreter 
[3.746s] [31mCMake Error at CMakeLists.txt:19 (find_package):
[3.747s]   By not providing "Findhardware_interface.cmake" in CMAKE_MODULE_PATH this
[3.748s]   project has asked CMake to find a package configuration file provided by
[3.748s]   "hardware_interface", but CMake did not find one.
[3.749s] 
[3.749s]   Could not find a package configuration file provided by
[3.750s]   "hardware_interface" with any of the following names:
[3.751s] 
[3.752s]     hardware_interfaceConfig.cmake
[3.753s]     hardware_interface-config.cmake
[3.755s] 
[3.756s] -- Configuring incomplete, errors occurred!
[3.757s] See also "/home/an/ros2_ws/build/diffdrive_esp32/CMakeFiles/CMakeOutput.log".
[3.758s]   Add the installation prefix of "hardware_interface" to CMAKE_PREFIX_PATH or
[3.759s]   set "hardware_interface_DIR" to a directory containing one of the above
[3.759s]   files.  If "hardware_interface" provides a separate development package or
[3.767s]   SDK, be sure it has been installed.
[3.768s] 
[3.770s] [0m
[3.771s] Invoked command in '/home/an/ros2_ws/build/diffdrive_esp32' returned '1': CMAKE_PREFIX_PATH=/home/an/ros2_ws/install/self_driving:/opt/ros/humble /usr/bin/cmake /home/an/ros2_ws/src/diffdrive_esp32 -DCMAKE_INSTALL_PREFIX=/home/an/ros2_ws/install/diffdrive_esp32
