[0.112s] Invoking command in '/home/an/ros2_ws/build/diffdrive_esp32': CMAKE_PREFIX_PATH=${CMAKE_PREFIX_PATH}:/home/an/ros2_ws/install/vel_driver:/home/an/ros2_ws/install/self_driving:/opt/ros/humble /usr/bin/cmake --build /home/an/ros2_ws/build/diffdrive_esp32 -- -j4 -l4
[1.211s] [100%] Built target diffdrive_esp32
[1.229s] Invoked command in '/home/an/ros2_ws/build/diffdrive_esp32' returned '0': CMAKE_PREFIX_PATH=${CMAKE_PREFIX_PATH}:/home/an/ros2_ws/install/vel_driver:/home/an/ros2_ws/install/self_driving:/opt/ros/humble /usr/bin/cmake --build /home/an/ros2_ws/build/diffdrive_esp32 -- -j4 -l4
[1.424s] Invoking command in '/home/an/ros2_ws/build/diffdrive_esp32': CMAKE_PREFIX_PATH=${CMAKE_PREFIX_PATH}:/home/an/ros2_ws/install/vel_driver:/home/an/ros2_ws/install/self_driving:/opt/ros/humble /usr/bin/cmake --install /home/an/ros2_ws/build/diffdrive_esp32
[1.485s] -- Install configuration: ""
[1.486s] -- Up-to-date: /home/an/ros2_ws/install/diffdrive_esp32/share/diffdrive_esp32/diffdrive_esp32.xml
[1.486s] -- Up-to-date: /home/an/ros2_ws/install/diffdrive_esp32/include/diffdrive_esp32
[1.488s] -- Up-to-date: /home/an/ros2_ws/install/diffdrive_esp32/include/diffdrive_esp32/diffdrive_esp32
[1.488s] -- Up-to-date: /home/an/ros2_ws/install/diffdrive_esp32/include/diffdrive_esp32/diffdrive_esp32/esp32_comms.hpp
[1.489s] -- Up-to-date: /home/an/ros2_ws/install/diffdrive_esp32/include/diffdrive_esp32/diffdrive_esp32/visibility_control.h
[1.489s] -- Up-to-date: /home/an/ros2_ws/install/diffdrive_esp32/include/diffdrive_esp32/diffdrive_esp32/wheel.hpp
[1.490s] -- Up-to-date: /home/an/ros2_ws/install/diffdrive_esp32/include/diffdrive_esp32/diffdrive_esp32/diffbot_system.hpp
[1.491s] -- Up-to-date: /home/an/ros2_ws/install/diffdrive_esp32/lib/libdiffdrive_esp32.so
[1.492s] -- Up-to-date: /home/an/ros2_ws/install/diffdrive_esp32/share/diffdrive_esp32/environment/library_path.sh
[1.493s] -- Up-to-date: /home/an/ros2_ws/install/diffdrive_esp32/share/diffdrive_esp32/environment/library_path.dsv
[1.494s] -- Up-to-date: /home/an/ros2_ws/install/diffdrive_esp32/share/ament_index/resource_index/package_run_dependencies/diffdrive_esp32
[1.495s] -- Up-to-date: /home/an/ros2_ws/install/diffdrive_esp32/share/ament_index/resource_index/parent_prefix_path/diffdrive_esp32
[1.496s] -- Up-to-date: /home/an/ros2_ws/install/diffdrive_esp32/share/diffdrive_esp32/environment/ament_prefix_path.sh
[1.496s] -- Up-to-date: /home/an/ros2_ws/install/diffdrive_esp32/share/diffdrive_esp32/environment/ament_prefix_path.dsv
[1.497s] -- Up-to-date: /home/an/ros2_ws/install/diffdrive_esp32/share/diffdrive_esp32/environment/path.sh
[1.498s] -- Up-to-date: /home/an/ros2_ws/install/diffdrive_esp32/share/diffdrive_esp32/environment/path.dsv
[1.498s] -- Up-to-date: /home/an/ros2_ws/install/diffdrive_esp32/share/diffdrive_esp32/local_setup.bash
[1.520s] -- Up-to-date: /home/an/ros2_ws/install/diffdrive_esp32/share/diffdrive_esp32/local_setup.sh
[1.521s] -- Up-to-date: /home/an/ros2_ws/install/diffdrive_esp32/share/diffdrive_esp32/local_setup.zsh
[1.522s] -- Up-to-date: /home/an/ros2_ws/install/diffdrive_esp32/share/diffdrive_esp32/local_setup.dsv
[1.527s] -- Installing: /home/an/ros2_ws/install/diffdrive_esp32/share/diffdrive_esp32/package.dsv
[1.528s] -- Up-to-date: /home/an/ros2_ws/install/diffdrive_esp32/share/ament_index/resource_index/packages/diffdrive_esp32
[1.529s] -- Up-to-date: /home/an/ros2_ws/install/diffdrive_esp32/share/ament_index/resource_index/hardware_interface__pluginlib__plugin/diffdrive_esp32
[1.535s] -- Up-to-date: /home/an/ros2_ws/install/diffdrive_esp32/share/diffdrive_esp32/cmake/export_diffdrive_esp32Export.cmake
[1.543s] -- Up-to-date: /home/an/ros2_ws/install/diffdrive_esp32/share/diffdrive_esp32/cmake/export_diffdrive_esp32Export-noconfig.cmake
[1.544s] -- Up-to-date: /home/an/ros2_ws/install/diffdrive_esp32/share/diffdrive_esp32/cmake/ament_cmake_export_targets-extras.cmake
[1.545s] -- Up-to-date: /home/an/ros2_ws/install/diffdrive_esp32/share/diffdrive_esp32/cmake/ament_cmake_export_dependencies-extras.cmake
[1.545s] -- Up-to-date: /home/an/ros2_ws/install/diffdrive_esp32/share/diffdrive_esp32/cmake/diffdrive_esp32Config.cmake
[1.546s] -- Up-to-date: /home/an/ros2_ws/install/diffdrive_esp32/share/diffdrive_esp32/cmake/diffdrive_esp32Config-version.cmake
[1.547s] -- Up-to-date: /home/an/ros2_ws/install/diffdrive_esp32/share/diffdrive_esp32/package.xml
[1.548s] Invoked command in '/home/an/ros2_ws/build/diffdrive_esp32' returned '0': CMAKE_PREFIX_PATH=${CMAKE_PREFIX_PATH}:/home/an/ros2_ws/install/vel_driver:/home/an/ros2_ws/install/self_driving:/opt/ros/humble /usr/bin/cmake --install /home/an/ros2_ws/build/diffdrive_esp32
