[2.815s] Invoking command in '/home/an/ros2_ws/src/self_driving': PYTHONPATH=/home/an/ros2_ws/build/self_driving/prefix_override:/home/an/ros2_ws/install/self_driving/lib/python3.10/site-packages:${PYTHONPATH} /usr/bin/python3 -W ignore:setup.py install is deprecated setup.py egg_info --egg-base ../../build/self_driving build --build-base /home/an/ros2_ws/build/self_driving/build install --record /home/an/ros2_ws/build/self_driving/install.log --single-version-externally-managed install_data
[3.876s] running egg_info
[3.879s] writing ../../build/self_driving/self_driving.egg-info/PKG-INFO
[3.880s] writing dependency_links to ../../build/self_driving/self_driving.egg-info/dependency_links.txt
[3.881s] writing entry points to ../../build/self_driving/self_driving.egg-info/entry_points.txt
[3.882s] writing requirements to ../../build/self_driving/self_driving.egg-info/requires.txt
[3.883s] writing top-level names to ../../build/self_driving/self_driving.egg-info/top_level.txt
[3.895s] reading manifest file '../../build/self_driving/self_driving.egg-info/SOURCES.txt'
[3.896s] adding license file 'LICENSE'
[3.899s] writing manifest file '../../build/self_driving/self_driving.egg-info/SOURCES.txt'
[3.900s] running build
[3.900s] running build_py
[3.905s] copying self_driving/Detection/Lanes/lane_detection.py -> /home/an/ros2_ws/build/self_driving/build/lib/self_driving/Detection/Lanes
[3.907s] copying self_driving/Detection/Lanes/a_colour_segmentation.py -> /home/an/ros2_ws/build/self_driving/build/lib/self_driving/Detection/Lanes
[3.910s] running install
[3.911s] running install_lib
[3.919s] copying /home/an/ros2_ws/build/self_driving/build/lib/self_driving/Detection/Lanes/lane_detection.py -> /home/an/ros2_ws/install/self_driving/lib/python3.10/site-packages/self_driving/Detection/Lanes
[3.920s] copying /home/an/ros2_ws/build/self_driving/build/lib/self_driving/Detection/Lanes/a_colour_segmentation.py -> /home/an/ros2_ws/install/self_driving/lib/python3.10/site-packages/self_driving/Detection/Lanes
[3.926s] byte-compiling /home/an/ros2_ws/install/self_driving/lib/python3.10/site-packages/self_driving/Detection/Lanes/lane_detection.py to lane_detection.cpython-310.pyc
[3.928s] byte-compiling /home/an/ros2_ws/install/self_driving/lib/python3.10/site-packages/self_driving/Detection/Lanes/a_colour_segmentation.py to a_colour_segmentation.cpython-310.pyc
[3.934s] running install_data
[3.935s] running install_egg_info
[3.942s] removing '/home/an/ros2_ws/install/self_driving/lib/python3.10/site-packages/self_driving-0.0.0-py3.10.egg-info' (and everything under it)
[3.944s] Copying ../../build/self_driving/self_driving.egg-info to /home/an/ros2_ws/install/self_driving/lib/python3.10/site-packages/self_driving-0.0.0-py3.10.egg-info
[3.953s] running install_scripts
[4.038s] Installing cam_node script to /home/an/ros2_ws/install/self_driving/lib/self_driving
[4.039s] Installing computer_vision_node script to /home/an/ros2_ws/install/self_driving/lib/self_driving
[4.040s] Installing driving_node script to /home/an/ros2_ws/install/self_driving/lib/self_driving
[4.041s] Installing recorder_node script to /home/an/ros2_ws/install/self_driving/lib/self_driving
[4.042s] Installing vel_wheel_node script to /home/an/ros2_ws/install/self_driving/lib/self_driving
[4.046s] writing list of installed files to '/home/an/ros2_ws/build/self_driving/install.log'
[4.172s] Invoked command in '/home/an/ros2_ws/src/self_driving' returned '0': PYTHONPATH=/home/an/ros2_ws/build/self_driving/prefix_override:/home/an/ros2_ws/install/self_driving/lib/python3.10/site-packages:${PYTHONPATH} /usr/bin/python3 -W ignore:setup.py install is deprecated setup.py egg_info --egg-base ../../build/self_driving build --build-base /home/an/ros2_ws/build/self_driving/build install --record /home/an/ros2_ws/build/self_driving/install.log --single-version-externally-managed install_data
