[3.260s] Invoking command in '/home/an/ros2_ws/src/self_driving': PYTHONPATH=/home/an/ros2_ws/build/self_driving/prefix_override:/home/an/ros2_ws/install/self_driving/lib/python3.10/site-packages:${PYTHONPATH} /usr/bin/python3 -W ignore:setup.py install is deprecated setup.py egg_info --egg-base ../../build/self_driving build --build-base /home/an/ros2_ws/build/self_driving/build install --record /home/an/ros2_ws/build/self_driving/install.log --single-version-externally-managed install_data
[4.262s] running egg_info
[4.264s] writing ../../build/self_driving/self_driving.egg-info/PKG-INFO
[4.269s] writing dependency_links to ../../build/self_driving/self_driving.egg-info/dependency_links.txt
[4.270s] writing entry points to ../../build/self_driving/self_driving.egg-info/entry_points.txt
[4.271s] writing requirements to ../../build/self_driving/self_driving.egg-info/requires.txt
[4.272s] writing top-level names to ../../build/self_driving/self_driving.egg-info/top_level.txt
[4.283s] reading manifest file '../../build/self_driving/self_driving.egg-info/SOURCES.txt'
[4.291s] adding license file 'LICENSE'
[4.295s] writing manifest file '../../build/self_driving/self_driving.egg-info/SOURCES.txt'
[4.295s] running build
[4.296s] running build_py
[4.300s] copying self_driving/wheel_left_right.py -> /home/an/ros2_ws/build/self_driving/build/lib/self_driving
[4.302s] copying self_driving/computer_vision_node.py -> /home/an/ros2_ws/build/self_driving/build/lib/self_driving
[4.303s] copying self_driving/drive_BOT.py -> /home/an/ros2_ws/build/self_driving/build/lib/self_driving
[4.313s] running install
[4.314s] running install_lib
[4.318s] copying /home/an/ros2_ws/build/self_driving/build/lib/self_driving/wheel_left_right.py -> /home/an/ros2_ws/install/self_driving/lib/python3.10/site-packages/self_driving
[4.320s] copying /home/an/ros2_ws/build/self_driving/build/lib/self_driving/computer_vision_node.py -> /home/an/ros2_ws/install/self_driving/lib/python3.10/site-packages/self_driving
[4.321s] copying /home/an/ros2_ws/build/self_driving/build/lib/self_driving/drive_BOT.py -> /home/an/ros2_ws/install/self_driving/lib/python3.10/site-packages/self_driving
[4.330s] byte-compiling /home/an/ros2_ws/install/self_driving/lib/python3.10/site-packages/self_driving/wheel_left_right.py to wheel_left_right.cpython-310.pyc
[4.334s] byte-compiling /home/an/ros2_ws/install/self_driving/lib/python3.10/site-packages/self_driving/computer_vision_node.py to computer_vision_node.cpython-310.pyc
[4.336s] byte-compiling /home/an/ros2_ws/install/self_driving/lib/python3.10/site-packages/self_driving/drive_BOT.py to drive_BOT.cpython-310.pyc
[4.346s] running install_data
[4.347s] running install_egg_info
[4.353s] removing '/home/an/ros2_ws/install/self_driving/lib/python3.10/site-packages/self_driving-0.0.0-py3.10.egg-info' (and everything under it)
[4.360s] Copying ../../build/self_driving/self_driving.egg-info to /home/an/ros2_ws/install/self_driving/lib/python3.10/site-packages/self_driving-0.0.0-py3.10.egg-info
[4.369s] running install_scripts
[4.456s] Installing cam_node script to /home/an/ros2_ws/install/self_driving/lib/self_driving
[4.457s] Installing computer_vision_node script to /home/an/ros2_ws/install/self_driving/lib/self_driving
[4.458s] Installing driving_node script to /home/an/ros2_ws/install/self_driving/lib/self_driving
[4.458s] Installing recorder_node script to /home/an/ros2_ws/install/self_driving/lib/self_driving
[4.459s] Installing vel_wheel_node script to /home/an/ros2_ws/install/self_driving/lib/self_driving
[4.463s] writing list of installed files to '/home/an/ros2_ws/build/self_driving/install.log'
[4.587s] Invoked command in '/home/an/ros2_ws/src/self_driving' returned '0': PYTHONPATH=/home/an/ros2_ws/build/self_driving/prefix_override:/home/an/ros2_ws/install/self_driving/lib/python3.10/site-packages:${PYTHONPATH} /usr/bin/python3 -W ignore:setup.py install is deprecated setup.py egg_info --egg-base ../../build/self_driving build --build-base /home/an/ros2_ws/build/self_driving/build install --record /home/an/ros2_ws/build/self_driving/install.log --single-version-externally-managed install_data
