[2.946s] Invoking command in '/home/an/ros2_ws/src/self_driving': PYTHONPATH=/home/an/ros2_ws/build/self_driving/prefix_override:/home/an/ros2_ws/install/self_driving/lib/python3.10/site-packages:${PYTHONPATH} /usr/bin/python3 -W ignore:setup.py install is deprecated setup.py egg_info --egg-base ../../build/self_driving build --build-base /home/an/ros2_ws/build/self_driving/build install --record /home/an/ros2_ws/build/self_driving/install.log --single-version-externally-managed install_data
[4.076s] running egg_info
[4.079s] writing ../../build/self_driving/self_driving.egg-info/PKG-INFO
[4.080s] writing dependency_links to ../../build/self_driving/self_driving.egg-info/dependency_links.txt
[4.082s] writing entry points to ../../build/self_driving/self_driving.egg-info/entry_points.txt
[4.082s] writing requirements to ../../build/self_driving/self_driving.egg-info/requires.txt
[4.083s] writing top-level names to ../../build/self_driving/self_driving.egg-info/top_level.txt
[4.094s] reading manifest file '../../build/self_driving/self_driving.egg-info/SOURCES.txt'
[4.096s] adding license file 'LICENSE'
[4.100s] writing manifest file '../../build/self_driving/self_driving.egg-info/SOURCES.txt'
[4.101s] running build
[4.103s] running build_py
[4.106s] copying self_driving/pose_node.py -> /home/an/ros2_ws/build/self_driving/build/lib/self_driving
[4.113s] running install
[4.114s] running install_lib
[4.122s] copying /home/an/ros2_ws/build/self_driving/build/lib/self_driving/pose_node.py -> /home/an/ros2_ws/install/self_driving/lib/python3.10/site-packages/self_driving
[4.129s] byte-compiling /home/an/ros2_ws/install/self_driving/lib/python3.10/site-packages/self_driving/pose_node.py to pose_node.cpython-310.pyc
[4.135s] running install_data
[4.138s] running install_egg_info
[4.144s] removing '/home/an/ros2_ws/install/self_driving/lib/python3.10/site-packages/self_driving-0.0.0-py3.10.egg-info' (and everything under it)
[4.146s] Copying ../../build/self_driving/self_driving.egg-info to /home/an/ros2_ws/install/self_driving/lib/python3.10/site-packages/self_driving-0.0.0-py3.10.egg-info
[4.152s] running install_scripts
[4.243s] Installing cam_node script to /home/an/ros2_ws/install/self_driving/lib/self_driving
[4.243s] Installing computer_vision_node script to /home/an/ros2_ws/install/self_driving/lib/self_driving
[4.244s] Installing driving_node script to /home/an/ros2_ws/install/self_driving/lib/self_driving
[4.245s] Installing hand_control_node script to /home/an/ros2_ws/install/self_driving/lib/self_driving
[4.246s] Installing pose_node script to /home/an/ros2_ws/install/self_driving/lib/self_driving
[4.246s] Installing recorder_node script to /home/an/ros2_ws/install/self_driving/lib/self_driving
[4.247s] Installing start_node script to /home/an/ros2_ws/install/self_driving/lib/self_driving
[4.248s] Installing traffic_signal_node script to /home/an/ros2_ws/install/self_driving/lib/self_driving
[4.249s] Installing vel_wheel_node script to /home/an/ros2_ws/install/self_driving/lib/self_driving
[4.250s] Installing yolo_node script to /home/an/ros2_ws/install/self_driving/lib/self_driving
[4.254s] writing list of installed files to '/home/an/ros2_ws/build/self_driving/install.log'
[4.391s] Invoked command in '/home/an/ros2_ws/src/self_driving' returned '0': PYTHONPATH=/home/an/ros2_ws/build/self_driving/prefix_override:/home/an/ros2_ws/install/self_driving/lib/python3.10/site-packages:${PYTHONPATH} /usr/bin/python3 -W ignore:setup.py install is deprecated setup.py egg_info --egg-base ../../build/self_driving build --build-base /home/an/ros2_ws/build/self_driving/build install --record /home/an/ros2_ws/build/self_driving/install.log --single-version-externally-managed install_data
