[1.140s] Invoking command in '/home/an/ros2_ws/build/turtlebot3_controller': CMAKE_PREFIX_PATH=/home/an/ros2_ws/install/self_driving:/opt/ros/humble /usr/bin/cmake /home/an/ros2_ws/src/turtlebot3_controller -DCMAKE_INSTALL_PREFIX=/home/an/ros2_ws/install/turtlebot3_controller
[1.925s] -- The C compiler identification is GNU 11.4.0
[2.247s] -- The CXX compiler identification is GNU 11.4.0
[2.286s] -- Detecting C compiler ABI info
[2.683s] -- Detecting C compiler ABI info - done
[2.712s] -- Check for working C compiler: /usr/bin/cc - skipped
[2.714s] -- Detecting C compile features
[2.717s] -- Detecting C compile features - done
[2.737s] -- Detecting CXX compiler ABI info
[3.190s] -- Detecting CXX compiler ABI info - done
[3.241s] -- Check for working CXX compiler: /usr/bin/c++ - skipped
[3.253s] -- Detecting CXX compile features
[3.257s] -- Detecting CXX compile features - done
[3.295s] -- Found ament_cmake: 1.3.8 (/opt/ros/humble/share/ament_cmake/cmake)
[4.195s] -- Found Python3: /usr/bin/python3 (found version "3.10.12") found components: Interpreter 
[4.746s] -- Found rclcpp: 16.0.8 (/opt/ros/humble/share/rclcpp/cmake)
[5.196s] -- Found rosidl_generator_c: 3.1.5 (/opt/ros/humble/share/rosidl_generator_c/cmake)
[5.239s] -- Found rosidl_adapter: 3.1.5 (/opt/ros/humble/share/rosidl_adapter/cmake)
[5.304s] -- Found rosidl_generator_cpp: 3.1.5 (/opt/ros/humble/share/rosidl_generator_cpp/cmake)
[5.408s] -- Using all available rosidl_typesupport_c: rosidl_typesupport_fastrtps_c;rosidl_typesupport_introspection_c
[5.542s] -- Using all available rosidl_typesupport_cpp: rosidl_typesupport_fastrtps_cpp;rosidl_typesupport_introspection_cpp
[5.983s] -- Found rmw_implementation_cmake: 6.1.1 (/opt/ros/humble/share/rmw_implementation_cmake/cmake)
[6.009s] -- Found rmw_fastrtps_cpp: 6.2.6 (/opt/ros/humble/share/rmw_fastrtps_cpp/cmake)
[6.789s] -- Found OpenSSL: /usr/lib/aarch64-linux-gnu/libcrypto.so (found version "3.0.2")  
[6.950s] -- Found FastRTPS: /opt/ros/humble/include  
[7.226s] -- Using RMW implementation 'rmw_fastrtps_cpp' as default
[7.312s] -- Looking for pthread.h
[7.662s] -- Looking for pthread.h - found
[7.663s] -- Performing Test CMAKE_HAVE_LIBC_PTHREAD
[7.988s] -- Performing Test CMAKE_HAVE_LIBC_PTHREAD - Success
[7.992s] -- Found Threads: TRUE  
[8.729s] -- Found rclpy: 3.3.12 (/opt/ros/humble/share/rclpy/cmake)
[8.748s] -- Found geometry_msgs: 4.2.3 (/opt/ros/humble/share/geometry_msgs/cmake)
[8.948s] -- Found sensor_msgs: 4.2.3 (/opt/ros/humble/share/sensor_msgs/cmake)
[9.295s] -- Found nav_msgs: 4.2.3 (/opt/ros/humble/share/nav_msgs/cmake)
[9.639s] -- Found tf2_ros: 0.25.6 (/opt/ros/humble/share/tf2_ros/cmake)
[11.780s] -- Found ament_lint_auto: 0.12.10 (/opt/ros/humble/share/ament_lint_auto/cmake)
[12.159s] -- Added test 'cppcheck' to perform static code analysis on C / C++ code
[12.161s] -- Configured cppcheck include dirs: /home/an/ros2_ws/src/turtlebot3_controller/include
[12.161s] -- Configured cppcheck exclude dirs and/or files: 
[12.164s] -- Added test 'flake8' to check Python code syntax and style conventions
[12.169s] -- Added test 'lint_cmake' to check CMake code style
[12.173s] -- Added test 'pep257' to check Python code against some of the docstring style conventions in PEP 257
[12.185s] -- Added test 'uncrustify' to check C / C++ code style
[12.186s] -- Configured uncrustify additional arguments: 
[12.189s] -- Added test 'xmllint' to check XML markup files
[12.195s] -- Configuring done
[12.304s] -- Generating done
[12.313s] -- Build files have been written to: /home/an/ros2_ws/build/turtlebot3_controller
