[2.526s] Invoking command in '/home/an/ros2_ws/src/self_driving': PYTHONPATH=/home/an/ros2_ws/build/self_driving/prefix_override:/home/an/ros2_ws/install/self_driving/lib/python3.10/site-packages:${PYTHONPATH} /usr/bin/python3 -W ignore:setup.py install is deprecated setup.py egg_info --egg-base ../../build/self_driving build --build-base /home/an/ros2_ws/build/self_driving/build install --record /home/an/ros2_ws/build/self_driving/install.log --single-version-externally-managed install_data
[3.479s] running egg_info
[3.481s] writing ../../build/self_driving/self_driving.egg-info/PKG-INFO
[3.482s] writing dependency_links to ../../build/self_driving/self_driving.egg-info/dependency_links.txt
[3.483s] writing entry points to ../../build/self_driving/self_driving.egg-info/entry_points.txt
[3.484s] writing requirements to ../../build/self_driving/self_driving.egg-info/requires.txt
[3.485s] writing top-level names to ../../build/self_driving/self_driving.egg-info/top_level.txt
[3.495s] reading manifest file '../../build/self_driving/self_driving.egg-info/SOURCES.txt'
[3.496s] adding license file 'LICENSE'
[3.500s] writing manifest file '../../build/self_driving/self_driving.egg-info/SOURCES.txt'
[3.500s] running build
[3.500s] running build_py
[3.502s] copying self_driving/start_robot.py -> /home/an/ros2_ws/build/self_driving/build/lib/self_driving
[3.509s] running install
[3.510s] running install_lib
[3.517s] copying /home/an/ros2_ws/build/self_driving/build/lib/self_driving/start_robot.py -> /home/an/ros2_ws/install/self_driving/lib/python3.10/site-packages/self_driving
[3.523s] byte-compiling /home/an/ros2_ws/install/self_driving/lib/python3.10/site-packages/self_driving/start_robot.py to start_robot.cpython-310.pyc
[3.526s] running install_data
[3.526s] copying launch/process.launch.py -> /home/an/ros2_ws/install/self_driving/share/self_driving/launch
[3.527s] copying launch/start.launch.py -> /home/an/ros2_ws/install/self_driving/share/self_driving/launch
[3.528s] running install_egg_info
[3.534s] removing '/home/an/ros2_ws/install/self_driving/lib/python3.10/site-packages/self_driving-0.0.0-py3.10.egg-info' (and everything under it)
[3.536s] Copying ../../build/self_driving/self_driving.egg-info to /home/an/ros2_ws/install/self_driving/lib/python3.10/site-packages/self_driving-0.0.0-py3.10.egg-info
[3.541s] running install_scripts
[3.618s] Installing cam_node script to /home/an/ros2_ws/install/self_driving/lib/self_driving
[3.619s] Installing computer_vision_node script to /home/an/ros2_ws/install/self_driving/lib/self_driving
[3.619s] Installing driving_node script to /home/an/ros2_ws/install/self_driving/lib/self_driving
[3.620s] Installing recorder_node script to /home/an/ros2_ws/install/self_driving/lib/self_driving
[3.621s] Installing start_node script to /home/an/ros2_ws/install/self_driving/lib/self_driving
[3.622s] Installing vel_wheel_node script to /home/an/ros2_ws/install/self_driving/lib/self_driving
[3.626s] writing list of installed files to '/home/an/ros2_ws/build/self_driving/install.log'
[3.732s] Invoked command in '/home/an/ros2_ws/src/self_driving' returned '0': PYTHONPATH=/home/an/ros2_ws/build/self_driving/prefix_override:/home/an/ros2_ws/install/self_driving/lib/python3.10/site-packages:${PYTHONPATH} /usr/bin/python3 -W ignore:setup.py install is deprecated setup.py egg_info --egg-base ../../build/self_driving build --build-base /home/an/ros2_ws/build/self_driving/build install --record /home/an/ros2_ws/build/self_driving/install.log --single-version-externally-managed install_data
