[1.128s] Invoking command in '/home/an/ros2_ws/build/turtlebot3_description': CMAKE_PREFIX_PATH=${CMAKE_PREFIX_PATH}:/home/an/ros2_ws/install/self_driving:/opt/ros/humble /usr/bin/cmake --build /home/an/ros2_ws/build/turtlebot3_description -- -j4 -l4
[1.360s] Invoked command in '/home/an/ros2_ws/build/turtlebot3_description' returned '0': CMAKE_PREFIX_PATH=${CMAKE_PREFIX_PATH}:/home/an/ros2_ws/install/self_driving:/opt/ros/humble /usr/bin/cmake --build /home/an/ros2_ws/build/turtlebot3_description -- -j4 -l4
[1.542s] Invoking command in '/home/an/ros2_ws/build/turtlebot3_description': CMAKE_PREFIX_PATH=${CMAKE_PREFIX_PATH}:/home/an/ros2_ws/install/self_driving:/opt/ros/humble /usr/bin/cmake --install /home/an/ros2_ws/build/turtlebot3_description
[1.576s] -- Install configuration: ""
[1.577s] -- Up-to-date: /home/an/ros2_ws/install/turtlebot3_description/share/turtlebot3_description/meshes
[1.578s] -- Up-to-date: /home/an/ros2_ws/install/turtlebot3_description/share/turtlebot3_description/meshes/lidar_link.stl
[1.579s] -- Up-to-date: /home/an/ros2_ws/install/turtlebot3_description/share/turtlebot3_description/meshes/base_link.stl
[1.580s] -- Up-to-date: /home/an/ros2_ws/install/turtlebot3_description/share/turtlebot3_description/meshes/imu_link.stl
[1.582s] -- Up-to-date: /home/an/ros2_ws/install/turtlebot3_description/share/turtlebot3_description/meshes/wheel_right_link.stl
[1.583s] -- Up-to-date: /home/an/ros2_ws/install/turtlebot3_description/share/turtlebot3_description/meshes/caster_back_left_link.stl
[1.585s] -- Up-to-date: /home/an/ros2_ws/install/turtlebot3_description/share/turtlebot3_description/meshes/r200_link.dae
[1.586s] -- Up-to-date: /home/an/ros2_ws/install/turtlebot3_description/share/turtlebot3_description/meshes/caster_back_right_link.stl
[1.588s] -- Up-to-date: /home/an/ros2_ws/install/turtlebot3_description/share/turtlebot3_description/meshes/TB3-RPi-camera-mount.stl
[1.589s] -- Up-to-date: /home/an/ros2_ws/install/turtlebot3_description/share/turtlebot3_description/meshes/wheel_left_link.stl
[1.591s] -- Up-to-date: /home/an/ros2_ws/install/turtlebot3_description/share/turtlebot3_description/meshes/pi_cam_v3_link.stl
[1.594s] -- Up-to-date: /home/an/ros2_ws/install/turtlebot3_description/share/turtlebot3_description/urdf
[1.594s] -- Up-to-date: /home/an/ros2_ws/install/turtlebot3_description/share/turtlebot3_description/urdf/turtlebot3_waffle.urdf.xacro
[1.595s] -- Up-to-date: /home/an/ros2_ws/install/turtlebot3_description/share/turtlebot3_description/urdf/gazebo_control.xacro
[1.596s] -- Up-to-date: /home/an/ros2_ws/install/turtlebot3_description/share/turtlebot3_description/urdf/turtlebot3_waffle_ros2_control.xacro
[1.597s] -- Up-to-date: /home/an/ros2_ws/install/turtlebot3_description/share/turtlebot3_description/urdf/turtlebot3_waffle.gazebo.xacro
[1.598s] -- Up-to-date: /home/an/ros2_ws/install/turtlebot3_description/share/turtlebot3_description/urdf/common_properties.xacro
[1.598s] -- Up-to-date: /home/an/ros2_ws/install/turtlebot3_description/share/turtlebot3_description/launch
[1.599s] -- Up-to-date: /home/an/ros2_ws/install/turtlebot3_description/share/turtlebot3_description/launch/gzserver.launch.py
[1.599s] -- Up-to-date: /home/an/ros2_ws/install/turtlebot3_description/share/turtlebot3_description/launch/joystick_teleop.launch.py
[1.600s] -- Up-to-date: /home/an/ros2_ws/install/turtlebot3_description/share/turtlebot3_description/launch/display.launch.py
[1.601s] -- Up-to-date: /home/an/ros2_ws/install/turtlebot3_description/share/turtlebot3_description/launch/gazebo.launch.py
[1.601s] -- Up-to-date: /home/an/ros2_ws/install/turtlebot3_description/share/turtlebot3_description/rviz
[1.602s] -- Up-to-date: /home/an/ros2_ws/install/turtlebot3_description/share/turtlebot3_description/rviz/main.rviz
[1.602s] -- Up-to-date: /home/an/ros2_ws/install/turtlebot3_description/share/turtlebot3_description/rviz/display.rviz
[1.603s] -- Up-to-date: /home/an/ros2_ws/install/turtlebot3_description/share/turtlebot3_description/rviz/control.rviz
[1.603s] -- Up-to-date: /home/an/ros2_ws/install/turtlebot3_description/share/turtlebot3_description/gazebo_world
[1.604s] -- Up-to-date: /home/an/ros2_ws/install/turtlebot3_description/share/turtlebot3_description/gazebo_world/test_laser_world
[1.605s] -- Up-to-date: /home/an/ros2_ws/install/turtlebot3_description/share/turtlebot3_description/gazebo_world/test_maze
[1.610s] -- Up-to-date: /home/an/ros2_ws/install/turtlebot3_description/share/turtlebot3_description/gazebo_world/empty
[1.611s] -- Up-to-date: /home/an/ros2_ws/install/turtlebot3_description/share/turtlebot3_description/gazebo_world/small_maze
[1.611s] -- Up-to-date: /home/an/ros2_ws/install/turtlebot3_description/share/turtlebot3_description/gazebo_world/hanh_lang
[1.612s] -- Up-to-date: /home/an/ros2_ws/install/turtlebot3_description/share/turtlebot3_description/gazebo_world/empty_world
[1.612s] -- Up-to-date: /home/an/ros2_ws/install/turtlebot3_description/share/turtlebot3_description/models
[1.613s] -- Up-to-date: /home/an/ros2_ws/install/turtlebot3_description/share/turtlebot3_description/models/sun
[1.614s] -- Up-to-date: /home/an/ros2_ws/install/turtlebot3_description/share/turtlebot3_description/models/sun/model.sdf
[1.614s] -- Up-to-date: /home/an/ros2_ws/install/turtlebot3_description/share/turtlebot3_description/models/sun/model.config
[1.615s] -- Up-to-date: /home/an/ros2_ws/install/turtlebot3_description/share/turtlebot3_description/models/sun/model-1_4.sdf
[1.615s] -- Up-to-date: /home/an/ros2_ws/install/turtlebot3_description/share/turtlebot3_description/models/sun/model-1_3.sdf
[1.616s] -- Up-to-date: /home/an/ros2_ws/install/turtlebot3_description/share/turtlebot3_description/models/sun/model-1_2.sdf
[1.627s] -- Up-to-date: /home/an/ros2_ws/install/turtlebot3_description/share/turtlebot3_description/models/ground_plane
[1.628s] -- Up-to-date: /home/an/ros2_ws/install/turtlebot3_description/share/turtlebot3_description/models/ground_plane/model.sdf
[1.631s] -- Up-to-date: /home/an/ros2_ws/install/turtlebot3_description/share/turtlebot3_description/models/ground_plane/model.config
[1.632s] -- Up-to-date: /home/an/ros2_ws/install/turtlebot3_description/share/turtlebot3_description/models/ground_plane/model-1_4.sdf
[1.632s] -- Up-to-date: /home/an/ros2_ws/install/turtlebot3_description/share/turtlebot3_description/models/ground_plane/model-1_3.sdf
[1.633s] -- Up-to-date: /home/an/ros2_ws/install/turtlebot3_description/share/turtlebot3_description/models/ground_plane/model-1_2.sdf
[1.633s] -- Up-to-date: /home/an/ros2_ws/install/turtlebot3_description/share/ament_index/resource_index/package_run_dependencies/turtlebot3_description
[1.634s] -- Up-to-date: /home/an/ros2_ws/install/turtlebot3_description/share/ament_index/resource_index/parent_prefix_path/turtlebot3_description
[1.634s] -- Up-to-date: /home/an/ros2_ws/install/turtlebot3_description/share/turtlebot3_description/environment/ament_prefix_path.sh
[1.634s] -- Up-to-date: /home/an/ros2_ws/install/turtlebot3_description/share/turtlebot3_description/environment/ament_prefix_path.dsv
[1.635s] -- Up-to-date: /home/an/ros2_ws/install/turtlebot3_description/share/turtlebot3_description/environment/path.sh
[1.635s] -- Up-to-date: /home/an/ros2_ws/install/turtlebot3_description/share/turtlebot3_description/environment/path.dsv
[1.636s] -- Up-to-date: /home/an/ros2_ws/install/turtlebot3_description/share/turtlebot3_description/local_setup.bash
[1.637s] -- Up-to-date: /home/an/ros2_ws/install/turtlebot3_description/share/turtlebot3_description/local_setup.sh
[1.638s] -- Up-to-date: /home/an/ros2_ws/install/turtlebot3_description/share/turtlebot3_description/local_setup.zsh
[1.639s] -- Up-to-date: /home/an/ros2_ws/install/turtlebot3_description/share/turtlebot3_description/local_setup.dsv
[1.640s] -- Installing: /home/an/ros2_ws/install/turtlebot3_description/share/turtlebot3_description/package.dsv
[1.641s] -- Up-to-date: /home/an/ros2_ws/install/turtlebot3_description/share/ament_index/resource_index/packages/turtlebot3_description
[1.641s] -- Up-to-date: /home/an/ros2_ws/install/turtlebot3_description/share/turtlebot3_description/cmake/turtlebot3_descriptionConfig.cmake
[1.644s] -- Up-to-date: /home/an/ros2_ws/install/turtlebot3_description/share/turtlebot3_description/cmake/turtlebot3_descriptionConfig-version.cmake
[1.649s] -- Up-to-date: /home/an/ros2_ws/install/turtlebot3_description/share/turtlebot3_description/package.xml
[1.651s] Invoked command in '/home/an/ros2_ws/build/turtlebot3_description' returned '0': CMAKE_PREFIX_PATH=${CMAKE_PREFIX_PATH}:/home/an/ros2_ws/install/self_driving:/opt/ros/humble /usr/bin/cmake --install /home/an/ros2_ws/build/turtlebot3_description
