[2.776s] Invoking command in '/home/an/ros2_ws/src/self_driving': PYTHONPATH=/home/an/ros2_ws/build/self_driving/prefix_override:/home/an/ros2_ws/install/self_driving/lib/python3.10/site-packages:${PYTHONPATH} /usr/bin/python3 -W ignore:setup.py install is deprecated setup.py egg_info --egg-base ../../build/self_driving build --build-base /home/an/ros2_ws/build/self_driving/build install --record /home/an/ros2_ws/build/self_driving/install.log --single-version-externally-managed install_data
[3.824s] running egg_info
[3.827s] writing ../../build/self_driving/self_driving.egg-info/PKG-INFO
[3.828s] writing dependency_links to ../../build/self_driving/self_driving.egg-info/dependency_links.txt
[3.830s] writing entry points to ../../build/self_driving/self_driving.egg-info/entry_points.txt
[3.830s] writing requirements to ../../build/self_driving/self_driving.egg-info/requires.txt
[3.831s] writing top-level names to ../../build/self_driving/self_driving.egg-info/top_level.txt
[3.843s] reading manifest file '../../build/self_driving/self_driving.egg-info/SOURCES.txt'
[3.845s] adding license file 'LICENSE'
[3.848s] writing manifest file '../../build/self_driving/self_driving.egg-info/SOURCES.txt'
[3.848s] running build
[3.849s] running build_py
[3.854s] copying self_driving/Detection/Lanes/a_colour_segmentation.py -> /home/an/ros2_ws/build/self_driving/build/lib/self_driving/Detection/Lanes
[3.857s] running install
[3.859s] running install_lib
[3.868s] copying /home/an/ros2_ws/build/self_driving/build/lib/self_driving/Detection/Lanes/a_colour_segmentation.py -> /home/an/ros2_ws/install/self_driving/lib/python3.10/site-packages/self_driving/Detection/Lanes
[3.873s] byte-compiling /home/an/ros2_ws/install/self_driving/lib/python3.10/site-packages/self_driving/Detection/Lanes/a_colour_segmentation.py to a_colour_segmentation.cpython-310.pyc
[3.877s] running install_data
[3.878s] running install_egg_info
[3.891s] removing '/home/an/ros2_ws/install/self_driving/lib/python3.10/site-packages/self_driving-0.0.0-py3.10.egg-info' (and everything under it)
[3.894s] Copying ../../build/self_driving/self_driving.egg-info to /home/an/ros2_ws/install/self_driving/lib/python3.10/site-packages/self_driving-0.0.0-py3.10.egg-info
[3.904s] running install_scripts
[3.989s] Installing cam_node script to /home/an/ros2_ws/install/self_driving/lib/self_driving
[3.990s] Installing computer_vision_node script to /home/an/ros2_ws/install/self_driving/lib/self_driving
[3.991s] Installing driving_node script to /home/an/ros2_ws/install/self_driving/lib/self_driving
[3.992s] Installing recorder_node script to /home/an/ros2_ws/install/self_driving/lib/self_driving
[3.993s] Installing vel_wheel_node script to /home/an/ros2_ws/install/self_driving/lib/self_driving
[3.997s] writing list of installed files to '/home/an/ros2_ws/build/self_driving/install.log'
[4.134s] Invoked command in '/home/an/ros2_ws/src/self_driving' returned '0': PYTHONPATH=/home/an/ros2_ws/build/self_driving/prefix_override:/home/an/ros2_ws/install/self_driving/lib/python3.10/site-packages:${PYTHONPATH} /usr/bin/python3 -W ignore:setup.py install is deprecated setup.py egg_info --egg-base ../../build/self_driving build --build-base /home/an/ros2_ws/build/self_driving/build install --record /home/an/ros2_ws/build/self_driving/install.log --single-version-externally-managed install_data
