[1.125s] Invoking command in '/home/an/ros2_ws/build/diffdrive_esp32': CMAKE_PREFIX_PATH=${CMAKE_PREFIX_PATH}:/home/an/ros2_ws/install/vel_driver:/home/an/ros2_ws/install/test_pkg:/home/an/ros2_ws/install/self_driving:/opt/ros/humble /usr/bin/cmake --build /home/an/ros2_ws/build/diffdrive_esp32 -- -j4 -l4
[2.216s] [35m[1mConsolidate compiler generated dependencies of target diffdrive_esp32[0m
[2.218s] [100%] Built target diffdrive_esp32
[3.263s] Invoked command in '/home/an/ros2_ws/build/diffdrive_esp32' returned '0': CMAKE_PREFIX_PATH=${CMAKE_PREFIX_PATH}:/home/an/ros2_ws/install/vel_driver:/home/an/ros2_ws/install/test_pkg:/home/an/ros2_ws/install/self_driving:/opt/ros/humble /usr/bin/cmake --build /home/an/ros2_ws/build/diffdrive_esp32 -- -j4 -l4
[3.454s] Invoking command in '/home/an/ros2_ws/build/diffdrive_esp32': CMAKE_PREFIX_PATH=${CMAKE_PREFIX_PATH}:/home/an/ros2_ws/install/vel_driver:/home/an/ros2_ws/install/test_pkg:/home/an/ros2_ws/install/self_driving:/opt/ros/humble /usr/bin/cmake --install /home/an/ros2_ws/build/diffdrive_esp32
[3.493s] -- Install configuration: ""
[3.495s] -- Up-to-date: /home/an/ros2_ws/install/diffdrive_esp32/share/diffdrive_esp32/diffdrive_esp32.xml
[3.497s] -- Up-to-date: /home/an/ros2_ws/install/diffdrive_esp32/include/diffdrive_esp32
[3.498s] -- Up-to-date: /home/an/ros2_ws/install/diffdrive_esp32/include/diffdrive_esp32/diffdrive_esp32
[3.499s] -- Up-to-date: /home/an/ros2_ws/install/diffdrive_esp32/include/diffdrive_esp32/diffdrive_esp32/esp32_comms.hpp
[3.499s] -- Up-to-date: /home/an/ros2_ws/install/diffdrive_esp32/include/diffdrive_esp32/diffdrive_esp32/visibility_control.h
[3.500s] -- Up-to-date: /home/an/ros2_ws/install/diffdrive_esp32/include/diffdrive_esp32/diffdrive_esp32/wheel.hpp
[3.501s] -- Up-to-date: /home/an/ros2_ws/install/diffdrive_esp32/include/diffdrive_esp32/diffdrive_esp32/diffbot_system.hpp
[3.501s] -- Up-to-date: /home/an/ros2_ws/install/diffdrive_esp32/lib/libdiffdrive_esp32.so
[3.505s] -- Up-to-date: /home/an/ros2_ws/install/diffdrive_esp32/share/diffdrive_esp32/environment/library_path.sh
[3.506s] -- Up-to-date: /home/an/ros2_ws/install/diffdrive_esp32/share/diffdrive_esp32/environment/library_path.dsv
[3.513s] -- Up-to-date: /home/an/ros2_ws/install/diffdrive_esp32/share/ament_index/resource_index/package_run_dependencies/diffdrive_esp32
[3.513s] -- Up-to-date: /home/an/ros2_ws/install/diffdrive_esp32/share/ament_index/resource_index/parent_prefix_path/diffdrive_esp32
[3.514s] -- Up-to-date: /home/an/ros2_ws/install/diffdrive_esp32/share/diffdrive_esp32/environment/ament_prefix_path.sh
[3.515s] -- Up-to-date: /home/an/ros2_ws/install/diffdrive_esp32/share/diffdrive_esp32/environment/ament_prefix_path.dsv
[3.515s] -- Up-to-date: /home/an/ros2_ws/install/diffdrive_esp32/share/diffdrive_esp32/environment/path.sh
[3.516s] -- Up-to-date: /home/an/ros2_ws/install/diffdrive_esp32/share/diffdrive_esp32/environment/path.dsv
[3.517s] -- Up-to-date: /home/an/ros2_ws/install/diffdrive_esp32/share/diffdrive_esp32/local_setup.bash
[3.518s] -- Up-to-date: /home/an/ros2_ws/install/diffdrive_esp32/share/diffdrive_esp32/local_setup.sh
[3.519s] -- Up-to-date: /home/an/ros2_ws/install/diffdrive_esp32/share/diffdrive_esp32/local_setup.zsh
[3.521s] -- Up-to-date: /home/an/ros2_ws/install/diffdrive_esp32/share/diffdrive_esp32/local_setup.dsv
[3.521s] -- Installing: /home/an/ros2_ws/install/diffdrive_esp32/share/diffdrive_esp32/package.dsv
[3.522s] -- Up-to-date: /home/an/ros2_ws/install/diffdrive_esp32/share/ament_index/resource_index/packages/diffdrive_esp32
[3.523s] -- Up-to-date: /home/an/ros2_ws/install/diffdrive_esp32/share/ament_index/resource_index/hardware_interface__pluginlib__plugin/diffdrive_esp32
[3.524s] -- Up-to-date: /home/an/ros2_ws/install/diffdrive_esp32/share/diffdrive_esp32/cmake/export_diffdrive_esp32Export.cmake
[3.541s] -- Up-to-date: /home/an/ros2_ws/install/diffdrive_esp32/share/diffdrive_esp32/cmake/export_diffdrive_esp32Export-noconfig.cmake
[3.542s] -- Up-to-date: /home/an/ros2_ws/install/diffdrive_esp32/share/diffdrive_esp32/cmake/ament_cmake_export_targets-extras.cmake
[3.543s] -- Up-to-date: /home/an/ros2_ws/install/diffdrive_esp32/share/diffdrive_esp32/cmake/ament_cmake_export_dependencies-extras.cmake
[3.543s] -- Up-to-date: /home/an/ros2_ws/install/diffdrive_esp32/share/diffdrive_esp32/cmake/diffdrive_esp32Config.cmake
[3.544s] -- Up-to-date: /home/an/ros2_ws/install/diffdrive_esp32/share/diffdrive_esp32/cmake/diffdrive_esp32Config-version.cmake
[3.545s] -- Up-to-date: /home/an/ros2_ws/install/diffdrive_esp32/share/diffdrive_esp32/package.xml
[3.546s] Invoked command in '/home/an/ros2_ws/build/diffdrive_esp32' returned '0': CMAKE_PREFIX_PATH=${CMAKE_PREFIX_PATH}:/home/an/ros2_ws/install/vel_driver:/home/an/ros2_ws/install/test_pkg:/home/an/ros2_ws/install/self_driving:/opt/ros/humble /usr/bin/cmake --install /home/an/ros2_ws/build/diffdrive_esp32
