[5.164s] Invoking command in '/home/an/ros2_ws/src/self_driving': PYTHONPATH=/home/an/ros2_ws/build/self_driving/prefix_override:/home/an/ros2_ws/install/self_driving/lib/python3.10/site-packages:${PYTHONPATH} /usr/bin/python3 -W ignore:setup.py install is deprecated setup.py egg_info --egg-base ../../build/self_driving build --build-base /home/an/ros2_ws/build/self_driving/build install --record /home/an/ros2_ws/build/self_driving/install.log --single-version-externally-managed install_data
[6.992s] running egg_info
[6.996s] writing ../../build/self_driving/self_driving.egg-info/PKG-INFO
[6.998s] writing dependency_links to ../../build/self_driving/self_driving.egg-info/dependency_links.txt
[6.999s] writing entry points to ../../build/self_driving/self_driving.egg-info/entry_points.txt
[7.000s] writing requirements to ../../build/self_driving/self_driving.egg-info/requires.txt
[7.001s] writing top-level names to ../../build/self_driving/self_driving.egg-info/top_level.txt
[7.019s] reading manifest file '../../build/self_driving/self_driving.egg-info/SOURCES.txt'
[7.023s] adding license file 'LICENSE'
[7.028s] writing manifest file '../../build/self_driving/self_driving.egg-info/SOURCES.txt'
[7.029s] running build
[7.031s] running build_py
[7.035s] copying self_driving/traffic_signal.py -> /home/an/ros2_ws/build/self_driving/build/lib/self_driving
[7.055s] running install
[7.057s] running install_lib
[7.062s] copying /home/an/ros2_ws/build/self_driving/build/lib/self_driving/traffic_signal.py -> /home/an/ros2_ws/install/self_driving/lib/python3.10/site-packages/self_driving
[7.073s] byte-compiling /home/an/ros2_ws/install/self_driving/lib/python3.10/site-packages/self_driving/traffic_signal.py to traffic_signal.cpython-310.pyc
[7.099s] running install_data
[7.101s] running install_egg_info
[7.113s] removing '/home/an/ros2_ws/install/self_driving/lib/python3.10/site-packages/self_driving-0.0.0-py3.10.egg-info' (and everything under it)
[7.119s] Copying ../../build/self_driving/self_driving.egg-info to /home/an/ros2_ws/install/self_driving/lib/python3.10/site-packages/self_driving-0.0.0-py3.10.egg-info
[7.127s] running install_scripts
[7.264s] Installing cam_node script to /home/an/ros2_ws/install/self_driving/lib/self_driving
[7.267s] Installing computer_vision_node script to /home/an/ros2_ws/install/self_driving/lib/self_driving
[7.268s] Installing driving_node script to /home/an/ros2_ws/install/self_driving/lib/self_driving
[7.269s] Installing recorder_node script to /home/an/ros2_ws/install/self_driving/lib/self_driving
[7.270s] Installing start_node script to /home/an/ros2_ws/install/self_driving/lib/self_driving
[7.272s] Installing traffic_signal_node script to /home/an/ros2_ws/install/self_driving/lib/self_driving
[7.274s] Installing vel_wheel_node script to /home/an/ros2_ws/install/self_driving/lib/self_driving
[7.289s] writing list of installed files to '/home/an/ros2_ws/build/self_driving/install.log'
[7.543s] Invoked command in '/home/an/ros2_ws/src/self_driving' returned '0': PYTHONPATH=/home/an/ros2_ws/build/self_driving/prefix_override:/home/an/ros2_ws/install/self_driving/lib/python3.10/site-packages:${PYTHONPATH} /usr/bin/python3 -W ignore:setup.py install is deprecated setup.py egg_info --egg-base ../../build/self_driving build --build-base /home/an/ros2_ws/build/self_driving/build install --record /home/an/ros2_ws/build/self_driving/install.log --single-version-externally-managed install_data
