[6.188s] Invoking command in '/home/an/ros2_ws/src/self_driving': PYTHONPATH=/home/an/ros2_ws/build/self_driving/prefix_override:/home/an/ros2_ws/install/self_driving/lib/python3.10/site-packages:${PYTHONPATH} /usr/bin/python3 -W ignore:setup.py install is deprecated setup.py egg_info --egg-base ../../build/self_driving build --build-base /home/an/ros2_ws/build/self_driving/build install --record /home/an/ros2_ws/build/self_driving/install.log --single-version-externally-managed install_data
[7.607s] running egg_info
[7.611s] writing ../../build/self_driving/self_driving.egg-info/PKG-INFO
[7.613s] writing dependency_links to ../../build/self_driving/self_driving.egg-info/dependency_links.txt
[7.614s] writing entry points to ../../build/self_driving/self_driving.egg-info/entry_points.txt
[7.616s] writing requirements to ../../build/self_driving/self_driving.egg-info/requires.txt
[7.618s] writing top-level names to ../../build/self_driving/self_driving.egg-info/top_level.txt
[7.628s] reading manifest file '../../build/self_driving/self_driving.egg-info/SOURCES.txt'
[7.631s] adding license file 'LICENSE'
[7.635s] writing manifest file '../../build/self_driving/self_driving.egg-info/SOURCES.txt'
[7.636s] running build
[7.636s] running build_py
[7.639s] copying self_driving/computer_vision_node.py -> /home/an/ros2_ws/build/self_driving/build/lib/self_driving
[7.648s] running install
[7.650s] running install_lib
[7.656s] copying /home/an/ros2_ws/build/self_driving/build/lib/self_driving/computer_vision_node.py -> /home/an/ros2_ws/install/self_driving/lib/python3.10/site-packages/self_driving
[7.664s] byte-compiling /home/an/ros2_ws/install/self_driving/lib/python3.10/site-packages/self_driving/computer_vision_node.py to computer_vision_node.cpython-310.pyc
[7.671s] running install_data
[7.673s] running install_egg_info
[7.682s] removing '/home/an/ros2_ws/install/self_driving/lib/python3.10/site-packages/self_driving-0.0.0-py3.10.egg-info' (and everything under it)
[7.684s] Copying ../../build/self_driving/self_driving.egg-info to /home/an/ros2_ws/install/self_driving/lib/python3.10/site-packages/self_driving-0.0.0-py3.10.egg-info
[7.696s] running install_scripts
[7.795s] Installing cam_node script to /home/an/ros2_ws/install/self_driving/lib/self_driving
[7.797s] Installing computer_vision_node script to /home/an/ros2_ws/install/self_driving/lib/self_driving
[7.799s] Installing driving_node script to /home/an/ros2_ws/install/self_driving/lib/self_driving
[7.800s] Installing recorder_node script to /home/an/ros2_ws/install/self_driving/lib/self_driving
[7.800s] Installing start_node script to /home/an/ros2_ws/install/self_driving/lib/self_driving
[7.801s] Installing traffic_signal_node script to /home/an/ros2_ws/install/self_driving/lib/self_driving
[7.802s] Installing vel_wheel_node script to /home/an/ros2_ws/install/self_driving/lib/self_driving
[7.807s] writing list of installed files to '/home/an/ros2_ws/build/self_driving/install.log'
[7.960s] Invoked command in '/home/an/ros2_ws/src/self_driving' returned '0': PYTHONPATH=/home/an/ros2_ws/build/self_driving/prefix_override:/home/an/ros2_ws/install/self_driving/lib/python3.10/site-packages:${PYTHONPATH} /usr/bin/python3 -W ignore:setup.py install is deprecated setup.py egg_info --egg-base ../../build/self_driving build --build-base /home/an/ros2_ws/build/self_driving/build install --record /home/an/ros2_ws/build/self_driving/install.log --single-version-externally-managed install_data
